  **** HLS Build v2025.1 6135595
INFO: [HLS 200-2005] Using work_dir D:/Vitis/shaAccel/chunkProcessor/chunkProcessor 
INFO: [HLS 200-2176] Writing Vitis IDE component file D:/Vitis/shaAccel/chunkProcessor/chunkProcessor/vitis-comp.json
INFO: [HLS 200-10] Creating and opening component 'D:/Vitis/shaAccel/chunkProcessor/chunkProcessor'.
INFO: [HLS 200-1505] Using default flow_target 'vivado'
Resolution: For help on HLS 200-1505 see docs.xilinx.com/access/sources/dita/topic?Doc_Version=2025.1%20English&url=ug1448-hls-guidance&resourceid=200-1505.html
INFO: [HLS 200-2174] Applying component config ini file D:/Vitis/shaAccel/chunkProcessor/hls_config.cfg
INFO: [HLS 200-1465] Applying config ini 'syn.file=../dataTypes.h' from D:/Vitis/shaAccel/chunkProcessor/hls_config.cfg(7)
INFO: [HLS 200-10] Adding design file 'D:/Vitis/shaAccel/dataTypes.h' to the project
INFO: [HLS 200-1465] Applying config ini 'syn.file=../functions256.cpp' from D:/Vitis/shaAccel/chunkProcessor/hls_config.cfg(8)
INFO: [HLS 200-10] Adding design file 'D:/Vitis/shaAccel/functions256.cpp' to the project
INFO: [HLS 200-1465] Applying config ini 'syn.file=../functions256.h' from D:/Vitis/shaAccel/chunkProcessor/hls_config.cfg(9)
INFO: [HLS 200-10] Adding design file 'D:/Vitis/shaAccel/functions256.h' to the project
INFO: [HLS 200-1465] Applying config ini 'syn.file=../chunkIteration/chunkIter.cpp' from D:/Vitis/shaAccel/chunkProcessor/hls_config.cfg(10)
INFO: [HLS 200-10] Adding design file 'D:/Vitis/shaAccel/chunkIteration/chunkIter.cpp' to the project
INFO: [HLS 200-1465] Applying config ini 'syn.file=../chunkIteration/chunkIter.h' from D:/Vitis/shaAccel/chunkProcessor/hls_config.cfg(11)
INFO: [HLS 200-10] Adding design file 'D:/Vitis/shaAccel/chunkIteration/chunkIter.h' to the project
INFO: [HLS 200-1465] Applying config ini 'syn.file=../wGenerator/wGenerator.cpp' from D:/Vitis/shaAccel/chunkProcessor/hls_config.cfg(12)
INFO: [HLS 200-10] Adding design file 'D:/Vitis/shaAccel/wGenerator/wGenerator.cpp' to the project
INFO: [HLS 200-1465] Applying config ini 'syn.file=../wGenerator/wGenerator.h' from D:/Vitis/shaAccel/chunkProcessor/hls_config.cfg(13)
INFO: [HLS 200-10] Adding design file 'D:/Vitis/shaAccel/wGenerator/wGenerator.h' to the project
INFO: [HLS 200-1465] Applying config ini 'syn.file=chunkProcessor.h' from D:/Vitis/shaAccel/chunkProcessor/hls_config.cfg(14)
INFO: [HLS 200-10] Adding design file 'D:/Vitis/shaAccel/chunkProcessor/chunkProcessor.h' to the project
INFO: [HLS 200-1465] Applying config ini 'syn.file=chunkProcessor.cpp' from D:/Vitis/shaAccel/chunkProcessor/hls_config.cfg(15)
INFO: [HLS 200-10] Adding design file 'D:/Vitis/shaAccel/chunkProcessor/chunkProcessor.cpp' to the project
INFO: [HLS 200-1465] Applying config ini 'tb.file=tb.cpp' from D:/Vitis/shaAccel/chunkProcessor/hls_config.cfg(16)
INFO: [HLS 200-10] Adding test bench file 'D:/Vitis/shaAccel/chunkProcessor/tb.cpp' to the project
INFO: [HLS 200-1465] Applying config ini 'tb.file=./ans.dat' from D:/Vitis/shaAccel/chunkProcessor/hls_config.cfg(17)
INFO: [HLS 200-10] Adding test bench file 'D:/Vitis/shaAccel/chunkProcessor/ans.dat' to the project
INFO: [HLS 200-1465] Applying config ini 'tb.file=./in.dat' from D:/Vitis/shaAccel/chunkProcessor/hls_config.cfg(18)
INFO: [HLS 200-10] Adding test bench file 'D:/Vitis/shaAccel/chunkProcessor/in.dat' to the project
INFO: [HLS 200-1465] Applying config ini 'syn.top=chunkProcessor' from D:/Vitis/shaAccel/chunkProcessor/hls_config.cfg(20)
INFO: [HLS 200-1465] Applying config ini 'flow_target=vivado' from D:/Vitis/shaAccel/chunkProcessor/hls_config.cfg(4)
INFO: [HLS 200-1505] Using flow_target 'vivado'
Resolution: For help on HLS 200-1505 see docs.xilinx.com/access/sources/dita/topic?Doc_Version=2025.1%20English&url=ug1448-hls-guidance&resourceid=200-1505.html
INFO: [HLS 200-1465] Applying config ini 'part=xa7s6cpga196-2I' from D:/Vitis/shaAccel/chunkProcessor/hls_config.cfg(1)
INFO: [HLS 200-1611] Setting target device to 'xa7s6-cpga196-2I'
INFO: [HLS 200-1465] Applying config ini 'csim.clean=1' from D:/Vitis/shaAccel/chunkProcessor/hls_config.cfg(19)
INFO: [HLS 200-1465] Applying config ini 'package.output.format=ip_catalog' from D:/Vitis/shaAccel/chunkProcessor/hls_config.cfg(5)
INFO: [HLS 200-2176] Writing Vitis IDE component file D:/Vitis/shaAccel/chunkProcessor/chunkProcessor/vitis-comp.json
INFO: [HLS 200-111] Finished File checks and directory preparation: CPU user time: 1 seconds. CPU system time: 1 seconds. Elapsed time: 2.666 seconds; current allocated memory: 144.566 MB.
INFO: [HLS 200-10] Analyzing design file 'chunkProcessor.cpp' ... 
INFO: [HLS 200-10] Analyzing design file '../wGenerator/wGenerator.cpp' ... 
INFO: [HLS 200-10] Analyzing design file '../chunkIteration/chunkIter.cpp' ... 
INFO: [HLS 200-10] Analyzing design file '../functions256.cpp' ... 
INFO: [HLS 200-111] Finished Source Code Analysis and Preprocessing: CPU user time: 0 seconds. CPU system time: 0 seconds. Elapsed time: 13.383 seconds; current allocated memory: 147.340 MB.
INFO: [HLS 200-777] Using interface defaults for 'Vivado' flow target.
INFO: [HLS 200-1995] There were 4,723 instructions in the design after the 'Compile/Link' phase of compilation. See the Design Size Report for more details (D:/Vitis/shaAccel/chunkProcessor/chunkProcessor/hls/syn/report/csynth_design_size.rpt:2)
INFO: [HLS 200-1995] There were 277 instructions in the design after the 'Unroll/Inline (step 1)' phase of compilation. See the Design Size Report for more details (D:/Vitis/shaAccel/chunkProcessor/chunkProcessor/hls/syn/report/csynth_design_size.rpt:2)
INFO: [HLS 200-1995] There were 228 instructions in the design after the 'Unroll/Inline (step 2)' phase of compilation. See the Design Size Report for more details (D:/Vitis/shaAccel/chunkProcessor/chunkProcessor/hls/syn/report/csynth_design_size.rpt:2)
INFO: [HLS 200-1995] There were 217 instructions in the design after the 'Unroll/Inline (step 3)' phase of compilation. See the Design Size Report for more details (D:/Vitis/shaAccel/chunkProcessor/chunkProcessor/hls/syn/report/csynth_design_size.rpt:2)
INFO: [HLS 200-1995] There were 168 instructions in the design after the 'Unroll/Inline (step 4)' phase of compilation. See the Design Size Report for more details (D:/Vitis/shaAccel/chunkProcessor/chunkProcessor/hls/syn/report/csynth_design_size.rpt:2)
INFO: [HLS 200-1995] There were 169 instructions in the design after the 'Array/Struct (step 1)' phase of compilation. See the Design Size Report for more details (D:/Vitis/shaAccel/chunkProcessor/chunkProcessor/hls/syn/report/csynth_design_size.rpt:2)
INFO: [HLS 200-1995] There were 169 instructions in the design after the 'Array/Struct (step 2)' phase of compilation. See the Design Size Report for more details (D:/Vitis/shaAccel/chunkProcessor/chunkProcessor/hls/syn/report/csynth_design_size.rpt:2)
INFO: [HLS 200-1995] There were 169 instructions in the design after the 'Array/Struct (step 3)' phase of compilation. See the Design Size Report for more details (D:/Vitis/shaAccel/chunkProcessor/chunkProcessor/hls/syn/report/csynth_design_size.rpt:2)
INFO: [HLS 200-1995] There were 169 instructions in the design after the 'Array/Struct (step 4)' phase of compilation. See the Design Size Report for more details (D:/Vitis/shaAccel/chunkProcessor/chunkProcessor/hls/syn/report/csynth_design_size.rpt:2)
INFO: [HLS 200-1995] There were 169 instructions in the design after the 'Array/Struct (step 5)' phase of compilation. See the Design Size Report for more details (D:/Vitis/shaAccel/chunkProcessor/chunkProcessor/hls/syn/report/csynth_design_size.rpt:2)
INFO: [HLS 200-1995] There were 169 instructions in the design after the 'Performance (step 1)' phase of compilation. See the Design Size Report for more details (D:/Vitis/shaAccel/chunkProcessor/chunkProcessor/hls/syn/report/csynth_design_size.rpt:2)
INFO: [HLS 200-1995] There were 152 instructions in the design after the 'Performance (step 2)' phase of compilation. See the Design Size Report for more details (D:/Vitis/shaAccel/chunkProcessor/chunkProcessor/hls/syn/report/csynth_design_size.rpt:2)
INFO: [HLS 200-1995] There were 179 instructions in the design after the 'Performance (step 3)' phase of compilation. See the Design Size Report for more details (D:/Vitis/shaAccel/chunkProcessor/chunkProcessor/hls/syn/report/csynth_design_size.rpt:2)
INFO: [HLS 200-1995] There were 147 instructions in the design after the 'Performance (step 4)' phase of compilation. See the Design Size Report for more details (D:/Vitis/shaAccel/chunkProcessor/chunkProcessor/hls/syn/report/csynth_design_size.rpt:2)
INFO: [HLS 200-1995] There were 153 instructions in the design after the 'HW Transforms (step 1)' phase of compilation. See the Design Size Report for more details (D:/Vitis/shaAccel/chunkProcessor/chunkProcessor/hls/syn/report/csynth_design_size.rpt:2)
INFO: [HLS 200-1995] There were 176 instructions in the design after the 'HW Transforms (step 2)' phase of compilation. See the Design Size Report for more details (D:/Vitis/shaAccel/chunkProcessor/chunkProcessor/hls/syn/report/csynth_design_size.rpt:2)
INFO: [HLS 214-178] Inlining function 'sigma0_256(ap_uint<32>*, ap_uint<32>*)' into 'wGenerator(ap_uint<32>*, ap_uint<32>*)' (../wGenerator/wGenerator.cpp:6:0)
INFO: [HLS 214-178] Inlining function 'sigma1_256(ap_uint<32>*, ap_uint<32>*)' into 'wGenerator(ap_uint<32>*, ap_uint<32>*)' (../wGenerator/wGenerator.cpp:6:0)
INFO: [HLS 214-178] Inlining function 'sum1_256(ap_uint<32>*, ap_uint<32>*)' into 'chunkIter(ap_uint<32>, ap_uint<32>, ap_uint<32>*, ap_uint<32>*)' (../chunkIteration/chunkIter.cpp:7:0)
INFO: [HLS 214-178] Inlining function 'sum0_256(ap_uint<32>*, ap_uint<32>*)' into 'chunkIter(ap_uint<32>, ap_uint<32>, ap_uint<32>*, ap_uint<32>*)' (../chunkIteration/chunkIter.cpp:7:0)
INFO: [HLS 214-178] Inlining function 'ch_256(ap_uint<32>*, ap_uint<32>*, ap_uint<32>*, ap_uint<32>*)' into 'chunkIter(ap_uint<32>, ap_uint<32>, ap_uint<32>*, ap_uint<32>*)' (../chunkIteration/chunkIter.cpp:7:0)
INFO: [HLS 214-178] Inlining function 'maj_256(ap_uint<32>*, ap_uint<32>*, ap_uint<32>*, ap_uint<32>*)' into 'chunkIter(ap_uint<32>, ap_uint<32>, ap_uint<32>*, ap_uint<32>*)' (../chunkIteration/chunkIter.cpp:7:0)
INFO: [HLS 214-178] Inlining function 'wGenerator(ap_uint<32>*, ap_uint<32>*)' into 'chunkProcessor(ap_uint<32>*, ap_uint<32>*, ap_uint<32>*)' (chunkProcessor.cpp:3:0)
INFO: [HLS 214-178] Inlining function 'chunkIter(ap_uint<32>, ap_uint<32>, ap_uint<32>*, ap_uint<32>*)' into 'chunkProcessor(ap_uint<32>*, ap_uint<32>*, ap_uint<32>*)' (chunkProcessor.cpp:3:0)
INFO: [HLS 214-376] automatically set the pipeline for Loop< VITIS_LOOP_7_1> at ../wGenerator/wGenerator.cpp:7:21 
INFO: [HLS 214-376] automatically set the pipeline for Loop< VITIS_LOOP_10_2> at ../wGenerator/wGenerator.cpp:10:22 
INFO: [HLS 214-376] automatically set the pipeline for Loop< VITIS_LOOP_22_1> at chunkProcessor.cpp:22:22 
INFO: [HLS 214-376] automatically set the pipeline for Loop< VITIS_LOOP_25_2> at chunkProcessor.cpp:25:22 
INFO: [HLS 214-376] automatically set the pipeline for Loop< VITIS_LOOP_32_4> at chunkProcessor.cpp:32:22 
INFO: [HLS 214-291] Loop 'VITIS_LOOP_28_3' is marked as complete unroll implied by the pipeline pragma (chunkProcessor.cpp:28:26)
INFO: [HLS 214-186] Unrolling loop 'VITIS_LOOP_28_3' (chunkProcessor.cpp:28:26) in function 'chunkProcessor' completely with a factor of 8 (chunkProcessor.cpp:3:0)
INFO: [HLS 214-449] Automatically partitioning array 'newwvars' dimension 1 completely based on constant index. (chunkProcessor.cpp:26:17)
INFO: [HLS 214-270] Inferring pragma 'array_partition type=complete dim=1' for array 'newwvars' due to pipeline pragma (chunkProcessor.cpp:26:17)
INFO: [HLS 214-248] Applying array_partition to 'newwvars': Complete partitioning on dimension 1. (chunkProcessor.cpp:26:17)
INFO: [HLS 200-111] Finished Compiling Optimization and Transform: CPU user time: 1 seconds. CPU system time: 0 seconds. Elapsed time: 7.676 seconds; current allocated memory: 149.457 MB.
INFO: [HLS 200-111] Finished Checking Pragmas: CPU user time: 0 seconds. CPU system time: 0 seconds. Elapsed time: 0.003 seconds; current allocated memory: 149.457 MB.
INFO: [HLS 200-10] Starting code transformations ...
INFO: [HLS 200-111] Finished Standard Transforms: CPU user time: 0 seconds. CPU system time: 0 seconds. Elapsed time: 0.044 seconds; current allocated memory: 154.320 MB.
INFO: [HLS 200-10] Checking synthesizability ...
INFO: [HLS 200-111] Finished Checking Synthesizability: CPU user time: 0 seconds. CPU system time: 0 seconds. Elapsed time: 0.022 seconds; current allocated memory: 156.008 MB.
INFO: [XFORM 203-11] Balancing expressions in function 'chunkProcessor' (chunkProcessor.cpp:3:22)...10 expression(s) balanced.
INFO: [HLS 200-111] Finished Loop, function and other optimizations: CPU user time: 0 seconds. CPU system time: 0 seconds. Elapsed time: 0.07 seconds; current allocated memory: 176.957 MB.
INFO: [HLS 200-111] Finished Architecture Synthesis: CPU user time: 0 seconds. CPU system time: 0 seconds. Elapsed time: 0.084 seconds; current allocated memory: 214.758 MB.
INFO: [HLS 200-10] Starting hardware synthesis ...
INFO: [HLS 200-10] Synthesizing 'chunkProcessor' ...
INFO: [SYN 201-201] Setting up clock 'default' with a period of 10ns.
INFO: [HLS 200-10] ----------------------------------------------------------------
INFO: [HLS 200-42] -- Implementing module 'chunkProcessor_Pipeline_VITIS_LOOP_7_1' 
INFO: [HLS 200-10] ----------------------------------------------------------------
INFO: [SCHED 204-11] Starting scheduling ...
INFO: [HLS 200-1457] Automatically inferring inferring RAM_1WNR storage type for array 'wValues'. Use bind_storage pragma to override this type.
INFO: [SCHED 204-61] Pipelining loop 'VITIS_LOOP_7_1'.
INFO: [HLS 200-1470] Pipelining result : Target II = NA, Final II = 1, Depth = 2, loop 'VITIS_LOOP_7_1'
INFO: [SCHED 204-11] Finished scheduling.
INFO: [HLS 200-111] Finished Scheduling: CPU user time: 0 seconds. CPU system time: 0 seconds. Elapsed time: 1.779 seconds; current allocated memory: 218.289 MB.
INFO: [BIND 205-100] Starting micro-architecture generation ...
INFO: [BIND 205-101] Performing variable lifetime analysis.
INFO: [BIND 205-101] Exploring resource sharing.
INFO: [BIND 205-101] Binding ...
INFO: [BIND 205-100] Finished micro-architecture generation.
INFO: [HLS 200-111] Finished Binding: CPU user time: 0 seconds. CPU system time: 0 seconds. Elapsed time: 0.011 seconds; current allocated memory: 219.387 MB.
INFO: [HLS 200-10] ----------------------------------------------------------------
INFO: [HLS 200-42] -- Implementing module 'chunkProcessor_Pipeline_VITIS_LOOP_10_2' 
INFO: [HLS 200-10] ----------------------------------------------------------------
INFO: [SCHED 204-11] Starting scheduling ...
INFO: [HLS 200-1457] Automatically inferring inferring RAM_1WNR storage type for array 'wValues'. Use bind_storage pragma to override this type.
INFO: [SCHED 204-61] Pipelining loop 'VITIS_LOOP_10_2'.
WARNING: [HLS 200-880] The II Violation in module 'chunkProcessor_Pipeline_VITIS_LOOP_10_2' (loop 'VITIS_LOOP_10_2'): Unable to enforce a carried dependence constraint (II = 1, distance = 2, offset = 1) between 'store' operation 0 bit ('wValues_addr_2_write_ln15', ../wGenerator/wGenerator.cpp:15->chunkProcessor.cpp:18) of variable 'add_ln15_4', ../wGenerator/wGenerator.cpp:15->chunkProcessor.cpp:18 on array 'wValues' and 'load' operation 32 bit ('x_1_load', ../functions256.cpp:37->../wGenerator/wGenerator.cpp:13->chunkProcessor.cpp:18) on array 'wValues'.
Resolution: For help on HLS 200-880 see docs.xilinx.com/access/sources/dita/topic?Doc_Version=2025.1%20English&url=ug1448-hls-guidance&resourceid=200-880.html
INFO: [HLS 200-1470] Pipelining result : Target II = NA, Final II = 2, Depth = 4, loop 'VITIS_LOOP_10_2'
INFO: [SCHED 204-11] Finished scheduling.
INFO: [HLS 200-111] Finished Scheduling: CPU user time: 0 seconds. CPU system time: 0 seconds. Elapsed time: 0.044 seconds; current allocated memory: 219.664 MB.
INFO: [BIND 205-100] Starting micro-architecture generation ...
INFO: [BIND 205-101] Performing variable lifetime analysis.
INFO: [BIND 205-101] Exploring resource sharing.
INFO: [BIND 205-101] Binding ...
INFO: [BIND 205-100] Finished micro-architecture generation.
INFO: [HLS 200-111] Finished Binding: CPU user time: 0 seconds. CPU system time: 0 seconds. Elapsed time: 0.031 seconds; current allocated memory: 219.676 MB.
INFO: [HLS 200-10] ----------------------------------------------------------------
INFO: [HLS 200-42] -- Implementing module 'chunkProcessor_Pipeline_VITIS_LOOP_22_1' 
INFO: [HLS 200-10] ----------------------------------------------------------------
INFO: [SCHED 204-11] Starting scheduling ...
INFO: [SCHED 204-61] Pipelining loop 'VITIS_LOOP_22_1'.
INFO: [HLS 200-1470] Pipelining result : Target II = NA, Final II = 1, Depth = 2, loop 'VITIS_LOOP_22_1'
INFO: [SCHED 204-11] Finished scheduling.
INFO: [HLS 200-111] Finished Scheduling: CPU user time: 0 seconds. CPU system time: 0 seconds. Elapsed time: 0.033 seconds; current allocated memory: 219.680 MB.
INFO: [BIND 205-100] Starting micro-architecture generation ...
INFO: [BIND 205-101] Performing variable lifetime analysis.
INFO: [BIND 205-101] Exploring resource sharing.
INFO: [BIND 205-101] Binding ...
INFO: [BIND 205-100] Finished micro-architecture generation.
INFO: [HLS 200-111] Finished Binding: CPU user time: 0 seconds. CPU system time: 0 seconds. Elapsed time: 0.021 seconds; current allocated memory: 219.680 MB.
INFO: [HLS 200-10] ----------------------------------------------------------------
INFO: [HLS 200-42] -- Implementing module 'chunkProcessor_Pipeline_VITIS_LOOP_25_2' 
INFO: [HLS 200-10] ----------------------------------------------------------------
INFO: [SCHED 204-11] Starting scheduling ...
INFO: [HLS 200-1457] Automatically inferring inferring RAM_1WNR storage type for array 'wValues'. Use bind_storage pragma to override this type.
INFO: [SCHED 204-61] Pipelining loop 'VITIS_LOOP_25_2'.
WARNING: [HLS 200-880] The II Violation in module 'chunkProcessor_Pipeline_VITIS_LOOP_25_2' (loop 'VITIS_LOOP_25_2'): Unable to enforce a carried dependence constraint (II = 1, distance = 1, offset = 1) between 'add' operation 32 bit ('add_ln19', ../chunkIteration/chunkIter.cpp:19->chunkProcessor.cpp:27) and 'add' operation 32 bit ('t1', ../chunkIteration/chunkIter.cpp:13->chunkProcessor.cpp:27).
Resolution: For help on HLS 200-880 see docs.xilinx.com/access/sources/dita/topic?Doc_Version=2025.1%20English&url=ug1448-hls-guidance&resourceid=200-880.html
INFO: [HLS 200-1470] Pipelining result : Target II = NA, Final II = 2, Depth = 4, loop 'VITIS_LOOP_25_2'
INFO: [SCHED 204-11] Finished scheduling.
INFO: [HLS 200-111] Finished Scheduling: CPU user time: 0 seconds. CPU system time: 0 seconds. Elapsed time: 1.883 seconds; current allocated memory: 220.098 MB.
INFO: [BIND 205-100] Starting micro-architecture generation ...
INFO: [BIND 205-101] Performing variable lifetime analysis.
INFO: [BIND 205-101] Exploring resource sharing.
INFO: [BIND 205-101] Binding ...
INFO: [BIND 205-100] Finished micro-architecture generation.
INFO: [HLS 200-111] Finished Binding: CPU user time: 0 seconds. CPU system time: 0 seconds. Elapsed time: 0.024 seconds; current allocated memory: 220.125 MB.
INFO: [HLS 200-10] ----------------------------------------------------------------
INFO: [HLS 200-42] -- Implementing module 'chunkProcessor_Pipeline_VITIS_LOOP_32_4' 
INFO: [HLS 200-10] ----------------------------------------------------------------
INFO: [SCHED 204-11] Starting scheduling ...
INFO: [SCHED 204-61] Pipelining loop 'VITIS_LOOP_32_4'.
INFO: [HLS 200-1470] Pipelining result : Target II = NA, Final II = 1, Depth = 2, loop 'VITIS_LOOP_32_4'
INFO: [SCHED 204-11] Finished scheduling.
INFO: [HLS 200-111] Finished Scheduling: CPU user time: 0 seconds. CPU system time: 0 seconds. Elapsed time: 0.027 seconds; current allocated memory: 220.371 MB.
INFO: [BIND 205-100] Starting micro-architecture generation ...
INFO: [BIND 205-101] Performing variable lifetime analysis.
INFO: [BIND 205-101] Exploring resource sharing.
INFO: [BIND 205-101] Binding ...
INFO: [BIND 205-100] Finished micro-architecture generation.
INFO: [HLS 200-111] Finished Binding: CPU user time: 0 seconds. CPU system time: 0 seconds. Elapsed time: 0.009 seconds; current allocated memory: 220.434 MB.
INFO: [HLS 200-10] ----------------------------------------------------------------
INFO: [HLS 200-42] -- Implementing module 'chunkProcessor' 
INFO: [HLS 200-10] ----------------------------------------------------------------
INFO: [SCHED 204-11] Starting scheduling ...
INFO: [SCHED 204-11] Finished scheduling.
INFO: [HLS 200-111] Finished Scheduling: CPU user time: 0 seconds. CPU system time: 0 seconds. Elapsed time: 0.02 seconds; current allocated memory: 220.734 MB.
INFO: [BIND 205-100] Starting micro-architecture generation ...
INFO: [BIND 205-101] Performing variable lifetime analysis.
INFO: [BIND 205-101] Exploring resource sharing.
INFO: [BIND 205-101] Binding ...
INFO: [BIND 205-100] Finished micro-architecture generation.
INFO: [HLS 200-111] Finished Binding: CPU user time: 0 seconds. CPU system time: 0 seconds. Elapsed time: 0.015 seconds; current allocated memory: 220.910 MB.
INFO: [HLS 200-10] ----------------------------------------------------------------
INFO: [HLS 200-10] -- Generating RTL for module 'chunkProcessor_Pipeline_VITIS_LOOP_7_1' 
INFO: [HLS 200-10] ----------------------------------------------------------------
INFO: [HLS 200-1030] Apply Unified Pipeline Control on module 'chunkProcessor_Pipeline_VITIS_LOOP_7_1' pipeline 'VITIS_LOOP_7_1' pipeline type 'loop pipeline'
INFO: [RTGEN 206-100] Finished creating RTL model for 'chunkProcessor_Pipeline_VITIS_LOOP_7_1'.
INFO: [HLS 200-111] Finished Creating RTL model: CPU user time: 0 seconds. CPU system time: 0 seconds. Elapsed time: 0.045 seconds; current allocated memory: 222.445 MB.
INFO: [HLS 200-10] ----------------------------------------------------------------
INFO: [HLS 200-10] -- Generating RTL for module 'chunkProcessor_Pipeline_VITIS_LOOP_10_2' 
INFO: [HLS 200-10] ----------------------------------------------------------------
INFO: [HLS 200-1030] Apply Unified Pipeline Control on module 'chunkProcessor_Pipeline_VITIS_LOOP_10_2' pipeline 'VITIS_LOOP_10_2' pipeline type 'loop pipeline'
INFO: [RTGEN 206-100] Finished creating RTL model for 'chunkProcessor_Pipeline_VITIS_LOOP_10_2'.
INFO: [HLS 200-111] Finished Creating RTL model: CPU user time: 0 seconds. CPU system time: 0 seconds. Elapsed time: 0.069 seconds; current allocated memory: 224.188 MB.
INFO: [HLS 200-10] ----------------------------------------------------------------
INFO: [HLS 200-10] -- Generating RTL for module 'chunkProcessor_Pipeline_VITIS_LOOP_22_1' 
INFO: [HLS 200-10] ----------------------------------------------------------------
INFO: [HLS 200-1030] Apply Unified Pipeline Control on module 'chunkProcessor_Pipeline_VITIS_LOOP_22_1' pipeline 'VITIS_LOOP_22_1' pipeline type 'loop pipeline'
INFO: [RTGEN 206-100] Finished creating RTL model for 'chunkProcessor_Pipeline_VITIS_LOOP_22_1'.
INFO: [HLS 200-111] Finished Creating RTL model: CPU user time: 0 seconds. CPU system time: 1 seconds. Elapsed time: 0.083 seconds; current allocated memory: 225.598 MB.
INFO: [HLS 200-10] ----------------------------------------------------------------
INFO: [HLS 200-10] -- Generating RTL for module 'chunkProcessor_Pipeline_VITIS_LOOP_25_2' 
INFO: [HLS 200-10] ----------------------------------------------------------------
INFO: [HLS 200-1030] Apply Unified Pipeline Control on module 'chunkProcessor_Pipeline_VITIS_LOOP_25_2' pipeline 'VITIS_LOOP_25_2' pipeline type 'loop pipeline'
INFO: [RTGEN 206-100] Finished creating RTL model for 'chunkProcessor_Pipeline_VITIS_LOOP_25_2'.
INFO: [RTMG 210-279] Implementing memory 'chunkProcessor_chunkProcessor_Pipeline_VITIS_LOOP_25_2_kValues_ROM_AUTO_1R' using auto ROMs.
INFO: [HLS 200-111] Finished Creating RTL model: CPU user time: 0 seconds. CPU system time: 0 seconds. Elapsed time: 0.111 seconds; current allocated memory: 226.730 MB.
INFO: [HLS 200-10] ----------------------------------------------------------------
INFO: [HLS 200-10] -- Generating RTL for module 'chunkProcessor_Pipeline_VITIS_LOOP_32_4' 
INFO: [HLS 200-10] ----------------------------------------------------------------
INFO: [HLS 200-1030] Apply Unified Pipeline Control on module 'chunkProcessor_Pipeline_VITIS_LOOP_32_4' pipeline 'VITIS_LOOP_32_4' pipeline type 'loop pipeline'
INFO: [RTGEN 206-100] Finished creating RTL model for 'chunkProcessor_Pipeline_VITIS_LOOP_32_4'.
INFO: [HLS 200-111] Finished Creating RTL model: CPU user time: 0 seconds. CPU system time: 0 seconds. Elapsed time: 0.1 seconds; current allocated memory: 229.031 MB.
INFO: [HLS 200-10] ----------------------------------------------------------------
INFO: [HLS 200-10] -- Generating RTL for module 'chunkProcessor' 
INFO: [HLS 200-10] ----------------------------------------------------------------
INFO: [RTGEN 206-500] Setting interface mode on port 'chunkProcessor/input_r' to 'ap_memory'.
INFO: [RTGEN 206-500] Setting interface mode on port 'chunkProcessor/message' to 'ap_memory'.
INFO: [RTGEN 206-500] Setting interface mode on port 'chunkProcessor/output_r' to 'ap_memory'.
INFO: [RTGEN 206-500] Setting interface mode on function 'chunkProcessor' to 'ap_ctrl_hs'.
INFO: [RTGEN 206-100] Finished creating RTL model for 'chunkProcessor'.
INFO: [HLS 200-2167] Implementing memory 'chunkProcessor_wValues_RAM_1WNR_AUTO_1R1W' using auto RAMs with 2 copies to ensure enough ports to satisfy II or latency constraints.
INFO: [RTMG 210-278] Implementing memory 'chunkProcessor_wvars_RAM_AUTO_1R1W' using auto RAMs.
INFO: [HLS 200-111] Finished Creating RTL model: CPU user time: 0 seconds. CPU system time: 0 seconds. Elapsed time: 0.108 seconds; current allocated memory: 229.891 MB.
INFO: [HLS 200-111] Finished Generating all RTL models: CPU user time: 0 seconds. CPU system time: 0 seconds. Elapsed time: 0.33 seconds; current allocated memory: 234.160 MB.
INFO: [HLS 200-111] Finished Updating report files: CPU user time: 1 seconds. CPU system time: 0 seconds. Elapsed time: 0.445 seconds; current allocated memory: 237.105 MB.
INFO: [VHDL 208-304] Generating VHDL RTL for chunkProcessor.
INFO: [VLOG 209-307] Generating Verilog RTL for chunkProcessor.
INFO: [HLS 200-790] **** Loop Constraint Status: All loop constraints were NOT satisfied.
INFO: [HLS 200-789] **** Estimated Fmax: 152.74 MHz
INFO: [HLS 200-112] Total CPU user time: 3 seconds. Total CPU system time: 2 seconds. Total elapsed time: 32.22 seconds; peak allocated memory: 237.152 MB.
INFO: [v++ 60-791] Total elapsed time: 0h 0m 36s
