  **** HLS Build v2025.1 6135595
INFO: [HLS 200-2005] Using work_dir D:/Vitis/shaAccel/chunkProcessor/chunkProcessor 
INFO: [HLS 200-2176] Writing Vitis IDE component file D:/Vitis/shaAccel/chunkProcessor/chunkProcessor/vitis-comp.json
INFO: [HLS 200-10] Creating and opening component 'D:/Vitis/shaAccel/chunkProcessor/chunkProcessor'.
INFO: [HLS 200-1505] Using default flow_target 'vivado'
Resolution: For help on HLS 200-1505 see docs.xilinx.com/access/sources/dita/topic?Doc_Version=2025.1%20English&url=ug1448-hls-guidance&resourceid=200-1505.html
INFO: [HLS 200-2174] Applying component config ini file D:/Vitis/shaAccel/chunkProcessor/hls_config.cfg
INFO: [HLS 200-1465] Applying config ini 'syn.file=../dataTypes.h' from D:/Vitis/shaAccel/chunkProcessor/hls_config.cfg(7)
INFO: [HLS 200-10] Adding design file 'D:/Vitis/shaAccel/dataTypes.h' to the project
INFO: [HLS 200-1465] Applying config ini 'syn.file=../functions256.cpp' from D:/Vitis/shaAccel/chunkProcessor/hls_config.cfg(8)
INFO: [HLS 200-10] Adding design file 'D:/Vitis/shaAccel/functions256.cpp' to the project
INFO: [HLS 200-1465] Applying config ini 'syn.file=../functions256.h' from D:/Vitis/shaAccel/chunkProcessor/hls_config.cfg(9)
INFO: [HLS 200-10] Adding design file 'D:/Vitis/shaAccel/functions256.h' to the project
INFO: [HLS 200-1465] Applying config ini 'syn.file=../chunkIteration/chunkIter.cpp' from D:/Vitis/shaAccel/chunkProcessor/hls_config.cfg(10)
INFO: [HLS 200-10] Adding design file 'D:/Vitis/shaAccel/chunkIteration/chunkIter.cpp' to the project
INFO: [HLS 200-1465] Applying config ini 'syn.file=../chunkIteration/chunkIter.h' from D:/Vitis/shaAccel/chunkProcessor/hls_config.cfg(11)
INFO: [HLS 200-10] Adding design file 'D:/Vitis/shaAccel/chunkIteration/chunkIter.h' to the project
INFO: [HLS 200-1465] Applying config ini 'syn.file=../wGenerator/wGenerator.cpp' from D:/Vitis/shaAccel/chunkProcessor/hls_config.cfg(12)
INFO: [HLS 200-10] Adding design file 'D:/Vitis/shaAccel/wGenerator/wGenerator.cpp' to the project
INFO: [HLS 200-1465] Applying config ini 'syn.file=../wGenerator/wGenerator.h' from D:/Vitis/shaAccel/chunkProcessor/hls_config.cfg(13)
INFO: [HLS 200-10] Adding design file 'D:/Vitis/shaAccel/wGenerator/wGenerator.h' to the project
INFO: [HLS 200-1465] Applying config ini 'syn.file=chunkProcessor.h' from D:/Vitis/shaAccel/chunkProcessor/hls_config.cfg(14)
INFO: [HLS 200-10] Adding design file 'D:/Vitis/shaAccel/chunkProcessor/chunkProcessor.h' to the project
INFO: [HLS 200-1465] Applying config ini 'syn.file=chunkProcessor.cpp' from D:/Vitis/shaAccel/chunkProcessor/hls_config.cfg(15)
INFO: [HLS 200-10] Adding design file 'D:/Vitis/shaAccel/chunkProcessor/chunkProcessor.cpp' to the project
INFO: [HLS 200-1465] Applying config ini 'tb.file=tb.cpp' from D:/Vitis/shaAccel/chunkProcessor/hls_config.cfg(16)
INFO: [HLS 200-10] Adding test bench file 'D:/Vitis/shaAccel/chunkProcessor/tb.cpp' to the project
INFO: [HLS 200-1465] Applying config ini 'tb.file=./ans.dat' from D:/Vitis/shaAccel/chunkProcessor/hls_config.cfg(17)
INFO: [HLS 200-10] Adding test bench file 'D:/Vitis/shaAccel/chunkProcessor/ans.dat' to the project
INFO: [HLS 200-1465] Applying config ini 'tb.file=./in.dat' from D:/Vitis/shaAccel/chunkProcessor/hls_config.cfg(18)
INFO: [HLS 200-10] Adding test bench file 'D:/Vitis/shaAccel/chunkProcessor/in.dat' to the project
INFO: [HLS 200-1465] Applying config ini 'flow_target=vivado' from D:/Vitis/shaAccel/chunkProcessor/hls_config.cfg(4)
INFO: [HLS 200-1505] Using flow_target 'vivado'
Resolution: For help on HLS 200-1505 see docs.xilinx.com/access/sources/dita/topic?Doc_Version=2025.1%20English&url=ug1448-hls-guidance&resourceid=200-1505.html
INFO: [HLS 200-1465] Applying config ini 'part=xa7s6cpga196-2I' from D:/Vitis/shaAccel/chunkProcessor/hls_config.cfg(1)
INFO: [HLS 200-1611] Setting target device to 'xa7s6-cpga196-2I'
INFO: [HLS 200-1465] Applying config ini 'package.output.format=ip_catalog' from D:/Vitis/shaAccel/chunkProcessor/hls_config.cfg(5)
INFO: [HLS 200-2176] Writing Vitis IDE component file D:/Vitis/shaAccel/chunkProcessor/chunkProcessor/vitis-comp.json
INFO: [SIM 211-2] *************** CSIM start ***************
INFO: [SIM 211-4] CSIM will launch CLANG as the compiler.
INFO: [HLS 200-2036] Building debug C Simulation binaries
make: 'csim.exe' is up to date.
Discrepancies: 0
*******************************************
PASS: The output matches the ans output!
*******************************************
INFO: [SIM 211-1] CSim done with 0 errors.
INFO: [SIM 211-3] *************** CSIM finish ***************
INFO: [HLS 200-112] Total CPU user time: 1 seconds. Total CPU system time: 1 seconds. Total elapsed time: 2.438 seconds; peak allocated memory: 145.832 MB.
INFO: [vitis-run 60-791] Total elapsed time: 0h 0m 6s
