================================================================
== Vivado Place & Route Results
================================================================
+ General Information:
    * Date:            Wed Jul 16 02:51:36 -0400 2025
    * Version:         2025.1 (Build 6135595 on May 21 2025)
    * Project:         wGenerator
    * Solution:        hls (Vivado IP Flow Target)
    * Product family:  aspartan7
    * Target device:   xa7s6-cpga196-2I


================================================================
== Run Constraints & Options
================================================================
+ Design Constraints & Options:
    * Place & Route target clock:  10 ns
    * C-Synthesis uncertainty:     27%

+ RTL Synthesis Options:
    * config_export -vivado_synth_strategy:     default
    * config_export -vivado_synth_design_args:  -directive sdx_optimization_effort_high

+ Place & Route Options:
    * config_export -vivado_impl_strategy:  default
    * config_export -vivado_phys_opt:       auto

+ Reporting Options:
    * config_export -vivado_report_level:      2
    * config_export -vivado_max_timing_paths:  10


================================================================
== Place & Route Resource Summary
================================================================
LUT:              176
FF:               142
DSP:              0
BRAM:             0
URAM:             0
SRL:              0


================================================================
== Place & Route Timing Summary
================================================================
* Timing was met
+----------------+-------------+
| Timing         | Period (ns) |
+----------------+-------------+
| Target         | 10.000      |
| Post-Synthesis | 2.597       |
| Post-Route     | 3.048       |
+----------------+-------------+


================================================================
== Place & Route Resources
================================================================
+-----------------------------------------------------+-----+-----+-----+------+------+-----+--------+------+---------+----------+--------+
| Name                                                | LUT | FF  | DSP | BRAM | URAM | SRL | Pragma | Impl | Latency | Variable | Source |
+-----------------------------------------------------+-----+-----+-----+------+------+-----+--------+------+---------+----------+--------+
| inst                                                | 176 | 142 |     |      |      |     |        |      |         |          |        |
|   grp_wGenerator_Pipeline_VITIS_LOOP_12_2_fu_32     | 164 | 123 |     |      |      |     |        |      |         |          |        |
|     (grp_wGenerator_Pipeline_VITIS_LOOP_12_2_fu_32) | 158 | 121 |     |      |      |     |        |      |         |          |        |
|     flow_control_loop_pipe_sequential_init_U        |     |     |     |      |      |     |        |      |         |          |        |
|   grp_wGenerator_Pipeline_VITIS_LOOP_9_1_fu_24      |     |     |     |      |      |     |        |      |         |          |        |
|     flow_control_loop_pipe_sequential_init_U        |     |     |     |      |      |     |        |      |         |          |        |
+-----------------------------------------------------+-----+-----+-----+------+------+-----+--------+------+---------+----------+--------+


================================================================
== Place & Route Fail Fast
================================================================
+-----------------------------------------------------------+-----------+--------+--------+
| Criteria                                                  | Guideline | Actual | Status |
+-----------------------------------------------------------+-----------+--------+--------+
| LUT                                                       | 70%       | 4.69%  | OK     |
| FD                                                        | 50%       | 1.89%  | OK     |
| LUTRAM+SRL                                                | 25%       | 0.00%  | OK     |
| MUXF7                                                     | 15%       | 0.00%  | OK     |
| DSP                                                       | 80%       | 0.00%  | OK     |
| RAMB/FIFO                                                 | 80%       | 0.00%  | OK     |
| DSP+RAMB+URAM (Avg)                                       | 70%       | 0.00%  | OK     |
| BUFGCE* + BUFGCTRL                                        | 24        | 0      | OK     |
| DONT_TOUCH (cells/nets)                                   | 0         | 0      | OK     |
| MARK_DEBUG (nets)                                         | 0         | 0      | OK     |
| Control Sets                                              | 70        | 6      | OK     |
| Average Fanout for modules > 100k cells                   | 4         | 2.16   | OK     |
| Max Average Fanout for modules > 100k cells               | 4         | 0      | OK     |
| Non-FD high fanout nets > 10k loads                       | 0         | 0      | OK     |
+-----------------------------------------------------------+-----------+--------+--------+
| TIMING-6 (No common primary clock between related clocks) | 0         | 0      | OK     |
| TIMING-7 (No common node between related clocks)          | 0         | 0      | OK     |
| TIMING-8 (No common period between related clocks)        | 0         | 0      | OK     |
| TIMING-14 (LUT on the clock tree)                         | 0         | 0      | OK     |
| TIMING-35 (No common node in paths with the same clock)   | 0         | 0      | OK     |
+-----------------------------------------------------------+-----------+--------+--------+
| Number of paths above max LUT budgeting (0.500ns)         | 0         | 0      | OK     |
| Number of paths above max Net budgeting (0.350ns)         | 0         | 0      | OK     |
+-----------------------------------------------------------+-----------+--------+--------+


================================================================
== Place & Route Timing Paths
================================================================
* Timing was met
+-------+-------+------------------------------------------------------------------+-----------------------------------------------------------------------------+--------------+------------+----------------+----------------+--------------+
| Path  | SLACK | STARTPOINT PIN                                                   | ENDPOINT PIN                                                                | LOGIC LEVELS | MAX FANOUT | DATAPATH DELAY | DATAPATH LOGIC | DATAPATH NET |
|       |       |                                                                  |                                                                             |              |            |                |          DELAY |        DELAY |
+-------+-------+------------------------------------------------------------------+-----------------------------------------------------------------------------+--------------+------------+----------------+----------------+--------------+
| Path1 | 6.952 | grp_wGenerator_Pipeline_VITIS_LOOP_9_1_fu_24_ap_start_reg_reg/C  | grp_wGenerator_Pipeline_VITIS_LOOP_9_1_fu_24_ap_start_reg_reg/D             |            3 |         12 |          2.807 |          0.854 |        1.953 |
| Path2 | 6.971 | grp_wGenerator_Pipeline_VITIS_LOOP_12_2_fu_32/ap_CS_fsm_reg[2]/C | grp_wGenerator_Pipeline_VITIS_LOOP_12_2_fu_32/wout_load_2_reg_390_reg[3]/CE |            1 |         64 |          2.616 |          0.611 |        2.005 |
| Path3 | 6.971 | grp_wGenerator_Pipeline_VITIS_LOOP_12_2_fu_32/ap_CS_fsm_reg[2]/C | grp_wGenerator_Pipeline_VITIS_LOOP_12_2_fu_32/wout_load_2_reg_390_reg[4]/CE |            1 |         64 |          2.616 |          0.611 |        2.005 |
| Path4 | 6.971 | grp_wGenerator_Pipeline_VITIS_LOOP_12_2_fu_32/ap_CS_fsm_reg[2]/C | grp_wGenerator_Pipeline_VITIS_LOOP_12_2_fu_32/wout_load_2_reg_390_reg[5]/CE |            1 |         64 |          2.616 |          0.611 |        2.005 |
| Path5 | 6.971 | grp_wGenerator_Pipeline_VITIS_LOOP_12_2_fu_32/ap_CS_fsm_reg[2]/C | grp_wGenerator_Pipeline_VITIS_LOOP_12_2_fu_32/wout_load_2_reg_390_reg[6]/CE |            1 |         64 |          2.616 |          0.611 |        2.005 |
+-------+-------+------------------------------------------------------------------+-----------------------------------------------------------------------------+--------------+------------+----------------+----------------+--------------+

    +-----------------------------------------------------------------------------------------------------------------------------------------------------+----------------------+
    | Path1 Cells                                                                                                                                         | Primitive Type       |
    +-----------------------------------------------------------------------------------------------------------------------------------------------------+----------------------+
    | grp_wGenerator_Pipeline_VITIS_LOOP_9_1_fu_24_ap_start_reg_reg                                                                                       | FLOP_LATCH.flop.FDRE |
    | grp_wGenerator_Pipeline_VITIS_LOOP_9_1_fu_24/flow_control_loop_pipe_sequential_init_U/i_fu_34[4]_i_3                                                | LUT.others.LUT2      |
    | grp_wGenerator_Pipeline_VITIS_LOOP_9_1_fu_24/flow_control_loop_pipe_sequential_init_U/grp_wGenerator_Pipeline_VITIS_LOOP_9_1_fu_24_ap_start_reg_i_2 | LUT.others.LUT6      |
    | grp_wGenerator_Pipeline_VITIS_LOOP_9_1_fu_24/flow_control_loop_pipe_sequential_init_U/grp_wGenerator_Pipeline_VITIS_LOOP_9_1_fu_24_ap_start_reg_i_1 | LUT.others.LUT4      |
    | grp_wGenerator_Pipeline_VITIS_LOOP_12_2_fu_32/ap_CS_fsm_reg[2]                                                                                      | FLOP_LATCH.flop.FDRE |
    | grp_wGenerator_Pipeline_VITIS_LOOP_12_2_fu_32/wout_load_3_reg_395[31]_i_1                                                                           | LUT.others.LUT2      |
    | grp_wGenerator_Pipeline_VITIS_LOOP_12_2_fu_32/wout_load_2_reg_390_reg[3]                                                                            | FLOP_LATCH.flop.FDRE |
    | grp_wGenerator_Pipeline_VITIS_LOOP_12_2_fu_32/ap_CS_fsm_reg[2]                                                                                      | FLOP_LATCH.flop.FDRE |
    | grp_wGenerator_Pipeline_VITIS_LOOP_12_2_fu_32/wout_load_3_reg_395[31]_i_1                                                                           | LUT.others.LUT2      |
    | grp_wGenerator_Pipeline_VITIS_LOOP_12_2_fu_32/wout_load_2_reg_390_reg[4]                                                                            | FLOP_LATCH.flop.FDRE |
    | grp_wGenerator_Pipeline_VITIS_LOOP_12_2_fu_32/ap_CS_fsm_reg[2]                                                                                      | FLOP_LATCH.flop.FDRE |
    | grp_wGenerator_Pipeline_VITIS_LOOP_12_2_fu_32/wout_load_3_reg_395[31]_i_1                                                                           | LUT.others.LUT2      |
    | grp_wGenerator_Pipeline_VITIS_LOOP_12_2_fu_32/wout_load_2_reg_390_reg[5]                                                                            | FLOP_LATCH.flop.FDRE |
    | grp_wGenerator_Pipeline_VITIS_LOOP_12_2_fu_32/ap_CS_fsm_reg[2]                                                                                      | FLOP_LATCH.flop.FDRE |
    | grp_wGenerator_Pipeline_VITIS_LOOP_12_2_fu_32/wout_load_3_reg_395[31]_i_1                                                                           | LUT.others.LUT2      |
    | grp_wGenerator_Pipeline_VITIS_LOOP_12_2_fu_32/wout_load_2_reg_390_reg[6]                                                                            | FLOP_LATCH.flop.FDRE |
    +-----------------------------------------------------------------------------------------------------------------------------------------------------+----------------------+

    +-----------------------------------------------------------------------------------------------------------------------------------------------------+----------------------+
    | Path2 Cells                                                                                                                                         | Primitive Type       |
    +-----------------------------------------------------------------------------------------------------------------------------------------------------+----------------------+
    | grp_wGenerator_Pipeline_VITIS_LOOP_9_1_fu_24_ap_start_reg_reg                                                                                       | FLOP_LATCH.flop.FDRE |
    | grp_wGenerator_Pipeline_VITIS_LOOP_9_1_fu_24/flow_control_loop_pipe_sequential_init_U/i_fu_34[4]_i_3                                                | LUT.others.LUT2      |
    | grp_wGenerator_Pipeline_VITIS_LOOP_9_1_fu_24/flow_control_loop_pipe_sequential_init_U/grp_wGenerator_Pipeline_VITIS_LOOP_9_1_fu_24_ap_start_reg_i_2 | LUT.others.LUT6      |
    | grp_wGenerator_Pipeline_VITIS_LOOP_9_1_fu_24/flow_control_loop_pipe_sequential_init_U/grp_wGenerator_Pipeline_VITIS_LOOP_9_1_fu_24_ap_start_reg_i_1 | LUT.others.LUT4      |
    | grp_wGenerator_Pipeline_VITIS_LOOP_12_2_fu_32/ap_CS_fsm_reg[2]                                                                                      | FLOP_LATCH.flop.FDRE |
    | grp_wGenerator_Pipeline_VITIS_LOOP_12_2_fu_32/wout_load_3_reg_395[31]_i_1                                                                           | LUT.others.LUT2      |
    | grp_wGenerator_Pipeline_VITIS_LOOP_12_2_fu_32/wout_load_2_reg_390_reg[3]                                                                            | FLOP_LATCH.flop.FDRE |
    | grp_wGenerator_Pipeline_VITIS_LOOP_12_2_fu_32/ap_CS_fsm_reg[2]                                                                                      | FLOP_LATCH.flop.FDRE |
    | grp_wGenerator_Pipeline_VITIS_LOOP_12_2_fu_32/wout_load_3_reg_395[31]_i_1                                                                           | LUT.others.LUT2      |
    | grp_wGenerator_Pipeline_VITIS_LOOP_12_2_fu_32/wout_load_2_reg_390_reg[4]                                                                            | FLOP_LATCH.flop.FDRE |
    | grp_wGenerator_Pipeline_VITIS_LOOP_12_2_fu_32/ap_CS_fsm_reg[2]                                                                                      | FLOP_LATCH.flop.FDRE |
    | grp_wGenerator_Pipeline_VITIS_LOOP_12_2_fu_32/wout_load_3_reg_395[31]_i_1                                                                           | LUT.others.LUT2      |
    | grp_wGenerator_Pipeline_VITIS_LOOP_12_2_fu_32/wout_load_2_reg_390_reg[5]                                                                            | FLOP_LATCH.flop.FDRE |
    | grp_wGenerator_Pipeline_VITIS_LOOP_12_2_fu_32/ap_CS_fsm_reg[2]                                                                                      | FLOP_LATCH.flop.FDRE |
    | grp_wGenerator_Pipeline_VITIS_LOOP_12_2_fu_32/wout_load_3_reg_395[31]_i_1                                                                           | LUT.others.LUT2      |
    | grp_wGenerator_Pipeline_VITIS_LOOP_12_2_fu_32/wout_load_2_reg_390_reg[6]                                                                            | FLOP_LATCH.flop.FDRE |
    +-----------------------------------------------------------------------------------------------------------------------------------------------------+----------------------+

    +-----------------------------------------------------------------------------------------------------------------------------------------------------+----------------------+
    | Path3 Cells                                                                                                                                         | Primitive Type       |
    +-----------------------------------------------------------------------------------------------------------------------------------------------------+----------------------+
    | grp_wGenerator_Pipeline_VITIS_LOOP_9_1_fu_24_ap_start_reg_reg                                                                                       | FLOP_LATCH.flop.FDRE |
    | grp_wGenerator_Pipeline_VITIS_LOOP_9_1_fu_24/flow_control_loop_pipe_sequential_init_U/i_fu_34[4]_i_3                                                | LUT.others.LUT2      |
    | grp_wGenerator_Pipeline_VITIS_LOOP_9_1_fu_24/flow_control_loop_pipe_sequential_init_U/grp_wGenerator_Pipeline_VITIS_LOOP_9_1_fu_24_ap_start_reg_i_2 | LUT.others.LUT6      |
    | grp_wGenerator_Pipeline_VITIS_LOOP_9_1_fu_24/flow_control_loop_pipe_sequential_init_U/grp_wGenerator_Pipeline_VITIS_LOOP_9_1_fu_24_ap_start_reg_i_1 | LUT.others.LUT4      |
    | grp_wGenerator_Pipeline_VITIS_LOOP_12_2_fu_32/ap_CS_fsm_reg[2]                                                                                      | FLOP_LATCH.flop.FDRE |
    | grp_wGenerator_Pipeline_VITIS_LOOP_12_2_fu_32/wout_load_3_reg_395[31]_i_1                                                                           | LUT.others.LUT2      |
    | grp_wGenerator_Pipeline_VITIS_LOOP_12_2_fu_32/wout_load_2_reg_390_reg[3]                                                                            | FLOP_LATCH.flop.FDRE |
    | grp_wGenerator_Pipeline_VITIS_LOOP_12_2_fu_32/ap_CS_fsm_reg[2]                                                                                      | FLOP_LATCH.flop.FDRE |
    | grp_wGenerator_Pipeline_VITIS_LOOP_12_2_fu_32/wout_load_3_reg_395[31]_i_1                                                                           | LUT.others.LUT2      |
    | grp_wGenerator_Pipeline_VITIS_LOOP_12_2_fu_32/wout_load_2_reg_390_reg[4]                                                                            | FLOP_LATCH.flop.FDRE |
    | grp_wGenerator_Pipeline_VITIS_LOOP_12_2_fu_32/ap_CS_fsm_reg[2]                                                                                      | FLOP_LATCH.flop.FDRE |
    | grp_wGenerator_Pipeline_VITIS_LOOP_12_2_fu_32/wout_load_3_reg_395[31]_i_1                                                                           | LUT.others.LUT2      |
    | grp_wGenerator_Pipeline_VITIS_LOOP_12_2_fu_32/wout_load_2_reg_390_reg[5]                                                                            | FLOP_LATCH.flop.FDRE |
    | grp_wGenerator_Pipeline_VITIS_LOOP_12_2_fu_32/ap_CS_fsm_reg[2]                                                                                      | FLOP_LATCH.flop.FDRE |
    | grp_wGenerator_Pipeline_VITIS_LOOP_12_2_fu_32/wout_load_3_reg_395[31]_i_1                                                                           | LUT.others.LUT2      |
    | grp_wGenerator_Pipeline_VITIS_LOOP_12_2_fu_32/wout_load_2_reg_390_reg[6]                                                                            | FLOP_LATCH.flop.FDRE |
    +-----------------------------------------------------------------------------------------------------------------------------------------------------+----------------------+

    +-----------------------------------------------------------------------------------------------------------------------------------------------------+----------------------+
    | Path4 Cells                                                                                                                                         | Primitive Type       |
    +-----------------------------------------------------------------------------------------------------------------------------------------------------+----------------------+
    | grp_wGenerator_Pipeline_VITIS_LOOP_9_1_fu_24_ap_start_reg_reg                                                                                       | FLOP_LATCH.flop.FDRE |
    | grp_wGenerator_Pipeline_VITIS_LOOP_9_1_fu_24/flow_control_loop_pipe_sequential_init_U/i_fu_34[4]_i_3                                                | LUT.others.LUT2      |
    | grp_wGenerator_Pipeline_VITIS_LOOP_9_1_fu_24/flow_control_loop_pipe_sequential_init_U/grp_wGenerator_Pipeline_VITIS_LOOP_9_1_fu_24_ap_start_reg_i_2 | LUT.others.LUT6      |
    | grp_wGenerator_Pipeline_VITIS_LOOP_9_1_fu_24/flow_control_loop_pipe_sequential_init_U/grp_wGenerator_Pipeline_VITIS_LOOP_9_1_fu_24_ap_start_reg_i_1 | LUT.others.LUT4      |
    | grp_wGenerator_Pipeline_VITIS_LOOP_12_2_fu_32/ap_CS_fsm_reg[2]                                                                                      | FLOP_LATCH.flop.FDRE |
    | grp_wGenerator_Pipeline_VITIS_LOOP_12_2_fu_32/wout_load_3_reg_395[31]_i_1                                                                           | LUT.others.LUT2      |
    | grp_wGenerator_Pipeline_VITIS_LOOP_12_2_fu_32/wout_load_2_reg_390_reg[3]                                                                            | FLOP_LATCH.flop.FDRE |
    | grp_wGenerator_Pipeline_VITIS_LOOP_12_2_fu_32/ap_CS_fsm_reg[2]                                                                                      | FLOP_LATCH.flop.FDRE |
    | grp_wGenerator_Pipeline_VITIS_LOOP_12_2_fu_32/wout_load_3_reg_395[31]_i_1                                                                           | LUT.others.LUT2      |
    | grp_wGenerator_Pipeline_VITIS_LOOP_12_2_fu_32/wout_load_2_reg_390_reg[4]                                                                            | FLOP_LATCH.flop.FDRE |
    | grp_wGenerator_Pipeline_VITIS_LOOP_12_2_fu_32/ap_CS_fsm_reg[2]                                                                                      | FLOP_LATCH.flop.FDRE |
    | grp_wGenerator_Pipeline_VITIS_LOOP_12_2_fu_32/wout_load_3_reg_395[31]_i_1                                                                           | LUT.others.LUT2      |
    | grp_wGenerator_Pipeline_VITIS_LOOP_12_2_fu_32/wout_load_2_reg_390_reg[5]                                                                            | FLOP_LATCH.flop.FDRE |
    | grp_wGenerator_Pipeline_VITIS_LOOP_12_2_fu_32/ap_CS_fsm_reg[2]                                                                                      | FLOP_LATCH.flop.FDRE |
    | grp_wGenerator_Pipeline_VITIS_LOOP_12_2_fu_32/wout_load_3_reg_395[31]_i_1                                                                           | LUT.others.LUT2      |
    | grp_wGenerator_Pipeline_VITIS_LOOP_12_2_fu_32/wout_load_2_reg_390_reg[6]                                                                            | FLOP_LATCH.flop.FDRE |
    +-----------------------------------------------------------------------------------------------------------------------------------------------------+----------------------+

    +-----------------------------------------------------------------------------------------------------------------------------------------------------+----------------------+
    | Path5 Cells                                                                                                                                         | Primitive Type       |
    +-----------------------------------------------------------------------------------------------------------------------------------------------------+----------------------+
    | grp_wGenerator_Pipeline_VITIS_LOOP_9_1_fu_24_ap_start_reg_reg                                                                                       | FLOP_LATCH.flop.FDRE |
    | grp_wGenerator_Pipeline_VITIS_LOOP_9_1_fu_24/flow_control_loop_pipe_sequential_init_U/i_fu_34[4]_i_3                                                | LUT.others.LUT2      |
    | grp_wGenerator_Pipeline_VITIS_LOOP_9_1_fu_24/flow_control_loop_pipe_sequential_init_U/grp_wGenerator_Pipeline_VITIS_LOOP_9_1_fu_24_ap_start_reg_i_2 | LUT.others.LUT6      |
    | grp_wGenerator_Pipeline_VITIS_LOOP_9_1_fu_24/flow_control_loop_pipe_sequential_init_U/grp_wGenerator_Pipeline_VITIS_LOOP_9_1_fu_24_ap_start_reg_i_1 | LUT.others.LUT4      |
    | grp_wGenerator_Pipeline_VITIS_LOOP_12_2_fu_32/ap_CS_fsm_reg[2]                                                                                      | FLOP_LATCH.flop.FDRE |
    | grp_wGenerator_Pipeline_VITIS_LOOP_12_2_fu_32/wout_load_3_reg_395[31]_i_1                                                                           | LUT.others.LUT2      |
    | grp_wGenerator_Pipeline_VITIS_LOOP_12_2_fu_32/wout_load_2_reg_390_reg[3]                                                                            | FLOP_LATCH.flop.FDRE |
    | grp_wGenerator_Pipeline_VITIS_LOOP_12_2_fu_32/ap_CS_fsm_reg[2]                                                                                      | FLOP_LATCH.flop.FDRE |
    | grp_wGenerator_Pipeline_VITIS_LOOP_12_2_fu_32/wout_load_3_reg_395[31]_i_1                                                                           | LUT.others.LUT2      |
    | grp_wGenerator_Pipeline_VITIS_LOOP_12_2_fu_32/wout_load_2_reg_390_reg[4]                                                                            | FLOP_LATCH.flop.FDRE |
    | grp_wGenerator_Pipeline_VITIS_LOOP_12_2_fu_32/ap_CS_fsm_reg[2]                                                                                      | FLOP_LATCH.flop.FDRE |
    | grp_wGenerator_Pipeline_VITIS_LOOP_12_2_fu_32/wout_load_3_reg_395[31]_i_1                                                                           | LUT.others.LUT2      |
    | grp_wGenerator_Pipeline_VITIS_LOOP_12_2_fu_32/wout_load_2_reg_390_reg[5]                                                                            | FLOP_LATCH.flop.FDRE |
    | grp_wGenerator_Pipeline_VITIS_LOOP_12_2_fu_32/ap_CS_fsm_reg[2]                                                                                      | FLOP_LATCH.flop.FDRE |
    | grp_wGenerator_Pipeline_VITIS_LOOP_12_2_fu_32/wout_load_3_reg_395[31]_i_1                                                                           | LUT.others.LUT2      |
    | grp_wGenerator_Pipeline_VITIS_LOOP_12_2_fu_32/wout_load_2_reg_390_reg[6]                                                                            | FLOP_LATCH.flop.FDRE |
    +-----------------------------------------------------------------------------------------------------------------------------------------------------+----------------------+


================================================================
== Place & Route Vivado Reports
================================================================
+--------------------------+--------------------------------------------------------------------+
| Report Type              | Report Location                                                    |
+--------------------------+--------------------------------------------------------------------+
| design_analysis          | impl/verilog/report/wGenerator_design_analysis_routed.rpt          |
| failfast                 | impl/verilog/report/wGenerator_failfast_routed.rpt                 |
| power                    | impl/verilog/report/wGenerator_power_routed.rpt                    |
| status                   | impl/verilog/report/wGenerator_status_routed.rpt                   |
| timing                   | impl/verilog/report/wGenerator_timing_routed.rpt                   |
| timing_paths             | impl/verilog/report/wGenerator_timing_paths_routed.rpt             |
| utilization              | impl/verilog/report/wGenerator_utilization_routed.rpt              |
| utilization_hierarchical | impl/verilog/report/wGenerator_utilization_hierarchical_routed.rpt |
+--------------------------+--------------------------------------------------------------------+


