                             latency        interval
transaction       0:             819             820
transaction       1:             819             820
transaction       2:             819             820
transaction       3:             819             820
transaction       4:            2443            2444
transaction       5:          207879          207880
transaction       6:           21119           21120
transaction       7:          205443          205444
transaction       8:          103131          103132
transaction       9:          143731          143732
transaction      10:          193263          193264
transaction      11:          128303          128304
transaction      12:           56847           56848
transaction      13:          172963          172964
transaction      14:           91763           91764
transaction      15:          155099          155100
transaction      16:           96635           96636
transaction      17:           70651           70652
transaction      18:           98259           98260
transaction      19:          176211          176212
transaction      20:          155099          155100
transaction      21:          138859          138860
transaction      22:           59283           59284
transaction      23:            9751            9752
transaction      24:           45479           45480
transaction      25:          181895          181896
transaction      26:          146167          146168
transaction      27:           84455           84456
transaction      28:          107191          107192
transaction      29:          138047          138048
transaction      30:          101507          101508
transaction      31:          163219          163220
transaction      32:          162407          162408
transaction      33:          162407          162408
transaction      34:          138859          138860
transaction      35:          183519          183520
transaction      36:          203819          203820
transaction      37:           95011           95012
transaction      38:            6503            6504
transaction      39:            5691            5692
transaction      40:           33299           33300
transaction      41:           91763           91764
transaction      42:          135611          135612
transaction      43:          155911          155912
transaction      44:          193263          193264
transaction      45:          159159          159160
transaction      46:          109627          109628
transaction      47:           53599           53600
transaction      48:          145355          145356
transaction      49:           28427           28428
transaction      50:           22743           22744
transaction      51:           80395           80396
transaction      52:          142107          142108
transaction      53:          190827          190828
transaction      54:          181895          181896
transaction      55:          163219          163220
transaction      56:          188391          188392
transaction      57:          203007          203008
transaction      58:          141295          141296
transaction      59:           36547           36548
transaction      60:           88515           88516
transaction      61:           95011           95012
transaction      62:          185143          185144
transaction      63:           25991           25992
transaction      64:           74711           74712
transaction      65:           15435           15436
transaction      66:           32487           32488
transaction      67:           58471           58472
transaction      68:          108815          108816
transaction      69:          164843          164844
transaction      70:           98259           98260
transaction      71:          133987          133988
transaction      72:           30051           30052
transaction      73:           95011           95012
transaction      74:           61719           61720
transaction      75:          165655          165656
transaction      76:          153475          153476
transaction      77:           42231           42232
transaction      78:          178647          178648
transaction      79:          106379          106380
transaction      80:           10563           10564
transaction      81:          123431          123432
transaction      82:           57659           57660
transaction      83:          144543          144544
transaction      84:           20307           20308
transaction      85:           97447           97448
transaction      86:           98259           98260
transaction      87:          110439          110440
transaction      88:          169715          169716
transaction      89:           37359           37360
transaction      90:           47103           47104
transaction      91:           99883           99884
transaction      92:          190827          190828
transaction      93:           36547           36548
transaction      94:          192451          192452
transaction      95:           28427           28428
transaction      96:           79583           79584
transaction      97:           37359           37360
transaction      98:          126679          126680
transaction      99:          194075          194076
transaction     100:          198135          198136
transaction     101:           64155           64156
transaction     102:          109627          109628
transaction     103:           92575           92576
transaction     104:           78771           78772
transaction     105:          204631               x
