================================================================
== Design Size Report
================================================================

* Total Instructions per Compilation Phase
+---------------+-----------------------------+--------------+----------------------------------------------------------------------------------------+
| Phase         | Step                        | Instructions | Description                                                                            |
+---------------+-----------------------------+--------------+----------------------------------------------------------------------------------------+
| Compile/Link  |                             | 2,381        | After all functions are compiled and linked into a single design                       |
|               |                             |              |                                                                                        |
| Unroll/Inline |                             |              | After user unroll and inline pragmas are applied                                       |
|               | (1) unroll                  |   119        | user unroll pragmas are applied                                                        |
|               | (2) simplification          |    99        | simplification of applied user unroll pragmas                                          |
|               | (3) inline                  |    90        | user inline pragmas are applied                                                        |
|               | (4) simplification          |    70        | simplification of applied user inline pragmas                                          |
|               |                             |              |                                                                                        |
| Array/Struct  |                             |              | After user array partition and struct aggregate/disaggregate pragmas are applied       |
|               | (1) array partition         |    72        | user array partition pragmas are applied                                               |
|               | (2) simplification          |    72        | simplification of applied user array partition & struct aggregate/disaggregate pragmas |
|               | (3) aggregate/disaggregate  |    72        | user struct aggregate/disaggregate pragmas are applied                                 |
|               | (4) array reshape           |    72        | apply array reshape pragmas                                                            |
|               | (5) access patterns         |    72        | array access pattern optmizations                                                      |
|               |                             |              |                                                                                        |
| Performance   |                             |              | After transformations are applied to meet performance pragma targets                   |
|               | (1) loop simplification     |    72        | loop and instruction simplification                                                    |
|               | (2) parallelization         |    72        | loops are unrolled or pipelined to meet performance targets                            |
|               | (3) array partition         |    72        | arrays are partitioned to meet performance targets                                     |
|               | (4) simplification          |    72        | simplification of design after performance transformations                             |
|               |                             |              |                                                                                        |
| HW Transforms |                             |              | After hardware transfomations                                                          |
|               | (1) lowering                |    78        | initial conversion to HW specific instructions                                         |
|               | (2) optimizations           |    79        | high level synthesis optimizations                                                     |
+---------------+-----------------------------+--------------+----------------------------------------------------------------------------------------+

* Instructions per Function for each Compilation Phase
+-------------+---------------------+--------------+---------------+--------------+-------------+---------------+
| Function    | Location            | Compile/Link | Unroll/Inline | Array/Struct | Performance | HW Transforms |
+-------------+---------------------+--------------+---------------+--------------+-------------+---------------+
| + chunkIter | chunkIter.cpp:3     | 2,381        | 70            | 72           | 72          | 79            |
|    sum1_256 | functions256.cpp:13 |  538         |               |              |             |               |
|    sum0_256 | functions256.cpp:3  |  538         |               |              |             |               |
|    ch_256   | functions256.cpp:43 |  197         |               |              |             |               |
|    maj_256  | functions256.cpp:52 |  268         |               |              |             |               |
+-------------+---------------------+--------------+---------------+--------------+-------------+---------------+

* Design Size Message Settings
+---------------------------------------------+--------+------------------------------------------------------------------+
| Message Setting                             | Value  | Description                                                      |
+---------------------------------------------+--------+------------------------------------------------------------------+
| config_compile -design_size_maximum_warning | 100000 | Show a warning when total design instructions exceeds this value |
+---------------------------------------------+--------+------------------------------------------------------------------+


