D:\Vitis\shaAccel\sha256Accel\sha256Accel\hls\.autopilot\db\sha256Accel.pp.0.cpp:2678:5: warning: Added loop label VITIS_LOOP_676_1:   [xilinx-label-all-loops]
    for (unsigned i = low; i != high+1; ++i) {
    ^~~
    VITIS_LOOP_676_1: 
D:\Vitis\shaAccel\sha256Accel\sha256Accel\hls\.autopilot\db\sha256Accel.pp.0.cpp:2678:5: note: FIX-IT applied suggested code changes
D:\Vitis\shaAccel\sha256Accel\sha256Accel\hls\.autopilot\db\sha256Accel.pp.0.cpp:2692:5: warning: Added loop label VITIS_LOOP_690_1:   [xilinx-label-all-loops]
    for (unsigned i = low; i != high+1; ++i) {
    ^~~
    VITIS_LOOP_690_1: 
D:\Vitis\shaAccel\sha256Accel\sha256Accel\hls\.autopilot\db\sha256Accel.pp.0.cpp:2692:5: note: FIX-IT applied suggested code changes
D:\Vitis\shaAccel\sha256Accel\sha256Accel\hls\.autopilot\db\sha256Accel.pp.0.cpp:2706:5: warning: Added loop label VITIS_LOOP_704_1:   [xilinx-label-all-loops]
    for (unsigned i = low; i != high+1; ++i) {
    ^~~
    VITIS_LOOP_704_1: 
D:\Vitis\shaAccel\sha256Accel\sha256Accel\hls\.autopilot\db\sha256Accel.pp.0.cpp:2706:5: note: FIX-IT applied suggested code changes
D:\Vitis\shaAccel\sha256Accel\sha256Accel\hls\.autopilot\db\sha256Accel.pp.0.cpp:4674:7: warning: Added loop label VITIS_LOOP_1248_1:   [xilinx-label-all-loops]
      for (i = 0; i < __N - 1; ++i) {
      ^~~
      VITIS_LOOP_1248_1: 
D:\Vitis\shaAccel\sha256Accel\sha256Accel\hls\.autopilot\db\sha256Accel.pp.0.cpp:4674:7: note: FIX-IT applied suggested code changes
D:\Vitis\shaAccel\sha256Accel\sha256Accel\hls\.autopilot\db\sha256Accel.pp.0.cpp:6712:5: warning: Added loop label VITIS_LOOP_10_1:   [xilinx-label-all-loops]
    while(iterneeded) {
    ^~~~~
    VITIS_LOOP_10_1: 
D:\Vitis\shaAccel\sha256Accel\sha256Accel\hls\.autopilot\db\sha256Accel.pp.0.cpp:6712:5: note: FIX-IT applied suggested code changes
D:\Vitis\shaAccel\sha256Accel\sha256Accel\hls\.autopilot\db\sha256Accel.pp.0.cpp:6714:9: warning: Added loop label VITIS_LOOP_12_2:   [xilinx-label-all-loops]
        for(j = 0; j < 448; j++, counter++) {
        ^~~
        VITIS_LOOP_12_2: 
D:\Vitis\shaAccel\sha256Accel\sha256Accel\hls\.autopilot\db\sha256Accel.pp.0.cpp:6714:9: note: FIX-IT applied suggested code changes
D:\Vitis\shaAccel\sha256Accel\sha256Accel\hls\.autopilot\db\sha256Accel.pp.0.cpp:6725:13: warning: Added loop label VITIS_LOOP_23_3:   [xilinx-label-all-loops]
            for(; j < 512; j++, counter++) {
            ^~~
            VITIS_LOOP_23_3: 
D:\Vitis\shaAccel\sha256Accel\sha256Accel\hls\.autopilot\db\sha256Accel.pp.0.cpp:6725:13: note: FIX-IT applied suggested code changes
D:\Vitis\shaAccel\sha256Accel\sha256Accel\hls\.autopilot\db\sha256Accel.pp.0.cpp:6737:13: warning: Added loop label VITIS_LOOP_35_4:   [xilinx-label-all-loops]
            for(; j < 512; j++, counter++, sizeIndex--) {
            ^~~
            VITIS_LOOP_35_4: 
D:\Vitis\shaAccel\sha256Accel\sha256Accel\hls\.autopilot\db\sha256Accel.pp.0.cpp:6737:13: note: FIX-IT applied suggested code changes
D:\Vitis\shaAccel\sha256Accel\sha256Accel\hls\.autopilot\db\sha256Accel.pp.0.cpp:6745:9: warning: Added loop label VITIS_LOOP_43_5:   [xilinx-label-all-loops]
        for (int j = 0; j < 16; j++) {
        ^~~
        VITIS_LOOP_43_5: 
D:\Vitis\shaAccel\sha256Accel\sha256Accel\hls\.autopilot\db\sha256Accel.pp.0.cpp:6745:9: note: FIX-IT applied suggested code changes
D:\Vitis\shaAccel\sha256Accel\sha256Accel\hls\.autopilot\db\sha256Accel.pp.0.cpp:6746:13: warning: Added loop label VITIS_LOOP_44_6:   [xilinx-label-all-loops]
            for (int k = 31; k >= 0; k--, buffi++) {
            ^~~
            VITIS_LOOP_44_6: 
D:\Vitis\shaAccel\sha256Accel\sha256Accel\hls\.autopilot\db\sha256Accel.pp.0.cpp:6746:13: note: FIX-IT applied suggested code changes
D:\Vitis\shaAccel\sha256Accel\sha256Accel\hls\.autopilot\db\sha256Accel.pp.0.cpp:6751:9: warning: Added loop label VITIS_LOOP_49_7:   [xilinx-label-all-loops]
        for(int j = 0; j < 8; j++) {
        ^~~
        VITIS_LOOP_49_7: 
D:\Vitis\shaAccel\sha256Accel\sha256Accel\hls\.autopilot\db\sha256Accel.pp.0.cpp:6751:9: note: FIX-IT applied suggested code changes
