Copyright 1986-2022 Xilinx, Inc. All Rights Reserved. Copyright 2022-2025 Advanced Micro Devices, Inc. All Rights Reserved.
---------------------------------------------------------------------------------------------------------------------------------------------
| Tool Version : Vivado v.2025.1 (win64) Build 6140274 Thu May 22 00:12:29 MDT 2025
| Date         : Fri Aug  1 20:27:23 2025
| Host         : DESKTOP-E57T4BO running 64-bit major release  (build 9200)
| Command      : report_timing_summary -file ./report/sha384Accel_timing_synth.rpt
| Design       : bd_0_wrapper
| Device       : xa7s6-cpga196
| Speed File   : -2I  PRODUCTION 1.16 2018-06-13
| Design State : Synthesized
---------------------------------------------------------------------------------------------------------------------------------------------

Timing Summary Report

------------------------------------------------------------------------------------------------
| Timer Settings
| --------------
------------------------------------------------------------------------------------------------

  Enable Multi Corner Analysis               :  Yes
  Enable Pessimism Removal                   :  Yes
  Pessimism Removal Resolution               :  Nearest Common Node
  Enable Input Delay Default Clock           :  No
  Enable Preset / Clear Arcs                 :  No
  Disable Flight Delays                      :  No
  Ignore I/O Paths                           :  No
  Timing Early Launch at Borrowing Latches   :  No
  Borrow Time for Max Delay Exceptions       :  Yes
  Merge Timing Exceptions                    :  Yes
  Inter-SLR Compensation                     :  Conservative

  Corner  Analyze    Analyze    
  Name    Max Paths  Min Paths  
  ------  ---------  ---------  
  Slow    Yes        Yes        
  Fast    Yes        Yes        


------------------------------------------------------------------------------------------------
| Report Methodology
| ------------------
------------------------------------------------------------------------------------------------

No report available as report_methodology has not been run prior. Run report_methodology on the current design for the summary of methodology violations.



check_timing report

Table of Contents
-----------------
1. checking no_clock (0)
2. checking constant_clock (0)
3. checking pulse_width_clock (0)
4. checking unconstrained_internal_endpoints (0)
5. checking no_input_delay (132)
6. checking no_output_delay (389)
7. checking multiple_clock (0)
8. checking generated_clocks (0)
9. checking loops (0)
10. checking partial_input_delay (0)
11. checking partial_output_delay (0)
12. checking latch_loops (0)

1. checking no_clock (0)
------------------------
 There are 0 register/latch pins with no clock.


2. checking constant_clock (0)
------------------------------
 There are 0 register/latch pins with constant_clock.


3. checking pulse_width_clock (0)
---------------------------------
 There are 0 register/latch pins which need pulse_width check


4. checking unconstrained_internal_endpoints (0)
------------------------------------------------
 There are 0 pins that are not constrained for maximum delay.

 There are 0 pins that are not constrained for maximum delay due to constant clock.


5. checking no_input_delay (132)
--------------------------------
 There are 132 input ports with no input delay specified. (HIGH)

 There are 0 input ports with no input delay but user has a false path constraint.


6. checking no_output_delay (389)
---------------------------------
 There are 389 ports with no output delay specified. (HIGH)

 There are 0 ports with no output delay but user has a false path constraint

 There are 0 ports with no output delay but with a timing clock defined on it or propagating through it


7. checking multiple_clock (0)
------------------------------
 There are 0 register/latch pins with multiple clocks.


8. checking generated_clocks (0)
--------------------------------
 There are 0 generated clocks that are not connected to a clock source.


9. checking loops (0)
---------------------
 There are 0 combinational loops in the design.


10. checking partial_input_delay (0)
------------------------------------
 There are 0 input ports with partial input delay specified.


11. checking partial_output_delay (0)
-------------------------------------
 There are 0 ports with partial output delay specified.


12. checking latch_loops (0)
----------------------------
 There are 0 combinational latch loops in the design through latch input



------------------------------------------------------------------------------------------------
| Design Timing Summary
| ---------------------
------------------------------------------------------------------------------------------------

    WNS(ns)      TNS(ns)  TNS Failing Endpoints  TNS Total Endpoints      WHS(ns)      THS(ns)  THS Failing Endpoints  THS Total Endpoints     WPWS(ns)     TPWS(ns)  TPWS Failing Endpoints  TPWS Total Endpoints  
    -------      -------  ---------------------  -------------------      -------      -------  ---------------------  -------------------     --------     --------  ----------------------  --------------------  
      4.205        0.000                      0                11201        0.196        0.000                      0                11201        3.870        0.000                       0                  4027  


All user specified timing constraints are met.


------------------------------------------------------------------------------------------------
| Clock Summary
| -------------
------------------------------------------------------------------------------------------------

Clock   Waveform(ns)       Period(ns)      Frequency(MHz)
-----   ------------       ----------      --------------
ap_clk  {0.000 5.000}      10.000          100.000         


------------------------------------------------------------------------------------------------
| Intra Clock Table
| -----------------
------------------------------------------------------------------------------------------------

Clock             WNS(ns)      TNS(ns)  TNS Failing Endpoints  TNS Total Endpoints      WHS(ns)      THS(ns)  THS Failing Endpoints  THS Total Endpoints     WPWS(ns)     TPWS(ns)  TPWS Failing Endpoints  TPWS Total Endpoints  
-----             -------      -------  ---------------------  -------------------      -------      -------  ---------------------  -------------------     --------     --------  ----------------------  --------------------  
ap_clk              4.205        0.000                      0                11201        0.196        0.000                      0                11201        3.870        0.000                       0                  4027  


------------------------------------------------------------------------------------------------
| Inter Clock Table
| -----------------
------------------------------------------------------------------------------------------------

From Clock    To Clock          WNS(ns)      TNS(ns)  TNS Failing Endpoints  TNS Total Endpoints      WHS(ns)      THS(ns)  THS Failing Endpoints  THS Total Endpoints  
----------    --------          -------      -------  ---------------------  -------------------      -------      -------  ---------------------  -------------------  


------------------------------------------------------------------------------------------------
| Other Path Groups Table
| -----------------------
------------------------------------------------------------------------------------------------

Path Group    From Clock    To Clock          WNS(ns)      TNS(ns)  TNS Failing Endpoints  TNS Total Endpoints      WHS(ns)      THS(ns)  THS Failing Endpoints  THS Total Endpoints  
----------    ----------    --------          -------      -------  ---------------------  -------------------      -------      -------  ---------------------  -------------------  


------------------------------------------------------------------------------------------------
| Timing Details
| --------------
------------------------------------------------------------------------------------------------


---------------------------------------------------------------------------------------------------
From Clock:  ap_clk
  To Clock:  ap_clk

Setup :            0  Failing Endpoints,  Worst Slack        4.205ns,  Total Violation        0.000ns
Hold  :            0  Failing Endpoints,  Worst Slack        0.196ns,  Total Violation        0.000ns
PW    :            0  Failing Endpoints,  Worst Slack        3.870ns,  Total Violation        0.000ns
---------------------------------------------------------------------------------------------------


Max Delay Paths
--------------------------------------------------------------------------------------
Slack (MET) :             4.205ns  (required time - arrival time)
  Source:                 bd_0_i/hls_inst/inst/interHash_U/ram_reg_0/CLKBWRCLK
                            (rising edge-triggered cell RAMB36E1 clocked by ap_clk  {rise@0.000ns fall@5.000ns period=10.000ns})
  Destination:            bd_0_i/hls_inst/inst/wordsout_U/ram_reg_0_7_63_63/SP/I
                            (rising edge-triggered cell RAMS32 clocked by ap_clk  {rise@0.000ns fall@5.000ns period=10.000ns})
  Path Group:             ap_clk
  Path Type:              Setup (Max at Slow Process Corner)
  Requirement:            10.000ns  (ap_clk rise@10.000ns - ap_clk rise@0.000ns)
  Data Path Delay:        5.404ns  (logic 4.351ns (80.521%)  route 1.053ns (19.479%))
  Logic Levels:           17  (CARRY4=16 LUT2=1)
  Clock Path Skew:        -0.039ns (DCD - SCD + CPR)
    Destination Clock Delay (DCD):    0.748ns = ( 10.748 - 10.000 ) 
    Source Clock Delay      (SCD):    0.787ns
    Clock Pessimism Removal (CPR):    0.000ns
  Clock Uncertainty:      0.035ns  ((TSJ^2 + TIJ^2)^1/2 + DJ) / 2 + PE
    Total System Jitter     (TSJ):    0.071ns
    Total Input Jitter      (TIJ):    0.000ns
    Discrete Jitter          (DJ):    0.000ns
    Phase Error              (PE):    0.000ns

    Location             Delay type                Incr(ns)  Path(ns)    Netlist Resource(s)
  -------------------------------------------------------------------    -------------------
                         (clock ap_clk rise edge)     0.000     0.000 r  
                                                      0.000     0.000 r  ap_clk (IN)
                         net (fo=4026, unset)         0.787     0.787    bd_0_i/hls_inst/inst/interHash_U/ap_clk
                         RAMB36E1                                     r  bd_0_i/hls_inst/inst/interHash_U/ram_reg_0/CLKBWRCLK
  -------------------------------------------------------------------    -------------------
                         RAMB36E1 (Prop_ramb36e1_CLKBWRCLK_DOBDO[1])
                                                      2.125     2.912 r  bd_0_i/hls_inst/inst/interHash_U/ram_reg_0/DOBDO[1]
                         net (fo=4, unplaced)         0.646     3.558    bd_0_i/hls_inst/inst/grp_chunkProcessor_fu_557/wvars_U/add_ln35_fu_106_p2_carry__14[1]
                         LUT2 (Prop_lut2_I1_O)        0.105     3.663 r  bd_0_i/hls_inst/inst/grp_chunkProcessor_fu_557/wvars_U/add_ln35_fu_106_p2_carry_i_3/O
                         net (fo=1, unplaced)         0.000     3.663    bd_0_i/hls_inst/inst/grp_chunkProcessor_fu_557/grp_chunkProcessor_Pipeline_VITIS_LOOP_34_4_fu_193/S[1]
                         CARRY4 (Prop_carry4_S[1]_CO[3])
                                                      0.444     4.107 r  bd_0_i/hls_inst/inst/grp_chunkProcessor_fu_557/grp_chunkProcessor_Pipeline_VITIS_LOOP_34_4_fu_193/add_ln35_fu_106_p2_carry/CO[3]
                         net (fo=1, unplaced)         0.008     4.115    bd_0_i/hls_inst/inst/grp_chunkProcessor_fu_557/grp_chunkProcessor_Pipeline_VITIS_LOOP_34_4_fu_193/add_ln35_fu_106_p2_carry_n_3
                         CARRY4 (Prop_carry4_CI_CO[3])
                                                      0.100     4.215 r  bd_0_i/hls_inst/inst/grp_chunkProcessor_fu_557/grp_chunkProcessor_Pipeline_VITIS_LOOP_34_4_fu_193/add_ln35_fu_106_p2_carry__0/CO[3]
                         net (fo=1, unplaced)         0.000     4.215    bd_0_i/hls_inst/inst/grp_chunkProcessor_fu_557/grp_chunkProcessor_Pipeline_VITIS_LOOP_34_4_fu_193/add_ln35_fu_106_p2_carry__0_n_3
                         CARRY4 (Prop_carry4_CI_CO[3])
                                                      0.100     4.315 r  bd_0_i/hls_inst/inst/grp_chunkProcessor_fu_557/grp_chunkProcessor_Pipeline_VITIS_LOOP_34_4_fu_193/add_ln35_fu_106_p2_carry__1/CO[3]
                         net (fo=1, unplaced)         0.000     4.315    bd_0_i/hls_inst/inst/grp_chunkProcessor_fu_557/grp_chunkProcessor_Pipeline_VITIS_LOOP_34_4_fu_193/add_ln35_fu_106_p2_carry__1_n_3
                         CARRY4 (Prop_carry4_CI_CO[3])
                                                      0.100     4.415 r  bd_0_i/hls_inst/inst/grp_chunkProcessor_fu_557/grp_chunkProcessor_Pipeline_VITIS_LOOP_34_4_fu_193/add_ln35_fu_106_p2_carry__2/CO[3]
                         net (fo=1, unplaced)         0.000     4.415    bd_0_i/hls_inst/inst/grp_chunkProcessor_fu_557/grp_chunkProcessor_Pipeline_VITIS_LOOP_34_4_fu_193/add_ln35_fu_106_p2_carry__2_n_3
                         CARRY4 (Prop_carry4_CI_CO[3])
                                                      0.100     4.515 r  bd_0_i/hls_inst/inst/grp_chunkProcessor_fu_557/grp_chunkProcessor_Pipeline_VITIS_LOOP_34_4_fu_193/add_ln35_fu_106_p2_carry__3/CO[3]
                         net (fo=1, unplaced)         0.000     4.515    bd_0_i/hls_inst/inst/grp_chunkProcessor_fu_557/grp_chunkProcessor_Pipeline_VITIS_LOOP_34_4_fu_193/add_ln35_fu_106_p2_carry__3_n_3
                         CARRY4 (Prop_carry4_CI_CO[3])
                                                      0.100     4.615 r  bd_0_i/hls_inst/inst/grp_chunkProcessor_fu_557/grp_chunkProcessor_Pipeline_VITIS_LOOP_34_4_fu_193/add_ln35_fu_106_p2_carry__4/CO[3]
                         net (fo=1, unplaced)         0.000     4.615    bd_0_i/hls_inst/inst/grp_chunkProcessor_fu_557/grp_chunkProcessor_Pipeline_VITIS_LOOP_34_4_fu_193/add_ln35_fu_106_p2_carry__4_n_3
                         CARRY4 (Prop_carry4_CI_CO[3])
                                                      0.100     4.715 r  bd_0_i/hls_inst/inst/grp_chunkProcessor_fu_557/grp_chunkProcessor_Pipeline_VITIS_LOOP_34_4_fu_193/add_ln35_fu_106_p2_carry__5/CO[3]
                         net (fo=1, unplaced)         0.000     4.715    bd_0_i/hls_inst/inst/grp_chunkProcessor_fu_557/grp_chunkProcessor_Pipeline_VITIS_LOOP_34_4_fu_193/add_ln35_fu_106_p2_carry__5_n_3
                         CARRY4 (Prop_carry4_CI_CO[3])
                                                      0.100     4.815 r  bd_0_i/hls_inst/inst/grp_chunkProcessor_fu_557/grp_chunkProcessor_Pipeline_VITIS_LOOP_34_4_fu_193/add_ln35_fu_106_p2_carry__6/CO[3]
                         net (fo=1, unplaced)         0.000     4.815    bd_0_i/hls_inst/inst/grp_chunkProcessor_fu_557/grp_chunkProcessor_Pipeline_VITIS_LOOP_34_4_fu_193/add_ln35_fu_106_p2_carry__6_n_3
                         CARRY4 (Prop_carry4_CI_CO[3])
                                                      0.100     4.915 r  bd_0_i/hls_inst/inst/grp_chunkProcessor_fu_557/grp_chunkProcessor_Pipeline_VITIS_LOOP_34_4_fu_193/add_ln35_fu_106_p2_carry__7/CO[3]
                         net (fo=1, unplaced)         0.000     4.915    bd_0_i/hls_inst/inst/grp_chunkProcessor_fu_557/grp_chunkProcessor_Pipeline_VITIS_LOOP_34_4_fu_193/add_ln35_fu_106_p2_carry__7_n_3
                         CARRY4 (Prop_carry4_CI_CO[3])
                                                      0.100     5.015 r  bd_0_i/hls_inst/inst/grp_chunkProcessor_fu_557/grp_chunkProcessor_Pipeline_VITIS_LOOP_34_4_fu_193/add_ln35_fu_106_p2_carry__8/CO[3]
                         net (fo=1, unplaced)         0.000     5.015    bd_0_i/hls_inst/inst/grp_chunkProcessor_fu_557/grp_chunkProcessor_Pipeline_VITIS_LOOP_34_4_fu_193/add_ln35_fu_106_p2_carry__8_n_3
                         CARRY4 (Prop_carry4_CI_CO[3])
                                                      0.100     5.115 r  bd_0_i/hls_inst/inst/grp_chunkProcessor_fu_557/grp_chunkProcessor_Pipeline_VITIS_LOOP_34_4_fu_193/add_ln35_fu_106_p2_carry__9/CO[3]
                         net (fo=1, unplaced)         0.000     5.115    bd_0_i/hls_inst/inst/grp_chunkProcessor_fu_557/grp_chunkProcessor_Pipeline_VITIS_LOOP_34_4_fu_193/add_ln35_fu_106_p2_carry__9_n_3
                         CARRY4 (Prop_carry4_CI_CO[3])
                                                      0.100     5.215 r  bd_0_i/hls_inst/inst/grp_chunkProcessor_fu_557/grp_chunkProcessor_Pipeline_VITIS_LOOP_34_4_fu_193/add_ln35_fu_106_p2_carry__10/CO[3]
                         net (fo=1, unplaced)         0.000     5.215    bd_0_i/hls_inst/inst/grp_chunkProcessor_fu_557/grp_chunkProcessor_Pipeline_VITIS_LOOP_34_4_fu_193/add_ln35_fu_106_p2_carry__10_n_3
                         CARRY4 (Prop_carry4_CI_CO[3])
                                                      0.100     5.315 r  bd_0_i/hls_inst/inst/grp_chunkProcessor_fu_557/grp_chunkProcessor_Pipeline_VITIS_LOOP_34_4_fu_193/add_ln35_fu_106_p2_carry__11/CO[3]
                         net (fo=1, unplaced)         0.000     5.315    bd_0_i/hls_inst/inst/grp_chunkProcessor_fu_557/grp_chunkProcessor_Pipeline_VITIS_LOOP_34_4_fu_193/add_ln35_fu_106_p2_carry__11_n_3
                         CARRY4 (Prop_carry4_CI_CO[3])
                                                      0.100     5.415 r  bd_0_i/hls_inst/inst/grp_chunkProcessor_fu_557/grp_chunkProcessor_Pipeline_VITIS_LOOP_34_4_fu_193/add_ln35_fu_106_p2_carry__12/CO[3]
                         net (fo=1, unplaced)         0.000     5.415    bd_0_i/hls_inst/inst/grp_chunkProcessor_fu_557/grp_chunkProcessor_Pipeline_VITIS_LOOP_34_4_fu_193/add_ln35_fu_106_p2_carry__12_n_3
                         CARRY4 (Prop_carry4_CI_CO[3])
                                                      0.100     5.515 r  bd_0_i/hls_inst/inst/grp_chunkProcessor_fu_557/grp_chunkProcessor_Pipeline_VITIS_LOOP_34_4_fu_193/add_ln35_fu_106_p2_carry__13/CO[3]
                         net (fo=1, unplaced)         0.000     5.515    bd_0_i/hls_inst/inst/grp_chunkProcessor_fu_557/grp_chunkProcessor_Pipeline_VITIS_LOOP_34_4_fu_193/add_ln35_fu_106_p2_carry__13_n_3
                         CARRY4 (Prop_carry4_CI_O[3])
                                                      0.277     5.792 r  bd_0_i/hls_inst/inst/grp_chunkProcessor_fu_557/grp_chunkProcessor_Pipeline_VITIS_LOOP_34_4_fu_193/add_ln35_fu_106_p2_carry__14/O[3]
                         net (fo=1, unplaced)         0.399     6.191    bd_0_i/hls_inst/inst/wordsout_U/ram_reg_0_7_63_63/D
                         RAMS32                                       r  bd_0_i/hls_inst/inst/wordsout_U/ram_reg_0_7_63_63/SP/I
  -------------------------------------------------------------------    -------------------

                         (clock ap_clk rise edge)    10.000    10.000 r  
                                                      0.000    10.000 r  ap_clk (IN)
                         net (fo=4026, unset)         0.748    10.748    bd_0_i/hls_inst/inst/wordsout_U/ram_reg_0_7_63_63/WCLK
                         RAMS32                                       r  bd_0_i/hls_inst/inst/wordsout_U/ram_reg_0_7_63_63/SP/CLK
                         clock pessimism              0.000    10.748    
                         clock uncertainty           -0.035    10.712    
                         RAMS32 (Setup_rams32_CLK_I)
                                                     -0.317    10.395    bd_0_i/hls_inst/inst/wordsout_U/ram_reg_0_7_63_63/SP
  -------------------------------------------------------------------
                         required time                         10.395    
                         arrival time                          -6.191    
  -------------------------------------------------------------------
                         slack                                  4.205    





Min Delay Paths
--------------------------------------------------------------------------------------
Slack (MET) :             0.196ns  (arrival time - required time)
  Source:                 bd_0_i/hls_inst/inst/buffer_31_U/q1_reg[0]/C
                            (rising edge-triggered cell FDRE clocked by ap_clk  {rise@0.000ns fall@5.000ns period=10.000ns})
  Destination:            bd_0_i/hls_inst/inst/message_U/ram_reg_0_15_32_32/SP/I
                            (rising edge-triggered cell RAMS32 clocked by ap_clk  {rise@0.000ns fall@5.000ns period=10.000ns})
  Path Group:             ap_clk
  Path Type:              Hold (Min at Fast Process Corner)
  Requirement:            0.000ns  (ap_clk rise@0.000ns - ap_clk rise@0.000ns)
  Data Path Delay:        0.285ns  (logic 0.158ns (55.448%)  route 0.127ns (44.552%))
  Logic Levels:           0  
  Clock Path Skew:        0.021ns (DCD - SCD - CPR)
    Destination Clock Delay (DCD):    0.411ns
    Source Clock Delay      (SCD):    0.390ns
    Clock Pessimism Removal (CPR):    -0.000ns

    Location             Delay type                Incr(ns)  Path(ns)    Netlist Resource(s)
  -------------------------------------------------------------------    -------------------
                         (clock ap_clk rise edge)     0.000     0.000 r  
                                                      0.000     0.000 r  ap_clk (IN)
                         net (fo=4026, unset)         0.390     0.390    bd_0_i/hls_inst/inst/buffer_31_U/ap_clk
                         FDRE                                         r  bd_0_i/hls_inst/inst/buffer_31_U/q1_reg[0]/C
  -------------------------------------------------------------------    -------------------
                         FDRE (Prop_fdre_C_Q)         0.158     0.548 r  bd_0_i/hls_inst/inst/buffer_31_U/q1_reg[0]/Q
                         net (fo=1, unplaced)         0.127     0.675    bd_0_i/hls_inst/inst/message_U/ram_reg_0_15_32_32/D
                         RAMS32                                       r  bd_0_i/hls_inst/inst/message_U/ram_reg_0_15_32_32/SP/I
  -------------------------------------------------------------------    -------------------

                         (clock ap_clk rise edge)     0.000     0.000 r  
                                                      0.000     0.000 r  ap_clk (IN)
                         net (fo=4026, unset)         0.411     0.411    bd_0_i/hls_inst/inst/message_U/ram_reg_0_15_32_32/WCLK
                         RAMS32                                       r  bd_0_i/hls_inst/inst/message_U/ram_reg_0_15_32_32/SP/CLK
                         clock pessimism              0.000     0.411    
                         RAMS32 (Hold_rams32_CLK_I)
                                                      0.068     0.479    bd_0_i/hls_inst/inst/message_U/ram_reg_0_15_32_32/SP
  -------------------------------------------------------------------
                         required time                         -0.479    
                         arrival time                           0.675    
  -------------------------------------------------------------------
                         slack                                  0.196    





Pulse Width Checks
--------------------------------------------------------------------------------------
Clock Name:         ap_clk
Waveform(ns):       { 0.000 5.000 }
Period(ns):         10.000
Sources:            { ap_clk }

Check Type        Corner  Lib Pin             Reference Pin  Required(ns)  Actual(ns)  Slack(ns)  Location  Pin
Min Period        n/a     RAMB36E1/CLKARDCLK  n/a            2.472         10.000      7.528                bd_0_i/hls_inst/inst/grp_chunkProcessor_fu_557/wvars_U/ram_reg_0/CLKARDCLK
Low Pulse Width   Slow    RAMD32/CLK          n/a            1.130         5.000       3.870                bd_0_i/hls_inst/inst/buffer_10_U/ram_reg_0_31_0_0/DP/CLK
High Pulse Width  Slow    RAMD32/CLK          n/a            1.130         5.000       3.870                bd_0_i/hls_inst/inst/buffer_10_U/ram_reg_0_31_0_0/DP/CLK



