Copyright 1986-2022 Xilinx, Inc. All Rights Reserved. Copyright 2022-2025 Advanced Micro Devices, Inc. All Rights Reserved.
--------------------------------------------------------------------------------------------------------------------------------------------------------------------------
| Tool Version : Vivado v.2025.1 (win64) Build 6140274 Thu May 22 00:12:29 MDT 2025
| Date         : Fri Aug  1 20:28:28 2025
| Host         : DESKTOP-E57T4BO running 64-bit major release  (build 9200)
| Command      : report_methodology -file bd_0_wrapper_methodology_drc_routed.rpt -pb bd_0_wrapper_methodology_drc_routed.pb -rpx bd_0_wrapper_methodology_drc_routed.rpx
| Design       : bd_0_wrapper
| Device       : xa7s6cpga196-2I
| Speed File   : -2I
| Design State : Fully Routed
--------------------------------------------------------------------------------------------------------------------------------------------------------------------------

Report Methodology

Table of Contents
-----------------
1. REPORT SUMMARY
2. REPORT DETAILS

1. REPORT SUMMARY
-----------------
            Netlist: netlist
          Floorplan: checkpoint_bd_0_wrapper
      Design limits: <entire design considered>
             Max checks: <unlimited>
             Checks found: 521
+-----------+----------+-------------------------------+--------+
| Rule      | Severity | Description                   | Checks |
+-----------+----------+-------------------------------+--------+
| TIMING-18 | Warning  | Missing input or output delay | 521    |
+-----------+----------+-------------------------------+--------+

2. REPORT DETAILS
-----------------
TIMING-18#1 Warning
Missing input or output delay  
An input delay is missing on ap_ctrl_start relative to the rising and/or falling clock edge(s) of ap_clk.
Related violations: <none>

TIMING-18#2 Warning
Missing input or output delay  
An input delay is missing on ap_rst relative to the rising and/or falling clock edge(s) of ap_clk.
Related violations: <none>

TIMING-18#3 Warning
Missing input or output delay  
An input delay is missing on bitstream_empty_n relative to the rising and/or falling clock edge(s) of ap_clk.
Related violations: <none>

TIMING-18#4 Warning
Missing input or output delay  
An input delay is missing on bitstream_rd_data relative to the rising and/or falling clock edge(s) of ap_clk.
Related violations: <none>

TIMING-18#5 Warning
Missing input or output delay  
An input delay is missing on size[0] relative to the rising and/or falling clock edge(s) of ap_clk.
Related violations: <none>

TIMING-18#6 Warning
Missing input or output delay  
An input delay is missing on size[100] relative to the rising and/or falling clock edge(s) of ap_clk.
Related violations: <none>

TIMING-18#7 Warning
Missing input or output delay  
An input delay is missing on size[101] relative to the rising and/or falling clock edge(s) of ap_clk.
Related violations: <none>

TIMING-18#8 Warning
Missing input or output delay  
An input delay is missing on size[102] relative to the rising and/or falling clock edge(s) of ap_clk.
Related violations: <none>

TIMING-18#9 Warning
Missing input or output delay  
An input delay is missing on size[103] relative to the rising and/or falling clock edge(s) of ap_clk.
Related violations: <none>

TIMING-18#10 Warning
Missing input or output delay  
An input delay is missing on size[104] relative to the rising and/or falling clock edge(s) of ap_clk.
Related violations: <none>

TIMING-18#11 Warning
Missing input or output delay  
An input delay is missing on size[105] relative to the rising and/or falling clock edge(s) of ap_clk.
Related violations: <none>

TIMING-18#12 Warning
Missing input or output delay  
An input delay is missing on size[106] relative to the rising and/or falling clock edge(s) of ap_clk.
Related violations: <none>

TIMING-18#13 Warning
Missing input or output delay  
An input delay is missing on size[107] relative to the rising and/or falling clock edge(s) of ap_clk.
Related violations: <none>

TIMING-18#14 Warning
Missing input or output delay  
An input delay is missing on size[108] relative to the rising and/or falling clock edge(s) of ap_clk.
Related violations: <none>

TIMING-18#15 Warning
Missing input or output delay  
An input delay is missing on size[109] relative to the rising and/or falling clock edge(s) of ap_clk.
Related violations: <none>

TIMING-18#16 Warning
Missing input or output delay  
An input delay is missing on size[10] relative to the rising and/or falling clock edge(s) of ap_clk.
Related violations: <none>

TIMING-18#17 Warning
Missing input or output delay  
An input delay is missing on size[110] relative to the rising and/or falling clock edge(s) of ap_clk.
Related violations: <none>

TIMING-18#18 Warning
Missing input or output delay  
An input delay is missing on size[111] relative to the rising and/or falling clock edge(s) of ap_clk.
Related violations: <none>

TIMING-18#19 Warning
Missing input or output delay  
An input delay is missing on size[112] relative to the rising and/or falling clock edge(s) of ap_clk.
Related violations: <none>

TIMING-18#20 Warning
Missing input or output delay  
An input delay is missing on size[113] relative to the rising and/or falling clock edge(s) of ap_clk.
Related violations: <none>

TIMING-18#21 Warning
Missing input or output delay  
An input delay is missing on size[114] relative to the rising and/or falling clock edge(s) of ap_clk.
Related violations: <none>

TIMING-18#22 Warning
Missing input or output delay  
An input delay is missing on size[115] relative to the rising and/or falling clock edge(s) of ap_clk.
Related violations: <none>

TIMING-18#23 Warning
Missing input or output delay  
An input delay is missing on size[116] relative to the rising and/or falling clock edge(s) of ap_clk.
Related violations: <none>

TIMING-18#24 Warning
Missing input or output delay  
An input delay is missing on size[117] relative to the rising and/or falling clock edge(s) of ap_clk.
Related violations: <none>

TIMING-18#25 Warning
Missing input or output delay  
An input delay is missing on size[118] relative to the rising and/or falling clock edge(s) of ap_clk.
Related violations: <none>

TIMING-18#26 Warning
Missing input or output delay  
An input delay is missing on size[119] relative to the rising and/or falling clock edge(s) of ap_clk.
Related violations: <none>

TIMING-18#27 Warning
Missing input or output delay  
An input delay is missing on size[11] relative to the rising and/or falling clock edge(s) of ap_clk.
Related violations: <none>

TIMING-18#28 Warning
Missing input or output delay  
An input delay is missing on size[120] relative to the rising and/or falling clock edge(s) of ap_clk.
Related violations: <none>

TIMING-18#29 Warning
Missing input or output delay  
An input delay is missing on size[121] relative to the rising and/or falling clock edge(s) of ap_clk.
Related violations: <none>

TIMING-18#30 Warning
Missing input or output delay  
An input delay is missing on size[122] relative to the rising and/or falling clock edge(s) of ap_clk.
Related violations: <none>

TIMING-18#31 Warning
Missing input or output delay  
An input delay is missing on size[123] relative to the rising and/or falling clock edge(s) of ap_clk.
Related violations: <none>

TIMING-18#32 Warning
Missing input or output delay  
An input delay is missing on size[124] relative to the rising and/or falling clock edge(s) of ap_clk.
Related violations: <none>

TIMING-18#33 Warning
Missing input or output delay  
An input delay is missing on size[125] relative to the rising and/or falling clock edge(s) of ap_clk.
Related violations: <none>

TIMING-18#34 Warning
Missing input or output delay  
An input delay is missing on size[126] relative to the rising and/or falling clock edge(s) of ap_clk.
Related violations: <none>

TIMING-18#35 Warning
Missing input or output delay  
An input delay is missing on size[127] relative to the rising and/or falling clock edge(s) of ap_clk.
Related violations: <none>

TIMING-18#36 Warning
Missing input or output delay  
An input delay is missing on size[12] relative to the rising and/or falling clock edge(s) of ap_clk.
Related violations: <none>

TIMING-18#37 Warning
Missing input or output delay  
An input delay is missing on size[13] relative to the rising and/or falling clock edge(s) of ap_clk.
Related violations: <none>

TIMING-18#38 Warning
Missing input or output delay  
An input delay is missing on size[14] relative to the rising and/or falling clock edge(s) of ap_clk.
Related violations: <none>

TIMING-18#39 Warning
Missing input or output delay  
An input delay is missing on size[15] relative to the rising and/or falling clock edge(s) of ap_clk.
Related violations: <none>

TIMING-18#40 Warning
Missing input or output delay  
An input delay is missing on size[16] relative to the rising and/or falling clock edge(s) of ap_clk.
Related violations: <none>

TIMING-18#41 Warning
Missing input or output delay  
An input delay is missing on size[17] relative to the rising and/or falling clock edge(s) of ap_clk.
Related violations: <none>

TIMING-18#42 Warning
Missing input or output delay  
An input delay is missing on size[18] relative to the rising and/or falling clock edge(s) of ap_clk.
Related violations: <none>

TIMING-18#43 Warning
Missing input or output delay  
An input delay is missing on size[19] relative to the rising and/or falling clock edge(s) of ap_clk.
Related violations: <none>

TIMING-18#44 Warning
Missing input or output delay  
An input delay is missing on size[1] relative to the rising and/or falling clock edge(s) of ap_clk.
Related violations: <none>

TIMING-18#45 Warning
Missing input or output delay  
An input delay is missing on size[20] relative to the rising and/or falling clock edge(s) of ap_clk.
Related violations: <none>

TIMING-18#46 Warning
Missing input or output delay  
An input delay is missing on size[21] relative to the rising and/or falling clock edge(s) of ap_clk.
Related violations: <none>

TIMING-18#47 Warning
Missing input or output delay  
An input delay is missing on size[22] relative to the rising and/or falling clock edge(s) of ap_clk.
Related violations: <none>

TIMING-18#48 Warning
Missing input or output delay  
An input delay is missing on size[23] relative to the rising and/or falling clock edge(s) of ap_clk.
Related violations: <none>

TIMING-18#49 Warning
Missing input or output delay  
An input delay is missing on size[24] relative to the rising and/or falling clock edge(s) of ap_clk.
Related violations: <none>

TIMING-18#50 Warning
Missing input or output delay  
An input delay is missing on size[25] relative to the rising and/or falling clock edge(s) of ap_clk.
Related violations: <none>

TIMING-18#51 Warning
Missing input or output delay  
An input delay is missing on size[26] relative to the rising and/or falling clock edge(s) of ap_clk.
Related violations: <none>

TIMING-18#52 Warning
Missing input or output delay  
An input delay is missing on size[27] relative to the rising and/or falling clock edge(s) of ap_clk.
Related violations: <none>

TIMING-18#53 Warning
Missing input or output delay  
An input delay is missing on size[28] relative to the rising and/or falling clock edge(s) of ap_clk.
Related violations: <none>

TIMING-18#54 Warning
Missing input or output delay  
An input delay is missing on size[29] relative to the rising and/or falling clock edge(s) of ap_clk.
Related violations: <none>

TIMING-18#55 Warning
Missing input or output delay  
An input delay is missing on size[2] relative to the rising and/or falling clock edge(s) of ap_clk.
Related violations: <none>

TIMING-18#56 Warning
Missing input or output delay  
An input delay is missing on size[30] relative to the rising and/or falling clock edge(s) of ap_clk.
Related violations: <none>

TIMING-18#57 Warning
Missing input or output delay  
An input delay is missing on size[31] relative to the rising and/or falling clock edge(s) of ap_clk.
Related violations: <none>

TIMING-18#58 Warning
Missing input or output delay  
An input delay is missing on size[32] relative to the rising and/or falling clock edge(s) of ap_clk.
Related violations: <none>

TIMING-18#59 Warning
Missing input or output delay  
An input delay is missing on size[33] relative to the rising and/or falling clock edge(s) of ap_clk.
Related violations: <none>

TIMING-18#60 Warning
Missing input or output delay  
An input delay is missing on size[34] relative to the rising and/or falling clock edge(s) of ap_clk.
Related violations: <none>

TIMING-18#61 Warning
Missing input or output delay  
An input delay is missing on size[35] relative to the rising and/or falling clock edge(s) of ap_clk.
Related violations: <none>

TIMING-18#62 Warning
Missing input or output delay  
An input delay is missing on size[36] relative to the rising and/or falling clock edge(s) of ap_clk.
Related violations: <none>

TIMING-18#63 Warning
Missing input or output delay  
An input delay is missing on size[37] relative to the rising and/or falling clock edge(s) of ap_clk.
Related violations: <none>

TIMING-18#64 Warning
Missing input or output delay  
An input delay is missing on size[38] relative to the rising and/or falling clock edge(s) of ap_clk.
Related violations: <none>

TIMING-18#65 Warning
Missing input or output delay  
An input delay is missing on size[39] relative to the rising and/or falling clock edge(s) of ap_clk.
Related violations: <none>

TIMING-18#66 Warning
Missing input or output delay  
An input delay is missing on size[3] relative to the rising and/or falling clock edge(s) of ap_clk.
Related violations: <none>

TIMING-18#67 Warning
Missing input or output delay  
An input delay is missing on size[40] relative to the rising and/or falling clock edge(s) of ap_clk.
Related violations: <none>

TIMING-18#68 Warning
Missing input or output delay  
An input delay is missing on size[41] relative to the rising and/or falling clock edge(s) of ap_clk.
Related violations: <none>

TIMING-18#69 Warning
Missing input or output delay  
An input delay is missing on size[42] relative to the rising and/or falling clock edge(s) of ap_clk.
Related violations: <none>

TIMING-18#70 Warning
Missing input or output delay  
An input delay is missing on size[43] relative to the rising and/or falling clock edge(s) of ap_clk.
Related violations: <none>

TIMING-18#71 Warning
Missing input or output delay  
An input delay is missing on size[44] relative to the rising and/or falling clock edge(s) of ap_clk.
Related violations: <none>

TIMING-18#72 Warning
Missing input or output delay  
An input delay is missing on size[45] relative to the rising and/or falling clock edge(s) of ap_clk.
Related violations: <none>

TIMING-18#73 Warning
Missing input or output delay  
An input delay is missing on size[46] relative to the rising and/or falling clock edge(s) of ap_clk.
Related violations: <none>

TIMING-18#74 Warning
Missing input or output delay  
An input delay is missing on size[47] relative to the rising and/or falling clock edge(s) of ap_clk.
Related violations: <none>

TIMING-18#75 Warning
Missing input or output delay  
An input delay is missing on size[48] relative to the rising and/or falling clock edge(s) of ap_clk.
Related violations: <none>

TIMING-18#76 Warning
Missing input or output delay  
An input delay is missing on size[49] relative to the rising and/or falling clock edge(s) of ap_clk.
Related violations: <none>

TIMING-18#77 Warning
Missing input or output delay  
An input delay is missing on size[4] relative to the rising and/or falling clock edge(s) of ap_clk.
Related violations: <none>

TIMING-18#78 Warning
Missing input or output delay  
An input delay is missing on size[50] relative to the rising and/or falling clock edge(s) of ap_clk.
Related violations: <none>

TIMING-18#79 Warning
Missing input or output delay  
An input delay is missing on size[51] relative to the rising and/or falling clock edge(s) of ap_clk.
Related violations: <none>

TIMING-18#80 Warning
Missing input or output delay  
An input delay is missing on size[52] relative to the rising and/or falling clock edge(s) of ap_clk.
Related violations: <none>

TIMING-18#81 Warning
Missing input or output delay  
An input delay is missing on size[53] relative to the rising and/or falling clock edge(s) of ap_clk.
Related violations: <none>

TIMING-18#82 Warning
Missing input or output delay  
An input delay is missing on size[54] relative to the rising and/or falling clock edge(s) of ap_clk.
Related violations: <none>

TIMING-18#83 Warning
Missing input or output delay  
An input delay is missing on size[55] relative to the rising and/or falling clock edge(s) of ap_clk.
Related violations: <none>

TIMING-18#84 Warning
Missing input or output delay  
An input delay is missing on size[56] relative to the rising and/or falling clock edge(s) of ap_clk.
Related violations: <none>

TIMING-18#85 Warning
Missing input or output delay  
An input delay is missing on size[57] relative to the rising and/or falling clock edge(s) of ap_clk.
Related violations: <none>

TIMING-18#86 Warning
Missing input or output delay  
An input delay is missing on size[58] relative to the rising and/or falling clock edge(s) of ap_clk.
Related violations: <none>

TIMING-18#87 Warning
Missing input or output delay  
An input delay is missing on size[59] relative to the rising and/or falling clock edge(s) of ap_clk.
Related violations: <none>

TIMING-18#88 Warning
Missing input or output delay  
An input delay is missing on size[5] relative to the rising and/or falling clock edge(s) of ap_clk.
Related violations: <none>

TIMING-18#89 Warning
Missing input or output delay  
An input delay is missing on size[60] relative to the rising and/or falling clock edge(s) of ap_clk.
Related violations: <none>

TIMING-18#90 Warning
Missing input or output delay  
An input delay is missing on size[61] relative to the rising and/or falling clock edge(s) of ap_clk.
Related violations: <none>

TIMING-18#91 Warning
Missing input or output delay  
An input delay is missing on size[62] relative to the rising and/or falling clock edge(s) of ap_clk.
Related violations: <none>

TIMING-18#92 Warning
Missing input or output delay  
An input delay is missing on size[63] relative to the rising and/or falling clock edge(s) of ap_clk.
Related violations: <none>

TIMING-18#93 Warning
Missing input or output delay  
An input delay is missing on size[64] relative to the rising and/or falling clock edge(s) of ap_clk.
Related violations: <none>

TIMING-18#94 Warning
Missing input or output delay  
An input delay is missing on size[65] relative to the rising and/or falling clock edge(s) of ap_clk.
Related violations: <none>

TIMING-18#95 Warning
Missing input or output delay  
An input delay is missing on size[66] relative to the rising and/or falling clock edge(s) of ap_clk.
Related violations: <none>

TIMING-18#96 Warning
Missing input or output delay  
An input delay is missing on size[67] relative to the rising and/or falling clock edge(s) of ap_clk.
Related violations: <none>

TIMING-18#97 Warning
Missing input or output delay  
An input delay is missing on size[68] relative to the rising and/or falling clock edge(s) of ap_clk.
Related violations: <none>

TIMING-18#98 Warning
Missing input or output delay  
An input delay is missing on size[69] relative to the rising and/or falling clock edge(s) of ap_clk.
Related violations: <none>

TIMING-18#99 Warning
Missing input or output delay  
An input delay is missing on size[6] relative to the rising and/or falling clock edge(s) of ap_clk.
Related violations: <none>

TIMING-18#100 Warning
Missing input or output delay  
An input delay is missing on size[70] relative to the rising and/or falling clock edge(s) of ap_clk.
Related violations: <none>

TIMING-18#101 Warning
Missing input or output delay  
An input delay is missing on size[71] relative to the rising and/or falling clock edge(s) of ap_clk.
Related violations: <none>

TIMING-18#102 Warning
Missing input or output delay  
An input delay is missing on size[72] relative to the rising and/or falling clock edge(s) of ap_clk.
Related violations: <none>

TIMING-18#103 Warning
Missing input or output delay  
An input delay is missing on size[73] relative to the rising and/or falling clock edge(s) of ap_clk.
Related violations: <none>

TIMING-18#104 Warning
Missing input or output delay  
An input delay is missing on size[74] relative to the rising and/or falling clock edge(s) of ap_clk.
Related violations: <none>

TIMING-18#105 Warning
Missing input or output delay  
An input delay is missing on size[75] relative to the rising and/or falling clock edge(s) of ap_clk.
Related violations: <none>

TIMING-18#106 Warning
Missing input or output delay  
An input delay is missing on size[76] relative to the rising and/or falling clock edge(s) of ap_clk.
Related violations: <none>

TIMING-18#107 Warning
Missing input or output delay  
An input delay is missing on size[77] relative to the rising and/or falling clock edge(s) of ap_clk.
Related violations: <none>

TIMING-18#108 Warning
Missing input or output delay  
An input delay is missing on size[78] relative to the rising and/or falling clock edge(s) of ap_clk.
Related violations: <none>

TIMING-18#109 Warning
Missing input or output delay  
An input delay is missing on size[79] relative to the rising and/or falling clock edge(s) of ap_clk.
Related violations: <none>

TIMING-18#110 Warning
Missing input or output delay  
An input delay is missing on size[7] relative to the rising and/or falling clock edge(s) of ap_clk.
Related violations: <none>

TIMING-18#111 Warning
Missing input or output delay  
An input delay is missing on size[80] relative to the rising and/or falling clock edge(s) of ap_clk.
Related violations: <none>

TIMING-18#112 Warning
Missing input or output delay  
An input delay is missing on size[81] relative to the rising and/or falling clock edge(s) of ap_clk.
Related violations: <none>

TIMING-18#113 Warning
Missing input or output delay  
An input delay is missing on size[82] relative to the rising and/or falling clock edge(s) of ap_clk.
Related violations: <none>

TIMING-18#114 Warning
Missing input or output delay  
An input delay is missing on size[83] relative to the rising and/or falling clock edge(s) of ap_clk.
Related violations: <none>

TIMING-18#115 Warning
Missing input or output delay  
An input delay is missing on size[84] relative to the rising and/or falling clock edge(s) of ap_clk.
Related violations: <none>

TIMING-18#116 Warning
Missing input or output delay  
An input delay is missing on size[85] relative to the rising and/or falling clock edge(s) of ap_clk.
Related violations: <none>

TIMING-18#117 Warning
Missing input or output delay  
An input delay is missing on size[86] relative to the rising and/or falling clock edge(s) of ap_clk.
Related violations: <none>

TIMING-18#118 Warning
Missing input or output delay  
An input delay is missing on size[87] relative to the rising and/or falling clock edge(s) of ap_clk.
Related violations: <none>

TIMING-18#119 Warning
Missing input or output delay  
An input delay is missing on size[88] relative to the rising and/or falling clock edge(s) of ap_clk.
Related violations: <none>

TIMING-18#120 Warning
Missing input or output delay  
An input delay is missing on size[89] relative to the rising and/or falling clock edge(s) of ap_clk.
Related violations: <none>

TIMING-18#121 Warning
Missing input or output delay  
An input delay is missing on size[8] relative to the rising and/or falling clock edge(s) of ap_clk.
Related violations: <none>

TIMING-18#122 Warning
Missing input or output delay  
An input delay is missing on size[90] relative to the rising and/or falling clock edge(s) of ap_clk.
Related violations: <none>

TIMING-18#123 Warning
Missing input or output delay  
An input delay is missing on size[91] relative to the rising and/or falling clock edge(s) of ap_clk.
Related violations: <none>

TIMING-18#124 Warning
Missing input or output delay  
An input delay is missing on size[92] relative to the rising and/or falling clock edge(s) of ap_clk.
Related violations: <none>

TIMING-18#125 Warning
Missing input or output delay  
An input delay is missing on size[93] relative to the rising and/or falling clock edge(s) of ap_clk.
Related violations: <none>

TIMING-18#126 Warning
Missing input or output delay  
An input delay is missing on size[94] relative to the rising and/or falling clock edge(s) of ap_clk.
Related violations: <none>

TIMING-18#127 Warning
Missing input or output delay  
An input delay is missing on size[95] relative to the rising and/or falling clock edge(s) of ap_clk.
Related violations: <none>

TIMING-18#128 Warning
Missing input or output delay  
An input delay is missing on size[96] relative to the rising and/or falling clock edge(s) of ap_clk.
Related violations: <none>

TIMING-18#129 Warning
Missing input or output delay  
An input delay is missing on size[97] relative to the rising and/or falling clock edge(s) of ap_clk.
Related violations: <none>

TIMING-18#130 Warning
Missing input or output delay  
An input delay is missing on size[98] relative to the rising and/or falling clock edge(s) of ap_clk.
Related violations: <none>

TIMING-18#131 Warning
Missing input or output delay  
An input delay is missing on size[99] relative to the rising and/or falling clock edge(s) of ap_clk.
Related violations: <none>

TIMING-18#132 Warning
Missing input or output delay  
An input delay is missing on size[9] relative to the rising and/or falling clock edge(s) of ap_clk.
Related violations: <none>

TIMING-18#133 Warning
Missing input or output delay  
An output delay is missing on ap_ctrl_done relative to the rising and/or falling clock edge(s) of ap_clk.
Related violations: <none>

TIMING-18#134 Warning
Missing input or output delay  
An output delay is missing on ap_ctrl_idle relative to the rising and/or falling clock edge(s) of ap_clk.
Related violations: <none>

TIMING-18#135 Warning
Missing input or output delay  
An output delay is missing on ap_ctrl_ready relative to the rising and/or falling clock edge(s) of ap_clk.
Related violations: <none>

TIMING-18#136 Warning
Missing input or output delay  
An output delay is missing on bitstream_rd_en relative to the rising and/or falling clock edge(s) of ap_clk.
Related violations: <none>

TIMING-18#137 Warning
Missing input or output delay  
An output delay is missing on output_r[0] relative to the rising and/or falling clock edge(s) of ap_clk.
Related violations: <none>

TIMING-18#138 Warning
Missing input or output delay  
An output delay is missing on output_r[100] relative to the rising and/or falling clock edge(s) of ap_clk.
Related violations: <none>

TIMING-18#139 Warning
Missing input or output delay  
An output delay is missing on output_r[101] relative to the rising and/or falling clock edge(s) of ap_clk.
Related violations: <none>

TIMING-18#140 Warning
Missing input or output delay  
An output delay is missing on output_r[102] relative to the rising and/or falling clock edge(s) of ap_clk.
Related violations: <none>

TIMING-18#141 Warning
Missing input or output delay  
An output delay is missing on output_r[103] relative to the rising and/or falling clock edge(s) of ap_clk.
Related violations: <none>

TIMING-18#142 Warning
Missing input or output delay  
An output delay is missing on output_r[104] relative to the rising and/or falling clock edge(s) of ap_clk.
Related violations: <none>

TIMING-18#143 Warning
Missing input or output delay  
An output delay is missing on output_r[105] relative to the rising and/or falling clock edge(s) of ap_clk.
Related violations: <none>

TIMING-18#144 Warning
Missing input or output delay  
An output delay is missing on output_r[106] relative to the rising and/or falling clock edge(s) of ap_clk.
Related violations: <none>

TIMING-18#145 Warning
Missing input or output delay  
An output delay is missing on output_r[107] relative to the rising and/or falling clock edge(s) of ap_clk.
Related violations: <none>

TIMING-18#146 Warning
Missing input or output delay  
An output delay is missing on output_r[108] relative to the rising and/or falling clock edge(s) of ap_clk.
Related violations: <none>

TIMING-18#147 Warning
Missing input or output delay  
An output delay is missing on output_r[109] relative to the rising and/or falling clock edge(s) of ap_clk.
Related violations: <none>

TIMING-18#148 Warning
Missing input or output delay  
An output delay is missing on output_r[10] relative to the rising and/or falling clock edge(s) of ap_clk.
Related violations: <none>

TIMING-18#149 Warning
Missing input or output delay  
An output delay is missing on output_r[110] relative to the rising and/or falling clock edge(s) of ap_clk.
Related violations: <none>

TIMING-18#150 Warning
Missing input or output delay  
An output delay is missing on output_r[111] relative to the rising and/or falling clock edge(s) of ap_clk.
Related violations: <none>

TIMING-18#151 Warning
Missing input or output delay  
An output delay is missing on output_r[112] relative to the rising and/or falling clock edge(s) of ap_clk.
Related violations: <none>

TIMING-18#152 Warning
Missing input or output delay  
An output delay is missing on output_r[113] relative to the rising and/or falling clock edge(s) of ap_clk.
Related violations: <none>

TIMING-18#153 Warning
Missing input or output delay  
An output delay is missing on output_r[114] relative to the rising and/or falling clock edge(s) of ap_clk.
Related violations: <none>

TIMING-18#154 Warning
Missing input or output delay  
An output delay is missing on output_r[115] relative to the rising and/or falling clock edge(s) of ap_clk.
Related violations: <none>

TIMING-18#155 Warning
Missing input or output delay  
An output delay is missing on output_r[116] relative to the rising and/or falling clock edge(s) of ap_clk.
Related violations: <none>

TIMING-18#156 Warning
Missing input or output delay  
An output delay is missing on output_r[117] relative to the rising and/or falling clock edge(s) of ap_clk.
Related violations: <none>

TIMING-18#157 Warning
Missing input or output delay  
An output delay is missing on output_r[118] relative to the rising and/or falling clock edge(s) of ap_clk.
Related violations: <none>

TIMING-18#158 Warning
Missing input or output delay  
An output delay is missing on output_r[119] relative to the rising and/or falling clock edge(s) of ap_clk.
Related violations: <none>

TIMING-18#159 Warning
Missing input or output delay  
An output delay is missing on output_r[11] relative to the rising and/or falling clock edge(s) of ap_clk.
Related violations: <none>

TIMING-18#160 Warning
Missing input or output delay  
An output delay is missing on output_r[120] relative to the rising and/or falling clock edge(s) of ap_clk.
Related violations: <none>

TIMING-18#161 Warning
Missing input or output delay  
An output delay is missing on output_r[121] relative to the rising and/or falling clock edge(s) of ap_clk.
Related violations: <none>

TIMING-18#162 Warning
Missing input or output delay  
An output delay is missing on output_r[122] relative to the rising and/or falling clock edge(s) of ap_clk.
Related violations: <none>

TIMING-18#163 Warning
Missing input or output delay  
An output delay is missing on output_r[123] relative to the rising and/or falling clock edge(s) of ap_clk.
Related violations: <none>

TIMING-18#164 Warning
Missing input or output delay  
An output delay is missing on output_r[124] relative to the rising and/or falling clock edge(s) of ap_clk.
Related violations: <none>

TIMING-18#165 Warning
Missing input or output delay  
An output delay is missing on output_r[125] relative to the rising and/or falling clock edge(s) of ap_clk.
Related violations: <none>

TIMING-18#166 Warning
Missing input or output delay  
An output delay is missing on output_r[126] relative to the rising and/or falling clock edge(s) of ap_clk.
Related violations: <none>

TIMING-18#167 Warning
Missing input or output delay  
An output delay is missing on output_r[127] relative to the rising and/or falling clock edge(s) of ap_clk.
Related violations: <none>

TIMING-18#168 Warning
Missing input or output delay  
An output delay is missing on output_r[128] relative to the rising and/or falling clock edge(s) of ap_clk.
Related violations: <none>

TIMING-18#169 Warning
Missing input or output delay  
An output delay is missing on output_r[129] relative to the rising and/or falling clock edge(s) of ap_clk.
Related violations: <none>

TIMING-18#170 Warning
Missing input or output delay  
An output delay is missing on output_r[12] relative to the rising and/or falling clock edge(s) of ap_clk.
Related violations: <none>

TIMING-18#171 Warning
Missing input or output delay  
An output delay is missing on output_r[130] relative to the rising and/or falling clock edge(s) of ap_clk.
Related violations: <none>

TIMING-18#172 Warning
Missing input or output delay  
An output delay is missing on output_r[131] relative to the rising and/or falling clock edge(s) of ap_clk.
Related violations: <none>

TIMING-18#173 Warning
Missing input or output delay  
An output delay is missing on output_r[132] relative to the rising and/or falling clock edge(s) of ap_clk.
Related violations: <none>

TIMING-18#174 Warning
Missing input or output delay  
An output delay is missing on output_r[133] relative to the rising and/or falling clock edge(s) of ap_clk.
Related violations: <none>

TIMING-18#175 Warning
Missing input or output delay  
An output delay is missing on output_r[134] relative to the rising and/or falling clock edge(s) of ap_clk.
Related violations: <none>

TIMING-18#176 Warning
Missing input or output delay  
An output delay is missing on output_r[135] relative to the rising and/or falling clock edge(s) of ap_clk.
Related violations: <none>

TIMING-18#177 Warning
Missing input or output delay  
An output delay is missing on output_r[136] relative to the rising and/or falling clock edge(s) of ap_clk.
Related violations: <none>

TIMING-18#178 Warning
Missing input or output delay  
An output delay is missing on output_r[137] relative to the rising and/or falling clock edge(s) of ap_clk.
Related violations: <none>

TIMING-18#179 Warning
Missing input or output delay  
An output delay is missing on output_r[138] relative to the rising and/or falling clock edge(s) of ap_clk.
Related violations: <none>

TIMING-18#180 Warning
Missing input or output delay  
An output delay is missing on output_r[139] relative to the rising and/or falling clock edge(s) of ap_clk.
Related violations: <none>

TIMING-18#181 Warning
Missing input or output delay  
An output delay is missing on output_r[13] relative to the rising and/or falling clock edge(s) of ap_clk.
Related violations: <none>

TIMING-18#182 Warning
Missing input or output delay  
An output delay is missing on output_r[140] relative to the rising and/or falling clock edge(s) of ap_clk.
Related violations: <none>

TIMING-18#183 Warning
Missing input or output delay  
An output delay is missing on output_r[141] relative to the rising and/or falling clock edge(s) of ap_clk.
Related violations: <none>

TIMING-18#184 Warning
Missing input or output delay  
An output delay is missing on output_r[142] relative to the rising and/or falling clock edge(s) of ap_clk.
Related violations: <none>

TIMING-18#185 Warning
Missing input or output delay  
An output delay is missing on output_r[143] relative to the rising and/or falling clock edge(s) of ap_clk.
Related violations: <none>

TIMING-18#186 Warning
Missing input or output delay  
An output delay is missing on output_r[144] relative to the rising and/or falling clock edge(s) of ap_clk.
Related violations: <none>

TIMING-18#187 Warning
Missing input or output delay  
An output delay is missing on output_r[145] relative to the rising and/or falling clock edge(s) of ap_clk.
Related violations: <none>

TIMING-18#188 Warning
Missing input or output delay  
An output delay is missing on output_r[146] relative to the rising and/or falling clock edge(s) of ap_clk.
Related violations: <none>

TIMING-18#189 Warning
Missing input or output delay  
An output delay is missing on output_r[147] relative to the rising and/or falling clock edge(s) of ap_clk.
Related violations: <none>

TIMING-18#190 Warning
Missing input or output delay  
An output delay is missing on output_r[148] relative to the rising and/or falling clock edge(s) of ap_clk.
Related violations: <none>

TIMING-18#191 Warning
Missing input or output delay  
An output delay is missing on output_r[149] relative to the rising and/or falling clock edge(s) of ap_clk.
Related violations: <none>

TIMING-18#192 Warning
Missing input or output delay  
An output delay is missing on output_r[14] relative to the rising and/or falling clock edge(s) of ap_clk.
Related violations: <none>

TIMING-18#193 Warning
Missing input or output delay  
An output delay is missing on output_r[150] relative to the rising and/or falling clock edge(s) of ap_clk.
Related violations: <none>

TIMING-18#194 Warning
Missing input or output delay  
An output delay is missing on output_r[151] relative to the rising and/or falling clock edge(s) of ap_clk.
Related violations: <none>

TIMING-18#195 Warning
Missing input or output delay  
An output delay is missing on output_r[152] relative to the rising and/or falling clock edge(s) of ap_clk.
Related violations: <none>

TIMING-18#196 Warning
Missing input or output delay  
An output delay is missing on output_r[153] relative to the rising and/or falling clock edge(s) of ap_clk.
Related violations: <none>

TIMING-18#197 Warning
Missing input or output delay  
An output delay is missing on output_r[154] relative to the rising and/or falling clock edge(s) of ap_clk.
Related violations: <none>

TIMING-18#198 Warning
Missing input or output delay  
An output delay is missing on output_r[155] relative to the rising and/or falling clock edge(s) of ap_clk.
Related violations: <none>

TIMING-18#199 Warning
Missing input or output delay  
An output delay is missing on output_r[156] relative to the rising and/or falling clock edge(s) of ap_clk.
Related violations: <none>

TIMING-18#200 Warning
Missing input or output delay  
An output delay is missing on output_r[157] relative to the rising and/or falling clock edge(s) of ap_clk.
Related violations: <none>

TIMING-18#201 Warning
Missing input or output delay  
An output delay is missing on output_r[158] relative to the rising and/or falling clock edge(s) of ap_clk.
Related violations: <none>

TIMING-18#202 Warning
Missing input or output delay  
An output delay is missing on output_r[159] relative to the rising and/or falling clock edge(s) of ap_clk.
Related violations: <none>

TIMING-18#203 Warning
Missing input or output delay  
An output delay is missing on output_r[15] relative to the rising and/or falling clock edge(s) of ap_clk.
Related violations: <none>

TIMING-18#204 Warning
Missing input or output delay  
An output delay is missing on output_r[160] relative to the rising and/or falling clock edge(s) of ap_clk.
Related violations: <none>

TIMING-18#205 Warning
Missing input or output delay  
An output delay is missing on output_r[161] relative to the rising and/or falling clock edge(s) of ap_clk.
Related violations: <none>

TIMING-18#206 Warning
Missing input or output delay  
An output delay is missing on output_r[162] relative to the rising and/or falling clock edge(s) of ap_clk.
Related violations: <none>

TIMING-18#207 Warning
Missing input or output delay  
An output delay is missing on output_r[163] relative to the rising and/or falling clock edge(s) of ap_clk.
Related violations: <none>

TIMING-18#208 Warning
Missing input or output delay  
An output delay is missing on output_r[164] relative to the rising and/or falling clock edge(s) of ap_clk.
Related violations: <none>

TIMING-18#209 Warning
Missing input or output delay  
An output delay is missing on output_r[165] relative to the rising and/or falling clock edge(s) of ap_clk.
Related violations: <none>

TIMING-18#210 Warning
Missing input or output delay  
An output delay is missing on output_r[166] relative to the rising and/or falling clock edge(s) of ap_clk.
Related violations: <none>

TIMING-18#211 Warning
Missing input or output delay  
An output delay is missing on output_r[167] relative to the rising and/or falling clock edge(s) of ap_clk.
Related violations: <none>

TIMING-18#212 Warning
Missing input or output delay  
An output delay is missing on output_r[168] relative to the rising and/or falling clock edge(s) of ap_clk.
Related violations: <none>

TIMING-18#213 Warning
Missing input or output delay  
An output delay is missing on output_r[169] relative to the rising and/or falling clock edge(s) of ap_clk.
Related violations: <none>

TIMING-18#214 Warning
Missing input or output delay  
An output delay is missing on output_r[16] relative to the rising and/or falling clock edge(s) of ap_clk.
Related violations: <none>

TIMING-18#215 Warning
Missing input or output delay  
An output delay is missing on output_r[170] relative to the rising and/or falling clock edge(s) of ap_clk.
Related violations: <none>

TIMING-18#216 Warning
Missing input or output delay  
An output delay is missing on output_r[171] relative to the rising and/or falling clock edge(s) of ap_clk.
Related violations: <none>

TIMING-18#217 Warning
Missing input or output delay  
An output delay is missing on output_r[172] relative to the rising and/or falling clock edge(s) of ap_clk.
Related violations: <none>

TIMING-18#218 Warning
Missing input or output delay  
An output delay is missing on output_r[173] relative to the rising and/or falling clock edge(s) of ap_clk.
Related violations: <none>

TIMING-18#219 Warning
Missing input or output delay  
An output delay is missing on output_r[174] relative to the rising and/or falling clock edge(s) of ap_clk.
Related violations: <none>

TIMING-18#220 Warning
Missing input or output delay  
An output delay is missing on output_r[175] relative to the rising and/or falling clock edge(s) of ap_clk.
Related violations: <none>

TIMING-18#221 Warning
Missing input or output delay  
An output delay is missing on output_r[176] relative to the rising and/or falling clock edge(s) of ap_clk.
Related violations: <none>

TIMING-18#222 Warning
Missing input or output delay  
An output delay is missing on output_r[177] relative to the rising and/or falling clock edge(s) of ap_clk.
Related violations: <none>

TIMING-18#223 Warning
Missing input or output delay  
An output delay is missing on output_r[178] relative to the rising and/or falling clock edge(s) of ap_clk.
Related violations: <none>

TIMING-18#224 Warning
Missing input or output delay  
An output delay is missing on output_r[179] relative to the rising and/or falling clock edge(s) of ap_clk.
Related violations: <none>

TIMING-18#225 Warning
Missing input or output delay  
An output delay is missing on output_r[17] relative to the rising and/or falling clock edge(s) of ap_clk.
Related violations: <none>

TIMING-18#226 Warning
Missing input or output delay  
An output delay is missing on output_r[180] relative to the rising and/or falling clock edge(s) of ap_clk.
Related violations: <none>

TIMING-18#227 Warning
Missing input or output delay  
An output delay is missing on output_r[181] relative to the rising and/or falling clock edge(s) of ap_clk.
Related violations: <none>

TIMING-18#228 Warning
Missing input or output delay  
An output delay is missing on output_r[182] relative to the rising and/or falling clock edge(s) of ap_clk.
Related violations: <none>

TIMING-18#229 Warning
Missing input or output delay  
An output delay is missing on output_r[183] relative to the rising and/or falling clock edge(s) of ap_clk.
Related violations: <none>

TIMING-18#230 Warning
Missing input or output delay  
An output delay is missing on output_r[184] relative to the rising and/or falling clock edge(s) of ap_clk.
Related violations: <none>

TIMING-18#231 Warning
Missing input or output delay  
An output delay is missing on output_r[185] relative to the rising and/or falling clock edge(s) of ap_clk.
Related violations: <none>

TIMING-18#232 Warning
Missing input or output delay  
An output delay is missing on output_r[186] relative to the rising and/or falling clock edge(s) of ap_clk.
Related violations: <none>

TIMING-18#233 Warning
Missing input or output delay  
An output delay is missing on output_r[187] relative to the rising and/or falling clock edge(s) of ap_clk.
Related violations: <none>

TIMING-18#234 Warning
Missing input or output delay  
An output delay is missing on output_r[188] relative to the rising and/or falling clock edge(s) of ap_clk.
Related violations: <none>

TIMING-18#235 Warning
Missing input or output delay  
An output delay is missing on output_r[189] relative to the rising and/or falling clock edge(s) of ap_clk.
Related violations: <none>

TIMING-18#236 Warning
Missing input or output delay  
An output delay is missing on output_r[18] relative to the rising and/or falling clock edge(s) of ap_clk.
Related violations: <none>

TIMING-18#237 Warning
Missing input or output delay  
An output delay is missing on output_r[190] relative to the rising and/or falling clock edge(s) of ap_clk.
Related violations: <none>

TIMING-18#238 Warning
Missing input or output delay  
An output delay is missing on output_r[191] relative to the rising and/or falling clock edge(s) of ap_clk.
Related violations: <none>

TIMING-18#239 Warning
Missing input or output delay  
An output delay is missing on output_r[192] relative to the rising and/or falling clock edge(s) of ap_clk.
Related violations: <none>

TIMING-18#240 Warning
Missing input or output delay  
An output delay is missing on output_r[193] relative to the rising and/or falling clock edge(s) of ap_clk.
Related violations: <none>

TIMING-18#241 Warning
Missing input or output delay  
An output delay is missing on output_r[194] relative to the rising and/or falling clock edge(s) of ap_clk.
Related violations: <none>

TIMING-18#242 Warning
Missing input or output delay  
An output delay is missing on output_r[195] relative to the rising and/or falling clock edge(s) of ap_clk.
Related violations: <none>

TIMING-18#243 Warning
Missing input or output delay  
An output delay is missing on output_r[196] relative to the rising and/or falling clock edge(s) of ap_clk.
Related violations: <none>

TIMING-18#244 Warning
Missing input or output delay  
An output delay is missing on output_r[197] relative to the rising and/or falling clock edge(s) of ap_clk.
Related violations: <none>

TIMING-18#245 Warning
Missing input or output delay  
An output delay is missing on output_r[198] relative to the rising and/or falling clock edge(s) of ap_clk.
Related violations: <none>

TIMING-18#246 Warning
Missing input or output delay  
An output delay is missing on output_r[199] relative to the rising and/or falling clock edge(s) of ap_clk.
Related violations: <none>

TIMING-18#247 Warning
Missing input or output delay  
An output delay is missing on output_r[19] relative to the rising and/or falling clock edge(s) of ap_clk.
Related violations: <none>

TIMING-18#248 Warning
Missing input or output delay  
An output delay is missing on output_r[1] relative to the rising and/or falling clock edge(s) of ap_clk.
Related violations: <none>

TIMING-18#249 Warning
Missing input or output delay  
An output delay is missing on output_r[200] relative to the rising and/or falling clock edge(s) of ap_clk.
Related violations: <none>

TIMING-18#250 Warning
Missing input or output delay  
An output delay is missing on output_r[201] relative to the rising and/or falling clock edge(s) of ap_clk.
Related violations: <none>

TIMING-18#251 Warning
Missing input or output delay  
An output delay is missing on output_r[202] relative to the rising and/or falling clock edge(s) of ap_clk.
Related violations: <none>

TIMING-18#252 Warning
Missing input or output delay  
An output delay is missing on output_r[203] relative to the rising and/or falling clock edge(s) of ap_clk.
Related violations: <none>

TIMING-18#253 Warning
Missing input or output delay  
An output delay is missing on output_r[204] relative to the rising and/or falling clock edge(s) of ap_clk.
Related violations: <none>

TIMING-18#254 Warning
Missing input or output delay  
An output delay is missing on output_r[205] relative to the rising and/or falling clock edge(s) of ap_clk.
Related violations: <none>

TIMING-18#255 Warning
Missing input or output delay  
An output delay is missing on output_r[206] relative to the rising and/or falling clock edge(s) of ap_clk.
Related violations: <none>

TIMING-18#256 Warning
Missing input or output delay  
An output delay is missing on output_r[207] relative to the rising and/or falling clock edge(s) of ap_clk.
Related violations: <none>

TIMING-18#257 Warning
Missing input or output delay  
An output delay is missing on output_r[208] relative to the rising and/or falling clock edge(s) of ap_clk.
Related violations: <none>

TIMING-18#258 Warning
Missing input or output delay  
An output delay is missing on output_r[209] relative to the rising and/or falling clock edge(s) of ap_clk.
Related violations: <none>

TIMING-18#259 Warning
Missing input or output delay  
An output delay is missing on output_r[20] relative to the rising and/or falling clock edge(s) of ap_clk.
Related violations: <none>

TIMING-18#260 Warning
Missing input or output delay  
An output delay is missing on output_r[210] relative to the rising and/or falling clock edge(s) of ap_clk.
Related violations: <none>

TIMING-18#261 Warning
Missing input or output delay  
An output delay is missing on output_r[211] relative to the rising and/or falling clock edge(s) of ap_clk.
Related violations: <none>

TIMING-18#262 Warning
Missing input or output delay  
An output delay is missing on output_r[212] relative to the rising and/or falling clock edge(s) of ap_clk.
Related violations: <none>

TIMING-18#263 Warning
Missing input or output delay  
An output delay is missing on output_r[213] relative to the rising and/or falling clock edge(s) of ap_clk.
Related violations: <none>

TIMING-18#264 Warning
Missing input or output delay  
An output delay is missing on output_r[214] relative to the rising and/or falling clock edge(s) of ap_clk.
Related violations: <none>

TIMING-18#265 Warning
Missing input or output delay  
An output delay is missing on output_r[215] relative to the rising and/or falling clock edge(s) of ap_clk.
Related violations: <none>

TIMING-18#266 Warning
Missing input or output delay  
An output delay is missing on output_r[216] relative to the rising and/or falling clock edge(s) of ap_clk.
Related violations: <none>

TIMING-18#267 Warning
Missing input or output delay  
An output delay is missing on output_r[217] relative to the rising and/or falling clock edge(s) of ap_clk.
Related violations: <none>

TIMING-18#268 Warning
Missing input or output delay  
An output delay is missing on output_r[218] relative to the rising and/or falling clock edge(s) of ap_clk.
Related violations: <none>

TIMING-18#269 Warning
Missing input or output delay  
An output delay is missing on output_r[219] relative to the rising and/or falling clock edge(s) of ap_clk.
Related violations: <none>

TIMING-18#270 Warning
Missing input or output delay  
An output delay is missing on output_r[21] relative to the rising and/or falling clock edge(s) of ap_clk.
Related violations: <none>

TIMING-18#271 Warning
Missing input or output delay  
An output delay is missing on output_r[220] relative to the rising and/or falling clock edge(s) of ap_clk.
Related violations: <none>

TIMING-18#272 Warning
Missing input or output delay  
An output delay is missing on output_r[221] relative to the rising and/or falling clock edge(s) of ap_clk.
Related violations: <none>

TIMING-18#273 Warning
Missing input or output delay  
An output delay is missing on output_r[222] relative to the rising and/or falling clock edge(s) of ap_clk.
Related violations: <none>

TIMING-18#274 Warning
Missing input or output delay  
An output delay is missing on output_r[223] relative to the rising and/or falling clock edge(s) of ap_clk.
Related violations: <none>

TIMING-18#275 Warning
Missing input or output delay  
An output delay is missing on output_r[224] relative to the rising and/or falling clock edge(s) of ap_clk.
Related violations: <none>

TIMING-18#276 Warning
Missing input or output delay  
An output delay is missing on output_r[225] relative to the rising and/or falling clock edge(s) of ap_clk.
Related violations: <none>

TIMING-18#277 Warning
Missing input or output delay  
An output delay is missing on output_r[226] relative to the rising and/or falling clock edge(s) of ap_clk.
Related violations: <none>

TIMING-18#278 Warning
Missing input or output delay  
An output delay is missing on output_r[227] relative to the rising and/or falling clock edge(s) of ap_clk.
Related violations: <none>

TIMING-18#279 Warning
Missing input or output delay  
An output delay is missing on output_r[228] relative to the rising and/or falling clock edge(s) of ap_clk.
Related violations: <none>

TIMING-18#280 Warning
Missing input or output delay  
An output delay is missing on output_r[229] relative to the rising and/or falling clock edge(s) of ap_clk.
Related violations: <none>

TIMING-18#281 Warning
Missing input or output delay  
An output delay is missing on output_r[22] relative to the rising and/or falling clock edge(s) of ap_clk.
Related violations: <none>

TIMING-18#282 Warning
Missing input or output delay  
An output delay is missing on output_r[230] relative to the rising and/or falling clock edge(s) of ap_clk.
Related violations: <none>

TIMING-18#283 Warning
Missing input or output delay  
An output delay is missing on output_r[231] relative to the rising and/or falling clock edge(s) of ap_clk.
Related violations: <none>

TIMING-18#284 Warning
Missing input or output delay  
An output delay is missing on output_r[232] relative to the rising and/or falling clock edge(s) of ap_clk.
Related violations: <none>

TIMING-18#285 Warning
Missing input or output delay  
An output delay is missing on output_r[233] relative to the rising and/or falling clock edge(s) of ap_clk.
Related violations: <none>

TIMING-18#286 Warning
Missing input or output delay  
An output delay is missing on output_r[234] relative to the rising and/or falling clock edge(s) of ap_clk.
Related violations: <none>

TIMING-18#287 Warning
Missing input or output delay  
An output delay is missing on output_r[235] relative to the rising and/or falling clock edge(s) of ap_clk.
Related violations: <none>

TIMING-18#288 Warning
Missing input or output delay  
An output delay is missing on output_r[236] relative to the rising and/or falling clock edge(s) of ap_clk.
Related violations: <none>

TIMING-18#289 Warning
Missing input or output delay  
An output delay is missing on output_r[237] relative to the rising and/or falling clock edge(s) of ap_clk.
Related violations: <none>

TIMING-18#290 Warning
Missing input or output delay  
An output delay is missing on output_r[238] relative to the rising and/or falling clock edge(s) of ap_clk.
Related violations: <none>

TIMING-18#291 Warning
Missing input or output delay  
An output delay is missing on output_r[239] relative to the rising and/or falling clock edge(s) of ap_clk.
Related violations: <none>

TIMING-18#292 Warning
Missing input or output delay  
An output delay is missing on output_r[23] relative to the rising and/or falling clock edge(s) of ap_clk.
Related violations: <none>

TIMING-18#293 Warning
Missing input or output delay  
An output delay is missing on output_r[240] relative to the rising and/or falling clock edge(s) of ap_clk.
Related violations: <none>

TIMING-18#294 Warning
Missing input or output delay  
An output delay is missing on output_r[241] relative to the rising and/or falling clock edge(s) of ap_clk.
Related violations: <none>

TIMING-18#295 Warning
Missing input or output delay  
An output delay is missing on output_r[242] relative to the rising and/or falling clock edge(s) of ap_clk.
Related violations: <none>

TIMING-18#296 Warning
Missing input or output delay  
An output delay is missing on output_r[243] relative to the rising and/or falling clock edge(s) of ap_clk.
Related violations: <none>

TIMING-18#297 Warning
Missing input or output delay  
An output delay is missing on output_r[244] relative to the rising and/or falling clock edge(s) of ap_clk.
Related violations: <none>

TIMING-18#298 Warning
Missing input or output delay  
An output delay is missing on output_r[245] relative to the rising and/or falling clock edge(s) of ap_clk.
Related violations: <none>

TIMING-18#299 Warning
Missing input or output delay  
An output delay is missing on output_r[246] relative to the rising and/or falling clock edge(s) of ap_clk.
Related violations: <none>

TIMING-18#300 Warning
Missing input or output delay  
An output delay is missing on output_r[247] relative to the rising and/or falling clock edge(s) of ap_clk.
Related violations: <none>

TIMING-18#301 Warning
Missing input or output delay  
An output delay is missing on output_r[248] relative to the rising and/or falling clock edge(s) of ap_clk.
Related violations: <none>

TIMING-18#302 Warning
Missing input or output delay  
An output delay is missing on output_r[249] relative to the rising and/or falling clock edge(s) of ap_clk.
Related violations: <none>

TIMING-18#303 Warning
Missing input or output delay  
An output delay is missing on output_r[24] relative to the rising and/or falling clock edge(s) of ap_clk.
Related violations: <none>

TIMING-18#304 Warning
Missing input or output delay  
An output delay is missing on output_r[250] relative to the rising and/or falling clock edge(s) of ap_clk.
Related violations: <none>

TIMING-18#305 Warning
Missing input or output delay  
An output delay is missing on output_r[251] relative to the rising and/or falling clock edge(s) of ap_clk.
Related violations: <none>

TIMING-18#306 Warning
Missing input or output delay  
An output delay is missing on output_r[252] relative to the rising and/or falling clock edge(s) of ap_clk.
Related violations: <none>

TIMING-18#307 Warning
Missing input or output delay  
An output delay is missing on output_r[253] relative to the rising and/or falling clock edge(s) of ap_clk.
Related violations: <none>

TIMING-18#308 Warning
Missing input or output delay  
An output delay is missing on output_r[254] relative to the rising and/or falling clock edge(s) of ap_clk.
Related violations: <none>

TIMING-18#309 Warning
Missing input or output delay  
An output delay is missing on output_r[255] relative to the rising and/or falling clock edge(s) of ap_clk.
Related violations: <none>

TIMING-18#310 Warning
Missing input or output delay  
An output delay is missing on output_r[256] relative to the rising and/or falling clock edge(s) of ap_clk.
Related violations: <none>

TIMING-18#311 Warning
Missing input or output delay  
An output delay is missing on output_r[257] relative to the rising and/or falling clock edge(s) of ap_clk.
Related violations: <none>

TIMING-18#312 Warning
Missing input or output delay  
An output delay is missing on output_r[258] relative to the rising and/or falling clock edge(s) of ap_clk.
Related violations: <none>

TIMING-18#313 Warning
Missing input or output delay  
An output delay is missing on output_r[259] relative to the rising and/or falling clock edge(s) of ap_clk.
Related violations: <none>

TIMING-18#314 Warning
Missing input or output delay  
An output delay is missing on output_r[25] relative to the rising and/or falling clock edge(s) of ap_clk.
Related violations: <none>

TIMING-18#315 Warning
Missing input or output delay  
An output delay is missing on output_r[260] relative to the rising and/or falling clock edge(s) of ap_clk.
Related violations: <none>

TIMING-18#316 Warning
Missing input or output delay  
An output delay is missing on output_r[261] relative to the rising and/or falling clock edge(s) of ap_clk.
Related violations: <none>

TIMING-18#317 Warning
Missing input or output delay  
An output delay is missing on output_r[262] relative to the rising and/or falling clock edge(s) of ap_clk.
Related violations: <none>

TIMING-18#318 Warning
Missing input or output delay  
An output delay is missing on output_r[263] relative to the rising and/or falling clock edge(s) of ap_clk.
Related violations: <none>

TIMING-18#319 Warning
Missing input or output delay  
An output delay is missing on output_r[264] relative to the rising and/or falling clock edge(s) of ap_clk.
Related violations: <none>

TIMING-18#320 Warning
Missing input or output delay  
An output delay is missing on output_r[265] relative to the rising and/or falling clock edge(s) of ap_clk.
Related violations: <none>

TIMING-18#321 Warning
Missing input or output delay  
An output delay is missing on output_r[266] relative to the rising and/or falling clock edge(s) of ap_clk.
Related violations: <none>

TIMING-18#322 Warning
Missing input or output delay  
An output delay is missing on output_r[267] relative to the rising and/or falling clock edge(s) of ap_clk.
Related violations: <none>

TIMING-18#323 Warning
Missing input or output delay  
An output delay is missing on output_r[268] relative to the rising and/or falling clock edge(s) of ap_clk.
Related violations: <none>

TIMING-18#324 Warning
Missing input or output delay  
An output delay is missing on output_r[269] relative to the rising and/or falling clock edge(s) of ap_clk.
Related violations: <none>

TIMING-18#325 Warning
Missing input or output delay  
An output delay is missing on output_r[26] relative to the rising and/or falling clock edge(s) of ap_clk.
Related violations: <none>

TIMING-18#326 Warning
Missing input or output delay  
An output delay is missing on output_r[270] relative to the rising and/or falling clock edge(s) of ap_clk.
Related violations: <none>

TIMING-18#327 Warning
Missing input or output delay  
An output delay is missing on output_r[271] relative to the rising and/or falling clock edge(s) of ap_clk.
Related violations: <none>

TIMING-18#328 Warning
Missing input or output delay  
An output delay is missing on output_r[272] relative to the rising and/or falling clock edge(s) of ap_clk.
Related violations: <none>

TIMING-18#329 Warning
Missing input or output delay  
An output delay is missing on output_r[273] relative to the rising and/or falling clock edge(s) of ap_clk.
Related violations: <none>

TIMING-18#330 Warning
Missing input or output delay  
An output delay is missing on output_r[274] relative to the rising and/or falling clock edge(s) of ap_clk.
Related violations: <none>

TIMING-18#331 Warning
Missing input or output delay  
An output delay is missing on output_r[275] relative to the rising and/or falling clock edge(s) of ap_clk.
Related violations: <none>

TIMING-18#332 Warning
Missing input or output delay  
An output delay is missing on output_r[276] relative to the rising and/or falling clock edge(s) of ap_clk.
Related violations: <none>

TIMING-18#333 Warning
Missing input or output delay  
An output delay is missing on output_r[277] relative to the rising and/or falling clock edge(s) of ap_clk.
Related violations: <none>

TIMING-18#334 Warning
Missing input or output delay  
An output delay is missing on output_r[278] relative to the rising and/or falling clock edge(s) of ap_clk.
Related violations: <none>

TIMING-18#335 Warning
Missing input or output delay  
An output delay is missing on output_r[279] relative to the rising and/or falling clock edge(s) of ap_clk.
Related violations: <none>

TIMING-18#336 Warning
Missing input or output delay  
An output delay is missing on output_r[27] relative to the rising and/or falling clock edge(s) of ap_clk.
Related violations: <none>

TIMING-18#337 Warning
Missing input or output delay  
An output delay is missing on output_r[280] relative to the rising and/or falling clock edge(s) of ap_clk.
Related violations: <none>

TIMING-18#338 Warning
Missing input or output delay  
An output delay is missing on output_r[281] relative to the rising and/or falling clock edge(s) of ap_clk.
Related violations: <none>

TIMING-18#339 Warning
Missing input or output delay  
An output delay is missing on output_r[282] relative to the rising and/or falling clock edge(s) of ap_clk.
Related violations: <none>

TIMING-18#340 Warning
Missing input or output delay  
An output delay is missing on output_r[283] relative to the rising and/or falling clock edge(s) of ap_clk.
Related violations: <none>

TIMING-18#341 Warning
Missing input or output delay  
An output delay is missing on output_r[284] relative to the rising and/or falling clock edge(s) of ap_clk.
Related violations: <none>

TIMING-18#342 Warning
Missing input or output delay  
An output delay is missing on output_r[285] relative to the rising and/or falling clock edge(s) of ap_clk.
Related violations: <none>

TIMING-18#343 Warning
Missing input or output delay  
An output delay is missing on output_r[286] relative to the rising and/or falling clock edge(s) of ap_clk.
Related violations: <none>

TIMING-18#344 Warning
Missing input or output delay  
An output delay is missing on output_r[287] relative to the rising and/or falling clock edge(s) of ap_clk.
Related violations: <none>

TIMING-18#345 Warning
Missing input or output delay  
An output delay is missing on output_r[288] relative to the rising and/or falling clock edge(s) of ap_clk.
Related violations: <none>

TIMING-18#346 Warning
Missing input or output delay  
An output delay is missing on output_r[289] relative to the rising and/or falling clock edge(s) of ap_clk.
Related violations: <none>

TIMING-18#347 Warning
Missing input or output delay  
An output delay is missing on output_r[28] relative to the rising and/or falling clock edge(s) of ap_clk.
Related violations: <none>

TIMING-18#348 Warning
Missing input or output delay  
An output delay is missing on output_r[290] relative to the rising and/or falling clock edge(s) of ap_clk.
Related violations: <none>

TIMING-18#349 Warning
Missing input or output delay  
An output delay is missing on output_r[291] relative to the rising and/or falling clock edge(s) of ap_clk.
Related violations: <none>

TIMING-18#350 Warning
Missing input or output delay  
An output delay is missing on output_r[292] relative to the rising and/or falling clock edge(s) of ap_clk.
Related violations: <none>

TIMING-18#351 Warning
Missing input or output delay  
An output delay is missing on output_r[293] relative to the rising and/or falling clock edge(s) of ap_clk.
Related violations: <none>

TIMING-18#352 Warning
Missing input or output delay  
An output delay is missing on output_r[294] relative to the rising and/or falling clock edge(s) of ap_clk.
Related violations: <none>

TIMING-18#353 Warning
Missing input or output delay  
An output delay is missing on output_r[295] relative to the rising and/or falling clock edge(s) of ap_clk.
Related violations: <none>

TIMING-18#354 Warning
Missing input or output delay  
An output delay is missing on output_r[296] relative to the rising and/or falling clock edge(s) of ap_clk.
Related violations: <none>

TIMING-18#355 Warning
Missing input or output delay  
An output delay is missing on output_r[297] relative to the rising and/or falling clock edge(s) of ap_clk.
Related violations: <none>

TIMING-18#356 Warning
Missing input or output delay  
An output delay is missing on output_r[298] relative to the rising and/or falling clock edge(s) of ap_clk.
Related violations: <none>

TIMING-18#357 Warning
Missing input or output delay  
An output delay is missing on output_r[299] relative to the rising and/or falling clock edge(s) of ap_clk.
Related violations: <none>

TIMING-18#358 Warning
Missing input or output delay  
An output delay is missing on output_r[29] relative to the rising and/or falling clock edge(s) of ap_clk.
Related violations: <none>

TIMING-18#359 Warning
Missing input or output delay  
An output delay is missing on output_r[2] relative to the rising and/or falling clock edge(s) of ap_clk.
Related violations: <none>

TIMING-18#360 Warning
Missing input or output delay  
An output delay is missing on output_r[300] relative to the rising and/or falling clock edge(s) of ap_clk.
Related violations: <none>

TIMING-18#361 Warning
Missing input or output delay  
An output delay is missing on output_r[301] relative to the rising and/or falling clock edge(s) of ap_clk.
Related violations: <none>

TIMING-18#362 Warning
Missing input or output delay  
An output delay is missing on output_r[302] relative to the rising and/or falling clock edge(s) of ap_clk.
Related violations: <none>

TIMING-18#363 Warning
Missing input or output delay  
An output delay is missing on output_r[303] relative to the rising and/or falling clock edge(s) of ap_clk.
Related violations: <none>

TIMING-18#364 Warning
Missing input or output delay  
An output delay is missing on output_r[304] relative to the rising and/or falling clock edge(s) of ap_clk.
Related violations: <none>

TIMING-18#365 Warning
Missing input or output delay  
An output delay is missing on output_r[305] relative to the rising and/or falling clock edge(s) of ap_clk.
Related violations: <none>

TIMING-18#366 Warning
Missing input or output delay  
An output delay is missing on output_r[306] relative to the rising and/or falling clock edge(s) of ap_clk.
Related violations: <none>

TIMING-18#367 Warning
Missing input or output delay  
An output delay is missing on output_r[307] relative to the rising and/or falling clock edge(s) of ap_clk.
Related violations: <none>

TIMING-18#368 Warning
Missing input or output delay  
An output delay is missing on output_r[308] relative to the rising and/or falling clock edge(s) of ap_clk.
Related violations: <none>

TIMING-18#369 Warning
Missing input or output delay  
An output delay is missing on output_r[309] relative to the rising and/or falling clock edge(s) of ap_clk.
Related violations: <none>

TIMING-18#370 Warning
Missing input or output delay  
An output delay is missing on output_r[30] relative to the rising and/or falling clock edge(s) of ap_clk.
Related violations: <none>

TIMING-18#371 Warning
Missing input or output delay  
An output delay is missing on output_r[310] relative to the rising and/or falling clock edge(s) of ap_clk.
Related violations: <none>

TIMING-18#372 Warning
Missing input or output delay  
An output delay is missing on output_r[311] relative to the rising and/or falling clock edge(s) of ap_clk.
Related violations: <none>

TIMING-18#373 Warning
Missing input or output delay  
An output delay is missing on output_r[312] relative to the rising and/or falling clock edge(s) of ap_clk.
Related violations: <none>

TIMING-18#374 Warning
Missing input or output delay  
An output delay is missing on output_r[313] relative to the rising and/or falling clock edge(s) of ap_clk.
Related violations: <none>

TIMING-18#375 Warning
Missing input or output delay  
An output delay is missing on output_r[314] relative to the rising and/or falling clock edge(s) of ap_clk.
Related violations: <none>

TIMING-18#376 Warning
Missing input or output delay  
An output delay is missing on output_r[315] relative to the rising and/or falling clock edge(s) of ap_clk.
Related violations: <none>

TIMING-18#377 Warning
Missing input or output delay  
An output delay is missing on output_r[316] relative to the rising and/or falling clock edge(s) of ap_clk.
Related violations: <none>

TIMING-18#378 Warning
Missing input or output delay  
An output delay is missing on output_r[317] relative to the rising and/or falling clock edge(s) of ap_clk.
Related violations: <none>

TIMING-18#379 Warning
Missing input or output delay  
An output delay is missing on output_r[318] relative to the rising and/or falling clock edge(s) of ap_clk.
Related violations: <none>

TIMING-18#380 Warning
Missing input or output delay  
An output delay is missing on output_r[319] relative to the rising and/or falling clock edge(s) of ap_clk.
Related violations: <none>

TIMING-18#381 Warning
Missing input or output delay  
An output delay is missing on output_r[31] relative to the rising and/or falling clock edge(s) of ap_clk.
Related violations: <none>

TIMING-18#382 Warning
Missing input or output delay  
An output delay is missing on output_r[320] relative to the rising and/or falling clock edge(s) of ap_clk.
Related violations: <none>

TIMING-18#383 Warning
Missing input or output delay  
An output delay is missing on output_r[321] relative to the rising and/or falling clock edge(s) of ap_clk.
Related violations: <none>

TIMING-18#384 Warning
Missing input or output delay  
An output delay is missing on output_r[322] relative to the rising and/or falling clock edge(s) of ap_clk.
Related violations: <none>

TIMING-18#385 Warning
Missing input or output delay  
An output delay is missing on output_r[323] relative to the rising and/or falling clock edge(s) of ap_clk.
Related violations: <none>

TIMING-18#386 Warning
Missing input or output delay  
An output delay is missing on output_r[324] relative to the rising and/or falling clock edge(s) of ap_clk.
Related violations: <none>

TIMING-18#387 Warning
Missing input or output delay  
An output delay is missing on output_r[325] relative to the rising and/or falling clock edge(s) of ap_clk.
Related violations: <none>

TIMING-18#388 Warning
Missing input or output delay  
An output delay is missing on output_r[326] relative to the rising and/or falling clock edge(s) of ap_clk.
Related violations: <none>

TIMING-18#389 Warning
Missing input or output delay  
An output delay is missing on output_r[327] relative to the rising and/or falling clock edge(s) of ap_clk.
Related violations: <none>

TIMING-18#390 Warning
Missing input or output delay  
An output delay is missing on output_r[328] relative to the rising and/or falling clock edge(s) of ap_clk.
Related violations: <none>

TIMING-18#391 Warning
Missing input or output delay  
An output delay is missing on output_r[329] relative to the rising and/or falling clock edge(s) of ap_clk.
Related violations: <none>

TIMING-18#392 Warning
Missing input or output delay  
An output delay is missing on output_r[32] relative to the rising and/or falling clock edge(s) of ap_clk.
Related violations: <none>

TIMING-18#393 Warning
Missing input or output delay  
An output delay is missing on output_r[330] relative to the rising and/or falling clock edge(s) of ap_clk.
Related violations: <none>

TIMING-18#394 Warning
Missing input or output delay  
An output delay is missing on output_r[331] relative to the rising and/or falling clock edge(s) of ap_clk.
Related violations: <none>

TIMING-18#395 Warning
Missing input or output delay  
An output delay is missing on output_r[332] relative to the rising and/or falling clock edge(s) of ap_clk.
Related violations: <none>

TIMING-18#396 Warning
Missing input or output delay  
An output delay is missing on output_r[333] relative to the rising and/or falling clock edge(s) of ap_clk.
Related violations: <none>

TIMING-18#397 Warning
Missing input or output delay  
An output delay is missing on output_r[334] relative to the rising and/or falling clock edge(s) of ap_clk.
Related violations: <none>

TIMING-18#398 Warning
Missing input or output delay  
An output delay is missing on output_r[335] relative to the rising and/or falling clock edge(s) of ap_clk.
Related violations: <none>

TIMING-18#399 Warning
Missing input or output delay  
An output delay is missing on output_r[336] relative to the rising and/or falling clock edge(s) of ap_clk.
Related violations: <none>

TIMING-18#400 Warning
Missing input or output delay  
An output delay is missing on output_r[337] relative to the rising and/or falling clock edge(s) of ap_clk.
Related violations: <none>

TIMING-18#401 Warning
Missing input or output delay  
An output delay is missing on output_r[338] relative to the rising and/or falling clock edge(s) of ap_clk.
Related violations: <none>

TIMING-18#402 Warning
Missing input or output delay  
An output delay is missing on output_r[339] relative to the rising and/or falling clock edge(s) of ap_clk.
Related violations: <none>

TIMING-18#403 Warning
Missing input or output delay  
An output delay is missing on output_r[33] relative to the rising and/or falling clock edge(s) of ap_clk.
Related violations: <none>

TIMING-18#404 Warning
Missing input or output delay  
An output delay is missing on output_r[340] relative to the rising and/or falling clock edge(s) of ap_clk.
Related violations: <none>

TIMING-18#405 Warning
Missing input or output delay  
An output delay is missing on output_r[341] relative to the rising and/or falling clock edge(s) of ap_clk.
Related violations: <none>

TIMING-18#406 Warning
Missing input or output delay  
An output delay is missing on output_r[342] relative to the rising and/or falling clock edge(s) of ap_clk.
Related violations: <none>

TIMING-18#407 Warning
Missing input or output delay  
An output delay is missing on output_r[343] relative to the rising and/or falling clock edge(s) of ap_clk.
Related violations: <none>

TIMING-18#408 Warning
Missing input or output delay  
An output delay is missing on output_r[344] relative to the rising and/or falling clock edge(s) of ap_clk.
Related violations: <none>

TIMING-18#409 Warning
Missing input or output delay  
An output delay is missing on output_r[345] relative to the rising and/or falling clock edge(s) of ap_clk.
Related violations: <none>

TIMING-18#410 Warning
Missing input or output delay  
An output delay is missing on output_r[346] relative to the rising and/or falling clock edge(s) of ap_clk.
Related violations: <none>

TIMING-18#411 Warning
Missing input or output delay  
An output delay is missing on output_r[347] relative to the rising and/or falling clock edge(s) of ap_clk.
Related violations: <none>

TIMING-18#412 Warning
Missing input or output delay  
An output delay is missing on output_r[348] relative to the rising and/or falling clock edge(s) of ap_clk.
Related violations: <none>

TIMING-18#413 Warning
Missing input or output delay  
An output delay is missing on output_r[349] relative to the rising and/or falling clock edge(s) of ap_clk.
Related violations: <none>

TIMING-18#414 Warning
Missing input or output delay  
An output delay is missing on output_r[34] relative to the rising and/or falling clock edge(s) of ap_clk.
Related violations: <none>

TIMING-18#415 Warning
Missing input or output delay  
An output delay is missing on output_r[350] relative to the rising and/or falling clock edge(s) of ap_clk.
Related violations: <none>

TIMING-18#416 Warning
Missing input or output delay  
An output delay is missing on output_r[351] relative to the rising and/or falling clock edge(s) of ap_clk.
Related violations: <none>

TIMING-18#417 Warning
Missing input or output delay  
An output delay is missing on output_r[352] relative to the rising and/or falling clock edge(s) of ap_clk.
Related violations: <none>

TIMING-18#418 Warning
Missing input or output delay  
An output delay is missing on output_r[353] relative to the rising and/or falling clock edge(s) of ap_clk.
Related violations: <none>

TIMING-18#419 Warning
Missing input or output delay  
An output delay is missing on output_r[354] relative to the rising and/or falling clock edge(s) of ap_clk.
Related violations: <none>

TIMING-18#420 Warning
Missing input or output delay  
An output delay is missing on output_r[355] relative to the rising and/or falling clock edge(s) of ap_clk.
Related violations: <none>

TIMING-18#421 Warning
Missing input or output delay  
An output delay is missing on output_r[356] relative to the rising and/or falling clock edge(s) of ap_clk.
Related violations: <none>

TIMING-18#422 Warning
Missing input or output delay  
An output delay is missing on output_r[357] relative to the rising and/or falling clock edge(s) of ap_clk.
Related violations: <none>

TIMING-18#423 Warning
Missing input or output delay  
An output delay is missing on output_r[358] relative to the rising and/or falling clock edge(s) of ap_clk.
Related violations: <none>

TIMING-18#424 Warning
Missing input or output delay  
An output delay is missing on output_r[359] relative to the rising and/or falling clock edge(s) of ap_clk.
Related violations: <none>

TIMING-18#425 Warning
Missing input or output delay  
An output delay is missing on output_r[35] relative to the rising and/or falling clock edge(s) of ap_clk.
Related violations: <none>

TIMING-18#426 Warning
Missing input or output delay  
An output delay is missing on output_r[360] relative to the rising and/or falling clock edge(s) of ap_clk.
Related violations: <none>

TIMING-18#427 Warning
Missing input or output delay  
An output delay is missing on output_r[361] relative to the rising and/or falling clock edge(s) of ap_clk.
Related violations: <none>

TIMING-18#428 Warning
Missing input or output delay  
An output delay is missing on output_r[362] relative to the rising and/or falling clock edge(s) of ap_clk.
Related violations: <none>

TIMING-18#429 Warning
Missing input or output delay  
An output delay is missing on output_r[363] relative to the rising and/or falling clock edge(s) of ap_clk.
Related violations: <none>

TIMING-18#430 Warning
Missing input or output delay  
An output delay is missing on output_r[364] relative to the rising and/or falling clock edge(s) of ap_clk.
Related violations: <none>

TIMING-18#431 Warning
Missing input or output delay  
An output delay is missing on output_r[365] relative to the rising and/or falling clock edge(s) of ap_clk.
Related violations: <none>

TIMING-18#432 Warning
Missing input or output delay  
An output delay is missing on output_r[366] relative to the rising and/or falling clock edge(s) of ap_clk.
Related violations: <none>

TIMING-18#433 Warning
Missing input or output delay  
An output delay is missing on output_r[367] relative to the rising and/or falling clock edge(s) of ap_clk.
Related violations: <none>

TIMING-18#434 Warning
Missing input or output delay  
An output delay is missing on output_r[368] relative to the rising and/or falling clock edge(s) of ap_clk.
Related violations: <none>

TIMING-18#435 Warning
Missing input or output delay  
An output delay is missing on output_r[369] relative to the rising and/or falling clock edge(s) of ap_clk.
Related violations: <none>

TIMING-18#436 Warning
Missing input or output delay  
An output delay is missing on output_r[36] relative to the rising and/or falling clock edge(s) of ap_clk.
Related violations: <none>

TIMING-18#437 Warning
Missing input or output delay  
An output delay is missing on output_r[370] relative to the rising and/or falling clock edge(s) of ap_clk.
Related violations: <none>

TIMING-18#438 Warning
Missing input or output delay  
An output delay is missing on output_r[371] relative to the rising and/or falling clock edge(s) of ap_clk.
Related violations: <none>

TIMING-18#439 Warning
Missing input or output delay  
An output delay is missing on output_r[372] relative to the rising and/or falling clock edge(s) of ap_clk.
Related violations: <none>

TIMING-18#440 Warning
Missing input or output delay  
An output delay is missing on output_r[373] relative to the rising and/or falling clock edge(s) of ap_clk.
Related violations: <none>

TIMING-18#441 Warning
Missing input or output delay  
An output delay is missing on output_r[374] relative to the rising and/or falling clock edge(s) of ap_clk.
Related violations: <none>

TIMING-18#442 Warning
Missing input or output delay  
An output delay is missing on output_r[375] relative to the rising and/or falling clock edge(s) of ap_clk.
Related violations: <none>

TIMING-18#443 Warning
Missing input or output delay  
An output delay is missing on output_r[376] relative to the rising and/or falling clock edge(s) of ap_clk.
Related violations: <none>

TIMING-18#444 Warning
Missing input or output delay  
An output delay is missing on output_r[377] relative to the rising and/or falling clock edge(s) of ap_clk.
Related violations: <none>

TIMING-18#445 Warning
Missing input or output delay  
An output delay is missing on output_r[378] relative to the rising and/or falling clock edge(s) of ap_clk.
Related violations: <none>

TIMING-18#446 Warning
Missing input or output delay  
An output delay is missing on output_r[379] relative to the rising and/or falling clock edge(s) of ap_clk.
Related violations: <none>

TIMING-18#447 Warning
Missing input or output delay  
An output delay is missing on output_r[37] relative to the rising and/or falling clock edge(s) of ap_clk.
Related violations: <none>

TIMING-18#448 Warning
Missing input or output delay  
An output delay is missing on output_r[380] relative to the rising and/or falling clock edge(s) of ap_clk.
Related violations: <none>

TIMING-18#449 Warning
Missing input or output delay  
An output delay is missing on output_r[381] relative to the rising and/or falling clock edge(s) of ap_clk.
Related violations: <none>

TIMING-18#450 Warning
Missing input or output delay  
An output delay is missing on output_r[382] relative to the rising and/or falling clock edge(s) of ap_clk.
Related violations: <none>

TIMING-18#451 Warning
Missing input or output delay  
An output delay is missing on output_r[383] relative to the rising and/or falling clock edge(s) of ap_clk.
Related violations: <none>

TIMING-18#452 Warning
Missing input or output delay  
An output delay is missing on output_r[38] relative to the rising and/or falling clock edge(s) of ap_clk.
Related violations: <none>

TIMING-18#453 Warning
Missing input or output delay  
An output delay is missing on output_r[39] relative to the rising and/or falling clock edge(s) of ap_clk.
Related violations: <none>

TIMING-18#454 Warning
Missing input or output delay  
An output delay is missing on output_r[3] relative to the rising and/or falling clock edge(s) of ap_clk.
Related violations: <none>

TIMING-18#455 Warning
Missing input or output delay  
An output delay is missing on output_r[40] relative to the rising and/or falling clock edge(s) of ap_clk.
Related violations: <none>

TIMING-18#456 Warning
Missing input or output delay  
An output delay is missing on output_r[41] relative to the rising and/or falling clock edge(s) of ap_clk.
Related violations: <none>

TIMING-18#457 Warning
Missing input or output delay  
An output delay is missing on output_r[42] relative to the rising and/or falling clock edge(s) of ap_clk.
Related violations: <none>

TIMING-18#458 Warning
Missing input or output delay  
An output delay is missing on output_r[43] relative to the rising and/or falling clock edge(s) of ap_clk.
Related violations: <none>

TIMING-18#459 Warning
Missing input or output delay  
An output delay is missing on output_r[44] relative to the rising and/or falling clock edge(s) of ap_clk.
Related violations: <none>

TIMING-18#460 Warning
Missing input or output delay  
An output delay is missing on output_r[45] relative to the rising and/or falling clock edge(s) of ap_clk.
Related violations: <none>

TIMING-18#461 Warning
Missing input or output delay  
An output delay is missing on output_r[46] relative to the rising and/or falling clock edge(s) of ap_clk.
Related violations: <none>

TIMING-18#462 Warning
Missing input or output delay  
An output delay is missing on output_r[47] relative to the rising and/or falling clock edge(s) of ap_clk.
Related violations: <none>

TIMING-18#463 Warning
Missing input or output delay  
An output delay is missing on output_r[48] relative to the rising and/or falling clock edge(s) of ap_clk.
Related violations: <none>

TIMING-18#464 Warning
Missing input or output delay  
An output delay is missing on output_r[49] relative to the rising and/or falling clock edge(s) of ap_clk.
Related violations: <none>

TIMING-18#465 Warning
Missing input or output delay  
An output delay is missing on output_r[4] relative to the rising and/or falling clock edge(s) of ap_clk.
Related violations: <none>

TIMING-18#466 Warning
Missing input or output delay  
An output delay is missing on output_r[50] relative to the rising and/or falling clock edge(s) of ap_clk.
Related violations: <none>

TIMING-18#467 Warning
Missing input or output delay  
An output delay is missing on output_r[51] relative to the rising and/or falling clock edge(s) of ap_clk.
Related violations: <none>

TIMING-18#468 Warning
Missing input or output delay  
An output delay is missing on output_r[52] relative to the rising and/or falling clock edge(s) of ap_clk.
Related violations: <none>

TIMING-18#469 Warning
Missing input or output delay  
An output delay is missing on output_r[53] relative to the rising and/or falling clock edge(s) of ap_clk.
Related violations: <none>

TIMING-18#470 Warning
Missing input or output delay  
An output delay is missing on output_r[54] relative to the rising and/or falling clock edge(s) of ap_clk.
Related violations: <none>

TIMING-18#471 Warning
Missing input or output delay  
An output delay is missing on output_r[55] relative to the rising and/or falling clock edge(s) of ap_clk.
Related violations: <none>

TIMING-18#472 Warning
Missing input or output delay  
An output delay is missing on output_r[56] relative to the rising and/or falling clock edge(s) of ap_clk.
Related violations: <none>

TIMING-18#473 Warning
Missing input or output delay  
An output delay is missing on output_r[57] relative to the rising and/or falling clock edge(s) of ap_clk.
Related violations: <none>

TIMING-18#474 Warning
Missing input or output delay  
An output delay is missing on output_r[58] relative to the rising and/or falling clock edge(s) of ap_clk.
Related violations: <none>

TIMING-18#475 Warning
Missing input or output delay  
An output delay is missing on output_r[59] relative to the rising and/or falling clock edge(s) of ap_clk.
Related violations: <none>

TIMING-18#476 Warning
Missing input or output delay  
An output delay is missing on output_r[5] relative to the rising and/or falling clock edge(s) of ap_clk.
Related violations: <none>

TIMING-18#477 Warning
Missing input or output delay  
An output delay is missing on output_r[60] relative to the rising and/or falling clock edge(s) of ap_clk.
Related violations: <none>

TIMING-18#478 Warning
Missing input or output delay  
An output delay is missing on output_r[61] relative to the rising and/or falling clock edge(s) of ap_clk.
Related violations: <none>

TIMING-18#479 Warning
Missing input or output delay  
An output delay is missing on output_r[62] relative to the rising and/or falling clock edge(s) of ap_clk.
Related violations: <none>

TIMING-18#480 Warning
Missing input or output delay  
An output delay is missing on output_r[63] relative to the rising and/or falling clock edge(s) of ap_clk.
Related violations: <none>

TIMING-18#481 Warning
Missing input or output delay  
An output delay is missing on output_r[64] relative to the rising and/or falling clock edge(s) of ap_clk.
Related violations: <none>

TIMING-18#482 Warning
Missing input or output delay  
An output delay is missing on output_r[65] relative to the rising and/or falling clock edge(s) of ap_clk.
Related violations: <none>

TIMING-18#483 Warning
Missing input or output delay  
An output delay is missing on output_r[66] relative to the rising and/or falling clock edge(s) of ap_clk.
Related violations: <none>

TIMING-18#484 Warning
Missing input or output delay  
An output delay is missing on output_r[67] relative to the rising and/or falling clock edge(s) of ap_clk.
Related violations: <none>

TIMING-18#485 Warning
Missing input or output delay  
An output delay is missing on output_r[68] relative to the rising and/or falling clock edge(s) of ap_clk.
Related violations: <none>

TIMING-18#486 Warning
Missing input or output delay  
An output delay is missing on output_r[69] relative to the rising and/or falling clock edge(s) of ap_clk.
Related violations: <none>

TIMING-18#487 Warning
Missing input or output delay  
An output delay is missing on output_r[6] relative to the rising and/or falling clock edge(s) of ap_clk.
Related violations: <none>

TIMING-18#488 Warning
Missing input or output delay  
An output delay is missing on output_r[70] relative to the rising and/or falling clock edge(s) of ap_clk.
Related violations: <none>

TIMING-18#489 Warning
Missing input or output delay  
An output delay is missing on output_r[71] relative to the rising and/or falling clock edge(s) of ap_clk.
Related violations: <none>

TIMING-18#490 Warning
Missing input or output delay  
An output delay is missing on output_r[72] relative to the rising and/or falling clock edge(s) of ap_clk.
Related violations: <none>

TIMING-18#491 Warning
Missing input or output delay  
An output delay is missing on output_r[73] relative to the rising and/or falling clock edge(s) of ap_clk.
Related violations: <none>

TIMING-18#492 Warning
Missing input or output delay  
An output delay is missing on output_r[74] relative to the rising and/or falling clock edge(s) of ap_clk.
Related violations: <none>

TIMING-18#493 Warning
Missing input or output delay  
An output delay is missing on output_r[75] relative to the rising and/or falling clock edge(s) of ap_clk.
Related violations: <none>

TIMING-18#494 Warning
Missing input or output delay  
An output delay is missing on output_r[76] relative to the rising and/or falling clock edge(s) of ap_clk.
Related violations: <none>

TIMING-18#495 Warning
Missing input or output delay  
An output delay is missing on output_r[77] relative to the rising and/or falling clock edge(s) of ap_clk.
Related violations: <none>

TIMING-18#496 Warning
Missing input or output delay  
An output delay is missing on output_r[78] relative to the rising and/or falling clock edge(s) of ap_clk.
Related violations: <none>

TIMING-18#497 Warning
Missing input or output delay  
An output delay is missing on output_r[79] relative to the rising and/or falling clock edge(s) of ap_clk.
Related violations: <none>

TIMING-18#498 Warning
Missing input or output delay  
An output delay is missing on output_r[7] relative to the rising and/or falling clock edge(s) of ap_clk.
Related violations: <none>

TIMING-18#499 Warning
Missing input or output delay  
An output delay is missing on output_r[80] relative to the rising and/or falling clock edge(s) of ap_clk.
Related violations: <none>

TIMING-18#500 Warning
Missing input or output delay  
An output delay is missing on output_r[81] relative to the rising and/or falling clock edge(s) of ap_clk.
Related violations: <none>

TIMING-18#501 Warning
Missing input or output delay  
An output delay is missing on output_r[82] relative to the rising and/or falling clock edge(s) of ap_clk.
Related violations: <none>

TIMING-18#502 Warning
Missing input or output delay  
An output delay is missing on output_r[83] relative to the rising and/or falling clock edge(s) of ap_clk.
Related violations: <none>

TIMING-18#503 Warning
Missing input or output delay  
An output delay is missing on output_r[84] relative to the rising and/or falling clock edge(s) of ap_clk.
Related violations: <none>

TIMING-18#504 Warning
Missing input or output delay  
An output delay is missing on output_r[85] relative to the rising and/or falling clock edge(s) of ap_clk.
Related violations: <none>

TIMING-18#505 Warning
Missing input or output delay  
An output delay is missing on output_r[86] relative to the rising and/or falling clock edge(s) of ap_clk.
Related violations: <none>

TIMING-18#506 Warning
Missing input or output delay  
An output delay is missing on output_r[87] relative to the rising and/or falling clock edge(s) of ap_clk.
Related violations: <none>

TIMING-18#507 Warning
Missing input or output delay  
An output delay is missing on output_r[88] relative to the rising and/or falling clock edge(s) of ap_clk.
Related violations: <none>

TIMING-18#508 Warning
Missing input or output delay  
An output delay is missing on output_r[89] relative to the rising and/or falling clock edge(s) of ap_clk.
Related violations: <none>

TIMING-18#509 Warning
Missing input or output delay  
An output delay is missing on output_r[8] relative to the rising and/or falling clock edge(s) of ap_clk.
Related violations: <none>

TIMING-18#510 Warning
Missing input or output delay  
An output delay is missing on output_r[90] relative to the rising and/or falling clock edge(s) of ap_clk.
Related violations: <none>

TIMING-18#511 Warning
Missing input or output delay  
An output delay is missing on output_r[91] relative to the rising and/or falling clock edge(s) of ap_clk.
Related violations: <none>

TIMING-18#512 Warning
Missing input or output delay  
An output delay is missing on output_r[92] relative to the rising and/or falling clock edge(s) of ap_clk.
Related violations: <none>

TIMING-18#513 Warning
Missing input or output delay  
An output delay is missing on output_r[93] relative to the rising and/or falling clock edge(s) of ap_clk.
Related violations: <none>

TIMING-18#514 Warning
Missing input or output delay  
An output delay is missing on output_r[94] relative to the rising and/or falling clock edge(s) of ap_clk.
Related violations: <none>

TIMING-18#515 Warning
Missing input or output delay  
An output delay is missing on output_r[95] relative to the rising and/or falling clock edge(s) of ap_clk.
Related violations: <none>

TIMING-18#516 Warning
Missing input or output delay  
An output delay is missing on output_r[96] relative to the rising and/or falling clock edge(s) of ap_clk.
Related violations: <none>

TIMING-18#517 Warning
Missing input or output delay  
An output delay is missing on output_r[97] relative to the rising and/or falling clock edge(s) of ap_clk.
Related violations: <none>

TIMING-18#518 Warning
Missing input or output delay  
An output delay is missing on output_r[98] relative to the rising and/or falling clock edge(s) of ap_clk.
Related violations: <none>

TIMING-18#519 Warning
Missing input or output delay  
An output delay is missing on output_r[99] relative to the rising and/or falling clock edge(s) of ap_clk.
Related violations: <none>

TIMING-18#520 Warning
Missing input or output delay  
An output delay is missing on output_r[9] relative to the rising and/or falling clock edge(s) of ap_clk.
Related violations: <none>

TIMING-18#521 Warning
Missing input or output delay  
An output delay is missing on output_r_ap_vld relative to the rising and/or falling clock edge(s) of ap_clk.
Related violations: <none>


