D:\Vitis\shaAccel\sha384Accel\sha384Accel\hls\.autopilot\db\chunkProcessor512.pp.0.cpp:2266:5: warning: Added loop label VITIS_LOOP_676_1:   [xilinx-label-all-loops]
    for (unsigned i = low; i != high+1; ++i) {
    ^~~
    VITIS_LOOP_676_1: 
D:\Vitis\shaAccel\sha384Accel\sha384Accel\hls\.autopilot\db\chunkProcessor512.pp.0.cpp:2266:5: note: FIX-IT applied suggested code changes
D:\Vitis\shaAccel\sha384Accel\sha384Accel\hls\.autopilot\db\chunkProcessor512.pp.0.cpp:2280:5: warning: Added loop label VITIS_LOOP_690_1:   [xilinx-label-all-loops]
    for (unsigned i = low; i != high+1; ++i) {
    ^~~
    VITIS_LOOP_690_1: 
D:\Vitis\shaAccel\sha384Accel\sha384Accel\hls\.autopilot\db\chunkProcessor512.pp.0.cpp:2280:5: note: FIX-IT applied suggested code changes
D:\Vitis\shaAccel\sha384Accel\sha384Accel\hls\.autopilot\db\chunkProcessor512.pp.0.cpp:2294:5: warning: Added loop label VITIS_LOOP_704_1:   [xilinx-label-all-loops]
    for (unsigned i = low; i != high+1; ++i) {
    ^~~
    VITIS_LOOP_704_1: 
D:\Vitis\shaAccel\sha384Accel\sha384Accel\hls\.autopilot\db\chunkProcessor512.pp.0.cpp:2294:5: note: FIX-IT applied suggested code changes
D:\Vitis\shaAccel\sha384Accel\sha384Accel\hls\.autopilot\db\chunkProcessor512.pp.0.cpp:4262:7: warning: Added loop label VITIS_LOOP_1248_1:   [xilinx-label-all-loops]
      for (i = 0; i < __N - 1; ++i) {
      ^~~
      VITIS_LOOP_1248_1: 
D:\Vitis\shaAccel\sha384Accel\sha384Accel\hls\.autopilot\db\chunkProcessor512.pp.0.cpp:4262:7: note: FIX-IT applied suggested code changes
D:\Vitis\shaAccel\sha384Accel\sha384Accel\hls\.autopilot\db\chunkProcessor512.pp.0.cpp:6310:5: warning: Added loop label VITIS_LOOP_24_1:   [xilinx-label-all-loops]
    for(int i = 0; i < 8; i++) {
    ^~~
    VITIS_LOOP_24_1: 
D:\Vitis\shaAccel\sha384Accel\sha384Accel\hls\.autopilot\db\chunkProcessor512.pp.0.cpp:6310:5: note: FIX-IT applied suggested code changes
D:\Vitis\shaAccel\sha384Accel\sha384Accel\hls\.autopilot\db\chunkProcessor512.pp.0.cpp:6313:5: warning: Added loop label VITIS_LOOP_27_2:   [xilinx-label-all-loops]
    for(int i = 0; i < 80; i++) {
    ^~~
    VITIS_LOOP_27_2: 
D:\Vitis\shaAccel\sha384Accel\sha384Accel\hls\.autopilot\db\chunkProcessor512.pp.0.cpp:6313:5: note: FIX-IT applied suggested code changes
D:\Vitis\shaAccel\sha384Accel\sha384Accel\hls\.autopilot\db\chunkProcessor512.pp.0.cpp:6316:9: warning: Added loop label VITIS_LOOP_30_3:   [xilinx-label-all-loops]
        for (int j = 0; j < 8; j++) {
        ^~~
        VITIS_LOOP_30_3: 
D:\Vitis\shaAccel\sha384Accel\sha384Accel\hls\.autopilot\db\chunkProcessor512.pp.0.cpp:6316:9: note: FIX-IT applied suggested code changes
D:\Vitis\shaAccel\sha384Accel\sha384Accel\hls\.autopilot\db\chunkProcessor512.pp.0.cpp:6320:5: warning: Added loop label VITIS_LOOP_34_4:   [xilinx-label-all-loops]
    for(int i = 0; i < 8; i++) {
    ^~~
    VITIS_LOOP_34_4: 
D:\Vitis\shaAccel\sha384Accel\sha384Accel\hls\.autopilot\db\chunkProcessor512.pp.0.cpp:6320:5: note: FIX-IT applied suggested code changes
