

================================================================
== Vitis HLS Report for 'sha384Accel_Pipeline_VITIS_LOOP_26_3'
================================================================
* Date:           Fri Aug  1 20:18:04 2025

* Version:        2025.1 (Build 6135595 on May 21 2025)
* Project:        sha384Accel
* Solution:       hls (Vivado IP Flow Target)
* Product family: aspartan7
* Target device:  xa7s6-cpga196-2I


================================================================
== Performance Estimates
================================================================
+ Timing: 
    * Summary: 
    +--------+----------+----------+------------+
    |  Clock |  Target  | Estimated| Uncertainty|
    +--------+----------+----------+------------+
    |ap_clk  |  10.00 ns|  5.783 ns|     2.70 ns|
    +--------+----------+----------+------------+

+ Latency: 
    * Summary: 
    +---------+---------+----------+----------+-----+-----+------------------------------------------------+
    |  Latency (cycles) |  Latency (absolute) |  Interval |                    Pipeline                    |
    |   min   |   max   |    min   |    max   | min | max |                      Type                      |
    +---------+---------+----------+----------+-----+-----+------------------------------------------------+
    |      130|      130|  1.300 us|  1.300 us|  129|  129|  loop auto-rewind stp (delay=0 clock cycles(s))|
    +---------+---------+----------+----------+-----+-----+------------------------------------------------+

    + Detail: 
        * Instance: 
        N/A

        * Loop: 
        +-------------------+---------+---------+----------+-----------+-----------+------+----------+
        |                   |  Latency (cycles) | Iteration|  Initiation Interval  | Trip |          |
        |     Loop Name     |   min   |   max   |  Latency |  achieved |   target  | Count| Pipelined|
        +-------------------+---------+---------+----------+-----------+-----------+------+----------+
        |- VITIS_LOOP_26_3  |      128|      128|         2|          1|          1|   128|       yes|
        +-------------------+---------+---------+----------+-----------+-----------+------+----------+

============================================================
+ Verbose Summary: Synthesis Manager
============================================================
InlineROM: 1
ExposeGlobal: 0
============================================================
+ Verbose Summary: CDFG Model
============================================================
IsTopModel: 0
ResetActiveHigh: 1
IsCombinational: 0
IsDatapathOnly: 0
HasWiredReturn: 1
HasMFsm: 2
HasVarLatency: 1
IsPipeline: 0
IsRtlPipelined: 0
IsInstanceOverlapped: 0
IsDontTouch: 0
HasImplIP: 0
IsGatedGlobalClock: 0

+ Individual pipeline summary: 
  * Pipeline-0: initiation interval (II) = 1, depth = 3


============================================================
+ Verbose Summary: Schedule
============================================================
* Number of FSM states : 3
* Pipeline : 1
  Pipeline-0 : II = 1, D = 3, States = { 1 2 3 }
* Dataflow Pipeline: 0

* FSM state transitions: 
1 --> 2 
2 --> 3 
3 --> 

* FSM state operations: 

State 1 <SV = 0> <Delay = 1.29>
ST_1 : Operation 5 [1/1] (0.00ns)   --->   "%counter = alloca i32 1" [sha384Accel.cpp:4]   --->   Operation 5 'alloca' 'counter' <Predicate = true> <Delay = 0.00>
ST_1 : Operation 6 [1/1] (0.00ns)   --->   "%j_2 = alloca i32 1" [sha384Accel.cpp:14]   --->   Operation 6 'alloca' 'j_2' <Predicate = true> <Delay = 0.00>
ST_1 : Operation 7 [1/1] (0.00ns)   --->   "%addSize = alloca i32 1" [sha384Accel.cpp:11]   --->   Operation 7 'alloca' 'addSize' <Predicate = true> <Delay = 0.00>
ST_1 : Operation 8 [1/1] (0.00ns)   --->   "%specinterface_ln0 = specinterface void @_ssdm_op_SpecInterface, i1 %bitstream, void @empty_0, i32 0, i32 0, void @empty, i32 0, i32 0, void @empty, void @empty, void @empty, i32 0, i32 0, i32 0, i32 0, void @empty, void @empty, i32 4294967295, i32 0, i32 0"   --->   Operation 8 'specinterface' 'specinterface_ln0' <Predicate = true> <Delay = 0.00>
ST_1 : Operation 9 [1/1] (0.00ns)   --->   "%size_read = read i128 @_ssdm_op_Read.ap_auto.i128, i128 %size"   --->   Operation 9 'read' 'size_read' <Predicate = true> <Delay = 0.00>
ST_1 : Operation 10 [1/1] (0.00ns)   --->   "%or_ln_read = read i128 @_ssdm_op_Read.ap_auto.i128, i128 %or_ln"   --->   Operation 10 'read' 'or_ln_read' <Predicate = true> <Delay = 0.00>
ST_1 : Operation 11 [1/1] (1.29ns)   --->   "%store_ln11 = store i1 0, i1 %addSize" [sha384Accel.cpp:11]   --->   Operation 11 'store' 'store_ln11' <Predicate = true> <Delay = 1.29>
ST_1 : Operation 12 [1/1] (1.29ns)   --->   "%store_ln14 = store i11 896, i11 %j_2" [sha384Accel.cpp:14]   --->   Operation 12 'store' 'store_ln14' <Predicate = true> <Delay = 1.29>
ST_1 : Operation 13 [1/1] (1.29ns)   --->   "%store_ln4 = store i128 %or_ln_read, i128 %counter" [sha384Accel.cpp:4]   --->   Operation 13 'store' 'store_ln4' <Predicate = true> <Delay = 1.29>
ST_1 : Operation 14 [1/1] (0.00ns)   --->   "%br_ln26 = br void %for.body19" [sha384Accel.cpp:26]   --->   Operation 14 'br' 'br_ln26' <Predicate = true> <Delay = 0.00>

State 2 <SV = 1> <Delay = 5.78>
ST_2 : Operation 15 [1/1] (0.00ns)   --->   "%counter_1 = load i128 %counter" [sha384Accel.cpp:26]   --->   Operation 15 'load' 'counter_1' <Predicate = true> <Delay = 0.00>
ST_2 : Operation 16 [1/1] (0.00ns)   --->   "%j = load i11 %j_2" [sha384Accel.cpp:26]   --->   Operation 16 'load' 'j' <Predicate = true> <Delay = 0.00>
ST_2 : Operation 17 [1/1] (1.67ns)   --->   "%icmp_ln26 = icmp_eq  i11 %j, i11 1024" [sha384Accel.cpp:26]   --->   Operation 17 'icmp' 'icmp_ln26' <Predicate = true> <Delay = 1.67> <CoreInst = "Cmp">   --->   Core 9 'Cmp' <Latency = 0> <II = 1> <Delay = 1.67> <FuncUnit> <Opcode : 'seteq' 'setne' 'setle' 'setge' 'setlt' 'setgt'> <InPorts = 2> <OutPorts = 1>
ST_2 : Operation 18 [1/1] (0.00ns)   --->   "%speclooptripcount_ln0 = speclooptripcount void @_ssdm_op_SpecLoopTripCount, i64 128, i64 128, i64 128"   --->   Operation 18 'speclooptripcount' 'speclooptripcount_ln0' <Predicate = true> <Delay = 0.00>
ST_2 : Operation 19 [1/1] (0.00ns)   --->   "%br_ln26 = br i1 %icmp_ln26, void %for.body19.split, void %VITIS_LOOP_46_5.loopexit2.exitStub" [sha384Accel.cpp:26]   --->   Operation 19 'br' 'br_ln26' <Predicate = true> <Delay = 0.00>
ST_2 : Operation 20 [1/1] (0.00ns)   --->   "%trunc_ln26 = trunc i11 %j" [sha384Accel.cpp:26]   --->   Operation 20 'trunc' 'trunc_ln26' <Predicate = (!icmp_ln26)> <Delay = 0.00>
ST_2 : Operation 21 [1/1] (0.00ns)   --->   "%trunc_ln4 = partselect i3 @_ssdm_op_PartSelect.i3.i11.i32.i32, i11 %j, i32 5, i32 7" [sha384Accel.cpp:4]   --->   Operation 21 'partselect' 'trunc_ln4' <Predicate = (!icmp_ln26)> <Delay = 0.00>
ST_2 : Operation 22 [1/1] (4.48ns)   --->   "%icmp_ln27 = icmp_ult  i128 %counter_1, i128 %size_read" [sha384Accel.cpp:27]   --->   Operation 22 'icmp' 'icmp_ln27' <Predicate = (!icmp_ln26)> <Delay = 4.48> <CoreInst = "Cmp">   --->   Core 9 'Cmp' <Latency = 0> <II = 1> <Delay = 4.48> <FuncUnit> <Opcode : 'seteq' 'setne' 'setle' 'setge' 'setlt' 'setgt'> <InPorts = 2> <OutPorts = 1>
ST_2 : Operation 23 [1/1] (0.00ns)   --->   "%br_ln27 = br i1 %icmp_ln27, void %if.else24, void %if.then21" [sha384Accel.cpp:27]   --->   Operation 23 'br' 'br_ln27' <Predicate = (!icmp_ln26)> <Delay = 0.00>
ST_2 : Operation 24 [1/1] (4.48ns)   --->   "%icmp_ln29 = icmp_eq  i128 %counter_1, i128 %size_read" [sha384Accel.cpp:29]   --->   Operation 24 'icmp' 'icmp_ln29' <Predicate = (!icmp_ln26 & !icmp_ln27)> <Delay = 4.48> <CoreInst = "Cmp">   --->   Core 9 'Cmp' <Latency = 0> <II = 1> <Delay = 4.48> <FuncUnit> <Opcode : 'seteq' 'setne' 'setle' 'setge' 'setlt' 'setgt'> <InPorts = 2> <OutPorts = 1>
ST_2 : Operation 25 [1/1] (0.00ns)   --->   "%br_ln29 = br i1 %icmp_ln29, void %if.else29, void %if.then26" [sha384Accel.cpp:29]   --->   Operation 25 'br' 'br_ln29' <Predicate = (!icmp_ln26 & !icmp_ln27)> <Delay = 0.00>
ST_2 : Operation 26 [1/1] (1.58ns)   --->   "%switch_ln32 = switch i5 %trunc_ln26, void %arrayidx23.case.31, i5 0, void %arrayidx23.case.0, i5 1, void %arrayidx23.case.1, i5 2, void %arrayidx23.case.2, i5 3, void %arrayidx23.case.3, i5 4, void %arrayidx23.case.4, i5 5, void %arrayidx23.case.5, i5 6, void %arrayidx23.case.6, i5 7, void %arrayidx23.case.7, i5 8, void %arrayidx23.case.8, i5 9, void %arrayidx23.case.9, i5 10, void %arrayidx23.case.10, i5 11, void %arrayidx23.case.11, i5 12, void %arrayidx23.case.12, i5 13, void %arrayidx23.case.13, i5 14, void %arrayidx23.case.14, i5 15, void %arrayidx23.case.15, i5 16, void %arrayidx23.case.16, i5 17, void %arrayidx23.case.17, i5 18, void %arrayidx23.case.18, i5 19, void %arrayidx23.case.19, i5 20, void %arrayidx23.case.20, i5 21, void %arrayidx23.case.21, i5 22, void %arrayidx23.case.22, i5 23, void %arrayidx23.case.23, i5 24, void %arrayidx23.case.24, i5 25, void %arrayidx23.case.25, i5 26, void %arrayidx23.case.26, i5 27, void %arrayidx23.case.27, i5 28, void %arrayidx23.case.28, i5 29, void %arrayidx23.case.29, i5 30, void %arrayidx23.case.30" [sha384Accel.cpp:32]   --->   Operation 26 'switch' 'switch_ln32' <Predicate = (!icmp_ln26 & !icmp_ln27 & !icmp_ln29)> <Delay = 1.58>
ST_2 : Operation 27 [1/1] (0.00ns)   --->   "%br_ln32 = br void %arrayidx23.exit" [sha384Accel.cpp:32]   --->   Operation 27 'br' 'br_ln32' <Predicate = (!icmp_ln26 & !icmp_ln27 & !icmp_ln29 & trunc_ln26 == 30)> <Delay = 0.00>
ST_2 : Operation 28 [1/1] (0.00ns)   --->   "%br_ln32 = br void %arrayidx23.exit" [sha384Accel.cpp:32]   --->   Operation 28 'br' 'br_ln32' <Predicate = (!icmp_ln26 & !icmp_ln27 & !icmp_ln29 & trunc_ln26 == 29)> <Delay = 0.00>
ST_2 : Operation 29 [1/1] (0.00ns)   --->   "%br_ln32 = br void %arrayidx23.exit" [sha384Accel.cpp:32]   --->   Operation 29 'br' 'br_ln32' <Predicate = (!icmp_ln26 & !icmp_ln27 & !icmp_ln29 & trunc_ln26 == 28)> <Delay = 0.00>
ST_2 : Operation 30 [1/1] (0.00ns)   --->   "%br_ln32 = br void %arrayidx23.exit" [sha384Accel.cpp:32]   --->   Operation 30 'br' 'br_ln32' <Predicate = (!icmp_ln26 & !icmp_ln27 & !icmp_ln29 & trunc_ln26 == 27)> <Delay = 0.00>
ST_2 : Operation 31 [1/1] (0.00ns)   --->   "%br_ln32 = br void %arrayidx23.exit" [sha384Accel.cpp:32]   --->   Operation 31 'br' 'br_ln32' <Predicate = (!icmp_ln26 & !icmp_ln27 & !icmp_ln29 & trunc_ln26 == 26)> <Delay = 0.00>
ST_2 : Operation 32 [1/1] (0.00ns)   --->   "%br_ln32 = br void %arrayidx23.exit" [sha384Accel.cpp:32]   --->   Operation 32 'br' 'br_ln32' <Predicate = (!icmp_ln26 & !icmp_ln27 & !icmp_ln29 & trunc_ln26 == 25)> <Delay = 0.00>
ST_2 : Operation 33 [1/1] (0.00ns)   --->   "%br_ln32 = br void %arrayidx23.exit" [sha384Accel.cpp:32]   --->   Operation 33 'br' 'br_ln32' <Predicate = (!icmp_ln26 & !icmp_ln27 & !icmp_ln29 & trunc_ln26 == 24)> <Delay = 0.00>
ST_2 : Operation 34 [1/1] (0.00ns)   --->   "%br_ln32 = br void %arrayidx23.exit" [sha384Accel.cpp:32]   --->   Operation 34 'br' 'br_ln32' <Predicate = (!icmp_ln26 & !icmp_ln27 & !icmp_ln29 & trunc_ln26 == 23)> <Delay = 0.00>
ST_2 : Operation 35 [1/1] (0.00ns)   --->   "%br_ln32 = br void %arrayidx23.exit" [sha384Accel.cpp:32]   --->   Operation 35 'br' 'br_ln32' <Predicate = (!icmp_ln26 & !icmp_ln27 & !icmp_ln29 & trunc_ln26 == 22)> <Delay = 0.00>
ST_2 : Operation 36 [1/1] (0.00ns)   --->   "%br_ln32 = br void %arrayidx23.exit" [sha384Accel.cpp:32]   --->   Operation 36 'br' 'br_ln32' <Predicate = (!icmp_ln26 & !icmp_ln27 & !icmp_ln29 & trunc_ln26 == 21)> <Delay = 0.00>
ST_2 : Operation 37 [1/1] (0.00ns)   --->   "%br_ln32 = br void %arrayidx23.exit" [sha384Accel.cpp:32]   --->   Operation 37 'br' 'br_ln32' <Predicate = (!icmp_ln26 & !icmp_ln27 & !icmp_ln29 & trunc_ln26 == 20)> <Delay = 0.00>
ST_2 : Operation 38 [1/1] (0.00ns)   --->   "%br_ln32 = br void %arrayidx23.exit" [sha384Accel.cpp:32]   --->   Operation 38 'br' 'br_ln32' <Predicate = (!icmp_ln26 & !icmp_ln27 & !icmp_ln29 & trunc_ln26 == 19)> <Delay = 0.00>
ST_2 : Operation 39 [1/1] (0.00ns)   --->   "%br_ln32 = br void %arrayidx23.exit" [sha384Accel.cpp:32]   --->   Operation 39 'br' 'br_ln32' <Predicate = (!icmp_ln26 & !icmp_ln27 & !icmp_ln29 & trunc_ln26 == 18)> <Delay = 0.00>
ST_2 : Operation 40 [1/1] (0.00ns)   --->   "%br_ln32 = br void %arrayidx23.exit" [sha384Accel.cpp:32]   --->   Operation 40 'br' 'br_ln32' <Predicate = (!icmp_ln26 & !icmp_ln27 & !icmp_ln29 & trunc_ln26 == 17)> <Delay = 0.00>
ST_2 : Operation 41 [1/1] (0.00ns)   --->   "%br_ln32 = br void %arrayidx23.exit" [sha384Accel.cpp:32]   --->   Operation 41 'br' 'br_ln32' <Predicate = (!icmp_ln26 & !icmp_ln27 & !icmp_ln29 & trunc_ln26 == 16)> <Delay = 0.00>
ST_2 : Operation 42 [1/1] (0.00ns)   --->   "%br_ln32 = br void %arrayidx23.exit" [sha384Accel.cpp:32]   --->   Operation 42 'br' 'br_ln32' <Predicate = (!icmp_ln26 & !icmp_ln27 & !icmp_ln29 & trunc_ln26 == 15)> <Delay = 0.00>
ST_2 : Operation 43 [1/1] (0.00ns)   --->   "%br_ln32 = br void %arrayidx23.exit" [sha384Accel.cpp:32]   --->   Operation 43 'br' 'br_ln32' <Predicate = (!icmp_ln26 & !icmp_ln27 & !icmp_ln29 & trunc_ln26 == 14)> <Delay = 0.00>
ST_2 : Operation 44 [1/1] (0.00ns)   --->   "%br_ln32 = br void %arrayidx23.exit" [sha384Accel.cpp:32]   --->   Operation 44 'br' 'br_ln32' <Predicate = (!icmp_ln26 & !icmp_ln27 & !icmp_ln29 & trunc_ln26 == 13)> <Delay = 0.00>
ST_2 : Operation 45 [1/1] (0.00ns)   --->   "%br_ln32 = br void %arrayidx23.exit" [sha384Accel.cpp:32]   --->   Operation 45 'br' 'br_ln32' <Predicate = (!icmp_ln26 & !icmp_ln27 & !icmp_ln29 & trunc_ln26 == 12)> <Delay = 0.00>
ST_2 : Operation 46 [1/1] (0.00ns)   --->   "%br_ln32 = br void %arrayidx23.exit" [sha384Accel.cpp:32]   --->   Operation 46 'br' 'br_ln32' <Predicate = (!icmp_ln26 & !icmp_ln27 & !icmp_ln29 & trunc_ln26 == 11)> <Delay = 0.00>
ST_2 : Operation 47 [1/1] (0.00ns)   --->   "%br_ln32 = br void %arrayidx23.exit" [sha384Accel.cpp:32]   --->   Operation 47 'br' 'br_ln32' <Predicate = (!icmp_ln26 & !icmp_ln27 & !icmp_ln29 & trunc_ln26 == 10)> <Delay = 0.00>
ST_2 : Operation 48 [1/1] (0.00ns)   --->   "%br_ln32 = br void %arrayidx23.exit" [sha384Accel.cpp:32]   --->   Operation 48 'br' 'br_ln32' <Predicate = (!icmp_ln26 & !icmp_ln27 & !icmp_ln29 & trunc_ln26 == 9)> <Delay = 0.00>
ST_2 : Operation 49 [1/1] (0.00ns)   --->   "%br_ln32 = br void %arrayidx23.exit" [sha384Accel.cpp:32]   --->   Operation 49 'br' 'br_ln32' <Predicate = (!icmp_ln26 & !icmp_ln27 & !icmp_ln29 & trunc_ln26 == 8)> <Delay = 0.00>
ST_2 : Operation 50 [1/1] (0.00ns)   --->   "%br_ln32 = br void %arrayidx23.exit" [sha384Accel.cpp:32]   --->   Operation 50 'br' 'br_ln32' <Predicate = (!icmp_ln26 & !icmp_ln27 & !icmp_ln29 & trunc_ln26 == 7)> <Delay = 0.00>
ST_2 : Operation 51 [1/1] (0.00ns)   --->   "%br_ln32 = br void %arrayidx23.exit" [sha384Accel.cpp:32]   --->   Operation 51 'br' 'br_ln32' <Predicate = (!icmp_ln26 & !icmp_ln27 & !icmp_ln29 & trunc_ln26 == 6)> <Delay = 0.00>
ST_2 : Operation 52 [1/1] (0.00ns)   --->   "%br_ln32 = br void %arrayidx23.exit" [sha384Accel.cpp:32]   --->   Operation 52 'br' 'br_ln32' <Predicate = (!icmp_ln26 & !icmp_ln27 & !icmp_ln29 & trunc_ln26 == 5)> <Delay = 0.00>
ST_2 : Operation 53 [1/1] (0.00ns)   --->   "%br_ln32 = br void %arrayidx23.exit" [sha384Accel.cpp:32]   --->   Operation 53 'br' 'br_ln32' <Predicate = (!icmp_ln26 & !icmp_ln27 & !icmp_ln29 & trunc_ln26 == 4)> <Delay = 0.00>
ST_2 : Operation 54 [1/1] (0.00ns)   --->   "%br_ln32 = br void %arrayidx23.exit" [sha384Accel.cpp:32]   --->   Operation 54 'br' 'br_ln32' <Predicate = (!icmp_ln26 & !icmp_ln27 & !icmp_ln29 & trunc_ln26 == 3)> <Delay = 0.00>
ST_2 : Operation 55 [1/1] (0.00ns)   --->   "%br_ln32 = br void %arrayidx23.exit" [sha384Accel.cpp:32]   --->   Operation 55 'br' 'br_ln32' <Predicate = (!icmp_ln26 & !icmp_ln27 & !icmp_ln29 & trunc_ln26 == 2)> <Delay = 0.00>
ST_2 : Operation 56 [1/1] (0.00ns)   --->   "%br_ln32 = br void %arrayidx23.exit" [sha384Accel.cpp:32]   --->   Operation 56 'br' 'br_ln32' <Predicate = (!icmp_ln26 & !icmp_ln27 & !icmp_ln29 & trunc_ln26 == 1)> <Delay = 0.00>
ST_2 : Operation 57 [1/1] (0.00ns)   --->   "%br_ln32 = br void %arrayidx23.exit" [sha384Accel.cpp:32]   --->   Operation 57 'br' 'br_ln32' <Predicate = (!icmp_ln26 & !icmp_ln27 & !icmp_ln29 & trunc_ln26 == 0)> <Delay = 0.00>
ST_2 : Operation 58 [1/1] (0.00ns)   --->   "%br_ln32 = br void %arrayidx23.exit" [sha384Accel.cpp:32]   --->   Operation 58 'br' 'br_ln32' <Predicate = (!icmp_ln26 & !icmp_ln27 & !icmp_ln29 & trunc_ln26 == 31)> <Delay = 0.00>
ST_2 : Operation 59 [1/1] (1.58ns)   --->   "%switch_ln30 = switch i5 %trunc_ln26, void %arrayidx23.case.31174, i5 0, void %arrayidx23.case.0143, i5 1, void %arrayidx23.case.1144, i5 2, void %arrayidx23.case.2145, i5 3, void %arrayidx23.case.3146, i5 4, void %arrayidx23.case.4147, i5 5, void %arrayidx23.case.5148, i5 6, void %arrayidx23.case.6149, i5 7, void %arrayidx23.case.7150, i5 8, void %arrayidx23.case.8151, i5 9, void %arrayidx23.case.9152, i5 10, void %arrayidx23.case.10153, i5 11, void %arrayidx23.case.11154, i5 12, void %arrayidx23.case.12155, i5 13, void %arrayidx23.case.13156, i5 14, void %arrayidx23.case.14157, i5 15, void %arrayidx23.case.15158, i5 16, void %arrayidx23.case.16159, i5 17, void %arrayidx23.case.17160, i5 18, void %arrayidx23.case.18161, i5 19, void %arrayidx23.case.19162, i5 20, void %arrayidx23.case.20163, i5 21, void %arrayidx23.case.21164, i5 22, void %arrayidx23.case.22165, i5 23, void %arrayidx23.case.23166, i5 24, void %arrayidx23.case.24167, i5 25, void %arrayidx23.case.25168, i5 26, void %arrayidx23.case.26169, i5 27, void %arrayidx23.case.27170, i5 28, void %arrayidx23.case.28171, i5 29, void %arrayidx23.case.29172, i5 30, void %arrayidx23.case.30173" [sha384Accel.cpp:30]   --->   Operation 59 'switch' 'switch_ln30' <Predicate = (!icmp_ln26 & !icmp_ln27 & icmp_ln29)> <Delay = 1.58>
ST_2 : Operation 60 [1/1] (0.00ns)   --->   "%br_ln30 = br void %arrayidx23.exit142" [sha384Accel.cpp:30]   --->   Operation 60 'br' 'br_ln30' <Predicate = (!icmp_ln26 & !icmp_ln27 & icmp_ln29 & trunc_ln26 == 30)> <Delay = 0.00>
ST_2 : Operation 61 [1/1] (0.00ns)   --->   "%br_ln30 = br void %arrayidx23.exit142" [sha384Accel.cpp:30]   --->   Operation 61 'br' 'br_ln30' <Predicate = (!icmp_ln26 & !icmp_ln27 & icmp_ln29 & trunc_ln26 == 29)> <Delay = 0.00>
ST_2 : Operation 62 [1/1] (0.00ns)   --->   "%br_ln30 = br void %arrayidx23.exit142" [sha384Accel.cpp:30]   --->   Operation 62 'br' 'br_ln30' <Predicate = (!icmp_ln26 & !icmp_ln27 & icmp_ln29 & trunc_ln26 == 28)> <Delay = 0.00>
ST_2 : Operation 63 [1/1] (0.00ns)   --->   "%br_ln30 = br void %arrayidx23.exit142" [sha384Accel.cpp:30]   --->   Operation 63 'br' 'br_ln30' <Predicate = (!icmp_ln26 & !icmp_ln27 & icmp_ln29 & trunc_ln26 == 27)> <Delay = 0.00>
ST_2 : Operation 64 [1/1] (0.00ns)   --->   "%br_ln30 = br void %arrayidx23.exit142" [sha384Accel.cpp:30]   --->   Operation 64 'br' 'br_ln30' <Predicate = (!icmp_ln26 & !icmp_ln27 & icmp_ln29 & trunc_ln26 == 26)> <Delay = 0.00>
ST_2 : Operation 65 [1/1] (0.00ns)   --->   "%br_ln30 = br void %arrayidx23.exit142" [sha384Accel.cpp:30]   --->   Operation 65 'br' 'br_ln30' <Predicate = (!icmp_ln26 & !icmp_ln27 & icmp_ln29 & trunc_ln26 == 25)> <Delay = 0.00>
ST_2 : Operation 66 [1/1] (0.00ns)   --->   "%br_ln30 = br void %arrayidx23.exit142" [sha384Accel.cpp:30]   --->   Operation 66 'br' 'br_ln30' <Predicate = (!icmp_ln26 & !icmp_ln27 & icmp_ln29 & trunc_ln26 == 24)> <Delay = 0.00>
ST_2 : Operation 67 [1/1] (0.00ns)   --->   "%br_ln30 = br void %arrayidx23.exit142" [sha384Accel.cpp:30]   --->   Operation 67 'br' 'br_ln30' <Predicate = (!icmp_ln26 & !icmp_ln27 & icmp_ln29 & trunc_ln26 == 23)> <Delay = 0.00>
ST_2 : Operation 68 [1/1] (0.00ns)   --->   "%br_ln30 = br void %arrayidx23.exit142" [sha384Accel.cpp:30]   --->   Operation 68 'br' 'br_ln30' <Predicate = (!icmp_ln26 & !icmp_ln27 & icmp_ln29 & trunc_ln26 == 22)> <Delay = 0.00>
ST_2 : Operation 69 [1/1] (0.00ns)   --->   "%br_ln30 = br void %arrayidx23.exit142" [sha384Accel.cpp:30]   --->   Operation 69 'br' 'br_ln30' <Predicate = (!icmp_ln26 & !icmp_ln27 & icmp_ln29 & trunc_ln26 == 21)> <Delay = 0.00>
ST_2 : Operation 70 [1/1] (0.00ns)   --->   "%br_ln30 = br void %arrayidx23.exit142" [sha384Accel.cpp:30]   --->   Operation 70 'br' 'br_ln30' <Predicate = (!icmp_ln26 & !icmp_ln27 & icmp_ln29 & trunc_ln26 == 20)> <Delay = 0.00>
ST_2 : Operation 71 [1/1] (0.00ns)   --->   "%br_ln30 = br void %arrayidx23.exit142" [sha384Accel.cpp:30]   --->   Operation 71 'br' 'br_ln30' <Predicate = (!icmp_ln26 & !icmp_ln27 & icmp_ln29 & trunc_ln26 == 19)> <Delay = 0.00>
ST_2 : Operation 72 [1/1] (0.00ns)   --->   "%br_ln30 = br void %arrayidx23.exit142" [sha384Accel.cpp:30]   --->   Operation 72 'br' 'br_ln30' <Predicate = (!icmp_ln26 & !icmp_ln27 & icmp_ln29 & trunc_ln26 == 18)> <Delay = 0.00>
ST_2 : Operation 73 [1/1] (0.00ns)   --->   "%br_ln30 = br void %arrayidx23.exit142" [sha384Accel.cpp:30]   --->   Operation 73 'br' 'br_ln30' <Predicate = (!icmp_ln26 & !icmp_ln27 & icmp_ln29 & trunc_ln26 == 17)> <Delay = 0.00>
ST_2 : Operation 74 [1/1] (0.00ns)   --->   "%br_ln30 = br void %arrayidx23.exit142" [sha384Accel.cpp:30]   --->   Operation 74 'br' 'br_ln30' <Predicate = (!icmp_ln26 & !icmp_ln27 & icmp_ln29 & trunc_ln26 == 16)> <Delay = 0.00>
ST_2 : Operation 75 [1/1] (0.00ns)   --->   "%br_ln30 = br void %arrayidx23.exit142" [sha384Accel.cpp:30]   --->   Operation 75 'br' 'br_ln30' <Predicate = (!icmp_ln26 & !icmp_ln27 & icmp_ln29 & trunc_ln26 == 15)> <Delay = 0.00>
ST_2 : Operation 76 [1/1] (0.00ns)   --->   "%br_ln30 = br void %arrayidx23.exit142" [sha384Accel.cpp:30]   --->   Operation 76 'br' 'br_ln30' <Predicate = (!icmp_ln26 & !icmp_ln27 & icmp_ln29 & trunc_ln26 == 14)> <Delay = 0.00>
ST_2 : Operation 77 [1/1] (0.00ns)   --->   "%br_ln30 = br void %arrayidx23.exit142" [sha384Accel.cpp:30]   --->   Operation 77 'br' 'br_ln30' <Predicate = (!icmp_ln26 & !icmp_ln27 & icmp_ln29 & trunc_ln26 == 13)> <Delay = 0.00>
ST_2 : Operation 78 [1/1] (0.00ns)   --->   "%br_ln30 = br void %arrayidx23.exit142" [sha384Accel.cpp:30]   --->   Operation 78 'br' 'br_ln30' <Predicate = (!icmp_ln26 & !icmp_ln27 & icmp_ln29 & trunc_ln26 == 12)> <Delay = 0.00>
ST_2 : Operation 79 [1/1] (0.00ns)   --->   "%br_ln30 = br void %arrayidx23.exit142" [sha384Accel.cpp:30]   --->   Operation 79 'br' 'br_ln30' <Predicate = (!icmp_ln26 & !icmp_ln27 & icmp_ln29 & trunc_ln26 == 11)> <Delay = 0.00>
ST_2 : Operation 80 [1/1] (0.00ns)   --->   "%br_ln30 = br void %arrayidx23.exit142" [sha384Accel.cpp:30]   --->   Operation 80 'br' 'br_ln30' <Predicate = (!icmp_ln26 & !icmp_ln27 & icmp_ln29 & trunc_ln26 == 10)> <Delay = 0.00>
ST_2 : Operation 81 [1/1] (0.00ns)   --->   "%br_ln30 = br void %arrayidx23.exit142" [sha384Accel.cpp:30]   --->   Operation 81 'br' 'br_ln30' <Predicate = (!icmp_ln26 & !icmp_ln27 & icmp_ln29 & trunc_ln26 == 9)> <Delay = 0.00>
ST_2 : Operation 82 [1/1] (0.00ns)   --->   "%br_ln30 = br void %arrayidx23.exit142" [sha384Accel.cpp:30]   --->   Operation 82 'br' 'br_ln30' <Predicate = (!icmp_ln26 & !icmp_ln27 & icmp_ln29 & trunc_ln26 == 8)> <Delay = 0.00>
ST_2 : Operation 83 [1/1] (0.00ns)   --->   "%br_ln30 = br void %arrayidx23.exit142" [sha384Accel.cpp:30]   --->   Operation 83 'br' 'br_ln30' <Predicate = (!icmp_ln26 & !icmp_ln27 & icmp_ln29 & trunc_ln26 == 7)> <Delay = 0.00>
ST_2 : Operation 84 [1/1] (0.00ns)   --->   "%br_ln30 = br void %arrayidx23.exit142" [sha384Accel.cpp:30]   --->   Operation 84 'br' 'br_ln30' <Predicate = (!icmp_ln26 & !icmp_ln27 & icmp_ln29 & trunc_ln26 == 6)> <Delay = 0.00>
ST_2 : Operation 85 [1/1] (0.00ns)   --->   "%br_ln30 = br void %arrayidx23.exit142" [sha384Accel.cpp:30]   --->   Operation 85 'br' 'br_ln30' <Predicate = (!icmp_ln26 & !icmp_ln27 & icmp_ln29 & trunc_ln26 == 5)> <Delay = 0.00>
ST_2 : Operation 86 [1/1] (0.00ns)   --->   "%br_ln30 = br void %arrayidx23.exit142" [sha384Accel.cpp:30]   --->   Operation 86 'br' 'br_ln30' <Predicate = (!icmp_ln26 & !icmp_ln27 & icmp_ln29 & trunc_ln26 == 4)> <Delay = 0.00>
ST_2 : Operation 87 [1/1] (0.00ns)   --->   "%br_ln30 = br void %arrayidx23.exit142" [sha384Accel.cpp:30]   --->   Operation 87 'br' 'br_ln30' <Predicate = (!icmp_ln26 & !icmp_ln27 & icmp_ln29 & trunc_ln26 == 3)> <Delay = 0.00>
ST_2 : Operation 88 [1/1] (0.00ns)   --->   "%br_ln30 = br void %arrayidx23.exit142" [sha384Accel.cpp:30]   --->   Operation 88 'br' 'br_ln30' <Predicate = (!icmp_ln26 & !icmp_ln27 & icmp_ln29 & trunc_ln26 == 2)> <Delay = 0.00>
ST_2 : Operation 89 [1/1] (0.00ns)   --->   "%br_ln30 = br void %arrayidx23.exit142" [sha384Accel.cpp:30]   --->   Operation 89 'br' 'br_ln30' <Predicate = (!icmp_ln26 & !icmp_ln27 & icmp_ln29 & trunc_ln26 == 1)> <Delay = 0.00>
ST_2 : Operation 90 [1/1] (0.00ns)   --->   "%br_ln30 = br void %arrayidx23.exit142" [sha384Accel.cpp:30]   --->   Operation 90 'br' 'br_ln30' <Predicate = (!icmp_ln26 & !icmp_ln27 & icmp_ln29 & trunc_ln26 == 0)> <Delay = 0.00>
ST_2 : Operation 91 [1/1] (0.00ns)   --->   "%br_ln30 = br void %arrayidx23.exit142" [sha384Accel.cpp:30]   --->   Operation 91 'br' 'br_ln30' <Predicate = (!icmp_ln26 & !icmp_ln27 & icmp_ln29 & trunc_ln26 == 31)> <Delay = 0.00>
ST_2 : Operation 92 [1/1] (1.58ns)   --->   "%switch_ln28 = switch i5 %trunc_ln26, void %arrayidx23.case.31207, i5 0, void %arrayidx23.case.0176, i5 1, void %arrayidx23.case.1177, i5 2, void %arrayidx23.case.2178, i5 3, void %arrayidx23.case.3179, i5 4, void %arrayidx23.case.4180, i5 5, void %arrayidx23.case.5181, i5 6, void %arrayidx23.case.6182, i5 7, void %arrayidx23.case.7183, i5 8, void %arrayidx23.case.8184, i5 9, void %arrayidx23.case.9185, i5 10, void %arrayidx23.case.10186, i5 11, void %arrayidx23.case.11187, i5 12, void %arrayidx23.case.12188, i5 13, void %arrayidx23.case.13189, i5 14, void %arrayidx23.case.14190, i5 15, void %arrayidx23.case.15191, i5 16, void %arrayidx23.case.16192, i5 17, void %arrayidx23.case.17193, i5 18, void %arrayidx23.case.18194, i5 19, void %arrayidx23.case.19195, i5 20, void %arrayidx23.case.20196, i5 21, void %arrayidx23.case.21197, i5 22, void %arrayidx23.case.22198, i5 23, void %arrayidx23.case.23199, i5 24, void %arrayidx23.case.24200, i5 25, void %arrayidx23.case.25201, i5 26, void %arrayidx23.case.26202, i5 27, void %arrayidx23.case.27203, i5 28, void %arrayidx23.case.28204, i5 29, void %arrayidx23.case.29205, i5 30, void %arrayidx23.case.30206" [sha384Accel.cpp:28]   --->   Operation 92 'switch' 'switch_ln28' <Predicate = (!icmp_ln26 & icmp_ln27)> <Delay = 1.58>
ST_2 : Operation 93 [1/1] (0.00ns)   --->   "%br_ln28 = br void %arrayidx23.exit175" [sha384Accel.cpp:28]   --->   Operation 93 'br' 'br_ln28' <Predicate = (!icmp_ln26 & icmp_ln27 & trunc_ln26 == 30)> <Delay = 0.00>
ST_2 : Operation 94 [1/1] (0.00ns)   --->   "%br_ln28 = br void %arrayidx23.exit175" [sha384Accel.cpp:28]   --->   Operation 94 'br' 'br_ln28' <Predicate = (!icmp_ln26 & icmp_ln27 & trunc_ln26 == 29)> <Delay = 0.00>
ST_2 : Operation 95 [1/1] (0.00ns)   --->   "%br_ln28 = br void %arrayidx23.exit175" [sha384Accel.cpp:28]   --->   Operation 95 'br' 'br_ln28' <Predicate = (!icmp_ln26 & icmp_ln27 & trunc_ln26 == 28)> <Delay = 0.00>
ST_2 : Operation 96 [1/1] (0.00ns)   --->   "%br_ln28 = br void %arrayidx23.exit175" [sha384Accel.cpp:28]   --->   Operation 96 'br' 'br_ln28' <Predicate = (!icmp_ln26 & icmp_ln27 & trunc_ln26 == 27)> <Delay = 0.00>
ST_2 : Operation 97 [1/1] (0.00ns)   --->   "%br_ln28 = br void %arrayidx23.exit175" [sha384Accel.cpp:28]   --->   Operation 97 'br' 'br_ln28' <Predicate = (!icmp_ln26 & icmp_ln27 & trunc_ln26 == 26)> <Delay = 0.00>
ST_2 : Operation 98 [1/1] (0.00ns)   --->   "%br_ln28 = br void %arrayidx23.exit175" [sha384Accel.cpp:28]   --->   Operation 98 'br' 'br_ln28' <Predicate = (!icmp_ln26 & icmp_ln27 & trunc_ln26 == 25)> <Delay = 0.00>
ST_2 : Operation 99 [1/1] (0.00ns)   --->   "%br_ln28 = br void %arrayidx23.exit175" [sha384Accel.cpp:28]   --->   Operation 99 'br' 'br_ln28' <Predicate = (!icmp_ln26 & icmp_ln27 & trunc_ln26 == 24)> <Delay = 0.00>
ST_2 : Operation 100 [1/1] (0.00ns)   --->   "%br_ln28 = br void %arrayidx23.exit175" [sha384Accel.cpp:28]   --->   Operation 100 'br' 'br_ln28' <Predicate = (!icmp_ln26 & icmp_ln27 & trunc_ln26 == 23)> <Delay = 0.00>
ST_2 : Operation 101 [1/1] (0.00ns)   --->   "%br_ln28 = br void %arrayidx23.exit175" [sha384Accel.cpp:28]   --->   Operation 101 'br' 'br_ln28' <Predicate = (!icmp_ln26 & icmp_ln27 & trunc_ln26 == 22)> <Delay = 0.00>
ST_2 : Operation 102 [1/1] (0.00ns)   --->   "%br_ln28 = br void %arrayidx23.exit175" [sha384Accel.cpp:28]   --->   Operation 102 'br' 'br_ln28' <Predicate = (!icmp_ln26 & icmp_ln27 & trunc_ln26 == 21)> <Delay = 0.00>
ST_2 : Operation 103 [1/1] (0.00ns)   --->   "%br_ln28 = br void %arrayidx23.exit175" [sha384Accel.cpp:28]   --->   Operation 103 'br' 'br_ln28' <Predicate = (!icmp_ln26 & icmp_ln27 & trunc_ln26 == 20)> <Delay = 0.00>
ST_2 : Operation 104 [1/1] (0.00ns)   --->   "%br_ln28 = br void %arrayidx23.exit175" [sha384Accel.cpp:28]   --->   Operation 104 'br' 'br_ln28' <Predicate = (!icmp_ln26 & icmp_ln27 & trunc_ln26 == 19)> <Delay = 0.00>
ST_2 : Operation 105 [1/1] (0.00ns)   --->   "%br_ln28 = br void %arrayidx23.exit175" [sha384Accel.cpp:28]   --->   Operation 105 'br' 'br_ln28' <Predicate = (!icmp_ln26 & icmp_ln27 & trunc_ln26 == 18)> <Delay = 0.00>
ST_2 : Operation 106 [1/1] (0.00ns)   --->   "%br_ln28 = br void %arrayidx23.exit175" [sha384Accel.cpp:28]   --->   Operation 106 'br' 'br_ln28' <Predicate = (!icmp_ln26 & icmp_ln27 & trunc_ln26 == 17)> <Delay = 0.00>
ST_2 : Operation 107 [1/1] (0.00ns)   --->   "%br_ln28 = br void %arrayidx23.exit175" [sha384Accel.cpp:28]   --->   Operation 107 'br' 'br_ln28' <Predicate = (!icmp_ln26 & icmp_ln27 & trunc_ln26 == 16)> <Delay = 0.00>
ST_2 : Operation 108 [1/1] (0.00ns)   --->   "%br_ln28 = br void %arrayidx23.exit175" [sha384Accel.cpp:28]   --->   Operation 108 'br' 'br_ln28' <Predicate = (!icmp_ln26 & icmp_ln27 & trunc_ln26 == 15)> <Delay = 0.00>
ST_2 : Operation 109 [1/1] (0.00ns)   --->   "%br_ln28 = br void %arrayidx23.exit175" [sha384Accel.cpp:28]   --->   Operation 109 'br' 'br_ln28' <Predicate = (!icmp_ln26 & icmp_ln27 & trunc_ln26 == 14)> <Delay = 0.00>
ST_2 : Operation 110 [1/1] (0.00ns)   --->   "%br_ln28 = br void %arrayidx23.exit175" [sha384Accel.cpp:28]   --->   Operation 110 'br' 'br_ln28' <Predicate = (!icmp_ln26 & icmp_ln27 & trunc_ln26 == 13)> <Delay = 0.00>
ST_2 : Operation 111 [1/1] (0.00ns)   --->   "%br_ln28 = br void %arrayidx23.exit175" [sha384Accel.cpp:28]   --->   Operation 111 'br' 'br_ln28' <Predicate = (!icmp_ln26 & icmp_ln27 & trunc_ln26 == 12)> <Delay = 0.00>
ST_2 : Operation 112 [1/1] (0.00ns)   --->   "%br_ln28 = br void %arrayidx23.exit175" [sha384Accel.cpp:28]   --->   Operation 112 'br' 'br_ln28' <Predicate = (!icmp_ln26 & icmp_ln27 & trunc_ln26 == 11)> <Delay = 0.00>
ST_2 : Operation 113 [1/1] (0.00ns)   --->   "%br_ln28 = br void %arrayidx23.exit175" [sha384Accel.cpp:28]   --->   Operation 113 'br' 'br_ln28' <Predicate = (!icmp_ln26 & icmp_ln27 & trunc_ln26 == 10)> <Delay = 0.00>
ST_2 : Operation 114 [1/1] (0.00ns)   --->   "%br_ln28 = br void %arrayidx23.exit175" [sha384Accel.cpp:28]   --->   Operation 114 'br' 'br_ln28' <Predicate = (!icmp_ln26 & icmp_ln27 & trunc_ln26 == 9)> <Delay = 0.00>
ST_2 : Operation 115 [1/1] (0.00ns)   --->   "%br_ln28 = br void %arrayidx23.exit175" [sha384Accel.cpp:28]   --->   Operation 115 'br' 'br_ln28' <Predicate = (!icmp_ln26 & icmp_ln27 & trunc_ln26 == 8)> <Delay = 0.00>
ST_2 : Operation 116 [1/1] (0.00ns)   --->   "%br_ln28 = br void %arrayidx23.exit175" [sha384Accel.cpp:28]   --->   Operation 116 'br' 'br_ln28' <Predicate = (!icmp_ln26 & icmp_ln27 & trunc_ln26 == 7)> <Delay = 0.00>
ST_2 : Operation 117 [1/1] (0.00ns)   --->   "%br_ln28 = br void %arrayidx23.exit175" [sha384Accel.cpp:28]   --->   Operation 117 'br' 'br_ln28' <Predicate = (!icmp_ln26 & icmp_ln27 & trunc_ln26 == 6)> <Delay = 0.00>
ST_2 : Operation 118 [1/1] (0.00ns)   --->   "%br_ln28 = br void %arrayidx23.exit175" [sha384Accel.cpp:28]   --->   Operation 118 'br' 'br_ln28' <Predicate = (!icmp_ln26 & icmp_ln27 & trunc_ln26 == 5)> <Delay = 0.00>
ST_2 : Operation 119 [1/1] (0.00ns)   --->   "%br_ln28 = br void %arrayidx23.exit175" [sha384Accel.cpp:28]   --->   Operation 119 'br' 'br_ln28' <Predicate = (!icmp_ln26 & icmp_ln27 & trunc_ln26 == 4)> <Delay = 0.00>
ST_2 : Operation 120 [1/1] (0.00ns)   --->   "%br_ln28 = br void %arrayidx23.exit175" [sha384Accel.cpp:28]   --->   Operation 120 'br' 'br_ln28' <Predicate = (!icmp_ln26 & icmp_ln27 & trunc_ln26 == 3)> <Delay = 0.00>
ST_2 : Operation 121 [1/1] (0.00ns)   --->   "%br_ln28 = br void %arrayidx23.exit175" [sha384Accel.cpp:28]   --->   Operation 121 'br' 'br_ln28' <Predicate = (!icmp_ln26 & icmp_ln27 & trunc_ln26 == 2)> <Delay = 0.00>
ST_2 : Operation 122 [1/1] (0.00ns)   --->   "%br_ln28 = br void %arrayidx23.exit175" [sha384Accel.cpp:28]   --->   Operation 122 'br' 'br_ln28' <Predicate = (!icmp_ln26 & icmp_ln27 & trunc_ln26 == 1)> <Delay = 0.00>
ST_2 : Operation 123 [1/1] (0.00ns)   --->   "%br_ln28 = br void %arrayidx23.exit175" [sha384Accel.cpp:28]   --->   Operation 123 'br' 'br_ln28' <Predicate = (!icmp_ln26 & icmp_ln27 & trunc_ln26 == 0)> <Delay = 0.00>
ST_2 : Operation 124 [1/1] (0.00ns)   --->   "%br_ln28 = br void %arrayidx23.exit175" [sha384Accel.cpp:28]   --->   Operation 124 'br' 'br_ln28' <Predicate = (!icmp_ln26 & icmp_ln27 & trunc_ln26 == 31)> <Delay = 0.00>
ST_2 : Operation 125 [1/1] (1.67ns)   --->   "%add_ln26 = add i11 %j, i11 1" [sha384Accel.cpp:26]   --->   Operation 125 'add' 'add_ln26' <Predicate = (!icmp_ln26)> <Delay = 1.67> <CoreInst = "Adder">   --->   Core 1 'Adder' <Latency = 0> <II = 1> <Delay = 1.67> <FuncUnit> <Opcode : 'add' 'sub'> <InPorts = 2> <OutPorts = 1>
ST_2 : Operation 126 [1/1] (4.48ns)   --->   "%counter_2 = add i128 %counter_1, i128 1" [sha384Accel.cpp:26]   --->   Operation 126 'add' 'counter_2' <Predicate = (!icmp_ln26)> <Delay = 4.48> <CoreInst = "Adder">   --->   Core 1 'Adder' <Latency = 0> <II = 1> <Delay = 4.48> <FuncUnit> <Opcode : 'add' 'sub'> <InPorts = 2> <OutPorts = 1>
ST_2 : Operation 127 [1/1] (1.29ns)   --->   "%store_ln14 = store i11 %add_ln26, i11 %j_2" [sha384Accel.cpp:14]   --->   Operation 127 'store' 'store_ln14' <Predicate = (!icmp_ln26)> <Delay = 1.29>
ST_2 : Operation 128 [1/1] (1.29ns)   --->   "%store_ln4 = store i128 %counter_2, i128 %counter" [sha384Accel.cpp:4]   --->   Operation 128 'store' 'store_ln4' <Predicate = (!icmp_ln26)> <Delay = 1.29>
ST_2 : Operation 129 [1/1] (0.00ns)   --->   "%br_ln26 = br void %for.body19" [sha384Accel.cpp:26]   --->   Operation 129 'br' 'br_ln26' <Predicate = (!icmp_ln26)> <Delay = 0.00>
ST_2 : Operation 267 [1/1] (0.00ns)   --->   "%addSize_load = load i1 %addSize"   --->   Operation 267 'load' 'addSize_load' <Predicate = (icmp_ln26)> <Delay = 0.00>
ST_2 : Operation 268 [1/1] (0.00ns)   --->   "%write_ln0 = write void @_ssdm_op_Write.ap_auto.i1P0A, i1 %addSize_2_out, i1 %addSize_load"   --->   Operation 268 'write' 'write_ln0' <Predicate = (icmp_ln26)> <Delay = 0.00>
ST_2 : Operation 269 [1/1] (1.29ns)   --->   "%ret_ln0 = ret"   --->   Operation 269 'ret' 'ret_ln0' <Predicate = (icmp_ln26)> <Delay = 1.29>

State 3 <SV = 2> <Delay = 5.01>
ST_3 : Operation 130 [1/1] (0.00ns)   --->   "%specpipeline_ln4 = specpipeline void @_ssdm_op_SpecPipeline, i32 4294967295, i32 0, i32 0, i32 0, void @empty" [sha384Accel.cpp:4]   --->   Operation 130 'specpipeline' 'specpipeline_ln4' <Predicate = true> <Delay = 0.00>
ST_3 : Operation 131 [1/1] (0.00ns)   --->   "%specloopname_ln26 = specloopname void @_ssdm_op_SpecLoopName, void @empty_4" [sha384Accel.cpp:26]   --->   Operation 131 'specloopname' 'specloopname_ln26' <Predicate = true> <Delay = 0.00>
ST_3 : Operation 132 [1/1] (0.00ns)   --->   "%sext_ln4 = sext i3 %trunc_ln4" [sha384Accel.cpp:4]   --->   Operation 132 'sext' 'sext_ln4' <Predicate = true> <Delay = 0.00>
ST_3 : Operation 133 [1/1] (0.00ns)   --->   "%zext_ln4 = zext i5 %sext_ln4" [sha384Accel.cpp:4]   --->   Operation 133 'zext' 'zext_ln4' <Predicate = true> <Delay = 0.00>
ST_3 : Operation 134 [1/1] (0.00ns)   --->   "%buffer_addr = getelementptr i1 %buffer_r, i64 0, i64 %zext_ln4" [sha384Accel.cpp:28]   --->   Operation 134 'getelementptr' 'buffer_addr' <Predicate = true> <Delay = 0.00>
ST_3 : Operation 135 [1/1] (0.00ns)   --->   "%buffer_1_addr = getelementptr i1 %buffer_1, i64 0, i64 %zext_ln4" [sha384Accel.cpp:28]   --->   Operation 135 'getelementptr' 'buffer_1_addr' <Predicate = true> <Delay = 0.00>
ST_3 : Operation 136 [1/1] (0.00ns)   --->   "%buffer_2_addr = getelementptr i1 %buffer_2, i64 0, i64 %zext_ln4" [sha384Accel.cpp:28]   --->   Operation 136 'getelementptr' 'buffer_2_addr' <Predicate = true> <Delay = 0.00>
ST_3 : Operation 137 [1/1] (0.00ns)   --->   "%buffer_3_addr = getelementptr i1 %buffer_3, i64 0, i64 %zext_ln4" [sha384Accel.cpp:28]   --->   Operation 137 'getelementptr' 'buffer_3_addr' <Predicate = true> <Delay = 0.00>
ST_3 : Operation 138 [1/1] (0.00ns)   --->   "%buffer_4_addr = getelementptr i1 %buffer_4, i64 0, i64 %zext_ln4" [sha384Accel.cpp:28]   --->   Operation 138 'getelementptr' 'buffer_4_addr' <Predicate = true> <Delay = 0.00>
ST_3 : Operation 139 [1/1] (0.00ns)   --->   "%buffer_5_addr = getelementptr i1 %buffer_5, i64 0, i64 %zext_ln4" [sha384Accel.cpp:28]   --->   Operation 139 'getelementptr' 'buffer_5_addr' <Predicate = true> <Delay = 0.00>
ST_3 : Operation 140 [1/1] (0.00ns)   --->   "%buffer_6_addr = getelementptr i1 %buffer_6, i64 0, i64 %zext_ln4" [sha384Accel.cpp:28]   --->   Operation 140 'getelementptr' 'buffer_6_addr' <Predicate = true> <Delay = 0.00>
ST_3 : Operation 141 [1/1] (0.00ns)   --->   "%buffer_7_addr = getelementptr i1 %buffer_7, i64 0, i64 %zext_ln4" [sha384Accel.cpp:28]   --->   Operation 141 'getelementptr' 'buffer_7_addr' <Predicate = true> <Delay = 0.00>
ST_3 : Operation 142 [1/1] (0.00ns)   --->   "%buffer_8_addr = getelementptr i1 %buffer_8, i64 0, i64 %zext_ln4" [sha384Accel.cpp:28]   --->   Operation 142 'getelementptr' 'buffer_8_addr' <Predicate = true> <Delay = 0.00>
ST_3 : Operation 143 [1/1] (0.00ns)   --->   "%buffer_9_addr = getelementptr i1 %buffer_9, i64 0, i64 %zext_ln4" [sha384Accel.cpp:28]   --->   Operation 143 'getelementptr' 'buffer_9_addr' <Predicate = true> <Delay = 0.00>
ST_3 : Operation 144 [1/1] (0.00ns)   --->   "%buffer_10_addr = getelementptr i1 %buffer_10, i64 0, i64 %zext_ln4" [sha384Accel.cpp:28]   --->   Operation 144 'getelementptr' 'buffer_10_addr' <Predicate = true> <Delay = 0.00>
ST_3 : Operation 145 [1/1] (0.00ns)   --->   "%buffer_11_addr = getelementptr i1 %buffer_11, i64 0, i64 %zext_ln4" [sha384Accel.cpp:28]   --->   Operation 145 'getelementptr' 'buffer_11_addr' <Predicate = true> <Delay = 0.00>
ST_3 : Operation 146 [1/1] (0.00ns)   --->   "%buffer_12_addr = getelementptr i1 %buffer_12, i64 0, i64 %zext_ln4" [sha384Accel.cpp:28]   --->   Operation 146 'getelementptr' 'buffer_12_addr' <Predicate = true> <Delay = 0.00>
ST_3 : Operation 147 [1/1] (0.00ns)   --->   "%buffer_13_addr = getelementptr i1 %buffer_13, i64 0, i64 %zext_ln4" [sha384Accel.cpp:28]   --->   Operation 147 'getelementptr' 'buffer_13_addr' <Predicate = true> <Delay = 0.00>
ST_3 : Operation 148 [1/1] (0.00ns)   --->   "%buffer_14_addr = getelementptr i1 %buffer_14, i64 0, i64 %zext_ln4" [sha384Accel.cpp:28]   --->   Operation 148 'getelementptr' 'buffer_14_addr' <Predicate = true> <Delay = 0.00>
ST_3 : Operation 149 [1/1] (0.00ns)   --->   "%buffer_15_addr = getelementptr i1 %buffer_15, i64 0, i64 %zext_ln4" [sha384Accel.cpp:28]   --->   Operation 149 'getelementptr' 'buffer_15_addr' <Predicate = true> <Delay = 0.00>
ST_3 : Operation 150 [1/1] (0.00ns)   --->   "%buffer_16_addr = getelementptr i1 %buffer_16, i64 0, i64 %zext_ln4" [sha384Accel.cpp:28]   --->   Operation 150 'getelementptr' 'buffer_16_addr' <Predicate = true> <Delay = 0.00>
ST_3 : Operation 151 [1/1] (0.00ns)   --->   "%buffer_17_addr = getelementptr i1 %buffer_17, i64 0, i64 %zext_ln4" [sha384Accel.cpp:28]   --->   Operation 151 'getelementptr' 'buffer_17_addr' <Predicate = true> <Delay = 0.00>
ST_3 : Operation 152 [1/1] (0.00ns)   --->   "%buffer_18_addr = getelementptr i1 %buffer_18, i64 0, i64 %zext_ln4" [sha384Accel.cpp:28]   --->   Operation 152 'getelementptr' 'buffer_18_addr' <Predicate = true> <Delay = 0.00>
ST_3 : Operation 153 [1/1] (0.00ns)   --->   "%buffer_19_addr = getelementptr i1 %buffer_19, i64 0, i64 %zext_ln4" [sha384Accel.cpp:28]   --->   Operation 153 'getelementptr' 'buffer_19_addr' <Predicate = true> <Delay = 0.00>
ST_3 : Operation 154 [1/1] (0.00ns)   --->   "%buffer_20_addr = getelementptr i1 %buffer_20, i64 0, i64 %zext_ln4" [sha384Accel.cpp:28]   --->   Operation 154 'getelementptr' 'buffer_20_addr' <Predicate = true> <Delay = 0.00>
ST_3 : Operation 155 [1/1] (0.00ns)   --->   "%buffer_21_addr = getelementptr i1 %buffer_21, i64 0, i64 %zext_ln4" [sha384Accel.cpp:28]   --->   Operation 155 'getelementptr' 'buffer_21_addr' <Predicate = true> <Delay = 0.00>
ST_3 : Operation 156 [1/1] (0.00ns)   --->   "%buffer_22_addr = getelementptr i1 %buffer_22, i64 0, i64 %zext_ln4" [sha384Accel.cpp:28]   --->   Operation 156 'getelementptr' 'buffer_22_addr' <Predicate = true> <Delay = 0.00>
ST_3 : Operation 157 [1/1] (0.00ns)   --->   "%buffer_23_addr = getelementptr i1 %buffer_23, i64 0, i64 %zext_ln4" [sha384Accel.cpp:28]   --->   Operation 157 'getelementptr' 'buffer_23_addr' <Predicate = true> <Delay = 0.00>
ST_3 : Operation 158 [1/1] (0.00ns)   --->   "%buffer_24_addr = getelementptr i1 %buffer_24, i64 0, i64 %zext_ln4" [sha384Accel.cpp:28]   --->   Operation 158 'getelementptr' 'buffer_24_addr' <Predicate = true> <Delay = 0.00>
ST_3 : Operation 159 [1/1] (0.00ns)   --->   "%buffer_25_addr = getelementptr i1 %buffer_25, i64 0, i64 %zext_ln4" [sha384Accel.cpp:28]   --->   Operation 159 'getelementptr' 'buffer_25_addr' <Predicate = true> <Delay = 0.00>
ST_3 : Operation 160 [1/1] (0.00ns)   --->   "%buffer_26_addr = getelementptr i1 %buffer_26, i64 0, i64 %zext_ln4" [sha384Accel.cpp:28]   --->   Operation 160 'getelementptr' 'buffer_26_addr' <Predicate = true> <Delay = 0.00>
ST_3 : Operation 161 [1/1] (0.00ns)   --->   "%buffer_27_addr = getelementptr i1 %buffer_27, i64 0, i64 %zext_ln4" [sha384Accel.cpp:28]   --->   Operation 161 'getelementptr' 'buffer_27_addr' <Predicate = true> <Delay = 0.00>
ST_3 : Operation 162 [1/1] (0.00ns)   --->   "%buffer_28_addr = getelementptr i1 %buffer_28, i64 0, i64 %zext_ln4" [sha384Accel.cpp:28]   --->   Operation 162 'getelementptr' 'buffer_28_addr' <Predicate = true> <Delay = 0.00>
ST_3 : Operation 163 [1/1] (0.00ns)   --->   "%buffer_29_addr = getelementptr i1 %buffer_29, i64 0, i64 %zext_ln4" [sha384Accel.cpp:28]   --->   Operation 163 'getelementptr' 'buffer_29_addr' <Predicate = true> <Delay = 0.00>
ST_3 : Operation 164 [1/1] (0.00ns)   --->   "%buffer_30_addr = getelementptr i1 %buffer_30, i64 0, i64 %zext_ln4" [sha384Accel.cpp:28]   --->   Operation 164 'getelementptr' 'buffer_30_addr' <Predicate = true> <Delay = 0.00>
ST_3 : Operation 165 [1/1] (0.00ns)   --->   "%buffer_31_addr = getelementptr i1 %buffer_31, i64 0, i64 %zext_ln4" [sha384Accel.cpp:28]   --->   Operation 165 'getelementptr' 'buffer_31_addr' <Predicate = true> <Delay = 0.00>
ST_3 : Operation 166 [1/1] ( I:1.76ns O:1.76ns )   --->   "%store_ln32 = store i1 0, i5 %buffer_30_addr" [sha384Accel.cpp:32]   --->   Operation 166 'store' 'store_ln32' <Predicate = (!icmp_ln27 & !icmp_ln29 & trunc_ln26 == 30)> <Delay = 1.76> <CoreInst = "RAM">   --->   Core 81 'RAM' <Latency = 1> <II = 1> <Delay = 1.76> <Storage> <Opcode : 'load' 'store'> <Ports = 2> <Width = 1> <Depth = 32> <RAM>
ST_3 : Operation 167 [1/1] ( I:1.76ns O:1.76ns )   --->   "%store_ln32 = store i1 0, i5 %buffer_29_addr" [sha384Accel.cpp:32]   --->   Operation 167 'store' 'store_ln32' <Predicate = (!icmp_ln27 & !icmp_ln29 & trunc_ln26 == 29)> <Delay = 1.76> <CoreInst = "RAM">   --->   Core 81 'RAM' <Latency = 1> <II = 1> <Delay = 1.76> <Storage> <Opcode : 'load' 'store'> <Ports = 2> <Width = 1> <Depth = 32> <RAM>
ST_3 : Operation 168 [1/1] ( I:1.76ns O:1.76ns )   --->   "%store_ln32 = store i1 0, i5 %buffer_28_addr" [sha384Accel.cpp:32]   --->   Operation 168 'store' 'store_ln32' <Predicate = (!icmp_ln27 & !icmp_ln29 & trunc_ln26 == 28)> <Delay = 1.76> <CoreInst = "RAM">   --->   Core 81 'RAM' <Latency = 1> <II = 1> <Delay = 1.76> <Storage> <Opcode : 'load' 'store'> <Ports = 2> <Width = 1> <Depth = 32> <RAM>
ST_3 : Operation 169 [1/1] ( I:1.76ns O:1.76ns )   --->   "%store_ln32 = store i1 0, i5 %buffer_27_addr" [sha384Accel.cpp:32]   --->   Operation 169 'store' 'store_ln32' <Predicate = (!icmp_ln27 & !icmp_ln29 & trunc_ln26 == 27)> <Delay = 1.76> <CoreInst = "RAM">   --->   Core 81 'RAM' <Latency = 1> <II = 1> <Delay = 1.76> <Storage> <Opcode : 'load' 'store'> <Ports = 2> <Width = 1> <Depth = 32> <RAM>
ST_3 : Operation 170 [1/1] ( I:1.76ns O:1.76ns )   --->   "%store_ln32 = store i1 0, i5 %buffer_26_addr" [sha384Accel.cpp:32]   --->   Operation 170 'store' 'store_ln32' <Predicate = (!icmp_ln27 & !icmp_ln29 & trunc_ln26 == 26)> <Delay = 1.76> <CoreInst = "RAM">   --->   Core 81 'RAM' <Latency = 1> <II = 1> <Delay = 1.76> <Storage> <Opcode : 'load' 'store'> <Ports = 2> <Width = 1> <Depth = 32> <RAM>
ST_3 : Operation 171 [1/1] ( I:1.76ns O:1.76ns )   --->   "%store_ln32 = store i1 0, i5 %buffer_25_addr" [sha384Accel.cpp:32]   --->   Operation 171 'store' 'store_ln32' <Predicate = (!icmp_ln27 & !icmp_ln29 & trunc_ln26 == 25)> <Delay = 1.76> <CoreInst = "RAM">   --->   Core 81 'RAM' <Latency = 1> <II = 1> <Delay = 1.76> <Storage> <Opcode : 'load' 'store'> <Ports = 2> <Width = 1> <Depth = 32> <RAM>
ST_3 : Operation 172 [1/1] ( I:1.76ns O:1.76ns )   --->   "%store_ln32 = store i1 0, i5 %buffer_24_addr" [sha384Accel.cpp:32]   --->   Operation 172 'store' 'store_ln32' <Predicate = (!icmp_ln27 & !icmp_ln29 & trunc_ln26 == 24)> <Delay = 1.76> <CoreInst = "RAM">   --->   Core 81 'RAM' <Latency = 1> <II = 1> <Delay = 1.76> <Storage> <Opcode : 'load' 'store'> <Ports = 2> <Width = 1> <Depth = 32> <RAM>
ST_3 : Operation 173 [1/1] ( I:1.76ns O:1.76ns )   --->   "%store_ln32 = store i1 0, i5 %buffer_23_addr" [sha384Accel.cpp:32]   --->   Operation 173 'store' 'store_ln32' <Predicate = (!icmp_ln27 & !icmp_ln29 & trunc_ln26 == 23)> <Delay = 1.76> <CoreInst = "RAM">   --->   Core 81 'RAM' <Latency = 1> <II = 1> <Delay = 1.76> <Storage> <Opcode : 'load' 'store'> <Ports = 2> <Width = 1> <Depth = 32> <RAM>
ST_3 : Operation 174 [1/1] ( I:1.76ns O:1.76ns )   --->   "%store_ln32 = store i1 0, i5 %buffer_22_addr" [sha384Accel.cpp:32]   --->   Operation 174 'store' 'store_ln32' <Predicate = (!icmp_ln27 & !icmp_ln29 & trunc_ln26 == 22)> <Delay = 1.76> <CoreInst = "RAM">   --->   Core 81 'RAM' <Latency = 1> <II = 1> <Delay = 1.76> <Storage> <Opcode : 'load' 'store'> <Ports = 2> <Width = 1> <Depth = 32> <RAM>
ST_3 : Operation 175 [1/1] ( I:1.76ns O:1.76ns )   --->   "%store_ln32 = store i1 0, i5 %buffer_21_addr" [sha384Accel.cpp:32]   --->   Operation 175 'store' 'store_ln32' <Predicate = (!icmp_ln27 & !icmp_ln29 & trunc_ln26 == 21)> <Delay = 1.76> <CoreInst = "RAM">   --->   Core 81 'RAM' <Latency = 1> <II = 1> <Delay = 1.76> <Storage> <Opcode : 'load' 'store'> <Ports = 2> <Width = 1> <Depth = 32> <RAM>
ST_3 : Operation 176 [1/1] ( I:1.76ns O:1.76ns )   --->   "%store_ln32 = store i1 0, i5 %buffer_20_addr" [sha384Accel.cpp:32]   --->   Operation 176 'store' 'store_ln32' <Predicate = (!icmp_ln27 & !icmp_ln29 & trunc_ln26 == 20)> <Delay = 1.76> <CoreInst = "RAM">   --->   Core 81 'RAM' <Latency = 1> <II = 1> <Delay = 1.76> <Storage> <Opcode : 'load' 'store'> <Ports = 2> <Width = 1> <Depth = 32> <RAM>
ST_3 : Operation 177 [1/1] ( I:1.76ns O:1.76ns )   --->   "%store_ln32 = store i1 0, i5 %buffer_19_addr" [sha384Accel.cpp:32]   --->   Operation 177 'store' 'store_ln32' <Predicate = (!icmp_ln27 & !icmp_ln29 & trunc_ln26 == 19)> <Delay = 1.76> <CoreInst = "RAM">   --->   Core 81 'RAM' <Latency = 1> <II = 1> <Delay = 1.76> <Storage> <Opcode : 'load' 'store'> <Ports = 2> <Width = 1> <Depth = 32> <RAM>
ST_3 : Operation 178 [1/1] ( I:1.76ns O:1.76ns )   --->   "%store_ln32 = store i1 0, i5 %buffer_18_addr" [sha384Accel.cpp:32]   --->   Operation 178 'store' 'store_ln32' <Predicate = (!icmp_ln27 & !icmp_ln29 & trunc_ln26 == 18)> <Delay = 1.76> <CoreInst = "RAM">   --->   Core 81 'RAM' <Latency = 1> <II = 1> <Delay = 1.76> <Storage> <Opcode : 'load' 'store'> <Ports = 2> <Width = 1> <Depth = 32> <RAM>
ST_3 : Operation 179 [1/1] ( I:1.76ns O:1.76ns )   --->   "%store_ln32 = store i1 0, i5 %buffer_17_addr" [sha384Accel.cpp:32]   --->   Operation 179 'store' 'store_ln32' <Predicate = (!icmp_ln27 & !icmp_ln29 & trunc_ln26 == 17)> <Delay = 1.76> <CoreInst = "RAM">   --->   Core 81 'RAM' <Latency = 1> <II = 1> <Delay = 1.76> <Storage> <Opcode : 'load' 'store'> <Ports = 2> <Width = 1> <Depth = 32> <RAM>
ST_3 : Operation 180 [1/1] ( I:1.76ns O:1.76ns )   --->   "%store_ln32 = store i1 0, i5 %buffer_16_addr" [sha384Accel.cpp:32]   --->   Operation 180 'store' 'store_ln32' <Predicate = (!icmp_ln27 & !icmp_ln29 & trunc_ln26 == 16)> <Delay = 1.76> <CoreInst = "RAM">   --->   Core 81 'RAM' <Latency = 1> <II = 1> <Delay = 1.76> <Storage> <Opcode : 'load' 'store'> <Ports = 2> <Width = 1> <Depth = 32> <RAM>
ST_3 : Operation 181 [1/1] ( I:1.76ns O:1.76ns )   --->   "%store_ln32 = store i1 0, i5 %buffer_15_addr" [sha384Accel.cpp:32]   --->   Operation 181 'store' 'store_ln32' <Predicate = (!icmp_ln27 & !icmp_ln29 & trunc_ln26 == 15)> <Delay = 1.76> <CoreInst = "RAM">   --->   Core 81 'RAM' <Latency = 1> <II = 1> <Delay = 1.76> <Storage> <Opcode : 'load' 'store'> <Ports = 2> <Width = 1> <Depth = 32> <RAM>
ST_3 : Operation 182 [1/1] ( I:1.76ns O:1.76ns )   --->   "%store_ln32 = store i1 0, i5 %buffer_14_addr" [sha384Accel.cpp:32]   --->   Operation 182 'store' 'store_ln32' <Predicate = (!icmp_ln27 & !icmp_ln29 & trunc_ln26 == 14)> <Delay = 1.76> <CoreInst = "RAM">   --->   Core 81 'RAM' <Latency = 1> <II = 1> <Delay = 1.76> <Storage> <Opcode : 'load' 'store'> <Ports = 2> <Width = 1> <Depth = 32> <RAM>
ST_3 : Operation 183 [1/1] ( I:1.76ns O:1.76ns )   --->   "%store_ln32 = store i1 0, i5 %buffer_13_addr" [sha384Accel.cpp:32]   --->   Operation 183 'store' 'store_ln32' <Predicate = (!icmp_ln27 & !icmp_ln29 & trunc_ln26 == 13)> <Delay = 1.76> <CoreInst = "RAM">   --->   Core 81 'RAM' <Latency = 1> <II = 1> <Delay = 1.76> <Storage> <Opcode : 'load' 'store'> <Ports = 2> <Width = 1> <Depth = 32> <RAM>
ST_3 : Operation 184 [1/1] ( I:1.76ns O:1.76ns )   --->   "%store_ln32 = store i1 0, i5 %buffer_12_addr" [sha384Accel.cpp:32]   --->   Operation 184 'store' 'store_ln32' <Predicate = (!icmp_ln27 & !icmp_ln29 & trunc_ln26 == 12)> <Delay = 1.76> <CoreInst = "RAM">   --->   Core 81 'RAM' <Latency = 1> <II = 1> <Delay = 1.76> <Storage> <Opcode : 'load' 'store'> <Ports = 2> <Width = 1> <Depth = 32> <RAM>
ST_3 : Operation 185 [1/1] ( I:1.76ns O:1.76ns )   --->   "%store_ln32 = store i1 0, i5 %buffer_11_addr" [sha384Accel.cpp:32]   --->   Operation 185 'store' 'store_ln32' <Predicate = (!icmp_ln27 & !icmp_ln29 & trunc_ln26 == 11)> <Delay = 1.76> <CoreInst = "RAM">   --->   Core 81 'RAM' <Latency = 1> <II = 1> <Delay = 1.76> <Storage> <Opcode : 'load' 'store'> <Ports = 2> <Width = 1> <Depth = 32> <RAM>
ST_3 : Operation 186 [1/1] ( I:1.76ns O:1.76ns )   --->   "%store_ln32 = store i1 0, i5 %buffer_10_addr" [sha384Accel.cpp:32]   --->   Operation 186 'store' 'store_ln32' <Predicate = (!icmp_ln27 & !icmp_ln29 & trunc_ln26 == 10)> <Delay = 1.76> <CoreInst = "RAM">   --->   Core 81 'RAM' <Latency = 1> <II = 1> <Delay = 1.76> <Storage> <Opcode : 'load' 'store'> <Ports = 2> <Width = 1> <Depth = 32> <RAM>
ST_3 : Operation 187 [1/1] ( I:1.76ns O:1.76ns )   --->   "%store_ln32 = store i1 0, i5 %buffer_9_addr" [sha384Accel.cpp:32]   --->   Operation 187 'store' 'store_ln32' <Predicate = (!icmp_ln27 & !icmp_ln29 & trunc_ln26 == 9)> <Delay = 1.76> <CoreInst = "RAM">   --->   Core 81 'RAM' <Latency = 1> <II = 1> <Delay = 1.76> <Storage> <Opcode : 'load' 'store'> <Ports = 2> <Width = 1> <Depth = 32> <RAM>
ST_3 : Operation 188 [1/1] ( I:1.76ns O:1.76ns )   --->   "%store_ln32 = store i1 0, i5 %buffer_8_addr" [sha384Accel.cpp:32]   --->   Operation 188 'store' 'store_ln32' <Predicate = (!icmp_ln27 & !icmp_ln29 & trunc_ln26 == 8)> <Delay = 1.76> <CoreInst = "RAM">   --->   Core 81 'RAM' <Latency = 1> <II = 1> <Delay = 1.76> <Storage> <Opcode : 'load' 'store'> <Ports = 2> <Width = 1> <Depth = 32> <RAM>
ST_3 : Operation 189 [1/1] ( I:1.76ns O:1.76ns )   --->   "%store_ln32 = store i1 0, i5 %buffer_7_addr" [sha384Accel.cpp:32]   --->   Operation 189 'store' 'store_ln32' <Predicate = (!icmp_ln27 & !icmp_ln29 & trunc_ln26 == 7)> <Delay = 1.76> <CoreInst = "RAM">   --->   Core 81 'RAM' <Latency = 1> <II = 1> <Delay = 1.76> <Storage> <Opcode : 'load' 'store'> <Ports = 2> <Width = 1> <Depth = 32> <RAM>
ST_3 : Operation 190 [1/1] ( I:1.76ns O:1.76ns )   --->   "%store_ln32 = store i1 0, i5 %buffer_6_addr" [sha384Accel.cpp:32]   --->   Operation 190 'store' 'store_ln32' <Predicate = (!icmp_ln27 & !icmp_ln29 & trunc_ln26 == 6)> <Delay = 1.76> <CoreInst = "RAM">   --->   Core 81 'RAM' <Latency = 1> <II = 1> <Delay = 1.76> <Storage> <Opcode : 'load' 'store'> <Ports = 2> <Width = 1> <Depth = 32> <RAM>
ST_3 : Operation 191 [1/1] ( I:1.76ns O:1.76ns )   --->   "%store_ln32 = store i1 0, i5 %buffer_5_addr" [sha384Accel.cpp:32]   --->   Operation 191 'store' 'store_ln32' <Predicate = (!icmp_ln27 & !icmp_ln29 & trunc_ln26 == 5)> <Delay = 1.76> <CoreInst = "RAM">   --->   Core 81 'RAM' <Latency = 1> <II = 1> <Delay = 1.76> <Storage> <Opcode : 'load' 'store'> <Ports = 2> <Width = 1> <Depth = 32> <RAM>
ST_3 : Operation 192 [1/1] ( I:1.76ns O:1.76ns )   --->   "%store_ln32 = store i1 0, i5 %buffer_4_addr" [sha384Accel.cpp:32]   --->   Operation 192 'store' 'store_ln32' <Predicate = (!icmp_ln27 & !icmp_ln29 & trunc_ln26 == 4)> <Delay = 1.76> <CoreInst = "RAM">   --->   Core 81 'RAM' <Latency = 1> <II = 1> <Delay = 1.76> <Storage> <Opcode : 'load' 'store'> <Ports = 2> <Width = 1> <Depth = 32> <RAM>
ST_3 : Operation 193 [1/1] ( I:1.76ns O:1.76ns )   --->   "%store_ln32 = store i1 0, i5 %buffer_3_addr" [sha384Accel.cpp:32]   --->   Operation 193 'store' 'store_ln32' <Predicate = (!icmp_ln27 & !icmp_ln29 & trunc_ln26 == 3)> <Delay = 1.76> <CoreInst = "RAM">   --->   Core 81 'RAM' <Latency = 1> <II = 1> <Delay = 1.76> <Storage> <Opcode : 'load' 'store'> <Ports = 2> <Width = 1> <Depth = 32> <RAM>
ST_3 : Operation 194 [1/1] ( I:1.76ns O:1.76ns )   --->   "%store_ln32 = store i1 0, i5 %buffer_2_addr" [sha384Accel.cpp:32]   --->   Operation 194 'store' 'store_ln32' <Predicate = (!icmp_ln27 & !icmp_ln29 & trunc_ln26 == 2)> <Delay = 1.76> <CoreInst = "RAM">   --->   Core 81 'RAM' <Latency = 1> <II = 1> <Delay = 1.76> <Storage> <Opcode : 'load' 'store'> <Ports = 2> <Width = 1> <Depth = 32> <RAM>
ST_3 : Operation 195 [1/1] ( I:1.76ns O:1.76ns )   --->   "%store_ln32 = store i1 0, i5 %buffer_1_addr" [sha384Accel.cpp:32]   --->   Operation 195 'store' 'store_ln32' <Predicate = (!icmp_ln27 & !icmp_ln29 & trunc_ln26 == 1)> <Delay = 1.76> <CoreInst = "RAM">   --->   Core 81 'RAM' <Latency = 1> <II = 1> <Delay = 1.76> <Storage> <Opcode : 'load' 'store'> <Ports = 2> <Width = 1> <Depth = 32> <RAM>
ST_3 : Operation 196 [1/1] ( I:1.76ns O:1.76ns )   --->   "%store_ln32 = store i1 0, i5 %buffer_addr" [sha384Accel.cpp:32]   --->   Operation 196 'store' 'store_ln32' <Predicate = (!icmp_ln27 & !icmp_ln29 & trunc_ln26 == 0)> <Delay = 1.76> <CoreInst = "RAM">   --->   Core 81 'RAM' <Latency = 1> <II = 1> <Delay = 1.76> <Storage> <Opcode : 'load' 'store'> <Ports = 2> <Width = 1> <Depth = 32> <RAM>
ST_3 : Operation 197 [1/1] ( I:1.76ns O:1.76ns )   --->   "%store_ln32 = store i1 0, i5 %buffer_31_addr" [sha384Accel.cpp:32]   --->   Operation 197 'store' 'store_ln32' <Predicate = (!icmp_ln27 & !icmp_ln29 & trunc_ln26 == 31)> <Delay = 1.76> <CoreInst = "RAM">   --->   Core 81 'RAM' <Latency = 1> <II = 1> <Delay = 1.76> <Storage> <Opcode : 'load' 'store'> <Ports = 2> <Width = 1> <Depth = 32> <RAM>
ST_3 : Operation 198 [1/1] (1.29ns)   --->   "%store_ln11 = store i1 1, i1 %addSize" [sha384Accel.cpp:11]   --->   Operation 198 'store' 'store_ln11' <Predicate = (!icmp_ln27 & !icmp_ln29)> <Delay = 1.29>
ST_3 : Operation 199 [1/1] (0.00ns)   --->   "%br_ln0 = br void %for.inc34"   --->   Operation 199 'br' 'br_ln0' <Predicate = (!icmp_ln27 & !icmp_ln29)> <Delay = 0.00>
ST_3 : Operation 200 [1/1] ( I:1.76ns O:1.76ns )   --->   "%store_ln30 = store i1 1, i5 %buffer_30_addr" [sha384Accel.cpp:30]   --->   Operation 200 'store' 'store_ln30' <Predicate = (!icmp_ln27 & icmp_ln29 & trunc_ln26 == 30)> <Delay = 1.76> <CoreInst = "RAM">   --->   Core 81 'RAM' <Latency = 1> <II = 1> <Delay = 1.76> <Storage> <Opcode : 'load' 'store'> <Ports = 2> <Width = 1> <Depth = 32> <RAM>
ST_3 : Operation 201 [1/1] ( I:1.76ns O:1.76ns )   --->   "%store_ln30 = store i1 1, i5 %buffer_29_addr" [sha384Accel.cpp:30]   --->   Operation 201 'store' 'store_ln30' <Predicate = (!icmp_ln27 & icmp_ln29 & trunc_ln26 == 29)> <Delay = 1.76> <CoreInst = "RAM">   --->   Core 81 'RAM' <Latency = 1> <II = 1> <Delay = 1.76> <Storage> <Opcode : 'load' 'store'> <Ports = 2> <Width = 1> <Depth = 32> <RAM>
ST_3 : Operation 202 [1/1] ( I:1.76ns O:1.76ns )   --->   "%store_ln30 = store i1 1, i5 %buffer_28_addr" [sha384Accel.cpp:30]   --->   Operation 202 'store' 'store_ln30' <Predicate = (!icmp_ln27 & icmp_ln29 & trunc_ln26 == 28)> <Delay = 1.76> <CoreInst = "RAM">   --->   Core 81 'RAM' <Latency = 1> <II = 1> <Delay = 1.76> <Storage> <Opcode : 'load' 'store'> <Ports = 2> <Width = 1> <Depth = 32> <RAM>
ST_3 : Operation 203 [1/1] ( I:1.76ns O:1.76ns )   --->   "%store_ln30 = store i1 1, i5 %buffer_27_addr" [sha384Accel.cpp:30]   --->   Operation 203 'store' 'store_ln30' <Predicate = (!icmp_ln27 & icmp_ln29 & trunc_ln26 == 27)> <Delay = 1.76> <CoreInst = "RAM">   --->   Core 81 'RAM' <Latency = 1> <II = 1> <Delay = 1.76> <Storage> <Opcode : 'load' 'store'> <Ports = 2> <Width = 1> <Depth = 32> <RAM>
ST_3 : Operation 204 [1/1] ( I:1.76ns O:1.76ns )   --->   "%store_ln30 = store i1 1, i5 %buffer_26_addr" [sha384Accel.cpp:30]   --->   Operation 204 'store' 'store_ln30' <Predicate = (!icmp_ln27 & icmp_ln29 & trunc_ln26 == 26)> <Delay = 1.76> <CoreInst = "RAM">   --->   Core 81 'RAM' <Latency = 1> <II = 1> <Delay = 1.76> <Storage> <Opcode : 'load' 'store'> <Ports = 2> <Width = 1> <Depth = 32> <RAM>
ST_3 : Operation 205 [1/1] ( I:1.76ns O:1.76ns )   --->   "%store_ln30 = store i1 1, i5 %buffer_25_addr" [sha384Accel.cpp:30]   --->   Operation 205 'store' 'store_ln30' <Predicate = (!icmp_ln27 & icmp_ln29 & trunc_ln26 == 25)> <Delay = 1.76> <CoreInst = "RAM">   --->   Core 81 'RAM' <Latency = 1> <II = 1> <Delay = 1.76> <Storage> <Opcode : 'load' 'store'> <Ports = 2> <Width = 1> <Depth = 32> <RAM>
ST_3 : Operation 206 [1/1] ( I:1.76ns O:1.76ns )   --->   "%store_ln30 = store i1 1, i5 %buffer_24_addr" [sha384Accel.cpp:30]   --->   Operation 206 'store' 'store_ln30' <Predicate = (!icmp_ln27 & icmp_ln29 & trunc_ln26 == 24)> <Delay = 1.76> <CoreInst = "RAM">   --->   Core 81 'RAM' <Latency = 1> <II = 1> <Delay = 1.76> <Storage> <Opcode : 'load' 'store'> <Ports = 2> <Width = 1> <Depth = 32> <RAM>
ST_3 : Operation 207 [1/1] ( I:1.76ns O:1.76ns )   --->   "%store_ln30 = store i1 1, i5 %buffer_23_addr" [sha384Accel.cpp:30]   --->   Operation 207 'store' 'store_ln30' <Predicate = (!icmp_ln27 & icmp_ln29 & trunc_ln26 == 23)> <Delay = 1.76> <CoreInst = "RAM">   --->   Core 81 'RAM' <Latency = 1> <II = 1> <Delay = 1.76> <Storage> <Opcode : 'load' 'store'> <Ports = 2> <Width = 1> <Depth = 32> <RAM>
ST_3 : Operation 208 [1/1] ( I:1.76ns O:1.76ns )   --->   "%store_ln30 = store i1 1, i5 %buffer_22_addr" [sha384Accel.cpp:30]   --->   Operation 208 'store' 'store_ln30' <Predicate = (!icmp_ln27 & icmp_ln29 & trunc_ln26 == 22)> <Delay = 1.76> <CoreInst = "RAM">   --->   Core 81 'RAM' <Latency = 1> <II = 1> <Delay = 1.76> <Storage> <Opcode : 'load' 'store'> <Ports = 2> <Width = 1> <Depth = 32> <RAM>
ST_3 : Operation 209 [1/1] ( I:1.76ns O:1.76ns )   --->   "%store_ln30 = store i1 1, i5 %buffer_21_addr" [sha384Accel.cpp:30]   --->   Operation 209 'store' 'store_ln30' <Predicate = (!icmp_ln27 & icmp_ln29 & trunc_ln26 == 21)> <Delay = 1.76> <CoreInst = "RAM">   --->   Core 81 'RAM' <Latency = 1> <II = 1> <Delay = 1.76> <Storage> <Opcode : 'load' 'store'> <Ports = 2> <Width = 1> <Depth = 32> <RAM>
ST_3 : Operation 210 [1/1] ( I:1.76ns O:1.76ns )   --->   "%store_ln30 = store i1 1, i5 %buffer_20_addr" [sha384Accel.cpp:30]   --->   Operation 210 'store' 'store_ln30' <Predicate = (!icmp_ln27 & icmp_ln29 & trunc_ln26 == 20)> <Delay = 1.76> <CoreInst = "RAM">   --->   Core 81 'RAM' <Latency = 1> <II = 1> <Delay = 1.76> <Storage> <Opcode : 'load' 'store'> <Ports = 2> <Width = 1> <Depth = 32> <RAM>
ST_3 : Operation 211 [1/1] ( I:1.76ns O:1.76ns )   --->   "%store_ln30 = store i1 1, i5 %buffer_19_addr" [sha384Accel.cpp:30]   --->   Operation 211 'store' 'store_ln30' <Predicate = (!icmp_ln27 & icmp_ln29 & trunc_ln26 == 19)> <Delay = 1.76> <CoreInst = "RAM">   --->   Core 81 'RAM' <Latency = 1> <II = 1> <Delay = 1.76> <Storage> <Opcode : 'load' 'store'> <Ports = 2> <Width = 1> <Depth = 32> <RAM>
ST_3 : Operation 212 [1/1] ( I:1.76ns O:1.76ns )   --->   "%store_ln30 = store i1 1, i5 %buffer_18_addr" [sha384Accel.cpp:30]   --->   Operation 212 'store' 'store_ln30' <Predicate = (!icmp_ln27 & icmp_ln29 & trunc_ln26 == 18)> <Delay = 1.76> <CoreInst = "RAM">   --->   Core 81 'RAM' <Latency = 1> <II = 1> <Delay = 1.76> <Storage> <Opcode : 'load' 'store'> <Ports = 2> <Width = 1> <Depth = 32> <RAM>
ST_3 : Operation 213 [1/1] ( I:1.76ns O:1.76ns )   --->   "%store_ln30 = store i1 1, i5 %buffer_17_addr" [sha384Accel.cpp:30]   --->   Operation 213 'store' 'store_ln30' <Predicate = (!icmp_ln27 & icmp_ln29 & trunc_ln26 == 17)> <Delay = 1.76> <CoreInst = "RAM">   --->   Core 81 'RAM' <Latency = 1> <II = 1> <Delay = 1.76> <Storage> <Opcode : 'load' 'store'> <Ports = 2> <Width = 1> <Depth = 32> <RAM>
ST_3 : Operation 214 [1/1] ( I:1.76ns O:1.76ns )   --->   "%store_ln30 = store i1 1, i5 %buffer_16_addr" [sha384Accel.cpp:30]   --->   Operation 214 'store' 'store_ln30' <Predicate = (!icmp_ln27 & icmp_ln29 & trunc_ln26 == 16)> <Delay = 1.76> <CoreInst = "RAM">   --->   Core 81 'RAM' <Latency = 1> <II = 1> <Delay = 1.76> <Storage> <Opcode : 'load' 'store'> <Ports = 2> <Width = 1> <Depth = 32> <RAM>
ST_3 : Operation 215 [1/1] ( I:1.76ns O:1.76ns )   --->   "%store_ln30 = store i1 1, i5 %buffer_15_addr" [sha384Accel.cpp:30]   --->   Operation 215 'store' 'store_ln30' <Predicate = (!icmp_ln27 & icmp_ln29 & trunc_ln26 == 15)> <Delay = 1.76> <CoreInst = "RAM">   --->   Core 81 'RAM' <Latency = 1> <II = 1> <Delay = 1.76> <Storage> <Opcode : 'load' 'store'> <Ports = 2> <Width = 1> <Depth = 32> <RAM>
ST_3 : Operation 216 [1/1] ( I:1.76ns O:1.76ns )   --->   "%store_ln30 = store i1 1, i5 %buffer_14_addr" [sha384Accel.cpp:30]   --->   Operation 216 'store' 'store_ln30' <Predicate = (!icmp_ln27 & icmp_ln29 & trunc_ln26 == 14)> <Delay = 1.76> <CoreInst = "RAM">   --->   Core 81 'RAM' <Latency = 1> <II = 1> <Delay = 1.76> <Storage> <Opcode : 'load' 'store'> <Ports = 2> <Width = 1> <Depth = 32> <RAM>
ST_3 : Operation 217 [1/1] ( I:1.76ns O:1.76ns )   --->   "%store_ln30 = store i1 1, i5 %buffer_13_addr" [sha384Accel.cpp:30]   --->   Operation 217 'store' 'store_ln30' <Predicate = (!icmp_ln27 & icmp_ln29 & trunc_ln26 == 13)> <Delay = 1.76> <CoreInst = "RAM">   --->   Core 81 'RAM' <Latency = 1> <II = 1> <Delay = 1.76> <Storage> <Opcode : 'load' 'store'> <Ports = 2> <Width = 1> <Depth = 32> <RAM>
ST_3 : Operation 218 [1/1] ( I:1.76ns O:1.76ns )   --->   "%store_ln30 = store i1 1, i5 %buffer_12_addr" [sha384Accel.cpp:30]   --->   Operation 218 'store' 'store_ln30' <Predicate = (!icmp_ln27 & icmp_ln29 & trunc_ln26 == 12)> <Delay = 1.76> <CoreInst = "RAM">   --->   Core 81 'RAM' <Latency = 1> <II = 1> <Delay = 1.76> <Storage> <Opcode : 'load' 'store'> <Ports = 2> <Width = 1> <Depth = 32> <RAM>
ST_3 : Operation 219 [1/1] ( I:1.76ns O:1.76ns )   --->   "%store_ln30 = store i1 1, i5 %buffer_11_addr" [sha384Accel.cpp:30]   --->   Operation 219 'store' 'store_ln30' <Predicate = (!icmp_ln27 & icmp_ln29 & trunc_ln26 == 11)> <Delay = 1.76> <CoreInst = "RAM">   --->   Core 81 'RAM' <Latency = 1> <II = 1> <Delay = 1.76> <Storage> <Opcode : 'load' 'store'> <Ports = 2> <Width = 1> <Depth = 32> <RAM>
ST_3 : Operation 220 [1/1] ( I:1.76ns O:1.76ns )   --->   "%store_ln30 = store i1 1, i5 %buffer_10_addr" [sha384Accel.cpp:30]   --->   Operation 220 'store' 'store_ln30' <Predicate = (!icmp_ln27 & icmp_ln29 & trunc_ln26 == 10)> <Delay = 1.76> <CoreInst = "RAM">   --->   Core 81 'RAM' <Latency = 1> <II = 1> <Delay = 1.76> <Storage> <Opcode : 'load' 'store'> <Ports = 2> <Width = 1> <Depth = 32> <RAM>
ST_3 : Operation 221 [1/1] ( I:1.76ns O:1.76ns )   --->   "%store_ln30 = store i1 1, i5 %buffer_9_addr" [sha384Accel.cpp:30]   --->   Operation 221 'store' 'store_ln30' <Predicate = (!icmp_ln27 & icmp_ln29 & trunc_ln26 == 9)> <Delay = 1.76> <CoreInst = "RAM">   --->   Core 81 'RAM' <Latency = 1> <II = 1> <Delay = 1.76> <Storage> <Opcode : 'load' 'store'> <Ports = 2> <Width = 1> <Depth = 32> <RAM>
ST_3 : Operation 222 [1/1] ( I:1.76ns O:1.76ns )   --->   "%store_ln30 = store i1 1, i5 %buffer_8_addr" [sha384Accel.cpp:30]   --->   Operation 222 'store' 'store_ln30' <Predicate = (!icmp_ln27 & icmp_ln29 & trunc_ln26 == 8)> <Delay = 1.76> <CoreInst = "RAM">   --->   Core 81 'RAM' <Latency = 1> <II = 1> <Delay = 1.76> <Storage> <Opcode : 'load' 'store'> <Ports = 2> <Width = 1> <Depth = 32> <RAM>
ST_3 : Operation 223 [1/1] ( I:1.76ns O:1.76ns )   --->   "%store_ln30 = store i1 1, i5 %buffer_7_addr" [sha384Accel.cpp:30]   --->   Operation 223 'store' 'store_ln30' <Predicate = (!icmp_ln27 & icmp_ln29 & trunc_ln26 == 7)> <Delay = 1.76> <CoreInst = "RAM">   --->   Core 81 'RAM' <Latency = 1> <II = 1> <Delay = 1.76> <Storage> <Opcode : 'load' 'store'> <Ports = 2> <Width = 1> <Depth = 32> <RAM>
ST_3 : Operation 224 [1/1] ( I:1.76ns O:1.76ns )   --->   "%store_ln30 = store i1 1, i5 %buffer_6_addr" [sha384Accel.cpp:30]   --->   Operation 224 'store' 'store_ln30' <Predicate = (!icmp_ln27 & icmp_ln29 & trunc_ln26 == 6)> <Delay = 1.76> <CoreInst = "RAM">   --->   Core 81 'RAM' <Latency = 1> <II = 1> <Delay = 1.76> <Storage> <Opcode : 'load' 'store'> <Ports = 2> <Width = 1> <Depth = 32> <RAM>
ST_3 : Operation 225 [1/1] ( I:1.76ns O:1.76ns )   --->   "%store_ln30 = store i1 1, i5 %buffer_5_addr" [sha384Accel.cpp:30]   --->   Operation 225 'store' 'store_ln30' <Predicate = (!icmp_ln27 & icmp_ln29 & trunc_ln26 == 5)> <Delay = 1.76> <CoreInst = "RAM">   --->   Core 81 'RAM' <Latency = 1> <II = 1> <Delay = 1.76> <Storage> <Opcode : 'load' 'store'> <Ports = 2> <Width = 1> <Depth = 32> <RAM>
ST_3 : Operation 226 [1/1] ( I:1.76ns O:1.76ns )   --->   "%store_ln30 = store i1 1, i5 %buffer_4_addr" [sha384Accel.cpp:30]   --->   Operation 226 'store' 'store_ln30' <Predicate = (!icmp_ln27 & icmp_ln29 & trunc_ln26 == 4)> <Delay = 1.76> <CoreInst = "RAM">   --->   Core 81 'RAM' <Latency = 1> <II = 1> <Delay = 1.76> <Storage> <Opcode : 'load' 'store'> <Ports = 2> <Width = 1> <Depth = 32> <RAM>
ST_3 : Operation 227 [1/1] ( I:1.76ns O:1.76ns )   --->   "%store_ln30 = store i1 1, i5 %buffer_3_addr" [sha384Accel.cpp:30]   --->   Operation 227 'store' 'store_ln30' <Predicate = (!icmp_ln27 & icmp_ln29 & trunc_ln26 == 3)> <Delay = 1.76> <CoreInst = "RAM">   --->   Core 81 'RAM' <Latency = 1> <II = 1> <Delay = 1.76> <Storage> <Opcode : 'load' 'store'> <Ports = 2> <Width = 1> <Depth = 32> <RAM>
ST_3 : Operation 228 [1/1] ( I:1.76ns O:1.76ns )   --->   "%store_ln30 = store i1 1, i5 %buffer_2_addr" [sha384Accel.cpp:30]   --->   Operation 228 'store' 'store_ln30' <Predicate = (!icmp_ln27 & icmp_ln29 & trunc_ln26 == 2)> <Delay = 1.76> <CoreInst = "RAM">   --->   Core 81 'RAM' <Latency = 1> <II = 1> <Delay = 1.76> <Storage> <Opcode : 'load' 'store'> <Ports = 2> <Width = 1> <Depth = 32> <RAM>
ST_3 : Operation 229 [1/1] ( I:1.76ns O:1.76ns )   --->   "%store_ln30 = store i1 1, i5 %buffer_1_addr" [sha384Accel.cpp:30]   --->   Operation 229 'store' 'store_ln30' <Predicate = (!icmp_ln27 & icmp_ln29 & trunc_ln26 == 1)> <Delay = 1.76> <CoreInst = "RAM">   --->   Core 81 'RAM' <Latency = 1> <II = 1> <Delay = 1.76> <Storage> <Opcode : 'load' 'store'> <Ports = 2> <Width = 1> <Depth = 32> <RAM>
ST_3 : Operation 230 [1/1] ( I:1.76ns O:1.76ns )   --->   "%store_ln30 = store i1 1, i5 %buffer_addr" [sha384Accel.cpp:30]   --->   Operation 230 'store' 'store_ln30' <Predicate = (!icmp_ln27 & icmp_ln29 & trunc_ln26 == 0)> <Delay = 1.76> <CoreInst = "RAM">   --->   Core 81 'RAM' <Latency = 1> <II = 1> <Delay = 1.76> <Storage> <Opcode : 'load' 'store'> <Ports = 2> <Width = 1> <Depth = 32> <RAM>
ST_3 : Operation 231 [1/1] ( I:1.76ns O:1.76ns )   --->   "%store_ln30 = store i1 1, i5 %buffer_31_addr" [sha384Accel.cpp:30]   --->   Operation 231 'store' 'store_ln30' <Predicate = (!icmp_ln27 & icmp_ln29 & trunc_ln26 == 31)> <Delay = 1.76> <CoreInst = "RAM">   --->   Core 81 'RAM' <Latency = 1> <II = 1> <Delay = 1.76> <Storage> <Opcode : 'load' 'store'> <Ports = 2> <Width = 1> <Depth = 32> <RAM>
ST_3 : Operation 232 [1/1] (0.00ns)   --->   "%br_ln31 = br void %for.inc34" [sha384Accel.cpp:31]   --->   Operation 232 'br' 'br_ln31' <Predicate = (!icmp_ln27 & icmp_ln29)> <Delay = 0.00>
ST_3 : Operation 233 [1/1] ( I:3.24ns O:3.24ns )   --->   "%bitstream_read = read i1 @_ssdm_op_Read.ap_fifo.volatile.i1P0A, i1 %bitstream" [sha384Accel.cpp:28]   --->   Operation 233 'read' 'bitstream_read' <Predicate = (icmp_ln27)> <Delay = 3.24> <CoreInst = "FIFO">   --->   Core 77 'FIFO' <Latency = 0> <II = 1> <Delay = 3.24> <Storage> <Opcode : 'read' 'write' 'nbread' 'nbwrite'> <Ports = 0> <Width = -1> <Depth = -1> <FIFO>
ST_3 : Operation 234 [1/1] ( I:1.76ns O:1.76ns )   --->   "%store_ln28 = store i1 %bitstream_read, i5 %buffer_30_addr" [sha384Accel.cpp:28]   --->   Operation 234 'store' 'store_ln28' <Predicate = (icmp_ln27 & trunc_ln26 == 30)> <Delay = 1.76> <CoreInst = "RAM">   --->   Core 81 'RAM' <Latency = 1> <II = 1> <Delay = 1.76> <Storage> <Opcode : 'load' 'store'> <Ports = 2> <Width = 1> <Depth = 32> <RAM>
ST_3 : Operation 235 [1/1] ( I:1.76ns O:1.76ns )   --->   "%store_ln28 = store i1 %bitstream_read, i5 %buffer_29_addr" [sha384Accel.cpp:28]   --->   Operation 235 'store' 'store_ln28' <Predicate = (icmp_ln27 & trunc_ln26 == 29)> <Delay = 1.76> <CoreInst = "RAM">   --->   Core 81 'RAM' <Latency = 1> <II = 1> <Delay = 1.76> <Storage> <Opcode : 'load' 'store'> <Ports = 2> <Width = 1> <Depth = 32> <RAM>
ST_3 : Operation 236 [1/1] ( I:1.76ns O:1.76ns )   --->   "%store_ln28 = store i1 %bitstream_read, i5 %buffer_28_addr" [sha384Accel.cpp:28]   --->   Operation 236 'store' 'store_ln28' <Predicate = (icmp_ln27 & trunc_ln26 == 28)> <Delay = 1.76> <CoreInst = "RAM">   --->   Core 81 'RAM' <Latency = 1> <II = 1> <Delay = 1.76> <Storage> <Opcode : 'load' 'store'> <Ports = 2> <Width = 1> <Depth = 32> <RAM>
ST_3 : Operation 237 [1/1] ( I:1.76ns O:1.76ns )   --->   "%store_ln28 = store i1 %bitstream_read, i5 %buffer_27_addr" [sha384Accel.cpp:28]   --->   Operation 237 'store' 'store_ln28' <Predicate = (icmp_ln27 & trunc_ln26 == 27)> <Delay = 1.76> <CoreInst = "RAM">   --->   Core 81 'RAM' <Latency = 1> <II = 1> <Delay = 1.76> <Storage> <Opcode : 'load' 'store'> <Ports = 2> <Width = 1> <Depth = 32> <RAM>
ST_3 : Operation 238 [1/1] ( I:1.76ns O:1.76ns )   --->   "%store_ln28 = store i1 %bitstream_read, i5 %buffer_26_addr" [sha384Accel.cpp:28]   --->   Operation 238 'store' 'store_ln28' <Predicate = (icmp_ln27 & trunc_ln26 == 26)> <Delay = 1.76> <CoreInst = "RAM">   --->   Core 81 'RAM' <Latency = 1> <II = 1> <Delay = 1.76> <Storage> <Opcode : 'load' 'store'> <Ports = 2> <Width = 1> <Depth = 32> <RAM>
ST_3 : Operation 239 [1/1] ( I:1.76ns O:1.76ns )   --->   "%store_ln28 = store i1 %bitstream_read, i5 %buffer_25_addr" [sha384Accel.cpp:28]   --->   Operation 239 'store' 'store_ln28' <Predicate = (icmp_ln27 & trunc_ln26 == 25)> <Delay = 1.76> <CoreInst = "RAM">   --->   Core 81 'RAM' <Latency = 1> <II = 1> <Delay = 1.76> <Storage> <Opcode : 'load' 'store'> <Ports = 2> <Width = 1> <Depth = 32> <RAM>
ST_3 : Operation 240 [1/1] ( I:1.76ns O:1.76ns )   --->   "%store_ln28 = store i1 %bitstream_read, i5 %buffer_24_addr" [sha384Accel.cpp:28]   --->   Operation 240 'store' 'store_ln28' <Predicate = (icmp_ln27 & trunc_ln26 == 24)> <Delay = 1.76> <CoreInst = "RAM">   --->   Core 81 'RAM' <Latency = 1> <II = 1> <Delay = 1.76> <Storage> <Opcode : 'load' 'store'> <Ports = 2> <Width = 1> <Depth = 32> <RAM>
ST_3 : Operation 241 [1/1] ( I:1.76ns O:1.76ns )   --->   "%store_ln28 = store i1 %bitstream_read, i5 %buffer_23_addr" [sha384Accel.cpp:28]   --->   Operation 241 'store' 'store_ln28' <Predicate = (icmp_ln27 & trunc_ln26 == 23)> <Delay = 1.76> <CoreInst = "RAM">   --->   Core 81 'RAM' <Latency = 1> <II = 1> <Delay = 1.76> <Storage> <Opcode : 'load' 'store'> <Ports = 2> <Width = 1> <Depth = 32> <RAM>
ST_3 : Operation 242 [1/1] ( I:1.76ns O:1.76ns )   --->   "%store_ln28 = store i1 %bitstream_read, i5 %buffer_22_addr" [sha384Accel.cpp:28]   --->   Operation 242 'store' 'store_ln28' <Predicate = (icmp_ln27 & trunc_ln26 == 22)> <Delay = 1.76> <CoreInst = "RAM">   --->   Core 81 'RAM' <Latency = 1> <II = 1> <Delay = 1.76> <Storage> <Opcode : 'load' 'store'> <Ports = 2> <Width = 1> <Depth = 32> <RAM>
ST_3 : Operation 243 [1/1] ( I:1.76ns O:1.76ns )   --->   "%store_ln28 = store i1 %bitstream_read, i5 %buffer_21_addr" [sha384Accel.cpp:28]   --->   Operation 243 'store' 'store_ln28' <Predicate = (icmp_ln27 & trunc_ln26 == 21)> <Delay = 1.76> <CoreInst = "RAM">   --->   Core 81 'RAM' <Latency = 1> <II = 1> <Delay = 1.76> <Storage> <Opcode : 'load' 'store'> <Ports = 2> <Width = 1> <Depth = 32> <RAM>
ST_3 : Operation 244 [1/1] ( I:1.76ns O:1.76ns )   --->   "%store_ln28 = store i1 %bitstream_read, i5 %buffer_20_addr" [sha384Accel.cpp:28]   --->   Operation 244 'store' 'store_ln28' <Predicate = (icmp_ln27 & trunc_ln26 == 20)> <Delay = 1.76> <CoreInst = "RAM">   --->   Core 81 'RAM' <Latency = 1> <II = 1> <Delay = 1.76> <Storage> <Opcode : 'load' 'store'> <Ports = 2> <Width = 1> <Depth = 32> <RAM>
ST_3 : Operation 245 [1/1] ( I:1.76ns O:1.76ns )   --->   "%store_ln28 = store i1 %bitstream_read, i5 %buffer_19_addr" [sha384Accel.cpp:28]   --->   Operation 245 'store' 'store_ln28' <Predicate = (icmp_ln27 & trunc_ln26 == 19)> <Delay = 1.76> <CoreInst = "RAM">   --->   Core 81 'RAM' <Latency = 1> <II = 1> <Delay = 1.76> <Storage> <Opcode : 'load' 'store'> <Ports = 2> <Width = 1> <Depth = 32> <RAM>
ST_3 : Operation 246 [1/1] ( I:1.76ns O:1.76ns )   --->   "%store_ln28 = store i1 %bitstream_read, i5 %buffer_18_addr" [sha384Accel.cpp:28]   --->   Operation 246 'store' 'store_ln28' <Predicate = (icmp_ln27 & trunc_ln26 == 18)> <Delay = 1.76> <CoreInst = "RAM">   --->   Core 81 'RAM' <Latency = 1> <II = 1> <Delay = 1.76> <Storage> <Opcode : 'load' 'store'> <Ports = 2> <Width = 1> <Depth = 32> <RAM>
ST_3 : Operation 247 [1/1] ( I:1.76ns O:1.76ns )   --->   "%store_ln28 = store i1 %bitstream_read, i5 %buffer_17_addr" [sha384Accel.cpp:28]   --->   Operation 247 'store' 'store_ln28' <Predicate = (icmp_ln27 & trunc_ln26 == 17)> <Delay = 1.76> <CoreInst = "RAM">   --->   Core 81 'RAM' <Latency = 1> <II = 1> <Delay = 1.76> <Storage> <Opcode : 'load' 'store'> <Ports = 2> <Width = 1> <Depth = 32> <RAM>
ST_3 : Operation 248 [1/1] ( I:1.76ns O:1.76ns )   --->   "%store_ln28 = store i1 %bitstream_read, i5 %buffer_16_addr" [sha384Accel.cpp:28]   --->   Operation 248 'store' 'store_ln28' <Predicate = (icmp_ln27 & trunc_ln26 == 16)> <Delay = 1.76> <CoreInst = "RAM">   --->   Core 81 'RAM' <Latency = 1> <II = 1> <Delay = 1.76> <Storage> <Opcode : 'load' 'store'> <Ports = 2> <Width = 1> <Depth = 32> <RAM>
ST_3 : Operation 249 [1/1] ( I:1.76ns O:1.76ns )   --->   "%store_ln28 = store i1 %bitstream_read, i5 %buffer_15_addr" [sha384Accel.cpp:28]   --->   Operation 249 'store' 'store_ln28' <Predicate = (icmp_ln27 & trunc_ln26 == 15)> <Delay = 1.76> <CoreInst = "RAM">   --->   Core 81 'RAM' <Latency = 1> <II = 1> <Delay = 1.76> <Storage> <Opcode : 'load' 'store'> <Ports = 2> <Width = 1> <Depth = 32> <RAM>
ST_3 : Operation 250 [1/1] ( I:1.76ns O:1.76ns )   --->   "%store_ln28 = store i1 %bitstream_read, i5 %buffer_14_addr" [sha384Accel.cpp:28]   --->   Operation 250 'store' 'store_ln28' <Predicate = (icmp_ln27 & trunc_ln26 == 14)> <Delay = 1.76> <CoreInst = "RAM">   --->   Core 81 'RAM' <Latency = 1> <II = 1> <Delay = 1.76> <Storage> <Opcode : 'load' 'store'> <Ports = 2> <Width = 1> <Depth = 32> <RAM>
ST_3 : Operation 251 [1/1] ( I:1.76ns O:1.76ns )   --->   "%store_ln28 = store i1 %bitstream_read, i5 %buffer_13_addr" [sha384Accel.cpp:28]   --->   Operation 251 'store' 'store_ln28' <Predicate = (icmp_ln27 & trunc_ln26 == 13)> <Delay = 1.76> <CoreInst = "RAM">   --->   Core 81 'RAM' <Latency = 1> <II = 1> <Delay = 1.76> <Storage> <Opcode : 'load' 'store'> <Ports = 2> <Width = 1> <Depth = 32> <RAM>
ST_3 : Operation 252 [1/1] ( I:1.76ns O:1.76ns )   --->   "%store_ln28 = store i1 %bitstream_read, i5 %buffer_12_addr" [sha384Accel.cpp:28]   --->   Operation 252 'store' 'store_ln28' <Predicate = (icmp_ln27 & trunc_ln26 == 12)> <Delay = 1.76> <CoreInst = "RAM">   --->   Core 81 'RAM' <Latency = 1> <II = 1> <Delay = 1.76> <Storage> <Opcode : 'load' 'store'> <Ports = 2> <Width = 1> <Depth = 32> <RAM>
ST_3 : Operation 253 [1/1] ( I:1.76ns O:1.76ns )   --->   "%store_ln28 = store i1 %bitstream_read, i5 %buffer_11_addr" [sha384Accel.cpp:28]   --->   Operation 253 'store' 'store_ln28' <Predicate = (icmp_ln27 & trunc_ln26 == 11)> <Delay = 1.76> <CoreInst = "RAM">   --->   Core 81 'RAM' <Latency = 1> <II = 1> <Delay = 1.76> <Storage> <Opcode : 'load' 'store'> <Ports = 2> <Width = 1> <Depth = 32> <RAM>
ST_3 : Operation 254 [1/1] ( I:1.76ns O:1.76ns )   --->   "%store_ln28 = store i1 %bitstream_read, i5 %buffer_10_addr" [sha384Accel.cpp:28]   --->   Operation 254 'store' 'store_ln28' <Predicate = (icmp_ln27 & trunc_ln26 == 10)> <Delay = 1.76> <CoreInst = "RAM">   --->   Core 81 'RAM' <Latency = 1> <II = 1> <Delay = 1.76> <Storage> <Opcode : 'load' 'store'> <Ports = 2> <Width = 1> <Depth = 32> <RAM>
ST_3 : Operation 255 [1/1] ( I:1.76ns O:1.76ns )   --->   "%store_ln28 = store i1 %bitstream_read, i5 %buffer_9_addr" [sha384Accel.cpp:28]   --->   Operation 255 'store' 'store_ln28' <Predicate = (icmp_ln27 & trunc_ln26 == 9)> <Delay = 1.76> <CoreInst = "RAM">   --->   Core 81 'RAM' <Latency = 1> <II = 1> <Delay = 1.76> <Storage> <Opcode : 'load' 'store'> <Ports = 2> <Width = 1> <Depth = 32> <RAM>
ST_3 : Operation 256 [1/1] ( I:1.76ns O:1.76ns )   --->   "%store_ln28 = store i1 %bitstream_read, i5 %buffer_8_addr" [sha384Accel.cpp:28]   --->   Operation 256 'store' 'store_ln28' <Predicate = (icmp_ln27 & trunc_ln26 == 8)> <Delay = 1.76> <CoreInst = "RAM">   --->   Core 81 'RAM' <Latency = 1> <II = 1> <Delay = 1.76> <Storage> <Opcode : 'load' 'store'> <Ports = 2> <Width = 1> <Depth = 32> <RAM>
ST_3 : Operation 257 [1/1] ( I:1.76ns O:1.76ns )   --->   "%store_ln28 = store i1 %bitstream_read, i5 %buffer_7_addr" [sha384Accel.cpp:28]   --->   Operation 257 'store' 'store_ln28' <Predicate = (icmp_ln27 & trunc_ln26 == 7)> <Delay = 1.76> <CoreInst = "RAM">   --->   Core 81 'RAM' <Latency = 1> <II = 1> <Delay = 1.76> <Storage> <Opcode : 'load' 'store'> <Ports = 2> <Width = 1> <Depth = 32> <RAM>
ST_3 : Operation 258 [1/1] ( I:1.76ns O:1.76ns )   --->   "%store_ln28 = store i1 %bitstream_read, i5 %buffer_6_addr" [sha384Accel.cpp:28]   --->   Operation 258 'store' 'store_ln28' <Predicate = (icmp_ln27 & trunc_ln26 == 6)> <Delay = 1.76> <CoreInst = "RAM">   --->   Core 81 'RAM' <Latency = 1> <II = 1> <Delay = 1.76> <Storage> <Opcode : 'load' 'store'> <Ports = 2> <Width = 1> <Depth = 32> <RAM>
ST_3 : Operation 259 [1/1] ( I:1.76ns O:1.76ns )   --->   "%store_ln28 = store i1 %bitstream_read, i5 %buffer_5_addr" [sha384Accel.cpp:28]   --->   Operation 259 'store' 'store_ln28' <Predicate = (icmp_ln27 & trunc_ln26 == 5)> <Delay = 1.76> <CoreInst = "RAM">   --->   Core 81 'RAM' <Latency = 1> <II = 1> <Delay = 1.76> <Storage> <Opcode : 'load' 'store'> <Ports = 2> <Width = 1> <Depth = 32> <RAM>
ST_3 : Operation 260 [1/1] ( I:1.76ns O:1.76ns )   --->   "%store_ln28 = store i1 %bitstream_read, i5 %buffer_4_addr" [sha384Accel.cpp:28]   --->   Operation 260 'store' 'store_ln28' <Predicate = (icmp_ln27 & trunc_ln26 == 4)> <Delay = 1.76> <CoreInst = "RAM">   --->   Core 81 'RAM' <Latency = 1> <II = 1> <Delay = 1.76> <Storage> <Opcode : 'load' 'store'> <Ports = 2> <Width = 1> <Depth = 32> <RAM>
ST_3 : Operation 261 [1/1] ( I:1.76ns O:1.76ns )   --->   "%store_ln28 = store i1 %bitstream_read, i5 %buffer_3_addr" [sha384Accel.cpp:28]   --->   Operation 261 'store' 'store_ln28' <Predicate = (icmp_ln27 & trunc_ln26 == 3)> <Delay = 1.76> <CoreInst = "RAM">   --->   Core 81 'RAM' <Latency = 1> <II = 1> <Delay = 1.76> <Storage> <Opcode : 'load' 'store'> <Ports = 2> <Width = 1> <Depth = 32> <RAM>
ST_3 : Operation 262 [1/1] ( I:1.76ns O:1.76ns )   --->   "%store_ln28 = store i1 %bitstream_read, i5 %buffer_2_addr" [sha384Accel.cpp:28]   --->   Operation 262 'store' 'store_ln28' <Predicate = (icmp_ln27 & trunc_ln26 == 2)> <Delay = 1.76> <CoreInst = "RAM">   --->   Core 81 'RAM' <Latency = 1> <II = 1> <Delay = 1.76> <Storage> <Opcode : 'load' 'store'> <Ports = 2> <Width = 1> <Depth = 32> <RAM>
ST_3 : Operation 263 [1/1] ( I:1.76ns O:1.76ns )   --->   "%store_ln28 = store i1 %bitstream_read, i5 %buffer_1_addr" [sha384Accel.cpp:28]   --->   Operation 263 'store' 'store_ln28' <Predicate = (icmp_ln27 & trunc_ln26 == 1)> <Delay = 1.76> <CoreInst = "RAM">   --->   Core 81 'RAM' <Latency = 1> <II = 1> <Delay = 1.76> <Storage> <Opcode : 'load' 'store'> <Ports = 2> <Width = 1> <Depth = 32> <RAM>
ST_3 : Operation 264 [1/1] ( I:1.76ns O:1.76ns )   --->   "%store_ln28 = store i1 %bitstream_read, i5 %buffer_addr" [sha384Accel.cpp:28]   --->   Operation 264 'store' 'store_ln28' <Predicate = (icmp_ln27 & trunc_ln26 == 0)> <Delay = 1.76> <CoreInst = "RAM">   --->   Core 81 'RAM' <Latency = 1> <II = 1> <Delay = 1.76> <Storage> <Opcode : 'load' 'store'> <Ports = 2> <Width = 1> <Depth = 32> <RAM>
ST_3 : Operation 265 [1/1] ( I:1.76ns O:1.76ns )   --->   "%store_ln28 = store i1 %bitstream_read, i5 %buffer_31_addr" [sha384Accel.cpp:28]   --->   Operation 265 'store' 'store_ln28' <Predicate = (icmp_ln27 & trunc_ln26 == 31)> <Delay = 1.76> <CoreInst = "RAM">   --->   Core 81 'RAM' <Latency = 1> <II = 1> <Delay = 1.76> <Storage> <Opcode : 'load' 'store'> <Ports = 2> <Width = 1> <Depth = 32> <RAM>
ST_3 : Operation 266 [1/1] (0.00ns)   --->   "%br_ln29 = br void %for.inc34" [sha384Accel.cpp:29]   --->   Operation 266 'br' 'br_ln29' <Predicate = (icmp_ln27)> <Delay = 0.00>


============================================================
+ Verbose Summary: Timing violations
============================================================
Target clock period: 10.000ns, clock uncertainty: 2.700ns.

 <State 1>: 1.294ns
The critical path consists of the following:
	'alloca' operation 1 bit ('addSize', sha384Accel.cpp:11) [39]  (0.000 ns)
	'store' operation 0 bit ('store_ln11', sha384Accel.cpp:11) of constant 0 on local variable 'addSize', sha384Accel.cpp:11 [43]  (1.294 ns)

 <State 2>: 5.783ns
The critical path consists of the following:
	'load' operation 128 bit ('counter', sha384Accel.cpp:26) on local variable 'counter', sha384Accel.cpp:4 [48]  (0.000 ns)
	'add' operation 128 bit ('counter', sha384Accel.cpp:26) [401]  (4.489 ns)
	'store' operation 0 bit ('store_ln4', sha384Accel.cpp:4) of variable 'counter', sha384Accel.cpp:26 on local variable 'counter', sha384Accel.cpp:4 [403]  (1.294 ns)

 <State 3>: 5.015ns
The critical path consists of the following:
	fifo read operation ('bitstream_read', sha384Accel.cpp:28) on port 'bitstream' (sha384Accel.cpp:28) [299]  (3.246 ns)
	'store' operation 0 bit ('store_ln28', sha384Accel.cpp:28) of variable 'bitstream_read', sha384Accel.cpp:28 on array 'buffer_22' [326]  (1.769 ns)


============================================================
+ Verbose Summary: Binding
============================================================
N/A
* FSMD analyzer results:
  - Output states:
 - Input state : 
  - Chain level:
	State 1
	State 2
	State 3


============================================================
+ Verbose Summary: Datapath Resource usage 
============================================================
N/A
