

================================================================
== Vitis HLS Report for 'sha384Accel_Pipeline_VITIS_LOOP_38_4'
================================================================
* Date:           Fri Aug  1 20:18:05 2025

* Version:        2025.1 (Build 6135595 on May 21 2025)
* Project:        sha384Accel
* Solution:       hls (Vivado IP Flow Target)
* Product family: aspartan7
* Target device:  xa7s6-cpga196-2I


================================================================
== Performance Estimates
================================================================
+ Timing: 
    * Summary: 
    +--------+----------+----------+------------+
    |  Clock |  Target  | Estimated| Uncertainty|
    +--------+----------+----------+------------+
    |ap_clk  |  10.00 ns|  5.213 ns|     2.70 ns|
    +--------+----------+----------+------------+

+ Latency: 
    * Summary: 
    +---------+---------+----------+----------+-----+-----+------------------------------------------------+
    |  Latency (cycles) |  Latency (absolute) |  Interval |                    Pipeline                    |
    |   min   |   max   |    min   |    max   | min | max |                      Type                      |
    +---------+---------+----------+----------+-----+-----+------------------------------------------------+
    |      130|      130|  1.300 us|  1.300 us|  129|  129|  loop auto-rewind stp (delay=0 clock cycles(s))|
    +---------+---------+----------+----------+-----+-----+------------------------------------------------+

    + Detail: 
        * Instance: 
        N/A

        * Loop: 
        +-------------------+---------+---------+----------+-----------+-----------+------+----------+
        |                   |  Latency (cycles) | Iteration|  Initiation Interval  | Trip |          |
        |     Loop Name     |   min   |   max   |  Latency |  achieved |   target  | Count| Pipelined|
        +-------------------+---------+---------+----------+-----------+-----------+------+----------+
        |- VITIS_LOOP_38_4  |      128|      128|         1|          1|          1|   128|       yes|
        +-------------------+---------+---------+----------+-----------+-----------+------+----------+

============================================================
+ Verbose Summary: Synthesis Manager
============================================================
InlineROM: 1
ExposeGlobal: 0
============================================================
+ Verbose Summary: CDFG Model
============================================================
IsTopModel: 0
ResetActiveHigh: 1
IsCombinational: 0
IsDatapathOnly: 0
HasWiredReturn: 1
HasMFsm: 2
HasVarLatency: 1
IsPipeline: 0
IsRtlPipelined: 0
IsInstanceOverlapped: 0
IsDontTouch: 0
HasImplIP: 0
IsGatedGlobalClock: 0

+ Individual pipeline summary: 
  * Pipeline-0: initiation interval (II) = 1, depth = 1


============================================================
+ Verbose Summary: Schedule
============================================================
* Number of FSM states : 1
* Pipeline : 1
  Pipeline-0 : II = 1, D = 1, States = { 1 }
* Dataflow Pipeline: 0

* FSM state transitions: 
1 --> 

* FSM state operations: 

State 1 <SV = 0> <Delay = 5.21>
ST_1 : Operation 4 [1/1] (0.00ns)   --->   "%sizeIndex = alloca i32 1" [sha384Accel.cpp:37]   --->   Operation 4 'alloca' 'sizeIndex' <Predicate = true> <Delay = 0.00>
ST_1 : Operation 5 [1/1] (0.00ns)   --->   "%j_1 = alloca i32 1" [sha384Accel.cpp:14]   --->   Operation 5 'alloca' 'j_1' <Predicate = true> <Delay = 0.00>
ST_1 : Operation 6 [1/1] (0.00ns)   --->   "%size_read = read i128 @_ssdm_op_Read.ap_auto.i128, i128 %size"   --->   Operation 6 'read' 'size_read' <Predicate = true> <Delay = 0.00>
ST_1 : Operation 7 [1/1] (1.29ns)   --->   "%store_ln14 = store i11 896, i11 %j_1" [sha384Accel.cpp:14]   --->   Operation 7 'store' 'store_ln14' <Predicate = true> <Delay = 1.29>
ST_1 : Operation 8 [1/1] (1.29ns)   --->   "%store_ln37 = store i8 127, i8 %sizeIndex" [sha384Accel.cpp:37]   --->   Operation 8 'store' 'store_ln37' <Predicate = true> <Delay = 1.29>
ST_1 : Operation 9 [1/1] (0.00ns)   --->   "%br_ln0 = br void %_ZcmILi160ELb0EE11ap_int_baseIXplT_L3$_032EELb0EERKS0_IXT_EXT0_EEi.exit"   --->   Operation 9 'br' 'br_ln0' <Predicate = true> <Delay = 0.00>
ST_1 : Operation 10 [1/1] (0.00ns)   --->   "%j = load i11 %j_1" [sha384Accel.cpp:38]   --->   Operation 10 'load' 'j' <Predicate = true> <Delay = 0.00>
ST_1 : Operation 11 [1/1] (1.67ns)   --->   "%icmp_ln38 = icmp_eq  i11 %j, i11 1024" [sha384Accel.cpp:38]   --->   Operation 11 'icmp' 'icmp_ln38' <Predicate = true> <Delay = 1.67> <CoreInst = "Cmp">   --->   Core 9 'Cmp' <Latency = 0> <II = 1> <Delay = 1.67> <FuncUnit> <Opcode : 'seteq' 'setne' 'setle' 'setge' 'setlt' 'setgt'> <InPorts = 2> <OutPorts = 1>
ST_1 : Operation 12 [1/1] (0.00ns)   --->   "%speclooptripcount_ln0 = speclooptripcount void @_ssdm_op_SpecLoopTripCount, i64 128, i64 128, i64 128"   --->   Operation 12 'speclooptripcount' 'speclooptripcount_ln0' <Predicate = true> <Delay = 0.00>
ST_1 : Operation 13 [1/1] (0.00ns)   --->   "%br_ln38 = br i1 %icmp_ln38, void %_ZcmILi160ELb0EE11ap_int_baseIXplT_L3$_032EELb0EERKS0_IXT_EXT0_EEi.exit.split, void %VITIS_LOOP_46_5.loopexit.exitStub" [sha384Accel.cpp:38]   --->   Operation 13 'br' 'br_ln38' <Predicate = true> <Delay = 0.00>
ST_1 : Operation 14 [1/1] (0.00ns)   --->   "%sizeIndex_load_1 = load i8 %sizeIndex" [sha384Accel.cpp:38]   --->   Operation 14 'load' 'sizeIndex_load_1' <Predicate = (!icmp_ln38)> <Delay = 0.00>
ST_1 : Operation 15 [1/1] (0.00ns)   --->   "%trunc_ln38 = trunc i8 %sizeIndex_load_1" [sha384Accel.cpp:38]   --->   Operation 15 'trunc' 'trunc_ln38' <Predicate = (!icmp_ln38)> <Delay = 0.00>
ST_1 : Operation 16 [1/1] (0.00ns)   --->   "%trunc_ln38_1 = trunc i11 %j" [sha384Accel.cpp:38]   --->   Operation 16 'trunc' 'trunc_ln38_1' <Predicate = (!icmp_ln38)> <Delay = 0.00>
ST_1 : Operation 17 [1/1] (0.00ns)   --->   "%specpipeline_ln37 = specpipeline void @_ssdm_op_SpecPipeline, i32 4294967295, i32 0, i32 0, i32 0, void @empty" [sha384Accel.cpp:37]   --->   Operation 17 'specpipeline' 'specpipeline_ln37' <Predicate = (!icmp_ln38)> <Delay = 0.00>
ST_1 : Operation 18 [1/1] (0.00ns)   --->   "%specloopname_ln38 = specloopname void @_ssdm_op_SpecLoopName, void @empty_5" [sha384Accel.cpp:38]   --->   Operation 18 'specloopname' 'specloopname_ln38' <Predicate = (!icmp_ln38)> <Delay = 0.00>
ST_1 : Operation 19 [1/1] (0.00ns)   --->   "%trunc_ln2 = partselect i3 @_ssdm_op_PartSelect.i3.i11.i32.i32, i11 %j, i32 5, i32 7" [sha384Accel.cpp:37]   --->   Operation 19 'partselect' 'trunc_ln2' <Predicate = (!icmp_ln38)> <Delay = 0.00>
ST_1 : Operation 20 [1/1] (0.00ns)   --->   "%sext_ln37 = sext i3 %trunc_ln2" [sha384Accel.cpp:37]   --->   Operation 20 'sext' 'sext_ln37' <Predicate = (!icmp_ln38)> <Delay = 0.00>
ST_1 : Operation 21 [1/1] (0.00ns)   --->   "%zext_ln37 = zext i5 %sext_ln37" [sha384Accel.cpp:37]   --->   Operation 21 'zext' 'zext_ln37' <Predicate = (!icmp_ln38)> <Delay = 0.00>
ST_1 : Operation 22 [1/1] (2.15ns)   --->   "%tmp = bitselect i1 @_ssdm_op_BitSelect.i1.i128.i7, i128 %size_read, i7 %trunc_ln38" [sha384Accel.cpp:39]   --->   Operation 22 'bitselect' 'tmp' <Predicate = (!icmp_ln38)> <Delay = 2.15> <CoreInst = "BitSelector">   --->   Core 141 'BitSelector' <Latency = 0> <II = 1> <Delay = 2.15> <FuncUnit> <Opcode : 'bitselect'> <InPorts = 2> <OutPorts = 1>
ST_1 : Operation 23 [1/1] (0.00ns)   --->   "%buffer_addr_1 = getelementptr i1 %buffer_r, i64 0, i64 %zext_ln37" [sha384Accel.cpp:39]   --->   Operation 23 'getelementptr' 'buffer_addr_1' <Predicate = (!icmp_ln38)> <Delay = 0.00>
ST_1 : Operation 24 [1/1] (0.00ns)   --->   "%buffer_1_addr_1 = getelementptr i1 %buffer_1, i64 0, i64 %zext_ln37" [sha384Accel.cpp:39]   --->   Operation 24 'getelementptr' 'buffer_1_addr_1' <Predicate = (!icmp_ln38)> <Delay = 0.00>
ST_1 : Operation 25 [1/1] (0.00ns)   --->   "%buffer_2_addr_1 = getelementptr i1 %buffer_2, i64 0, i64 %zext_ln37" [sha384Accel.cpp:39]   --->   Operation 25 'getelementptr' 'buffer_2_addr_1' <Predicate = (!icmp_ln38)> <Delay = 0.00>
ST_1 : Operation 26 [1/1] (0.00ns)   --->   "%buffer_3_addr_1 = getelementptr i1 %buffer_3, i64 0, i64 %zext_ln37" [sha384Accel.cpp:39]   --->   Operation 26 'getelementptr' 'buffer_3_addr_1' <Predicate = (!icmp_ln38)> <Delay = 0.00>
ST_1 : Operation 27 [1/1] (0.00ns)   --->   "%buffer_4_addr_1 = getelementptr i1 %buffer_4, i64 0, i64 %zext_ln37" [sha384Accel.cpp:39]   --->   Operation 27 'getelementptr' 'buffer_4_addr_1' <Predicate = (!icmp_ln38)> <Delay = 0.00>
ST_1 : Operation 28 [1/1] (0.00ns)   --->   "%buffer_5_addr_1 = getelementptr i1 %buffer_5, i64 0, i64 %zext_ln37" [sha384Accel.cpp:39]   --->   Operation 28 'getelementptr' 'buffer_5_addr_1' <Predicate = (!icmp_ln38)> <Delay = 0.00>
ST_1 : Operation 29 [1/1] (0.00ns)   --->   "%buffer_6_addr_1 = getelementptr i1 %buffer_6, i64 0, i64 %zext_ln37" [sha384Accel.cpp:39]   --->   Operation 29 'getelementptr' 'buffer_6_addr_1' <Predicate = (!icmp_ln38)> <Delay = 0.00>
ST_1 : Operation 30 [1/1] (0.00ns)   --->   "%buffer_7_addr_1 = getelementptr i1 %buffer_7, i64 0, i64 %zext_ln37" [sha384Accel.cpp:39]   --->   Operation 30 'getelementptr' 'buffer_7_addr_1' <Predicate = (!icmp_ln38)> <Delay = 0.00>
ST_1 : Operation 31 [1/1] (0.00ns)   --->   "%buffer_8_addr_1 = getelementptr i1 %buffer_8, i64 0, i64 %zext_ln37" [sha384Accel.cpp:39]   --->   Operation 31 'getelementptr' 'buffer_8_addr_1' <Predicate = (!icmp_ln38)> <Delay = 0.00>
ST_1 : Operation 32 [1/1] (0.00ns)   --->   "%buffer_9_addr_1 = getelementptr i1 %buffer_9, i64 0, i64 %zext_ln37" [sha384Accel.cpp:39]   --->   Operation 32 'getelementptr' 'buffer_9_addr_1' <Predicate = (!icmp_ln38)> <Delay = 0.00>
ST_1 : Operation 33 [1/1] (0.00ns)   --->   "%buffer_10_addr_1 = getelementptr i1 %buffer_10, i64 0, i64 %zext_ln37" [sha384Accel.cpp:39]   --->   Operation 33 'getelementptr' 'buffer_10_addr_1' <Predicate = (!icmp_ln38)> <Delay = 0.00>
ST_1 : Operation 34 [1/1] (0.00ns)   --->   "%buffer_11_addr_1 = getelementptr i1 %buffer_11, i64 0, i64 %zext_ln37" [sha384Accel.cpp:39]   --->   Operation 34 'getelementptr' 'buffer_11_addr_1' <Predicate = (!icmp_ln38)> <Delay = 0.00>
ST_1 : Operation 35 [1/1] (0.00ns)   --->   "%buffer_12_addr_1 = getelementptr i1 %buffer_12, i64 0, i64 %zext_ln37" [sha384Accel.cpp:39]   --->   Operation 35 'getelementptr' 'buffer_12_addr_1' <Predicate = (!icmp_ln38)> <Delay = 0.00>
ST_1 : Operation 36 [1/1] (0.00ns)   --->   "%buffer_13_addr_1 = getelementptr i1 %buffer_13, i64 0, i64 %zext_ln37" [sha384Accel.cpp:39]   --->   Operation 36 'getelementptr' 'buffer_13_addr_1' <Predicate = (!icmp_ln38)> <Delay = 0.00>
ST_1 : Operation 37 [1/1] (0.00ns)   --->   "%buffer_14_addr_1 = getelementptr i1 %buffer_14, i64 0, i64 %zext_ln37" [sha384Accel.cpp:39]   --->   Operation 37 'getelementptr' 'buffer_14_addr_1' <Predicate = (!icmp_ln38)> <Delay = 0.00>
ST_1 : Operation 38 [1/1] (0.00ns)   --->   "%buffer_15_addr_1 = getelementptr i1 %buffer_15, i64 0, i64 %zext_ln37" [sha384Accel.cpp:39]   --->   Operation 38 'getelementptr' 'buffer_15_addr_1' <Predicate = (!icmp_ln38)> <Delay = 0.00>
ST_1 : Operation 39 [1/1] (0.00ns)   --->   "%buffer_16_addr_1 = getelementptr i1 %buffer_16, i64 0, i64 %zext_ln37" [sha384Accel.cpp:39]   --->   Operation 39 'getelementptr' 'buffer_16_addr_1' <Predicate = (!icmp_ln38)> <Delay = 0.00>
ST_1 : Operation 40 [1/1] (0.00ns)   --->   "%buffer_17_addr_1 = getelementptr i1 %buffer_17, i64 0, i64 %zext_ln37" [sha384Accel.cpp:39]   --->   Operation 40 'getelementptr' 'buffer_17_addr_1' <Predicate = (!icmp_ln38)> <Delay = 0.00>
ST_1 : Operation 41 [1/1] (0.00ns)   --->   "%buffer_18_addr_1 = getelementptr i1 %buffer_18, i64 0, i64 %zext_ln37" [sha384Accel.cpp:39]   --->   Operation 41 'getelementptr' 'buffer_18_addr_1' <Predicate = (!icmp_ln38)> <Delay = 0.00>
ST_1 : Operation 42 [1/1] (0.00ns)   --->   "%buffer_19_addr_1 = getelementptr i1 %buffer_19, i64 0, i64 %zext_ln37" [sha384Accel.cpp:39]   --->   Operation 42 'getelementptr' 'buffer_19_addr_1' <Predicate = (!icmp_ln38)> <Delay = 0.00>
ST_1 : Operation 43 [1/1] (0.00ns)   --->   "%buffer_20_addr_1 = getelementptr i1 %buffer_20, i64 0, i64 %zext_ln37" [sha384Accel.cpp:39]   --->   Operation 43 'getelementptr' 'buffer_20_addr_1' <Predicate = (!icmp_ln38)> <Delay = 0.00>
ST_1 : Operation 44 [1/1] (0.00ns)   --->   "%buffer_21_addr_1 = getelementptr i1 %buffer_21, i64 0, i64 %zext_ln37" [sha384Accel.cpp:39]   --->   Operation 44 'getelementptr' 'buffer_21_addr_1' <Predicate = (!icmp_ln38)> <Delay = 0.00>
ST_1 : Operation 45 [1/1] (0.00ns)   --->   "%buffer_22_addr_1 = getelementptr i1 %buffer_22, i64 0, i64 %zext_ln37" [sha384Accel.cpp:39]   --->   Operation 45 'getelementptr' 'buffer_22_addr_1' <Predicate = (!icmp_ln38)> <Delay = 0.00>
ST_1 : Operation 46 [1/1] (0.00ns)   --->   "%buffer_23_addr_1 = getelementptr i1 %buffer_23, i64 0, i64 %zext_ln37" [sha384Accel.cpp:39]   --->   Operation 46 'getelementptr' 'buffer_23_addr_1' <Predicate = (!icmp_ln38)> <Delay = 0.00>
ST_1 : Operation 47 [1/1] (0.00ns)   --->   "%buffer_24_addr_1 = getelementptr i1 %buffer_24, i64 0, i64 %zext_ln37" [sha384Accel.cpp:39]   --->   Operation 47 'getelementptr' 'buffer_24_addr_1' <Predicate = (!icmp_ln38)> <Delay = 0.00>
ST_1 : Operation 48 [1/1] (0.00ns)   --->   "%buffer_25_addr_1 = getelementptr i1 %buffer_25, i64 0, i64 %zext_ln37" [sha384Accel.cpp:39]   --->   Operation 48 'getelementptr' 'buffer_25_addr_1' <Predicate = (!icmp_ln38)> <Delay = 0.00>
ST_1 : Operation 49 [1/1] (0.00ns)   --->   "%buffer_26_addr_1 = getelementptr i1 %buffer_26, i64 0, i64 %zext_ln37" [sha384Accel.cpp:39]   --->   Operation 49 'getelementptr' 'buffer_26_addr_1' <Predicate = (!icmp_ln38)> <Delay = 0.00>
ST_1 : Operation 50 [1/1] (0.00ns)   --->   "%buffer_27_addr_1 = getelementptr i1 %buffer_27, i64 0, i64 %zext_ln37" [sha384Accel.cpp:39]   --->   Operation 50 'getelementptr' 'buffer_27_addr_1' <Predicate = (!icmp_ln38)> <Delay = 0.00>
ST_1 : Operation 51 [1/1] (0.00ns)   --->   "%buffer_28_addr_1 = getelementptr i1 %buffer_28, i64 0, i64 %zext_ln37" [sha384Accel.cpp:39]   --->   Operation 51 'getelementptr' 'buffer_28_addr_1' <Predicate = (!icmp_ln38)> <Delay = 0.00>
ST_1 : Operation 52 [1/1] (0.00ns)   --->   "%buffer_29_addr_1 = getelementptr i1 %buffer_29, i64 0, i64 %zext_ln37" [sha384Accel.cpp:39]   --->   Operation 52 'getelementptr' 'buffer_29_addr_1' <Predicate = (!icmp_ln38)> <Delay = 0.00>
ST_1 : Operation 53 [1/1] (0.00ns)   --->   "%buffer_30_addr_1 = getelementptr i1 %buffer_30, i64 0, i64 %zext_ln37" [sha384Accel.cpp:39]   --->   Operation 53 'getelementptr' 'buffer_30_addr_1' <Predicate = (!icmp_ln38)> <Delay = 0.00>
ST_1 : Operation 54 [1/1] (0.00ns)   --->   "%buffer_31_addr_1 = getelementptr i1 %buffer_31, i64 0, i64 %zext_ln37" [sha384Accel.cpp:39]   --->   Operation 54 'getelementptr' 'buffer_31_addr_1' <Predicate = (!icmp_ln38)> <Delay = 0.00>
ST_1 : Operation 55 [1/1] (1.58ns)   --->   "%switch_ln39 = switch i5 %trunc_ln38_1, void %arrayidx45.case.31, i5 0, void %arrayidx45.case.0, i5 1, void %arrayidx45.case.1, i5 2, void %arrayidx45.case.2, i5 3, void %arrayidx45.case.3, i5 4, void %arrayidx45.case.4, i5 5, void %arrayidx45.case.5, i5 6, void %arrayidx45.case.6, i5 7, void %arrayidx45.case.7, i5 8, void %arrayidx45.case.8, i5 9, void %arrayidx45.case.9, i5 10, void %arrayidx45.case.10, i5 11, void %arrayidx45.case.11, i5 12, void %arrayidx45.case.12, i5 13, void %arrayidx45.case.13, i5 14, void %arrayidx45.case.14, i5 15, void %arrayidx45.case.15, i5 16, void %arrayidx45.case.16, i5 17, void %arrayidx45.case.17, i5 18, void %arrayidx45.case.18, i5 19, void %arrayidx45.case.19, i5 20, void %arrayidx45.case.20, i5 21, void %arrayidx45.case.21, i5 22, void %arrayidx45.case.22, i5 23, void %arrayidx45.case.23, i5 24, void %arrayidx45.case.24, i5 25, void %arrayidx45.case.25, i5 26, void %arrayidx45.case.26, i5 27, void %arrayidx45.case.27, i5 28, void %arrayidx45.case.28, i5 29, void %arrayidx45.case.29, i5 30, void %arrayidx45.case.30" [sha384Accel.cpp:39]   --->   Operation 55 'switch' 'switch_ln39' <Predicate = (!icmp_ln38)> <Delay = 1.58>
ST_1 : Operation 56 [1/1] ( I:1.76ns O:1.76ns )   --->   "%store_ln39 = store i1 %tmp, i5 %buffer_30_addr_1" [sha384Accel.cpp:39]   --->   Operation 56 'store' 'store_ln39' <Predicate = (!icmp_ln38 & trunc_ln38_1 == 30)> <Delay = 1.76> <CoreInst = "RAM">   --->   Core 81 'RAM' <Latency = 1> <II = 1> <Delay = 1.76> <Storage> <Opcode : 'load' 'store'> <Ports = 2> <Width = 1> <Depth = 32> <RAM>
ST_1 : Operation 57 [1/1] (0.00ns)   --->   "%br_ln39 = br void %arrayidx45.exit" [sha384Accel.cpp:39]   --->   Operation 57 'br' 'br_ln39' <Predicate = (!icmp_ln38 & trunc_ln38_1 == 30)> <Delay = 0.00>
ST_1 : Operation 58 [1/1] ( I:1.76ns O:1.76ns )   --->   "%store_ln39 = store i1 %tmp, i5 %buffer_29_addr_1" [sha384Accel.cpp:39]   --->   Operation 58 'store' 'store_ln39' <Predicate = (!icmp_ln38 & trunc_ln38_1 == 29)> <Delay = 1.76> <CoreInst = "RAM">   --->   Core 81 'RAM' <Latency = 1> <II = 1> <Delay = 1.76> <Storage> <Opcode : 'load' 'store'> <Ports = 2> <Width = 1> <Depth = 32> <RAM>
ST_1 : Operation 59 [1/1] (0.00ns)   --->   "%br_ln39 = br void %arrayidx45.exit" [sha384Accel.cpp:39]   --->   Operation 59 'br' 'br_ln39' <Predicate = (!icmp_ln38 & trunc_ln38_1 == 29)> <Delay = 0.00>
ST_1 : Operation 60 [1/1] ( I:1.76ns O:1.76ns )   --->   "%store_ln39 = store i1 %tmp, i5 %buffer_28_addr_1" [sha384Accel.cpp:39]   --->   Operation 60 'store' 'store_ln39' <Predicate = (!icmp_ln38 & trunc_ln38_1 == 28)> <Delay = 1.76> <CoreInst = "RAM">   --->   Core 81 'RAM' <Latency = 1> <II = 1> <Delay = 1.76> <Storage> <Opcode : 'load' 'store'> <Ports = 2> <Width = 1> <Depth = 32> <RAM>
ST_1 : Operation 61 [1/1] (0.00ns)   --->   "%br_ln39 = br void %arrayidx45.exit" [sha384Accel.cpp:39]   --->   Operation 61 'br' 'br_ln39' <Predicate = (!icmp_ln38 & trunc_ln38_1 == 28)> <Delay = 0.00>
ST_1 : Operation 62 [1/1] ( I:1.76ns O:1.76ns )   --->   "%store_ln39 = store i1 %tmp, i5 %buffer_27_addr_1" [sha384Accel.cpp:39]   --->   Operation 62 'store' 'store_ln39' <Predicate = (!icmp_ln38 & trunc_ln38_1 == 27)> <Delay = 1.76> <CoreInst = "RAM">   --->   Core 81 'RAM' <Latency = 1> <II = 1> <Delay = 1.76> <Storage> <Opcode : 'load' 'store'> <Ports = 2> <Width = 1> <Depth = 32> <RAM>
ST_1 : Operation 63 [1/1] (0.00ns)   --->   "%br_ln39 = br void %arrayidx45.exit" [sha384Accel.cpp:39]   --->   Operation 63 'br' 'br_ln39' <Predicate = (!icmp_ln38 & trunc_ln38_1 == 27)> <Delay = 0.00>
ST_1 : Operation 64 [1/1] ( I:1.76ns O:1.76ns )   --->   "%store_ln39 = store i1 %tmp, i5 %buffer_26_addr_1" [sha384Accel.cpp:39]   --->   Operation 64 'store' 'store_ln39' <Predicate = (!icmp_ln38 & trunc_ln38_1 == 26)> <Delay = 1.76> <CoreInst = "RAM">   --->   Core 81 'RAM' <Latency = 1> <II = 1> <Delay = 1.76> <Storage> <Opcode : 'load' 'store'> <Ports = 2> <Width = 1> <Depth = 32> <RAM>
ST_1 : Operation 65 [1/1] (0.00ns)   --->   "%br_ln39 = br void %arrayidx45.exit" [sha384Accel.cpp:39]   --->   Operation 65 'br' 'br_ln39' <Predicate = (!icmp_ln38 & trunc_ln38_1 == 26)> <Delay = 0.00>
ST_1 : Operation 66 [1/1] ( I:1.76ns O:1.76ns )   --->   "%store_ln39 = store i1 %tmp, i5 %buffer_25_addr_1" [sha384Accel.cpp:39]   --->   Operation 66 'store' 'store_ln39' <Predicate = (!icmp_ln38 & trunc_ln38_1 == 25)> <Delay = 1.76> <CoreInst = "RAM">   --->   Core 81 'RAM' <Latency = 1> <II = 1> <Delay = 1.76> <Storage> <Opcode : 'load' 'store'> <Ports = 2> <Width = 1> <Depth = 32> <RAM>
ST_1 : Operation 67 [1/1] (0.00ns)   --->   "%br_ln39 = br void %arrayidx45.exit" [sha384Accel.cpp:39]   --->   Operation 67 'br' 'br_ln39' <Predicate = (!icmp_ln38 & trunc_ln38_1 == 25)> <Delay = 0.00>
ST_1 : Operation 68 [1/1] ( I:1.76ns O:1.76ns )   --->   "%store_ln39 = store i1 %tmp, i5 %buffer_24_addr_1" [sha384Accel.cpp:39]   --->   Operation 68 'store' 'store_ln39' <Predicate = (!icmp_ln38 & trunc_ln38_1 == 24)> <Delay = 1.76> <CoreInst = "RAM">   --->   Core 81 'RAM' <Latency = 1> <II = 1> <Delay = 1.76> <Storage> <Opcode : 'load' 'store'> <Ports = 2> <Width = 1> <Depth = 32> <RAM>
ST_1 : Operation 69 [1/1] (0.00ns)   --->   "%br_ln39 = br void %arrayidx45.exit" [sha384Accel.cpp:39]   --->   Operation 69 'br' 'br_ln39' <Predicate = (!icmp_ln38 & trunc_ln38_1 == 24)> <Delay = 0.00>
ST_1 : Operation 70 [1/1] ( I:1.76ns O:1.76ns )   --->   "%store_ln39 = store i1 %tmp, i5 %buffer_23_addr_1" [sha384Accel.cpp:39]   --->   Operation 70 'store' 'store_ln39' <Predicate = (!icmp_ln38 & trunc_ln38_1 == 23)> <Delay = 1.76> <CoreInst = "RAM">   --->   Core 81 'RAM' <Latency = 1> <II = 1> <Delay = 1.76> <Storage> <Opcode : 'load' 'store'> <Ports = 2> <Width = 1> <Depth = 32> <RAM>
ST_1 : Operation 71 [1/1] (0.00ns)   --->   "%br_ln39 = br void %arrayidx45.exit" [sha384Accel.cpp:39]   --->   Operation 71 'br' 'br_ln39' <Predicate = (!icmp_ln38 & trunc_ln38_1 == 23)> <Delay = 0.00>
ST_1 : Operation 72 [1/1] ( I:1.76ns O:1.76ns )   --->   "%store_ln39 = store i1 %tmp, i5 %buffer_22_addr_1" [sha384Accel.cpp:39]   --->   Operation 72 'store' 'store_ln39' <Predicate = (!icmp_ln38 & trunc_ln38_1 == 22)> <Delay = 1.76> <CoreInst = "RAM">   --->   Core 81 'RAM' <Latency = 1> <II = 1> <Delay = 1.76> <Storage> <Opcode : 'load' 'store'> <Ports = 2> <Width = 1> <Depth = 32> <RAM>
ST_1 : Operation 73 [1/1] (0.00ns)   --->   "%br_ln39 = br void %arrayidx45.exit" [sha384Accel.cpp:39]   --->   Operation 73 'br' 'br_ln39' <Predicate = (!icmp_ln38 & trunc_ln38_1 == 22)> <Delay = 0.00>
ST_1 : Operation 74 [1/1] ( I:1.76ns O:1.76ns )   --->   "%store_ln39 = store i1 %tmp, i5 %buffer_21_addr_1" [sha384Accel.cpp:39]   --->   Operation 74 'store' 'store_ln39' <Predicate = (!icmp_ln38 & trunc_ln38_1 == 21)> <Delay = 1.76> <CoreInst = "RAM">   --->   Core 81 'RAM' <Latency = 1> <II = 1> <Delay = 1.76> <Storage> <Opcode : 'load' 'store'> <Ports = 2> <Width = 1> <Depth = 32> <RAM>
ST_1 : Operation 75 [1/1] (0.00ns)   --->   "%br_ln39 = br void %arrayidx45.exit" [sha384Accel.cpp:39]   --->   Operation 75 'br' 'br_ln39' <Predicate = (!icmp_ln38 & trunc_ln38_1 == 21)> <Delay = 0.00>
ST_1 : Operation 76 [1/1] ( I:1.76ns O:1.76ns )   --->   "%store_ln39 = store i1 %tmp, i5 %buffer_20_addr_1" [sha384Accel.cpp:39]   --->   Operation 76 'store' 'store_ln39' <Predicate = (!icmp_ln38 & trunc_ln38_1 == 20)> <Delay = 1.76> <CoreInst = "RAM">   --->   Core 81 'RAM' <Latency = 1> <II = 1> <Delay = 1.76> <Storage> <Opcode : 'load' 'store'> <Ports = 2> <Width = 1> <Depth = 32> <RAM>
ST_1 : Operation 77 [1/1] (0.00ns)   --->   "%br_ln39 = br void %arrayidx45.exit" [sha384Accel.cpp:39]   --->   Operation 77 'br' 'br_ln39' <Predicate = (!icmp_ln38 & trunc_ln38_1 == 20)> <Delay = 0.00>
ST_1 : Operation 78 [1/1] ( I:1.76ns O:1.76ns )   --->   "%store_ln39 = store i1 %tmp, i5 %buffer_19_addr_1" [sha384Accel.cpp:39]   --->   Operation 78 'store' 'store_ln39' <Predicate = (!icmp_ln38 & trunc_ln38_1 == 19)> <Delay = 1.76> <CoreInst = "RAM">   --->   Core 81 'RAM' <Latency = 1> <II = 1> <Delay = 1.76> <Storage> <Opcode : 'load' 'store'> <Ports = 2> <Width = 1> <Depth = 32> <RAM>
ST_1 : Operation 79 [1/1] (0.00ns)   --->   "%br_ln39 = br void %arrayidx45.exit" [sha384Accel.cpp:39]   --->   Operation 79 'br' 'br_ln39' <Predicate = (!icmp_ln38 & trunc_ln38_1 == 19)> <Delay = 0.00>
ST_1 : Operation 80 [1/1] ( I:1.76ns O:1.76ns )   --->   "%store_ln39 = store i1 %tmp, i5 %buffer_18_addr_1" [sha384Accel.cpp:39]   --->   Operation 80 'store' 'store_ln39' <Predicate = (!icmp_ln38 & trunc_ln38_1 == 18)> <Delay = 1.76> <CoreInst = "RAM">   --->   Core 81 'RAM' <Latency = 1> <II = 1> <Delay = 1.76> <Storage> <Opcode : 'load' 'store'> <Ports = 2> <Width = 1> <Depth = 32> <RAM>
ST_1 : Operation 81 [1/1] (0.00ns)   --->   "%br_ln39 = br void %arrayidx45.exit" [sha384Accel.cpp:39]   --->   Operation 81 'br' 'br_ln39' <Predicate = (!icmp_ln38 & trunc_ln38_1 == 18)> <Delay = 0.00>
ST_1 : Operation 82 [1/1] ( I:1.76ns O:1.76ns )   --->   "%store_ln39 = store i1 %tmp, i5 %buffer_17_addr_1" [sha384Accel.cpp:39]   --->   Operation 82 'store' 'store_ln39' <Predicate = (!icmp_ln38 & trunc_ln38_1 == 17)> <Delay = 1.76> <CoreInst = "RAM">   --->   Core 81 'RAM' <Latency = 1> <II = 1> <Delay = 1.76> <Storage> <Opcode : 'load' 'store'> <Ports = 2> <Width = 1> <Depth = 32> <RAM>
ST_1 : Operation 83 [1/1] (0.00ns)   --->   "%br_ln39 = br void %arrayidx45.exit" [sha384Accel.cpp:39]   --->   Operation 83 'br' 'br_ln39' <Predicate = (!icmp_ln38 & trunc_ln38_1 == 17)> <Delay = 0.00>
ST_1 : Operation 84 [1/1] ( I:1.76ns O:1.76ns )   --->   "%store_ln39 = store i1 %tmp, i5 %buffer_16_addr_1" [sha384Accel.cpp:39]   --->   Operation 84 'store' 'store_ln39' <Predicate = (!icmp_ln38 & trunc_ln38_1 == 16)> <Delay = 1.76> <CoreInst = "RAM">   --->   Core 81 'RAM' <Latency = 1> <II = 1> <Delay = 1.76> <Storage> <Opcode : 'load' 'store'> <Ports = 2> <Width = 1> <Depth = 32> <RAM>
ST_1 : Operation 85 [1/1] (0.00ns)   --->   "%br_ln39 = br void %arrayidx45.exit" [sha384Accel.cpp:39]   --->   Operation 85 'br' 'br_ln39' <Predicate = (!icmp_ln38 & trunc_ln38_1 == 16)> <Delay = 0.00>
ST_1 : Operation 86 [1/1] ( I:1.76ns O:1.76ns )   --->   "%store_ln39 = store i1 %tmp, i5 %buffer_15_addr_1" [sha384Accel.cpp:39]   --->   Operation 86 'store' 'store_ln39' <Predicate = (!icmp_ln38 & trunc_ln38_1 == 15)> <Delay = 1.76> <CoreInst = "RAM">   --->   Core 81 'RAM' <Latency = 1> <II = 1> <Delay = 1.76> <Storage> <Opcode : 'load' 'store'> <Ports = 2> <Width = 1> <Depth = 32> <RAM>
ST_1 : Operation 87 [1/1] (0.00ns)   --->   "%br_ln39 = br void %arrayidx45.exit" [sha384Accel.cpp:39]   --->   Operation 87 'br' 'br_ln39' <Predicate = (!icmp_ln38 & trunc_ln38_1 == 15)> <Delay = 0.00>
ST_1 : Operation 88 [1/1] ( I:1.76ns O:1.76ns )   --->   "%store_ln39 = store i1 %tmp, i5 %buffer_14_addr_1" [sha384Accel.cpp:39]   --->   Operation 88 'store' 'store_ln39' <Predicate = (!icmp_ln38 & trunc_ln38_1 == 14)> <Delay = 1.76> <CoreInst = "RAM">   --->   Core 81 'RAM' <Latency = 1> <II = 1> <Delay = 1.76> <Storage> <Opcode : 'load' 'store'> <Ports = 2> <Width = 1> <Depth = 32> <RAM>
ST_1 : Operation 89 [1/1] (0.00ns)   --->   "%br_ln39 = br void %arrayidx45.exit" [sha384Accel.cpp:39]   --->   Operation 89 'br' 'br_ln39' <Predicate = (!icmp_ln38 & trunc_ln38_1 == 14)> <Delay = 0.00>
ST_1 : Operation 90 [1/1] ( I:1.76ns O:1.76ns )   --->   "%store_ln39 = store i1 %tmp, i5 %buffer_13_addr_1" [sha384Accel.cpp:39]   --->   Operation 90 'store' 'store_ln39' <Predicate = (!icmp_ln38 & trunc_ln38_1 == 13)> <Delay = 1.76> <CoreInst = "RAM">   --->   Core 81 'RAM' <Latency = 1> <II = 1> <Delay = 1.76> <Storage> <Opcode : 'load' 'store'> <Ports = 2> <Width = 1> <Depth = 32> <RAM>
ST_1 : Operation 91 [1/1] (0.00ns)   --->   "%br_ln39 = br void %arrayidx45.exit" [sha384Accel.cpp:39]   --->   Operation 91 'br' 'br_ln39' <Predicate = (!icmp_ln38 & trunc_ln38_1 == 13)> <Delay = 0.00>
ST_1 : Operation 92 [1/1] ( I:1.76ns O:1.76ns )   --->   "%store_ln39 = store i1 %tmp, i5 %buffer_12_addr_1" [sha384Accel.cpp:39]   --->   Operation 92 'store' 'store_ln39' <Predicate = (!icmp_ln38 & trunc_ln38_1 == 12)> <Delay = 1.76> <CoreInst = "RAM">   --->   Core 81 'RAM' <Latency = 1> <II = 1> <Delay = 1.76> <Storage> <Opcode : 'load' 'store'> <Ports = 2> <Width = 1> <Depth = 32> <RAM>
ST_1 : Operation 93 [1/1] (0.00ns)   --->   "%br_ln39 = br void %arrayidx45.exit" [sha384Accel.cpp:39]   --->   Operation 93 'br' 'br_ln39' <Predicate = (!icmp_ln38 & trunc_ln38_1 == 12)> <Delay = 0.00>
ST_1 : Operation 94 [1/1] ( I:1.76ns O:1.76ns )   --->   "%store_ln39 = store i1 %tmp, i5 %buffer_11_addr_1" [sha384Accel.cpp:39]   --->   Operation 94 'store' 'store_ln39' <Predicate = (!icmp_ln38 & trunc_ln38_1 == 11)> <Delay = 1.76> <CoreInst = "RAM">   --->   Core 81 'RAM' <Latency = 1> <II = 1> <Delay = 1.76> <Storage> <Opcode : 'load' 'store'> <Ports = 2> <Width = 1> <Depth = 32> <RAM>
ST_1 : Operation 95 [1/1] (0.00ns)   --->   "%br_ln39 = br void %arrayidx45.exit" [sha384Accel.cpp:39]   --->   Operation 95 'br' 'br_ln39' <Predicate = (!icmp_ln38 & trunc_ln38_1 == 11)> <Delay = 0.00>
ST_1 : Operation 96 [1/1] ( I:1.76ns O:1.76ns )   --->   "%store_ln39 = store i1 %tmp, i5 %buffer_10_addr_1" [sha384Accel.cpp:39]   --->   Operation 96 'store' 'store_ln39' <Predicate = (!icmp_ln38 & trunc_ln38_1 == 10)> <Delay = 1.76> <CoreInst = "RAM">   --->   Core 81 'RAM' <Latency = 1> <II = 1> <Delay = 1.76> <Storage> <Opcode : 'load' 'store'> <Ports = 2> <Width = 1> <Depth = 32> <RAM>
ST_1 : Operation 97 [1/1] (0.00ns)   --->   "%br_ln39 = br void %arrayidx45.exit" [sha384Accel.cpp:39]   --->   Operation 97 'br' 'br_ln39' <Predicate = (!icmp_ln38 & trunc_ln38_1 == 10)> <Delay = 0.00>
ST_1 : Operation 98 [1/1] ( I:1.76ns O:1.76ns )   --->   "%store_ln39 = store i1 %tmp, i5 %buffer_9_addr_1" [sha384Accel.cpp:39]   --->   Operation 98 'store' 'store_ln39' <Predicate = (!icmp_ln38 & trunc_ln38_1 == 9)> <Delay = 1.76> <CoreInst = "RAM">   --->   Core 81 'RAM' <Latency = 1> <II = 1> <Delay = 1.76> <Storage> <Opcode : 'load' 'store'> <Ports = 2> <Width = 1> <Depth = 32> <RAM>
ST_1 : Operation 99 [1/1] (0.00ns)   --->   "%br_ln39 = br void %arrayidx45.exit" [sha384Accel.cpp:39]   --->   Operation 99 'br' 'br_ln39' <Predicate = (!icmp_ln38 & trunc_ln38_1 == 9)> <Delay = 0.00>
ST_1 : Operation 100 [1/1] ( I:1.76ns O:1.76ns )   --->   "%store_ln39 = store i1 %tmp, i5 %buffer_8_addr_1" [sha384Accel.cpp:39]   --->   Operation 100 'store' 'store_ln39' <Predicate = (!icmp_ln38 & trunc_ln38_1 == 8)> <Delay = 1.76> <CoreInst = "RAM">   --->   Core 81 'RAM' <Latency = 1> <II = 1> <Delay = 1.76> <Storage> <Opcode : 'load' 'store'> <Ports = 2> <Width = 1> <Depth = 32> <RAM>
ST_1 : Operation 101 [1/1] (0.00ns)   --->   "%br_ln39 = br void %arrayidx45.exit" [sha384Accel.cpp:39]   --->   Operation 101 'br' 'br_ln39' <Predicate = (!icmp_ln38 & trunc_ln38_1 == 8)> <Delay = 0.00>
ST_1 : Operation 102 [1/1] ( I:1.76ns O:1.76ns )   --->   "%store_ln39 = store i1 %tmp, i5 %buffer_7_addr_1" [sha384Accel.cpp:39]   --->   Operation 102 'store' 'store_ln39' <Predicate = (!icmp_ln38 & trunc_ln38_1 == 7)> <Delay = 1.76> <CoreInst = "RAM">   --->   Core 81 'RAM' <Latency = 1> <II = 1> <Delay = 1.76> <Storage> <Opcode : 'load' 'store'> <Ports = 2> <Width = 1> <Depth = 32> <RAM>
ST_1 : Operation 103 [1/1] (0.00ns)   --->   "%br_ln39 = br void %arrayidx45.exit" [sha384Accel.cpp:39]   --->   Operation 103 'br' 'br_ln39' <Predicate = (!icmp_ln38 & trunc_ln38_1 == 7)> <Delay = 0.00>
ST_1 : Operation 104 [1/1] ( I:1.76ns O:1.76ns )   --->   "%store_ln39 = store i1 %tmp, i5 %buffer_6_addr_1" [sha384Accel.cpp:39]   --->   Operation 104 'store' 'store_ln39' <Predicate = (!icmp_ln38 & trunc_ln38_1 == 6)> <Delay = 1.76> <CoreInst = "RAM">   --->   Core 81 'RAM' <Latency = 1> <II = 1> <Delay = 1.76> <Storage> <Opcode : 'load' 'store'> <Ports = 2> <Width = 1> <Depth = 32> <RAM>
ST_1 : Operation 105 [1/1] (0.00ns)   --->   "%br_ln39 = br void %arrayidx45.exit" [sha384Accel.cpp:39]   --->   Operation 105 'br' 'br_ln39' <Predicate = (!icmp_ln38 & trunc_ln38_1 == 6)> <Delay = 0.00>
ST_1 : Operation 106 [1/1] ( I:1.76ns O:1.76ns )   --->   "%store_ln39 = store i1 %tmp, i5 %buffer_5_addr_1" [sha384Accel.cpp:39]   --->   Operation 106 'store' 'store_ln39' <Predicate = (!icmp_ln38 & trunc_ln38_1 == 5)> <Delay = 1.76> <CoreInst = "RAM">   --->   Core 81 'RAM' <Latency = 1> <II = 1> <Delay = 1.76> <Storage> <Opcode : 'load' 'store'> <Ports = 2> <Width = 1> <Depth = 32> <RAM>
ST_1 : Operation 107 [1/1] (0.00ns)   --->   "%br_ln39 = br void %arrayidx45.exit" [sha384Accel.cpp:39]   --->   Operation 107 'br' 'br_ln39' <Predicate = (!icmp_ln38 & trunc_ln38_1 == 5)> <Delay = 0.00>
ST_1 : Operation 108 [1/1] ( I:1.76ns O:1.76ns )   --->   "%store_ln39 = store i1 %tmp, i5 %buffer_4_addr_1" [sha384Accel.cpp:39]   --->   Operation 108 'store' 'store_ln39' <Predicate = (!icmp_ln38 & trunc_ln38_1 == 4)> <Delay = 1.76> <CoreInst = "RAM">   --->   Core 81 'RAM' <Latency = 1> <II = 1> <Delay = 1.76> <Storage> <Opcode : 'load' 'store'> <Ports = 2> <Width = 1> <Depth = 32> <RAM>
ST_1 : Operation 109 [1/1] (0.00ns)   --->   "%br_ln39 = br void %arrayidx45.exit" [sha384Accel.cpp:39]   --->   Operation 109 'br' 'br_ln39' <Predicate = (!icmp_ln38 & trunc_ln38_1 == 4)> <Delay = 0.00>
ST_1 : Operation 110 [1/1] ( I:1.76ns O:1.76ns )   --->   "%store_ln39 = store i1 %tmp, i5 %buffer_3_addr_1" [sha384Accel.cpp:39]   --->   Operation 110 'store' 'store_ln39' <Predicate = (!icmp_ln38 & trunc_ln38_1 == 3)> <Delay = 1.76> <CoreInst = "RAM">   --->   Core 81 'RAM' <Latency = 1> <II = 1> <Delay = 1.76> <Storage> <Opcode : 'load' 'store'> <Ports = 2> <Width = 1> <Depth = 32> <RAM>
ST_1 : Operation 111 [1/1] (0.00ns)   --->   "%br_ln39 = br void %arrayidx45.exit" [sha384Accel.cpp:39]   --->   Operation 111 'br' 'br_ln39' <Predicate = (!icmp_ln38 & trunc_ln38_1 == 3)> <Delay = 0.00>
ST_1 : Operation 112 [1/1] ( I:1.76ns O:1.76ns )   --->   "%store_ln39 = store i1 %tmp, i5 %buffer_2_addr_1" [sha384Accel.cpp:39]   --->   Operation 112 'store' 'store_ln39' <Predicate = (!icmp_ln38 & trunc_ln38_1 == 2)> <Delay = 1.76> <CoreInst = "RAM">   --->   Core 81 'RAM' <Latency = 1> <II = 1> <Delay = 1.76> <Storage> <Opcode : 'load' 'store'> <Ports = 2> <Width = 1> <Depth = 32> <RAM>
ST_1 : Operation 113 [1/1] (0.00ns)   --->   "%br_ln39 = br void %arrayidx45.exit" [sha384Accel.cpp:39]   --->   Operation 113 'br' 'br_ln39' <Predicate = (!icmp_ln38 & trunc_ln38_1 == 2)> <Delay = 0.00>
ST_1 : Operation 114 [1/1] ( I:1.76ns O:1.76ns )   --->   "%store_ln39 = store i1 %tmp, i5 %buffer_1_addr_1" [sha384Accel.cpp:39]   --->   Operation 114 'store' 'store_ln39' <Predicate = (!icmp_ln38 & trunc_ln38_1 == 1)> <Delay = 1.76> <CoreInst = "RAM">   --->   Core 81 'RAM' <Latency = 1> <II = 1> <Delay = 1.76> <Storage> <Opcode : 'load' 'store'> <Ports = 2> <Width = 1> <Depth = 32> <RAM>
ST_1 : Operation 115 [1/1] (0.00ns)   --->   "%br_ln39 = br void %arrayidx45.exit" [sha384Accel.cpp:39]   --->   Operation 115 'br' 'br_ln39' <Predicate = (!icmp_ln38 & trunc_ln38_1 == 1)> <Delay = 0.00>
ST_1 : Operation 116 [1/1] ( I:1.76ns O:1.76ns )   --->   "%store_ln39 = store i1 %tmp, i5 %buffer_addr_1" [sha384Accel.cpp:39]   --->   Operation 116 'store' 'store_ln39' <Predicate = (!icmp_ln38 & trunc_ln38_1 == 0)> <Delay = 1.76> <CoreInst = "RAM">   --->   Core 81 'RAM' <Latency = 1> <II = 1> <Delay = 1.76> <Storage> <Opcode : 'load' 'store'> <Ports = 2> <Width = 1> <Depth = 32> <RAM>
ST_1 : Operation 117 [1/1] (0.00ns)   --->   "%br_ln39 = br void %arrayidx45.exit" [sha384Accel.cpp:39]   --->   Operation 117 'br' 'br_ln39' <Predicate = (!icmp_ln38 & trunc_ln38_1 == 0)> <Delay = 0.00>
ST_1 : Operation 118 [1/1] ( I:1.76ns O:1.76ns )   --->   "%store_ln39 = store i1 %tmp, i5 %buffer_31_addr_1" [sha384Accel.cpp:39]   --->   Operation 118 'store' 'store_ln39' <Predicate = (!icmp_ln38 & trunc_ln38_1 == 31)> <Delay = 1.76> <CoreInst = "RAM">   --->   Core 81 'RAM' <Latency = 1> <II = 1> <Delay = 1.76> <Storage> <Opcode : 'load' 'store'> <Ports = 2> <Width = 1> <Depth = 32> <RAM>
ST_1 : Operation 119 [1/1] (0.00ns)   --->   "%br_ln39 = br void %arrayidx45.exit" [sha384Accel.cpp:39]   --->   Operation 119 'br' 'br_ln39' <Predicate = (!icmp_ln38 & trunc_ln38_1 == 31)> <Delay = 0.00>
ST_1 : Operation 120 [1/1] (0.00ns)   --->   "%sizeIndex_load = load i8 %sizeIndex" [sha384Accel.cpp:38]   --->   Operation 120 'load' 'sizeIndex_load' <Predicate = (!icmp_ln38)> <Delay = 0.00>
ST_1 : Operation 121 [1/1] (1.67ns)   --->   "%add_ln38 = add i11 %j, i11 1" [sha384Accel.cpp:38]   --->   Operation 121 'add' 'add_ln38' <Predicate = (!icmp_ln38)> <Delay = 1.67> <CoreInst = "Adder">   --->   Core 1 'Adder' <Latency = 0> <II = 1> <Delay = 1.67> <FuncUnit> <Opcode : 'add' 'sub'> <InPorts = 2> <OutPorts = 1>
ST_1 : Operation 122 [1/1] (1.63ns)   --->   "%sizeIndex_1 = add i8 %sizeIndex_load, i8 255" [sha384Accel.cpp:38]   --->   Operation 122 'add' 'sizeIndex_1' <Predicate = (!icmp_ln38)> <Delay = 1.63> <CoreInst = "Adder">   --->   Core 1 'Adder' <Latency = 0> <II = 1> <Delay = 1.63> <FuncUnit> <Opcode : 'add' 'sub'> <InPorts = 2> <OutPorts = 1>
ST_1 : Operation 123 [1/1] (1.29ns)   --->   "%store_ln14 = store i11 %add_ln38, i11 %j_1" [sha384Accel.cpp:14]   --->   Operation 123 'store' 'store_ln14' <Predicate = (!icmp_ln38)> <Delay = 1.29>
ST_1 : Operation 124 [1/1] (1.29ns)   --->   "%store_ln37 = store i8 %sizeIndex_1, i8 %sizeIndex" [sha384Accel.cpp:37]   --->   Operation 124 'store' 'store_ln37' <Predicate = (!icmp_ln38)> <Delay = 1.29>
ST_1 : Operation 125 [1/1] (0.00ns)   --->   "%br_ln38 = br void %_ZcmILi160ELb0EE11ap_int_baseIXplT_L3$_032EELb0EERKS0_IXT_EXT0_EEi.exit" [sha384Accel.cpp:38]   --->   Operation 125 'br' 'br_ln38' <Predicate = (!icmp_ln38)> <Delay = 0.00>
ST_1 : Operation 126 [1/1] (1.29ns)   --->   "%ret_ln0 = ret"   --->   Operation 126 'ret' 'ret_ln0' <Predicate = (icmp_ln38)> <Delay = 1.29>


============================================================
+ Verbose Summary: Timing violations
============================================================
Target clock period: 10.000ns, clock uncertainty: 2.700ns.

 <State 1>: 5.213ns
The critical path consists of the following:
	'store' operation 0 bit ('store_ln37', sha384Accel.cpp:37) of constant 127 on local variable 'sizeIndex', sha384Accel.cpp:37 [38]  (1.294 ns)
	'load' operation 8 bit ('sizeIndex_load_1', sha384Accel.cpp:38) on local variable 'sizeIndex', sha384Accel.cpp:37 [46]  (0.000 ns)
	'store' operation 0 bit ('store_ln39', sha384Accel.cpp:39) of variable 'tmp', sha384Accel.cpp:39 on array 'buffer_1' [176]  (1.769 ns)
	blocking operation 2.15 ns on control path)


============================================================
+ Verbose Summary: Binding
============================================================
N/A
* FSMD analyzer results:
  - Output states:
 - Input state : 
  - Chain level:
	State 1


============================================================
+ Verbose Summary: Datapath Resource usage 
============================================================
N/A
