

================================================================
== Vitis HLS Report for 'chunkProcessor_Pipeline_VITIS_LOOP_22_1'
================================================================
* Date:           Tue Jul 22 20:45:24 2025

* Version:        2025.1 (Build 6135595 on May 21 2025)
* Project:        sha224Accel
* Solution:       hls (Vivado IP Flow Target)
* Product family: aspartan7
* Target device:  xa7s6-cpga196-2I


================================================================
== Performance Estimates
================================================================
+ Timing: 
    * Summary: 
    +--------+----------+----------+------------+
    |  Clock |  Target  | Estimated| Uncertainty|
    +--------+----------+----------+------------+
    |ap_clk  |  10.00 ns|  4.155 ns|     2.70 ns|
    +--------+----------+----------+------------+

+ Latency: 
    * Summary: 
    +---------+---------+----------+----------+-----+-----+------------------------------------------------+
    |  Latency (cycles) |  Latency (absolute) |  Interval |                    Pipeline                    |
    |   min   |   max   |    min   |    max   | min | max |                      Type                      |
    +---------+---------+----------+----------+-----+-----+------------------------------------------------+
    |       10|       10|  0.100 us|  0.100 us|    9|    9|  loop auto-rewind stp (delay=0 clock cycles(s))|
    +---------+---------+----------+----------+-----+-----+------------------------------------------------+

    + Detail: 
        * Instance: 
        N/A

        * Loop: 
        +-------------------+---------+---------+----------+-----------+-----------+------+----------+
        |                   |  Latency (cycles) | Iteration|  Initiation Interval  | Trip |          |
        |     Loop Name     |   min   |   max   |  Latency |  achieved |   target  | Count| Pipelined|
        +-------------------+---------+---------+----------+-----------+-----------+------+----------+
        |- VITIS_LOOP_22_1  |        8|        8|         2|          1|          1|     8|       yes|
        +-------------------+---------+---------+----------+-----------+-----------+------+----------+

============================================================
+ Verbose Summary: Synthesis Manager
============================================================
InlineROM: 1
ExposeGlobal: 0
============================================================
+ Verbose Summary: CDFG Model
============================================================
IsTopModel: 0
ResetActiveHigh: 1
IsCombinational: 0
IsDatapathOnly: 0
HasWiredReturn: 1
HasMFsm: 2
HasVarLatency: 1
IsPipeline: 0
IsRtlPipelined: 0
IsInstanceOverlapped: 0
IsDontTouch: 0
HasImplIP: 0
IsGatedGlobalClock: 0

+ Individual pipeline summary: 
  * Pipeline-0: initiation interval (II) = 1, depth = 2


============================================================
+ Verbose Summary: Schedule
============================================================
* Number of FSM states : 2
* Pipeline : 1
  Pipeline-0 : II = 1, D = 2, States = { 1 2 }
* Dataflow Pipeline: 0

* FSM state transitions: 
1 --> 2 
2 --> 

* FSM state operations: 

State 1 <SV = 0> <Delay = 4.15>
ST_1 : Operation 5 [1/1] (0.00ns)   --->   "%i_2 = alloca i32 1" [../chunkProcessor/chunkProcessor.cpp:22]   --->   Operation 5 'alloca' 'i_2' <Predicate = true> <Delay = 0.00>
ST_1 : Operation 6 [1/1] (1.29ns)   --->   "%store_ln22 = store i4 0, i4 %i_2" [../chunkProcessor/chunkProcessor.cpp:22]   --->   Operation 6 'store' 'store_ln22' <Predicate = true> <Delay = 1.29>
ST_1 : Operation 7 [1/1] (0.00ns)   --->   "%br_ln0 = br void %for.inc"   --->   Operation 7 'br' 'br_ln0' <Predicate = true> <Delay = 0.00>
ST_1 : Operation 8 [1/1] (0.00ns)   --->   "%i = load i4 %i_2" [../chunkProcessor/chunkProcessor.cpp:22]   --->   Operation 8 'load' 'i' <Predicate = true> <Delay = 0.00>
ST_1 : Operation 9 [1/1] (1.56ns)   --->   "%icmp_ln22 = icmp_eq  i4 %i, i4 8" [../chunkProcessor/chunkProcessor.cpp:22]   --->   Operation 9 'icmp' 'icmp_ln22' <Predicate = true> <Delay = 1.56> <CoreInst = "Cmp">   --->   Core 9 'Cmp' <Latency = 0> <II = 1> <Delay = 1.56> <FuncUnit> <Opcode : 'seteq' 'setne' 'setle' 'setge' 'setlt' 'setgt'> <InPorts = 2> <OutPorts = 1>
ST_1 : Operation 10 [1/1] (1.56ns)   --->   "%add_ln22 = add i4 %i, i4 1" [../chunkProcessor/chunkProcessor.cpp:22]   --->   Operation 10 'add' 'add_ln22' <Predicate = true> <Delay = 1.56> <CoreInst = "Adder">   --->   Core 1 'Adder' <Latency = 0> <II = 1> <Delay = 1.56> <FuncUnit> <Opcode : 'add' 'sub'> <InPorts = 2> <OutPorts = 1>
ST_1 : Operation 11 [1/1] (0.00ns)   --->   "%br_ln22 = br i1 %icmp_ln22, void %for.inc.split, void %VITIS_LOOP_25_2.exitStub" [../chunkProcessor/chunkProcessor.cpp:22]   --->   Operation 11 'br' 'br_ln22' <Predicate = true> <Delay = 0.00>
ST_1 : Operation 12 [1/1] (0.00ns)   --->   "%zext_ln22 = zext i4 %i" [../chunkProcessor/chunkProcessor.cpp:22]   --->   Operation 12 'zext' 'zext_ln22' <Predicate = (!icmp_ln22)> <Delay = 0.00>
ST_1 : Operation 13 [1/1] (0.00ns)   --->   "%input_addr = getelementptr i32 %input_r, i64 0, i64 %zext_ln22" [../chunkProcessor/chunkProcessor.cpp:23]   --->   Operation 13 'getelementptr' 'input_addr' <Predicate = (!icmp_ln22)> <Delay = 0.00>
ST_1 : Operation 14 [2/2] (1.76ns)   --->   "%input_load = load i3 %input_addr" [../chunkProcessor/chunkProcessor.cpp:23]   --->   Operation 14 'load' 'input_load' <Predicate = (!icmp_ln22)> <Delay = 1.76> <CoreInst = "RAM">   --->   Core 81 'RAM' <Latency = 1> <II = 1> <Delay = 1.76> <Storage> <Opcode : 'load' 'store'> <Ports = 2> <Width = 32> <Depth = 8> <RAM>
ST_1 : Operation 15 [1/1] (1.29ns)   --->   "%store_ln22 = store i4 %add_ln22, i4 %i_2" [../chunkProcessor/chunkProcessor.cpp:22]   --->   Operation 15 'store' 'store_ln22' <Predicate = (!icmp_ln22)> <Delay = 1.29>
ST_1 : Operation 23 [1/1] (1.29ns)   --->   "%ret_ln0 = ret"   --->   Operation 23 'ret' 'ret_ln0' <Predicate = (icmp_ln22)> <Delay = 1.29>

State 2 <SV = 1> <Delay = 3.53>
ST_2 : Operation 16 [1/1] (0.00ns)   --->   "%specpipeline_ln22 = specpipeline void @_ssdm_op_SpecPipeline, i32 4294967295, i32 0, i32 0, i32 0, void @empty" [../chunkProcessor/chunkProcessor.cpp:22]   --->   Operation 16 'specpipeline' 'specpipeline_ln22' <Predicate = true> <Delay = 0.00>
ST_2 : Operation 17 [1/1] (0.00ns)   --->   "%speclooptripcount_ln22 = speclooptripcount void @_ssdm_op_SpecLoopTripCount, i64 8, i64 8, i64 8" [../chunkProcessor/chunkProcessor.cpp:22]   --->   Operation 17 'speclooptripcount' 'speclooptripcount_ln22' <Predicate = true> <Delay = 0.00>
ST_2 : Operation 18 [1/1] (0.00ns)   --->   "%specloopname_ln22 = specloopname void @_ssdm_op_SpecLoopName, void @empty_11" [../chunkProcessor/chunkProcessor.cpp:22]   --->   Operation 18 'specloopname' 'specloopname_ln22' <Predicate = true> <Delay = 0.00>
ST_2 : Operation 19 [1/1] (0.00ns)   --->   "%wvars_addr = getelementptr i32 %wvars, i64 0, i64 %zext_ln22" [../chunkProcessor/chunkProcessor.cpp:23]   --->   Operation 19 'getelementptr' 'wvars_addr' <Predicate = true> <Delay = 0.00>
ST_2 : Operation 20 [1/2] ( I:1.76ns O:1.76ns )   --->   "%input_load = load i3 %input_addr" [../chunkProcessor/chunkProcessor.cpp:23]   --->   Operation 20 'load' 'input_load' <Predicate = true> <Delay = 1.76> <CoreInst = "RAM">   --->   Core 81 'RAM' <Latency = 1> <II = 1> <Delay = 1.76> <Storage> <Opcode : 'load' 'store'> <Ports = 2> <Width = 32> <Depth = 8> <RAM>
ST_2 : Operation 21 [1/1] ( I:1.76ns O:1.76ns )   --->   "%store_ln23 = store i32 %input_load, i3 %wvars_addr" [../chunkProcessor/chunkProcessor.cpp:23]   --->   Operation 21 'store' 'store_ln23' <Predicate = true> <Delay = 1.76> <CoreInst = "RAM">   --->   Core 81 'RAM' <Latency = 1> <II = 1> <Delay = 1.76> <Storage> <Opcode : 'load' 'store'> <Ports = 2> <Width = 32> <Depth = 8> <RAM>
ST_2 : Operation 22 [1/1] (0.00ns)   --->   "%br_ln22 = br void %for.inc" [../chunkProcessor/chunkProcessor.cpp:22]   --->   Operation 22 'br' 'br_ln22' <Predicate = true> <Delay = 0.00>


============================================================
+ Verbose Summary: Timing violations
============================================================
Target clock period: 10.000ns, clock uncertainty: 2.700ns.

 <State 1>: 4.155ns
The critical path consists of the following:
	'store' operation 0 bit ('store_ln22', ../chunkProcessor/chunkProcessor.cpp:22) of constant 0 on local variable 'i', ../chunkProcessor/chunkProcessor.cpp:22 [4]  (1.294 ns)
	'load' operation 4 bit ('i', ../chunkProcessor/chunkProcessor.cpp:22) on local variable 'i', ../chunkProcessor/chunkProcessor.cpp:22 [7]  (0.000 ns)
	'icmp' operation 1 bit ('icmp_ln22', ../chunkProcessor/chunkProcessor.cpp:22) [8]  (1.567 ns)
	'store' operation 0 bit ('store_ln22', ../chunkProcessor/chunkProcessor.cpp:22) of variable 'add_ln22', ../chunkProcessor/chunkProcessor.cpp:22 on local variable 'i', ../chunkProcessor/chunkProcessor.cpp:22 [20]  (1.294 ns)

 <State 2>: 3.538ns
The critical path consists of the following:
	'load' operation 32 bit ('input_load', ../chunkProcessor/chunkProcessor.cpp:23) on array 'input_r' [18]  (1.769 ns)
	'store' operation 0 bit ('store_ln23', ../chunkProcessor/chunkProcessor.cpp:23) of variable 'input_load', ../chunkProcessor/chunkProcessor.cpp:23 on array 'wvars' [19]  (1.769 ns)


============================================================
+ Verbose Summary: Binding
============================================================
N/A
* FSMD analyzer results:
  - Output states:
 - Input state : 
  - Chain level:
	State 1
	State 2


============================================================
+ Verbose Summary: Datapath Resource usage 
============================================================
N/A
