

================================================================
== Vitis HLS Report for 'chunkProcessor_Pipeline_VITIS_LOOP_32_4'
================================================================
* Date:           Tue Jul 22 20:45:26 2025

* Version:        2025.1 (Build 6135595 on May 21 2025)
* Project:        sha224Accel
* Solution:       hls (Vivado IP Flow Target)
* Product family: aspartan7
* Target device:  xa7s6-cpga196-2I


================================================================
== Performance Estimates
================================================================
+ Timing: 
    * Summary: 
    +--------+----------+----------+------------+
    |  Clock |  Target  | Estimated| Uncertainty|
    +--------+----------+----------+------------+
    |ap_clk  |  10.00 ns|  5.683 ns|     2.70 ns|
    +--------+----------+----------+------------+

+ Latency: 
    * Summary: 
    +---------+---------+----------+----------+-----+-----+------------------------------------------------+
    |  Latency (cycles) |  Latency (absolute) |  Interval |                    Pipeline                    |
    |   min   |   max   |    min   |    max   | min | max |                      Type                      |
    +---------+---------+----------+----------+-----+-----+------------------------------------------------+
    |       10|       10|  0.100 us|  0.100 us|    9|    9|  loop auto-rewind stp (delay=0 clock cycles(s))|
    +---------+---------+----------+----------+-----+-----+------------------------------------------------+

    + Detail: 
        * Instance: 
        N/A

        * Loop: 
        +-------------------+---------+---------+----------+-----------+-----------+------+----------+
        |                   |  Latency (cycles) | Iteration|  Initiation Interval  | Trip |          |
        |     Loop Name     |   min   |   max   |  Latency |  achieved |   target  | Count| Pipelined|
        +-------------------+---------+---------+----------+-----------+-----------+------+----------+
        |- VITIS_LOOP_32_4  |        8|        8|         2|          1|          1|     8|       yes|
        +-------------------+---------+---------+----------+-----------+-----------+------+----------+

============================================================
+ Verbose Summary: Synthesis Manager
============================================================
InlineROM: 1
ExposeGlobal: 0
============================================================
+ Verbose Summary: CDFG Model
============================================================
IsTopModel: 0
ResetActiveHigh: 1
IsCombinational: 0
IsDatapathOnly: 0
HasWiredReturn: 1
HasMFsm: 2
HasVarLatency: 1
IsPipeline: 0
IsRtlPipelined: 0
IsInstanceOverlapped: 0
IsDontTouch: 0
HasImplIP: 0
IsGatedGlobalClock: 0

+ Individual pipeline summary: 
  * Pipeline-0: initiation interval (II) = 1, depth = 2


============================================================
+ Verbose Summary: Schedule
============================================================
* Number of FSM states : 2
* Pipeline : 1
  Pipeline-0 : II = 1, D = 2, States = { 1 2 }
* Dataflow Pipeline: 0

* FSM state transitions: 
1 --> 2 
2 --> 

* FSM state operations: 

State 1 <SV = 0> <Delay = 4.15>
ST_1 : Operation 5 [1/1] (0.00ns)   --->   "%i = alloca i32 1" [../chunkProcessor/chunkProcessor.cpp:32]   --->   Operation 5 'alloca' 'i' <Predicate = true> <Delay = 0.00>
ST_1 : Operation 6 [1/1] (1.29ns)   --->   "%store_ln32 = store i4 0, i4 %i" [../chunkProcessor/chunkProcessor.cpp:32]   --->   Operation 6 'store' 'store_ln32' <Predicate = true> <Delay = 1.29>
ST_1 : Operation 7 [1/1] (0.00ns)   --->   "%br_ln0 = br void %for.inc41"   --->   Operation 7 'br' 'br_ln0' <Predicate = true> <Delay = 0.00>
ST_1 : Operation 8 [1/1] (0.00ns)   --->   "%i_2 = load i4 %i" [../chunkProcessor/chunkProcessor.cpp:32]   --->   Operation 8 'load' 'i_2' <Predicate = true> <Delay = 0.00>
ST_1 : Operation 9 [1/1] (1.56ns)   --->   "%icmp_ln32 = icmp_eq  i4 %i_2, i4 8" [../chunkProcessor/chunkProcessor.cpp:32]   --->   Operation 9 'icmp' 'icmp_ln32' <Predicate = true> <Delay = 1.56> <CoreInst = "Cmp">   --->   Core 9 'Cmp' <Latency = 0> <II = 1> <Delay = 1.56> <FuncUnit> <Opcode : 'seteq' 'setne' 'setle' 'setge' 'setlt' 'setgt'> <InPorts = 2> <OutPorts = 1>
ST_1 : Operation 10 [1/1] (1.56ns)   --->   "%add_ln32 = add i4 %i_2, i4 1" [../chunkProcessor/chunkProcessor.cpp:32]   --->   Operation 10 'add' 'add_ln32' <Predicate = true> <Delay = 1.56> <CoreInst = "Adder">   --->   Core 1 'Adder' <Latency = 0> <II = 1> <Delay = 1.56> <FuncUnit> <Opcode : 'add' 'sub'> <InPorts = 2> <OutPorts = 1>
ST_1 : Operation 11 [1/1] (0.00ns)   --->   "%br_ln32 = br i1 %icmp_ln32, void %for.inc41.split, void %for.end43.exitStub" [../chunkProcessor/chunkProcessor.cpp:32]   --->   Operation 11 'br' 'br_ln32' <Predicate = true> <Delay = 0.00>
ST_1 : Operation 12 [1/1] (0.00ns)   --->   "%zext_ln32 = zext i4 %i_2" [../chunkProcessor/chunkProcessor.cpp:32]   --->   Operation 12 'zext' 'zext_ln32' <Predicate = (!icmp_ln32)> <Delay = 0.00>
ST_1 : Operation 13 [1/1] (0.00ns)   --->   "%input_addr = getelementptr i32 %input_r, i64 0, i64 %zext_ln32" [../chunkProcessor/chunkProcessor.cpp:33]   --->   Operation 13 'getelementptr' 'input_addr' <Predicate = (!icmp_ln32)> <Delay = 0.00>
ST_1 : Operation 14 [2/2] (1.76ns)   --->   "%input_load = load i3 %input_addr" [../chunkProcessor/chunkProcessor.cpp:33]   --->   Operation 14 'load' 'input_load' <Predicate = (!icmp_ln32)> <Delay = 1.76> <CoreInst = "RAM">   --->   Core 81 'RAM' <Latency = 1> <II = 1> <Delay = 1.76> <Storage> <Opcode : 'load' 'store'> <Ports = 2> <Width = 32> <Depth = 8> <RAM>
ST_1 : Operation 15 [1/1] (0.00ns)   --->   "%wvars_addr = getelementptr i32 %wvars, i64 0, i64 %zext_ln32" [../chunkProcessor/chunkProcessor.cpp:33]   --->   Operation 15 'getelementptr' 'wvars_addr' <Predicate = (!icmp_ln32)> <Delay = 0.00>
ST_1 : Operation 16 [2/2] (1.76ns)   --->   "%wvars_load = load i3 %wvars_addr" [../chunkProcessor/chunkProcessor.cpp:33]   --->   Operation 16 'load' 'wvars_load' <Predicate = (!icmp_ln32)> <Delay = 1.76> <CoreInst = "RAM">   --->   Core 81 'RAM' <Latency = 1> <II = 1> <Delay = 1.76> <Storage> <Opcode : 'load' 'store'> <Ports = 2> <Width = 32> <Depth = 8> <RAM>
ST_1 : Operation 17 [1/1] (1.29ns)   --->   "%store_ln32 = store i4 %add_ln32, i4 %i" [../chunkProcessor/chunkProcessor.cpp:32]   --->   Operation 17 'store' 'store_ln32' <Predicate = (!icmp_ln32)> <Delay = 1.29>
ST_1 : Operation 27 [1/1] (1.29ns)   --->   "%ret_ln0 = ret"   --->   Operation 27 'ret' 'ret_ln0' <Predicate = (icmp_ln32)> <Delay = 1.29>

State 2 <SV = 1> <Delay = 5.68>
ST_2 : Operation 18 [1/1] (0.00ns)   --->   "%specpipeline_ln32 = specpipeline void @_ssdm_op_SpecPipeline, i32 4294967295, i32 0, i32 0, i32 0, void @empty" [../chunkProcessor/chunkProcessor.cpp:32]   --->   Operation 18 'specpipeline' 'specpipeline_ln32' <Predicate = true> <Delay = 0.00>
ST_2 : Operation 19 [1/1] (0.00ns)   --->   "%speclooptripcount_ln32 = speclooptripcount void @_ssdm_op_SpecLoopTripCount, i64 8, i64 8, i64 8" [../chunkProcessor/chunkProcessor.cpp:32]   --->   Operation 19 'speclooptripcount' 'speclooptripcount_ln32' <Predicate = true> <Delay = 0.00>
ST_2 : Operation 20 [1/1] (0.00ns)   --->   "%specloopname_ln32 = specloopname void @_ssdm_op_SpecLoopName, void @empty_9" [../chunkProcessor/chunkProcessor.cpp:32]   --->   Operation 20 'specloopname' 'specloopname_ln32' <Predicate = true> <Delay = 0.00>
ST_2 : Operation 21 [1/2] ( I:1.76ns O:1.76ns )   --->   "%input_load = load i3 %input_addr" [../chunkProcessor/chunkProcessor.cpp:33]   --->   Operation 21 'load' 'input_load' <Predicate = true> <Delay = 1.76> <CoreInst = "RAM">   --->   Core 81 'RAM' <Latency = 1> <II = 1> <Delay = 1.76> <Storage> <Opcode : 'load' 'store'> <Ports = 2> <Width = 32> <Depth = 8> <RAM>
ST_2 : Operation 22 [1/2] ( I:1.76ns O:1.76ns )   --->   "%wvars_load = load i3 %wvars_addr" [../chunkProcessor/chunkProcessor.cpp:33]   --->   Operation 22 'load' 'wvars_load' <Predicate = true> <Delay = 1.76> <CoreInst = "RAM">   --->   Core 81 'RAM' <Latency = 1> <II = 1> <Delay = 1.76> <Storage> <Opcode : 'load' 'store'> <Ports = 2> <Width = 32> <Depth = 8> <RAM>
ST_2 : Operation 23 [1/1] (2.14ns)   --->   "%add_ln33 = add i32 %wvars_load, i32 %input_load" [../chunkProcessor/chunkProcessor.cpp:33]   --->   Operation 23 'add' 'add_ln33' <Predicate = true> <Delay = 2.14> <CoreInst = "Adder">   --->   Core 1 'Adder' <Latency = 0> <II = 1> <Delay = 2.14> <FuncUnit> <Opcode : 'add' 'sub'> <InPorts = 2> <OutPorts = 1>
ST_2 : Operation 24 [1/1] (0.00ns)   --->   "%output_addr = getelementptr i32 %output_r, i64 0, i64 %zext_ln32" [../chunkProcessor/chunkProcessor.cpp:33]   --->   Operation 24 'getelementptr' 'output_addr' <Predicate = true> <Delay = 0.00>
ST_2 : Operation 25 [1/1] ( I:1.76ns O:1.76ns )   --->   "%store_ln33 = store i32 %add_ln33, i3 %output_addr" [../chunkProcessor/chunkProcessor.cpp:33]   --->   Operation 25 'store' 'store_ln33' <Predicate = true> <Delay = 1.76> <CoreInst = "RAM">   --->   Core 81 'RAM' <Latency = 1> <II = 1> <Delay = 1.76> <Storage> <Opcode : 'load' 'store'> <Ports = 2> <Width = 32> <Depth = 8> <RAM>
ST_2 : Operation 26 [1/1] (0.00ns)   --->   "%br_ln32 = br void %for.inc41" [../chunkProcessor/chunkProcessor.cpp:32]   --->   Operation 26 'br' 'br_ln32' <Predicate = true> <Delay = 0.00>


============================================================
+ Verbose Summary: Binding
============================================================
STG Binding: 
---------------- STG Properties BEGIN ----------------
- Is combinational: 0
- Is one-state seq: 0
- Is datapath-only: 0
- Is pipelined: 0
- Is top level: 0
Port [ Return ] is wired: 1; IO mode=ap_ctrl_hs:ce=0
Port [ input_r]:  wired=1; compound=1; hidden=0; nouse=0; global=0; static=0; extern=0; dir=0; type=1; pingpong=0; private_global=0; MemPort=[13]; IO mode=ap_memory:ce=0
Port [ wvars]:  wired=1; compound=1; hidden=0; nouse=0; global=0; static=0; extern=0; dir=0; type=1; pingpong=0; private_global=0; MemPort=[13]; IO mode=ap_memory:ce=0
Port [ output_r]:  wired=1; compound=1; hidden=0; nouse=0; global=0; static=0; extern=0; dir=1; type=1; pingpong=0; private_global=0; MemPort=[03]; IO mode=ap_memory:ce=0
---------------- STG Properties END ------------------

---------------- Datapath Model BEGIN ----------------

<LifeTime>
<method=bitvector/>
i                      (alloca           ) [ 010]
store_ln32             (store            ) [ 000]
br_ln0                 (br               ) [ 000]
i_2                    (load             ) [ 000]
icmp_ln32              (icmp             ) [ 010]
add_ln32               (add              ) [ 000]
br_ln32                (br               ) [ 000]
zext_ln32              (zext             ) [ 011]
input_addr             (getelementptr    ) [ 011]
wvars_addr             (getelementptr    ) [ 011]
store_ln32             (store            ) [ 000]
specpipeline_ln32      (specpipeline     ) [ 000]
speclooptripcount_ln32 (speclooptripcount) [ 000]
specloopname_ln32      (specloopname     ) [ 000]
input_load             (load             ) [ 000]
wvars_load             (load             ) [ 000]
add_ln33               (add              ) [ 000]
output_addr            (getelementptr    ) [ 000]
store_ln33             (store            ) [ 000]
br_ln32                (br               ) [ 000]
ret_ln0                (ret              ) [ 000]
</LifeTime>

<model>

<comp_list>
<comp id="0" class="1000" name="input_r">
<pin_list>
<pin id="1" dir="1" index="0" bw="1" slack="0"/>
</pin_list>
<bind>
<StgValue><ssdm name="input_r"/><MemPortTyVec>1 3 </MemPortTyVec>
</StgValue>
</bind>
</comp>

<comp id="2" class="1000" name="wvars">
<pin_list>
<pin id="3" dir="1" index="0" bw="1" slack="0"/>
</pin_list>
<bind>
<StgValue><ssdm name="wvars"/><MemPortTyVec>1 3 </MemPortTyVec>
</StgValue>
</bind>
</comp>

<comp id="4" class="1000" name="output_r">
<pin_list>
<pin id="5" dir="1" index="0" bw="1" slack="0"/>
</pin_list>
<bind>
<StgValue><ssdm name="output_r"/><MemPortTyVec>0 3 </MemPortTyVec>
</StgValue>
</bind>
</comp>

<comp id="6" class="1001" name="const_6">
<pin_list>
<pin id="7" dir="1" index="0" bw="1" slack="0"/>
</pin_list>
<bind>
<StgValue><ssdm name=""/></StgValue>
</bind>
</comp>

<comp id="8" class="1001" name="const_8">
<pin_list>
<pin id="9" dir="1" index="0" bw="1" slack="0"/>
</pin_list>
<bind>
<StgValue><ssdm name=""/></StgValue>
</bind>
</comp>

<comp id="10" class="1001" name="const_10">
<pin_list>
<pin id="11" dir="1" index="0" bw="1" slack="0"/>
</pin_list>
<bind>
<StgValue><ssdm name=""/></StgValue>
</bind>
</comp>

<comp id="12" class="1001" name="const_12">
<pin_list>
<pin id="13" dir="1" index="0" bw="1" slack="0"/>
</pin_list>
<bind>
<StgValue><ssdm name=""/></StgValue>
</bind>
</comp>

<comp id="14" class="1001" name="const_14">
<pin_list>
<pin id="15" dir="1" index="0" bw="1" slack="0"/>
</pin_list>
<bind>
<StgValue><ssdm name=""/></StgValue>
</bind>
</comp>

<comp id="16" class="1001" name="const_16">
<pin_list>
<pin id="17" dir="1" index="0" bw="1" slack="2147483647"/>
</pin_list>
<bind>
<StgValue><ssdm name="_ssdm_op_SpecPipeline"/></StgValue>
</bind>
</comp>

<comp id="18" class="1001" name="const_18">
<pin_list>
<pin id="19" dir="1" index="0" bw="1" slack="2147483647"/>
</pin_list>
<bind>
<StgValue><ssdm name=""/></StgValue>
</bind>
</comp>

<comp id="20" class="1001" name="const_20">
<pin_list>
<pin id="21" dir="1" index="0" bw="1" slack="2147483647"/>
</pin_list>
<bind>
<StgValue><ssdm name=""/></StgValue>
</bind>
</comp>

<comp id="22" class="1001" name="const_22">
<pin_list>
<pin id="23" dir="1" index="0" bw="1" slack="2147483647"/>
</pin_list>
<bind>
<StgValue><ssdm name="empty"/></StgValue>
</bind>
</comp>

<comp id="24" class="1001" name="const_24">
<pin_list>
<pin id="25" dir="1" index="0" bw="1" slack="2147483647"/>
</pin_list>
<bind>
<StgValue><ssdm name="_ssdm_op_SpecLoopTripCount"/></StgValue>
</bind>
</comp>

<comp id="26" class="1001" name="const_26">
<pin_list>
<pin id="27" dir="1" index="0" bw="1" slack="2147483647"/>
</pin_list>
<bind>
<StgValue><ssdm name=""/></StgValue>
</bind>
</comp>

<comp id="28" class="1001" name="const_28">
<pin_list>
<pin id="29" dir="1" index="0" bw="1" slack="2147483647"/>
</pin_list>
<bind>
<StgValue><ssdm name="_ssdm_op_SpecLoopName"/></StgValue>
</bind>
</comp>

<comp id="30" class="1001" name="const_30">
<pin_list>
<pin id="31" dir="1" index="0" bw="1" slack="2147483647"/>
</pin_list>
<bind>
<StgValue><ssdm name="empty_9"/></StgValue>
</bind>
</comp>

<comp id="32" class="1004" name="i_fu_32">
<pin_list>
<pin id="33" dir="0" index="0" bw="1" slack="0"/>
<pin id="34" dir="1" index="1" bw="4" slack="0"/>
</pin_list>
<bind>
<opcode="alloca(26) " fcode="alloca"/>
<opset="i/1 "/>
</bind>
</comp>

<comp id="36" class="1004" name="input_addr_gep_fu_36">
<pin_list>
<pin id="37" dir="0" index="0" bw="32" slack="0"/>
<pin id="38" dir="0" index="1" bw="1" slack="0"/>
<pin id="39" dir="0" index="2" bw="4" slack="0"/>
<pin id="40" dir="1" index="3" bw="3" slack="0"/>
</pin_list>
<bind>
<opcode="getelementptr(29) " fcode="getelementptr"/>
<opset="input_addr/1 "/>
</bind>
</comp>

<comp id="43" class="1004" name="grp_access_fu_43">
<pin_list>
<pin id="44" dir="0" index="0" bw="3" slack="0"/>
<pin id="45" dir="0" index="1" bw="32" slack="2147483647"/>
<pin id="46" dir="0" index="2" bw="0" slack="2147483647"/>
<pin id="47" dir="1" index="3" bw="32" slack="0"/>
</pin_list>
<bind>
<opcode="load(27) " fcode="load"/>
<opset="input_load/1 "/>
</bind>
</comp>

<comp id="49" class="1004" name="wvars_addr_gep_fu_49">
<pin_list>
<pin id="50" dir="0" index="0" bw="32" slack="0"/>
<pin id="51" dir="0" index="1" bw="1" slack="0"/>
<pin id="52" dir="0" index="2" bw="4" slack="0"/>
<pin id="53" dir="1" index="3" bw="3" slack="0"/>
</pin_list>
<bind>
<opcode="getelementptr(29) " fcode="getelementptr"/>
<opset="wvars_addr/1 "/>
</bind>
</comp>

<comp id="56" class="1004" name="grp_access_fu_56">
<pin_list>
<pin id="57" dir="0" index="0" bw="3" slack="0"/>
<pin id="58" dir="0" index="1" bw="32" slack="2147483647"/>
<pin id="59" dir="0" index="2" bw="0" slack="2147483647"/>
<pin id="60" dir="1" index="3" bw="32" slack="0"/>
</pin_list>
<bind>
<opcode="load(27) " fcode="load"/>
<opset="wvars_load/1 "/>
</bind>
</comp>

<comp id="62" class="1004" name="output_addr_gep_fu_62">
<pin_list>
<pin id="63" dir="0" index="0" bw="32" slack="0"/>
<pin id="64" dir="0" index="1" bw="1" slack="0"/>
<pin id="65" dir="0" index="2" bw="4" slack="1"/>
<pin id="66" dir="1" index="3" bw="3" slack="0"/>
</pin_list>
<bind>
<opcode="getelementptr(29) " fcode="getelementptr"/>
<opset="output_addr/2 "/>
</bind>
</comp>

<comp id="69" class="1004" name="store_ln33_access_fu_69">
<pin_list>
<pin id="70" dir="0" index="0" bw="3" slack="0"/>
<pin id="71" dir="0" index="1" bw="32" slack="0"/>
<pin id="72" dir="0" index="2" bw="0" slack="2147483647"/>
<pin id="73" dir="1" index="3" bw="32" slack="2147483647"/>
</pin_list>
<bind>
<opcode="store(28) " fcode="store"/>
<opset="store_ln33/2 "/>
</bind>
</comp>

<comp id="75" class="1004" name="store_ln32_store_fu_75">
<pin_list>
<pin id="76" dir="0" index="0" bw="1" slack="0"/>
<pin id="77" dir="0" index="1" bw="4" slack="0"/>
<pin id="78" dir="1" index="2" bw="0" slack="2147483647"/>
</pin_list>
<bind>
<opcode="store(28) " fcode="store"/>
<opset="store_ln32/1 "/>
</bind>
</comp>

<comp id="80" class="1004" name="i_2_load_fu_80">
<pin_list>
<pin id="81" dir="0" index="0" bw="4" slack="0"/>
<pin id="82" dir="1" index="1" bw="4" slack="0"/>
</pin_list>
<bind>
<opcode="load(27) " fcode="load"/>
<opset="i_2/1 "/>
</bind>
</comp>

<comp id="83" class="1004" name="icmp_ln32_fu_83">
<pin_list>
<pin id="84" dir="0" index="0" bw="4" slack="0"/>
<pin id="85" dir="0" index="1" bw="4" slack="0"/>
<pin id="86" dir="1" index="2" bw="1" slack="2147483647"/>
</pin_list>
<bind>
<opcode="icmp(45) " fcode="icmp"/>
<opset="icmp_ln32/1 "/>
</bind>
</comp>

<comp id="89" class="1004" name="add_ln32_fu_89">
<pin_list>
<pin id="90" dir="0" index="0" bw="4" slack="0"/>
<pin id="91" dir="0" index="1" bw="1" slack="0"/>
<pin id="92" dir="1" index="2" bw="4" slack="0"/>
</pin_list>
<bind>
<opcode="add(8) " fcode="add"/>
<opset="add_ln32/1 "/>
</bind>
</comp>

<comp id="95" class="1004" name="zext_ln32_fu_95">
<pin_list>
<pin id="96" dir="0" index="0" bw="4" slack="0"/>
<pin id="97" dir="1" index="1" bw="64" slack="0"/>
</pin_list>
<bind>
<opcode="zext(34) " fcode="zext"/>
<opset="zext_ln32/1 "/>
</bind>
</comp>

<comp id="101" class="1004" name="store_ln32_store_fu_101">
<pin_list>
<pin id="102" dir="0" index="0" bw="4" slack="0"/>
<pin id="103" dir="0" index="1" bw="4" slack="0"/>
<pin id="104" dir="1" index="2" bw="0" slack="2147483647"/>
</pin_list>
<bind>
<opcode="store(28) " fcode="store"/>
<opset="store_ln32/1 "/>
</bind>
</comp>

<comp id="106" class="1004" name="add_ln33_fu_106">
<pin_list>
<pin id="107" dir="0" index="0" bw="32" slack="0"/>
<pin id="108" dir="0" index="1" bw="32" slack="0"/>
<pin id="109" dir="1" index="2" bw="32" slack="0"/>
</pin_list>
<bind>
<opcode="add(8) " fcode="add"/>
<opset="add_ln33/2 "/>
</bind>
</comp>

<comp id="113" class="1005" name="i_reg_113">
<pin_list>
<pin id="114" dir="0" index="0" bw="4" slack="0"/>
<pin id="115" dir="1" index="1" bw="4" slack="0"/>
</pin_list>
<bind>
<opset="i "/>
</bind>
</comp>

<comp id="123" class="1005" name="zext_ln32_reg_123">
<pin_list>
<pin id="124" dir="0" index="0" bw="64" slack="1"/>
<pin id="125" dir="1" index="1" bw="64" slack="1"/>
</pin_list>
<bind>
<opset="zext_ln32 "/>
</bind>
</comp>

<comp id="128" class="1005" name="input_addr_reg_128">
<pin_list>
<pin id="129" dir="0" index="0" bw="3" slack="1"/>
<pin id="130" dir="1" index="1" bw="3" slack="1"/>
</pin_list>
<bind>
<opset="input_addr "/>
</bind>
</comp>

<comp id="133" class="1005" name="wvars_addr_reg_133">
<pin_list>
<pin id="134" dir="0" index="0" bw="3" slack="1"/>
<pin id="135" dir="1" index="1" bw="3" slack="1"/>
</pin_list>
<bind>
<opset="wvars_addr "/>
</bind>
</comp>

</comp_list>

<net_list>
<net id="35"><net_src comp="6" pin="0"/><net_sink comp="32" pin=0"/></net>

<net id="41"><net_src comp="0" pin="0"/><net_sink comp="36" pin=0"/></net>

<net id="42"><net_src comp="14" pin="0"/><net_sink comp="36" pin=1"/></net>

<net id="48"><net_src comp="36" pin="3"/><net_sink comp="43" pin=0"/></net>

<net id="54"><net_src comp="2" pin="0"/><net_sink comp="49" pin=0"/></net>

<net id="55"><net_src comp="14" pin="0"/><net_sink comp="49" pin=1"/></net>

<net id="61"><net_src comp="49" pin="3"/><net_sink comp="56" pin=0"/></net>

<net id="67"><net_src comp="4" pin="0"/><net_sink comp="62" pin=0"/></net>

<net id="68"><net_src comp="14" pin="0"/><net_sink comp="62" pin=1"/></net>

<net id="74"><net_src comp="62" pin="3"/><net_sink comp="69" pin=0"/></net>

<net id="79"><net_src comp="8" pin="0"/><net_sink comp="75" pin=0"/></net>

<net id="87"><net_src comp="80" pin="1"/><net_sink comp="83" pin=0"/></net>

<net id="88"><net_src comp="10" pin="0"/><net_sink comp="83" pin=1"/></net>

<net id="93"><net_src comp="80" pin="1"/><net_sink comp="89" pin=0"/></net>

<net id="94"><net_src comp="12" pin="0"/><net_sink comp="89" pin=1"/></net>

<net id="98"><net_src comp="80" pin="1"/><net_sink comp="95" pin=0"/></net>

<net id="99"><net_src comp="95" pin="1"/><net_sink comp="36" pin=2"/></net>

<net id="100"><net_src comp="95" pin="1"/><net_sink comp="49" pin=2"/></net>

<net id="105"><net_src comp="89" pin="2"/><net_sink comp="101" pin=0"/></net>

<net id="110"><net_src comp="56" pin="3"/><net_sink comp="106" pin=0"/></net>

<net id="111"><net_src comp="43" pin="3"/><net_sink comp="106" pin=1"/></net>

<net id="112"><net_src comp="106" pin="2"/><net_sink comp="69" pin=1"/></net>

<net id="116"><net_src comp="32" pin="1"/><net_sink comp="113" pin=0"/></net>

<net id="117"><net_src comp="113" pin="1"/><net_sink comp="75" pin=1"/></net>

<net id="118"><net_src comp="113" pin="1"/><net_sink comp="80" pin=0"/></net>

<net id="119"><net_src comp="113" pin="1"/><net_sink comp="101" pin=1"/></net>

<net id="126"><net_src comp="95" pin="1"/><net_sink comp="123" pin=0"/></net>

<net id="127"><net_src comp="123" pin="1"/><net_sink comp="62" pin=2"/></net>

<net id="131"><net_src comp="36" pin="3"/><net_sink comp="128" pin=0"/></net>

<net id="132"><net_src comp="128" pin="1"/><net_sink comp="43" pin=0"/></net>

<net id="136"><net_src comp="49" pin="3"/><net_sink comp="133" pin=0"/></net>

<net id="137"><net_src comp="133" pin="1"/><net_sink comp="56" pin=0"/></net>

</net_list>

</model> 
---------------- Datapath Model END ------------------

* FSMD analyzer results:
  - Output states:
	Port: output_r | {2 }
 - Input state : 
	Port: chunkProcessor_Pipeline_VITIS_LOOP_32_4 : input_r | {1 2 }
	Port: chunkProcessor_Pipeline_VITIS_LOOP_32_4 : wvars | {1 2 }
  - Chain level:
	State 1
		store_ln32 : 1
		i_2 : 1
		icmp_ln32 : 2
		add_ln32 : 2
		br_ln32 : 3
		zext_ln32 : 2
		input_addr : 3
		input_load : 4
		wvars_addr : 3
		wvars_load : 4
		store_ln32 : 3
	State 2
		add_ln33 : 1
		store_ln33 : 2


============================================================
+ Verbose Summary: Datapath Resource usage 
============================================================

* Functional unit list:
|----------|-----------------|---------|---------|
| Operation| Functional Unit |    FF   |   LUT   |
|----------|-----------------|---------|---------|
|    add   |  add_ln32_fu_89 |    0    |    13   |
|          | add_ln33_fu_106 |    0    |    39   |
|----------|-----------------|---------|---------|
|   icmp   | icmp_ln32_fu_83 |    0    |    13   |
|----------|-----------------|---------|---------|
|   zext   | zext_ln32_fu_95 |    0    |    0    |
|----------|-----------------|---------|---------|
|   Total  |                 |    0    |    65   |
|----------|-----------------|---------|---------|

Memories:
N/A

* Register list:
+------------------+--------+
|                  |   FF   |
+------------------+--------+
|     i_reg_113    |    4   |
|input_addr_reg_128|    3   |
|wvars_addr_reg_133|    3   |
| zext_ln32_reg_123|   64   |
+------------------+--------+
|       Total      |   74   |
+------------------+--------+

* Multiplexer (MUX) list: 
|------------------|------|------|------|--------||---------||---------||---------|
|       Comp       |  Pin | Size |  BW  | S x BW ||  Delay  ||    FF   ||   LUT   |
|------------------|------|------|------|--------||---------||---------||---------|
| grp_access_fu_43 |  p0  |   2  |   3  |    6   ||    0    ||    9    |
| grp_access_fu_56 |  p0  |   2  |   3  |    6   ||    0    ||    9    |
|------------------|------|------|------|--------||---------||---------||---------|
|       Total      |      |      |      |   12   ||  2.588  ||    0    ||    18   |
|------------------|------|------|------|--------||---------||---------||---------|



* Summary:
+-----------+--------+--------+--------+
|           |  Delay |   FF   |   LUT  |
+-----------+--------+--------+--------+
|  Function |    -   |    0   |   65   |
|   Memory  |    -   |    -   |    -   |
|Multiplexer|    2   |    0   |   18   |
|  Register |    -   |   74   |    -   |
+-----------+--------+--------+--------+
|   Total   |    2   |   74   |   83   |
+-----------+--------+--------+--------+
