D:\Vitis\shaAccel\sha224Accel\sha224Accel\hls\.autopilot\db\chunkProcessor.pp.0.cpp:2266:5: warning: Added loop label VITIS_LOOP_676_1:   [xilinx-label-all-loops]
    for (unsigned i = low; i != high+1; ++i) {
    ^~~
    VITIS_LOOP_676_1: 
D:\Vitis\shaAccel\sha224Accel\sha224Accel\hls\.autopilot\db\chunkProcessor.pp.0.cpp:2266:5: note: FIX-IT applied suggested code changes
D:\Vitis\shaAccel\sha224Accel\sha224Accel\hls\.autopilot\db\chunkProcessor.pp.0.cpp:2280:5: warning: Added loop label VITIS_LOOP_690_1:   [xilinx-label-all-loops]
    for (unsigned i = low; i != high+1; ++i) {
    ^~~
    VITIS_LOOP_690_1: 
D:\Vitis\shaAccel\sha224Accel\sha224Accel\hls\.autopilot\db\chunkProcessor.pp.0.cpp:2280:5: note: FIX-IT applied suggested code changes
D:\Vitis\shaAccel\sha224Accel\sha224Accel\hls\.autopilot\db\chunkProcessor.pp.0.cpp:2294:5: warning: Added loop label VITIS_LOOP_704_1:   [xilinx-label-all-loops]
    for (unsigned i = low; i != high+1; ++i) {
    ^~~
    VITIS_LOOP_704_1: 
D:\Vitis\shaAccel\sha224Accel\sha224Accel\hls\.autopilot\db\chunkProcessor.pp.0.cpp:2294:5: note: FIX-IT applied suggested code changes
D:\Vitis\shaAccel\sha224Accel\sha224Accel\hls\.autopilot\db\chunkProcessor.pp.0.cpp:4262:7: warning: Added loop label VITIS_LOOP_1248_1:   [xilinx-label-all-loops]
      for (i = 0; i < __N - 1; ++i) {
      ^~~
      VITIS_LOOP_1248_1: 
D:\Vitis\shaAccel\sha224Accel\sha224Accel\hls\.autopilot\db\chunkProcessor.pp.0.cpp:4262:7: note: FIX-IT applied suggested code changes
D:\Vitis\shaAccel\sha224Accel\sha224Accel\hls\.autopilot\db\chunkProcessor.pp.0.cpp:6306:5: warning: Added loop label VITIS_LOOP_22_1:   [xilinx-label-all-loops]
    for(int i = 0; i < 8; i++) {
    ^~~
    VITIS_LOOP_22_1: 
D:\Vitis\shaAccel\sha224Accel\sha224Accel\hls\.autopilot\db\chunkProcessor.pp.0.cpp:6306:5: note: FIX-IT applied suggested code changes
D:\Vitis\shaAccel\sha224Accel\sha224Accel\hls\.autopilot\db\chunkProcessor.pp.0.cpp:6309:5: warning: Added loop label VITIS_LOOP_25_2:   [xilinx-label-all-loops]
    for(int i = 0; i < 64; i++) {
    ^~~
    VITIS_LOOP_25_2: 
D:\Vitis\shaAccel\sha224Accel\sha224Accel\hls\.autopilot\db\chunkProcessor.pp.0.cpp:6309:5: note: FIX-IT applied suggested code changes
D:\Vitis\shaAccel\sha224Accel\sha224Accel\hls\.autopilot\db\chunkProcessor.pp.0.cpp:6312:9: warning: Added loop label VITIS_LOOP_28_3:   [xilinx-label-all-loops]
        for (int j = 0; j < 8; j++) {
        ^~~
        VITIS_LOOP_28_3: 
D:\Vitis\shaAccel\sha224Accel\sha224Accel\hls\.autopilot\db\chunkProcessor.pp.0.cpp:6312:9: note: FIX-IT applied suggested code changes
D:\Vitis\shaAccel\sha224Accel\sha224Accel\hls\.autopilot\db\chunkProcessor.pp.0.cpp:6316:5: warning: Added loop label VITIS_LOOP_32_4:   [xilinx-label-all-loops]
    for(int i = 0; i < 8; i++) {
    ^~~
    VITIS_LOOP_32_4: 
D:\Vitis\shaAccel\sha224Accel\sha224Accel\hls\.autopilot\db\chunkProcessor.pp.0.cpp:6316:5: note: FIX-IT applied suggested code changes
