

================================================================
== Vitis HLS Report for 'sha224Accel_Pipeline_VITIS_LOOP_23_3'
================================================================
* Date:           Tue Jul 22 20:45:21 2025

* Version:        2025.1 (Build 6135595 on May 21 2025)
* Project:        sha224Accel
* Solution:       hls (Vivado IP Flow Target)
* Product family: aspartan7
* Target device:  xa7s6-cpga196-2I


================================================================
== Performance Estimates
================================================================
+ Timing: 
    * Summary: 
    +--------+----------+----------+------------+
    |  Clock |  Target  | Estimated| Uncertainty|
    +--------+----------+----------+------------+
    |ap_clk  |  10.00 ns|  5.015 ns|     2.70 ns|
    +--------+----------+----------+------------+

+ Latency: 
    * Summary: 
    +---------+---------+----------+----------+-----+-----+------------------------------------------------+
    |  Latency (cycles) |  Latency (absolute) |  Interval |                    Pipeline                    |
    |   min   |   max   |    min   |    max   | min | max |                      Type                      |
    +---------+---------+----------+----------+-----+-----+------------------------------------------------+
    |       66|       66|  0.660 us|  0.660 us|   65|   65|  loop auto-rewind stp (delay=0 clock cycles(s))|
    +---------+---------+----------+----------+-----+-----+------------------------------------------------+

    + Detail: 
        * Instance: 
        N/A

        * Loop: 
        +-------------------+---------+---------+----------+-----------+-----------+------+----------+
        |                   |  Latency (cycles) | Iteration|  Initiation Interval  | Trip |          |
        |     Loop Name     |   min   |   max   |  Latency |  achieved |   target  | Count| Pipelined|
        +-------------------+---------+---------+----------+-----------+-----------+------+----------+
        |- VITIS_LOOP_23_3  |       64|       64|         2|          1|          1|    64|       yes|
        +-------------------+---------+---------+----------+-----------+-----------+------+----------+

============================================================
+ Verbose Summary: Synthesis Manager
============================================================
InlineROM: 1
ExposeGlobal: 0
============================================================
+ Verbose Summary: CDFG Model
============================================================
IsTopModel: 0
ResetActiveHigh: 1
IsCombinational: 0
IsDatapathOnly: 0
HasWiredReturn: 1
HasMFsm: 2
HasVarLatency: 1
IsPipeline: 0
IsRtlPipelined: 0
IsInstanceOverlapped: 0
IsDontTouch: 0
HasImplIP: 0
IsGatedGlobalClock: 0

+ Individual pipeline summary: 
  * Pipeline-0: initiation interval (II) = 1, depth = 3


============================================================
+ Verbose Summary: Schedule
============================================================
* Number of FSM states : 3
* Pipeline : 1
  Pipeline-0 : II = 1, D = 3, States = { 1 2 3 }
* Dataflow Pipeline: 0

* FSM state transitions: 
1 --> 2 
2 --> 3 
3 --> 

* FSM state operations: 

State 1 <SV = 0> <Delay = 1.29>
ST_1 : Operation 5 [1/1] (0.00ns)   --->   "%counter = alloca i32 1" [sha224Accel.cpp:4]   --->   Operation 5 'alloca' 'counter' <Predicate = true> <Delay = 0.00>
ST_1 : Operation 6 [1/1] (0.00ns)   --->   "%j_2 = alloca i32 1" [sha224Accel.cpp:11]   --->   Operation 6 'alloca' 'j_2' <Predicate = true> <Delay = 0.00>
ST_1 : Operation 7 [1/1] (0.00ns)   --->   "%addSize = alloca i32 1" [sha224Accel.cpp:8]   --->   Operation 7 'alloca' 'addSize' <Predicate = true> <Delay = 0.00>
ST_1 : Operation 8 [1/1] (0.00ns)   --->   "%specinterface_ln0 = specinterface void @_ssdm_op_SpecInterface, i1 %bitstream, void @empty_0, i32 0, i32 0, void @empty, i32 0, i32 0, void @empty, void @empty, void @empty, i32 0, i32 0, i32 0, i32 0, void @empty, void @empty, i32 4294967295, i32 0, i32 0"   --->   Operation 8 'specinterface' 'specinterface_ln0' <Predicate = true> <Delay = 0.00>
ST_1 : Operation 9 [1/1] (0.00ns)   --->   "%size_read = read i64 @_ssdm_op_Read.ap_auto.i64, i64 %size"   --->   Operation 9 'read' 'size_read' <Predicate = true> <Delay = 0.00>
ST_1 : Operation 10 [1/1] (0.00ns)   --->   "%or_ln_read = read i64 @_ssdm_op_Read.ap_auto.i64, i64 %or_ln"   --->   Operation 10 'read' 'or_ln_read' <Predicate = true> <Delay = 0.00>
ST_1 : Operation 11 [1/1] (1.29ns)   --->   "%store_ln8 = store i1 0, i1 %addSize" [sha224Accel.cpp:8]   --->   Operation 11 'store' 'store_ln8' <Predicate = true> <Delay = 1.29>
ST_1 : Operation 12 [1/1] (1.29ns)   --->   "%store_ln11 = store i10 448, i10 %j_2" [sha224Accel.cpp:11]   --->   Operation 12 'store' 'store_ln11' <Predicate = true> <Delay = 1.29>
ST_1 : Operation 13 [1/1] (1.29ns)   --->   "%store_ln4 = store i64 %or_ln_read, i64 %counter" [sha224Accel.cpp:4]   --->   Operation 13 'store' 'store_ln4' <Predicate = true> <Delay = 1.29>
ST_1 : Operation 14 [1/1] (0.00ns)   --->   "%br_ln23 = br void %for.body19" [sha224Accel.cpp:23]   --->   Operation 14 'br' 'br_ln23' <Predicate = true> <Delay = 0.00>

State 2 <SV = 1> <Delay = 4.68>
ST_2 : Operation 15 [1/1] (0.00ns)   --->   "%counter_1 = load i64 %counter" [sha224Accel.cpp:23]   --->   Operation 15 'load' 'counter_1' <Predicate = true> <Delay = 0.00>
ST_2 : Operation 16 [1/1] (0.00ns)   --->   "%j = load i10 %j_2" [sha224Accel.cpp:23]   --->   Operation 16 'load' 'j' <Predicate = true> <Delay = 0.00>
ST_2 : Operation 17 [1/1] (1.66ns)   --->   "%icmp_ln23 = icmp_eq  i10 %j, i10 512" [sha224Accel.cpp:23]   --->   Operation 17 'icmp' 'icmp_ln23' <Predicate = true> <Delay = 1.66> <CoreInst = "Cmp">   --->   Core 9 'Cmp' <Latency = 0> <II = 1> <Delay = 1.66> <FuncUnit> <Opcode : 'seteq' 'setne' 'setle' 'setge' 'setlt' 'setgt'> <InPorts = 2> <OutPorts = 1>
ST_2 : Operation 18 [1/1] (0.00ns)   --->   "%speclooptripcount_ln0 = speclooptripcount void @_ssdm_op_SpecLoopTripCount, i64 64, i64 64, i64 64"   --->   Operation 18 'speclooptripcount' 'speclooptripcount_ln0' <Predicate = true> <Delay = 0.00>
ST_2 : Operation 19 [1/1] (0.00ns)   --->   "%br_ln23 = br i1 %icmp_ln23, void %for.body19.split, void %VITIS_LOOP_43_5.loopexit2.exitStub" [sha224Accel.cpp:23]   --->   Operation 19 'br' 'br_ln23' <Predicate = true> <Delay = 0.00>
ST_2 : Operation 20 [1/1] (0.00ns)   --->   "%trunc_ln23 = trunc i10 %j" [sha224Accel.cpp:23]   --->   Operation 20 'trunc' 'trunc_ln23' <Predicate = (!icmp_ln23)> <Delay = 0.00>
ST_2 : Operation 21 [1/1] (0.00ns)   --->   "%specpipeline_ln4 = specpipeline void @_ssdm_op_SpecPipeline, i32 4294967295, i32 0, i32 0, i32 0, void @empty" [sha224Accel.cpp:4]   --->   Operation 21 'specpipeline' 'specpipeline_ln4' <Predicate = (!icmp_ln23)> <Delay = 0.00>
ST_2 : Operation 22 [1/1] (0.00ns)   --->   "%specloopname_ln23 = specloopname void @_ssdm_op_SpecLoopName, void @empty_4" [sha224Accel.cpp:23]   --->   Operation 22 'specloopname' 'specloopname_ln23' <Predicate = (!icmp_ln23)> <Delay = 0.00>
ST_2 : Operation 23 [1/1] (0.00ns)   --->   "%trunc_ln4 = partselect i3 @_ssdm_op_PartSelect.i3.i10.i32.i32, i10 %j, i32 4, i32 6" [sha224Accel.cpp:4]   --->   Operation 23 'partselect' 'trunc_ln4' <Predicate = (!icmp_ln23)> <Delay = 0.00>
ST_2 : Operation 24 [1/1] (0.00ns)   --->   "%sext_ln4 = sext i3 %trunc_ln4" [sha224Accel.cpp:4]   --->   Operation 24 'sext' 'sext_ln4' <Predicate = (!icmp_ln23)> <Delay = 0.00>
ST_2 : Operation 25 [1/1] (0.00ns)   --->   "%zext_ln4 = zext i5 %sext_ln4" [sha224Accel.cpp:4]   --->   Operation 25 'zext' 'zext_ln4' <Predicate = (!icmp_ln23)> <Delay = 0.00>
ST_2 : Operation 26 [1/1] (2.92ns)   --->   "%icmp_ln24 = icmp_ult  i64 %counter_1, i64 %size_read" [sha224Accel.cpp:24]   --->   Operation 26 'icmp' 'icmp_ln24' <Predicate = (!icmp_ln23)> <Delay = 2.92> <CoreInst = "Cmp">   --->   Core 9 'Cmp' <Latency = 0> <II = 1> <Delay = 2.92> <FuncUnit> <Opcode : 'seteq' 'setne' 'setle' 'setge' 'setlt' 'setgt'> <InPorts = 2> <OutPorts = 1>
ST_2 : Operation 27 [1/1] (0.00ns)   --->   "%buffer_addr = getelementptr i1 %buffer_r, i64 0, i64 %zext_ln4" [sha224Accel.cpp:25]   --->   Operation 27 'getelementptr' 'buffer_addr' <Predicate = (!icmp_ln23)> <Delay = 0.00>
ST_2 : Operation 28 [1/1] (0.00ns)   --->   "%buffer_1_addr = getelementptr i1 %buffer_1, i64 0, i64 %zext_ln4" [sha224Accel.cpp:25]   --->   Operation 28 'getelementptr' 'buffer_1_addr' <Predicate = (!icmp_ln23)> <Delay = 0.00>
ST_2 : Operation 29 [1/1] (0.00ns)   --->   "%buffer_2_addr = getelementptr i1 %buffer_2, i64 0, i64 %zext_ln4" [sha224Accel.cpp:25]   --->   Operation 29 'getelementptr' 'buffer_2_addr' <Predicate = (!icmp_ln23)> <Delay = 0.00>
ST_2 : Operation 30 [1/1] (0.00ns)   --->   "%buffer_3_addr = getelementptr i1 %buffer_3, i64 0, i64 %zext_ln4" [sha224Accel.cpp:25]   --->   Operation 30 'getelementptr' 'buffer_3_addr' <Predicate = (!icmp_ln23)> <Delay = 0.00>
ST_2 : Operation 31 [1/1] (0.00ns)   --->   "%buffer_4_addr = getelementptr i1 %buffer_4, i64 0, i64 %zext_ln4" [sha224Accel.cpp:25]   --->   Operation 31 'getelementptr' 'buffer_4_addr' <Predicate = (!icmp_ln23)> <Delay = 0.00>
ST_2 : Operation 32 [1/1] (0.00ns)   --->   "%buffer_5_addr = getelementptr i1 %buffer_5, i64 0, i64 %zext_ln4" [sha224Accel.cpp:25]   --->   Operation 32 'getelementptr' 'buffer_5_addr' <Predicate = (!icmp_ln23)> <Delay = 0.00>
ST_2 : Operation 33 [1/1] (0.00ns)   --->   "%buffer_6_addr = getelementptr i1 %buffer_6, i64 0, i64 %zext_ln4" [sha224Accel.cpp:25]   --->   Operation 33 'getelementptr' 'buffer_6_addr' <Predicate = (!icmp_ln23)> <Delay = 0.00>
ST_2 : Operation 34 [1/1] (0.00ns)   --->   "%buffer_7_addr = getelementptr i1 %buffer_7, i64 0, i64 %zext_ln4" [sha224Accel.cpp:25]   --->   Operation 34 'getelementptr' 'buffer_7_addr' <Predicate = (!icmp_ln23)> <Delay = 0.00>
ST_2 : Operation 35 [1/1] (0.00ns)   --->   "%buffer_8_addr = getelementptr i1 %buffer_8, i64 0, i64 %zext_ln4" [sha224Accel.cpp:25]   --->   Operation 35 'getelementptr' 'buffer_8_addr' <Predicate = (!icmp_ln23)> <Delay = 0.00>
ST_2 : Operation 36 [1/1] (0.00ns)   --->   "%buffer_9_addr = getelementptr i1 %buffer_9, i64 0, i64 %zext_ln4" [sha224Accel.cpp:25]   --->   Operation 36 'getelementptr' 'buffer_9_addr' <Predicate = (!icmp_ln23)> <Delay = 0.00>
ST_2 : Operation 37 [1/1] (0.00ns)   --->   "%buffer_10_addr = getelementptr i1 %buffer_10, i64 0, i64 %zext_ln4" [sha224Accel.cpp:25]   --->   Operation 37 'getelementptr' 'buffer_10_addr' <Predicate = (!icmp_ln23)> <Delay = 0.00>
ST_2 : Operation 38 [1/1] (0.00ns)   --->   "%buffer_11_addr = getelementptr i1 %buffer_11, i64 0, i64 %zext_ln4" [sha224Accel.cpp:25]   --->   Operation 38 'getelementptr' 'buffer_11_addr' <Predicate = (!icmp_ln23)> <Delay = 0.00>
ST_2 : Operation 39 [1/1] (0.00ns)   --->   "%buffer_12_addr = getelementptr i1 %buffer_12, i64 0, i64 %zext_ln4" [sha224Accel.cpp:25]   --->   Operation 39 'getelementptr' 'buffer_12_addr' <Predicate = (!icmp_ln23)> <Delay = 0.00>
ST_2 : Operation 40 [1/1] (0.00ns)   --->   "%buffer_13_addr = getelementptr i1 %buffer_13, i64 0, i64 %zext_ln4" [sha224Accel.cpp:25]   --->   Operation 40 'getelementptr' 'buffer_13_addr' <Predicate = (!icmp_ln23)> <Delay = 0.00>
ST_2 : Operation 41 [1/1] (0.00ns)   --->   "%buffer_14_addr = getelementptr i1 %buffer_14, i64 0, i64 %zext_ln4" [sha224Accel.cpp:25]   --->   Operation 41 'getelementptr' 'buffer_14_addr' <Predicate = (!icmp_ln23)> <Delay = 0.00>
ST_2 : Operation 42 [1/1] (0.00ns)   --->   "%buffer_15_addr = getelementptr i1 %buffer_15, i64 0, i64 %zext_ln4" [sha224Accel.cpp:25]   --->   Operation 42 'getelementptr' 'buffer_15_addr' <Predicate = (!icmp_ln23)> <Delay = 0.00>
ST_2 : Operation 43 [1/1] (0.00ns)   --->   "%br_ln24 = br i1 %icmp_ln24, void %if.else24, void %if.then21" [sha224Accel.cpp:24]   --->   Operation 43 'br' 'br_ln24' <Predicate = (!icmp_ln23)> <Delay = 0.00>
ST_2 : Operation 44 [1/1] (2.92ns)   --->   "%icmp_ln26 = icmp_eq  i64 %counter_1, i64 %size_read" [sha224Accel.cpp:26]   --->   Operation 44 'icmp' 'icmp_ln26' <Predicate = (!icmp_ln23 & !icmp_ln24)> <Delay = 2.92> <CoreInst = "Cmp">   --->   Core 9 'Cmp' <Latency = 0> <II = 1> <Delay = 2.92> <FuncUnit> <Opcode : 'seteq' 'setne' 'setle' 'setge' 'setlt' 'setgt'> <InPorts = 2> <OutPorts = 1>
ST_2 : Operation 45 [1/1] (0.00ns)   --->   "%br_ln26 = br i1 %icmp_ln26, void %if.else29, void %if.then26" [sha224Accel.cpp:26]   --->   Operation 45 'br' 'br_ln26' <Predicate = (!icmp_ln23 & !icmp_ln24)> <Delay = 0.00>
ST_2 : Operation 46 [1/1] (1.56ns)   --->   "%switch_ln29 = switch i4 %trunc_ln23, void %arrayidx23.case.15, i4 0, void %arrayidx23.case.0, i4 1, void %arrayidx23.case.1, i4 2, void %arrayidx23.case.2, i4 3, void %arrayidx23.case.3, i4 4, void %arrayidx23.case.4, i4 5, void %arrayidx23.case.5, i4 6, void %arrayidx23.case.6, i4 7, void %arrayidx23.case.7, i4 8, void %arrayidx23.case.8, i4 9, void %arrayidx23.case.9, i4 10, void %arrayidx23.case.10, i4 11, void %arrayidx23.case.11, i4 12, void %arrayidx23.case.12, i4 13, void %arrayidx23.case.13, i4 14, void %arrayidx23.case.14" [sha224Accel.cpp:29]   --->   Operation 46 'switch' 'switch_ln29' <Predicate = (!icmp_ln23 & !icmp_ln24 & !icmp_ln26)> <Delay = 1.56>
ST_2 : Operation 47 [1/1] ( I:1.76ns O:1.76ns )   --->   "%store_ln29 = store i1 0, i5 %buffer_14_addr" [sha224Accel.cpp:29]   --->   Operation 47 'store' 'store_ln29' <Predicate = (!icmp_ln23 & !icmp_ln24 & !icmp_ln26 & trunc_ln23 == 14)> <Delay = 1.76> <CoreInst = "RAM">   --->   Core 81 'RAM' <Latency = 1> <II = 1> <Delay = 1.76> <Storage> <Opcode : 'load' 'store'> <Ports = 2> <Width = 1> <Depth = 32> <RAM>
ST_2 : Operation 48 [1/1] (0.00ns)   --->   "%br_ln29 = br void %arrayidx23.exit" [sha224Accel.cpp:29]   --->   Operation 48 'br' 'br_ln29' <Predicate = (!icmp_ln23 & !icmp_ln24 & !icmp_ln26 & trunc_ln23 == 14)> <Delay = 0.00>
ST_2 : Operation 49 [1/1] ( I:1.76ns O:1.76ns )   --->   "%store_ln29 = store i1 0, i5 %buffer_13_addr" [sha224Accel.cpp:29]   --->   Operation 49 'store' 'store_ln29' <Predicate = (!icmp_ln23 & !icmp_ln24 & !icmp_ln26 & trunc_ln23 == 13)> <Delay = 1.76> <CoreInst = "RAM">   --->   Core 81 'RAM' <Latency = 1> <II = 1> <Delay = 1.76> <Storage> <Opcode : 'load' 'store'> <Ports = 2> <Width = 1> <Depth = 32> <RAM>
ST_2 : Operation 50 [1/1] (0.00ns)   --->   "%br_ln29 = br void %arrayidx23.exit" [sha224Accel.cpp:29]   --->   Operation 50 'br' 'br_ln29' <Predicate = (!icmp_ln23 & !icmp_ln24 & !icmp_ln26 & trunc_ln23 == 13)> <Delay = 0.00>
ST_2 : Operation 51 [1/1] ( I:1.76ns O:1.76ns )   --->   "%store_ln29 = store i1 0, i5 %buffer_12_addr" [sha224Accel.cpp:29]   --->   Operation 51 'store' 'store_ln29' <Predicate = (!icmp_ln23 & !icmp_ln24 & !icmp_ln26 & trunc_ln23 == 12)> <Delay = 1.76> <CoreInst = "RAM">   --->   Core 81 'RAM' <Latency = 1> <II = 1> <Delay = 1.76> <Storage> <Opcode : 'load' 'store'> <Ports = 2> <Width = 1> <Depth = 32> <RAM>
ST_2 : Operation 52 [1/1] (0.00ns)   --->   "%br_ln29 = br void %arrayidx23.exit" [sha224Accel.cpp:29]   --->   Operation 52 'br' 'br_ln29' <Predicate = (!icmp_ln23 & !icmp_ln24 & !icmp_ln26 & trunc_ln23 == 12)> <Delay = 0.00>
ST_2 : Operation 53 [1/1] ( I:1.76ns O:1.76ns )   --->   "%store_ln29 = store i1 0, i5 %buffer_11_addr" [sha224Accel.cpp:29]   --->   Operation 53 'store' 'store_ln29' <Predicate = (!icmp_ln23 & !icmp_ln24 & !icmp_ln26 & trunc_ln23 == 11)> <Delay = 1.76> <CoreInst = "RAM">   --->   Core 81 'RAM' <Latency = 1> <II = 1> <Delay = 1.76> <Storage> <Opcode : 'load' 'store'> <Ports = 2> <Width = 1> <Depth = 32> <RAM>
ST_2 : Operation 54 [1/1] (0.00ns)   --->   "%br_ln29 = br void %arrayidx23.exit" [sha224Accel.cpp:29]   --->   Operation 54 'br' 'br_ln29' <Predicate = (!icmp_ln23 & !icmp_ln24 & !icmp_ln26 & trunc_ln23 == 11)> <Delay = 0.00>
ST_2 : Operation 55 [1/1] ( I:1.76ns O:1.76ns )   --->   "%store_ln29 = store i1 0, i5 %buffer_10_addr" [sha224Accel.cpp:29]   --->   Operation 55 'store' 'store_ln29' <Predicate = (!icmp_ln23 & !icmp_ln24 & !icmp_ln26 & trunc_ln23 == 10)> <Delay = 1.76> <CoreInst = "RAM">   --->   Core 81 'RAM' <Latency = 1> <II = 1> <Delay = 1.76> <Storage> <Opcode : 'load' 'store'> <Ports = 2> <Width = 1> <Depth = 32> <RAM>
ST_2 : Operation 56 [1/1] (0.00ns)   --->   "%br_ln29 = br void %arrayidx23.exit" [sha224Accel.cpp:29]   --->   Operation 56 'br' 'br_ln29' <Predicate = (!icmp_ln23 & !icmp_ln24 & !icmp_ln26 & trunc_ln23 == 10)> <Delay = 0.00>
ST_2 : Operation 57 [1/1] ( I:1.76ns O:1.76ns )   --->   "%store_ln29 = store i1 0, i5 %buffer_9_addr" [sha224Accel.cpp:29]   --->   Operation 57 'store' 'store_ln29' <Predicate = (!icmp_ln23 & !icmp_ln24 & !icmp_ln26 & trunc_ln23 == 9)> <Delay = 1.76> <CoreInst = "RAM">   --->   Core 81 'RAM' <Latency = 1> <II = 1> <Delay = 1.76> <Storage> <Opcode : 'load' 'store'> <Ports = 2> <Width = 1> <Depth = 32> <RAM>
ST_2 : Operation 58 [1/1] (0.00ns)   --->   "%br_ln29 = br void %arrayidx23.exit" [sha224Accel.cpp:29]   --->   Operation 58 'br' 'br_ln29' <Predicate = (!icmp_ln23 & !icmp_ln24 & !icmp_ln26 & trunc_ln23 == 9)> <Delay = 0.00>
ST_2 : Operation 59 [1/1] ( I:1.76ns O:1.76ns )   --->   "%store_ln29 = store i1 0, i5 %buffer_8_addr" [sha224Accel.cpp:29]   --->   Operation 59 'store' 'store_ln29' <Predicate = (!icmp_ln23 & !icmp_ln24 & !icmp_ln26 & trunc_ln23 == 8)> <Delay = 1.76> <CoreInst = "RAM">   --->   Core 81 'RAM' <Latency = 1> <II = 1> <Delay = 1.76> <Storage> <Opcode : 'load' 'store'> <Ports = 2> <Width = 1> <Depth = 32> <RAM>
ST_2 : Operation 60 [1/1] (0.00ns)   --->   "%br_ln29 = br void %arrayidx23.exit" [sha224Accel.cpp:29]   --->   Operation 60 'br' 'br_ln29' <Predicate = (!icmp_ln23 & !icmp_ln24 & !icmp_ln26 & trunc_ln23 == 8)> <Delay = 0.00>
ST_2 : Operation 61 [1/1] ( I:1.76ns O:1.76ns )   --->   "%store_ln29 = store i1 0, i5 %buffer_7_addr" [sha224Accel.cpp:29]   --->   Operation 61 'store' 'store_ln29' <Predicate = (!icmp_ln23 & !icmp_ln24 & !icmp_ln26 & trunc_ln23 == 7)> <Delay = 1.76> <CoreInst = "RAM">   --->   Core 81 'RAM' <Latency = 1> <II = 1> <Delay = 1.76> <Storage> <Opcode : 'load' 'store'> <Ports = 2> <Width = 1> <Depth = 32> <RAM>
ST_2 : Operation 62 [1/1] (0.00ns)   --->   "%br_ln29 = br void %arrayidx23.exit" [sha224Accel.cpp:29]   --->   Operation 62 'br' 'br_ln29' <Predicate = (!icmp_ln23 & !icmp_ln24 & !icmp_ln26 & trunc_ln23 == 7)> <Delay = 0.00>
ST_2 : Operation 63 [1/1] ( I:1.76ns O:1.76ns )   --->   "%store_ln29 = store i1 0, i5 %buffer_6_addr" [sha224Accel.cpp:29]   --->   Operation 63 'store' 'store_ln29' <Predicate = (!icmp_ln23 & !icmp_ln24 & !icmp_ln26 & trunc_ln23 == 6)> <Delay = 1.76> <CoreInst = "RAM">   --->   Core 81 'RAM' <Latency = 1> <II = 1> <Delay = 1.76> <Storage> <Opcode : 'load' 'store'> <Ports = 2> <Width = 1> <Depth = 32> <RAM>
ST_2 : Operation 64 [1/1] (0.00ns)   --->   "%br_ln29 = br void %arrayidx23.exit" [sha224Accel.cpp:29]   --->   Operation 64 'br' 'br_ln29' <Predicate = (!icmp_ln23 & !icmp_ln24 & !icmp_ln26 & trunc_ln23 == 6)> <Delay = 0.00>
ST_2 : Operation 65 [1/1] ( I:1.76ns O:1.76ns )   --->   "%store_ln29 = store i1 0, i5 %buffer_5_addr" [sha224Accel.cpp:29]   --->   Operation 65 'store' 'store_ln29' <Predicate = (!icmp_ln23 & !icmp_ln24 & !icmp_ln26 & trunc_ln23 == 5)> <Delay = 1.76> <CoreInst = "RAM">   --->   Core 81 'RAM' <Latency = 1> <II = 1> <Delay = 1.76> <Storage> <Opcode : 'load' 'store'> <Ports = 2> <Width = 1> <Depth = 32> <RAM>
ST_2 : Operation 66 [1/1] (0.00ns)   --->   "%br_ln29 = br void %arrayidx23.exit" [sha224Accel.cpp:29]   --->   Operation 66 'br' 'br_ln29' <Predicate = (!icmp_ln23 & !icmp_ln24 & !icmp_ln26 & trunc_ln23 == 5)> <Delay = 0.00>
ST_2 : Operation 67 [1/1] ( I:1.76ns O:1.76ns )   --->   "%store_ln29 = store i1 0, i5 %buffer_4_addr" [sha224Accel.cpp:29]   --->   Operation 67 'store' 'store_ln29' <Predicate = (!icmp_ln23 & !icmp_ln24 & !icmp_ln26 & trunc_ln23 == 4)> <Delay = 1.76> <CoreInst = "RAM">   --->   Core 81 'RAM' <Latency = 1> <II = 1> <Delay = 1.76> <Storage> <Opcode : 'load' 'store'> <Ports = 2> <Width = 1> <Depth = 32> <RAM>
ST_2 : Operation 68 [1/1] (0.00ns)   --->   "%br_ln29 = br void %arrayidx23.exit" [sha224Accel.cpp:29]   --->   Operation 68 'br' 'br_ln29' <Predicate = (!icmp_ln23 & !icmp_ln24 & !icmp_ln26 & trunc_ln23 == 4)> <Delay = 0.00>
ST_2 : Operation 69 [1/1] ( I:1.76ns O:1.76ns )   --->   "%store_ln29 = store i1 0, i5 %buffer_3_addr" [sha224Accel.cpp:29]   --->   Operation 69 'store' 'store_ln29' <Predicate = (!icmp_ln23 & !icmp_ln24 & !icmp_ln26 & trunc_ln23 == 3)> <Delay = 1.76> <CoreInst = "RAM">   --->   Core 81 'RAM' <Latency = 1> <II = 1> <Delay = 1.76> <Storage> <Opcode : 'load' 'store'> <Ports = 2> <Width = 1> <Depth = 32> <RAM>
ST_2 : Operation 70 [1/1] (0.00ns)   --->   "%br_ln29 = br void %arrayidx23.exit" [sha224Accel.cpp:29]   --->   Operation 70 'br' 'br_ln29' <Predicate = (!icmp_ln23 & !icmp_ln24 & !icmp_ln26 & trunc_ln23 == 3)> <Delay = 0.00>
ST_2 : Operation 71 [1/1] ( I:1.76ns O:1.76ns )   --->   "%store_ln29 = store i1 0, i5 %buffer_2_addr" [sha224Accel.cpp:29]   --->   Operation 71 'store' 'store_ln29' <Predicate = (!icmp_ln23 & !icmp_ln24 & !icmp_ln26 & trunc_ln23 == 2)> <Delay = 1.76> <CoreInst = "RAM">   --->   Core 81 'RAM' <Latency = 1> <II = 1> <Delay = 1.76> <Storage> <Opcode : 'load' 'store'> <Ports = 2> <Width = 1> <Depth = 32> <RAM>
ST_2 : Operation 72 [1/1] (0.00ns)   --->   "%br_ln29 = br void %arrayidx23.exit" [sha224Accel.cpp:29]   --->   Operation 72 'br' 'br_ln29' <Predicate = (!icmp_ln23 & !icmp_ln24 & !icmp_ln26 & trunc_ln23 == 2)> <Delay = 0.00>
ST_2 : Operation 73 [1/1] ( I:1.76ns O:1.76ns )   --->   "%store_ln29 = store i1 0, i5 %buffer_1_addr" [sha224Accel.cpp:29]   --->   Operation 73 'store' 'store_ln29' <Predicate = (!icmp_ln23 & !icmp_ln24 & !icmp_ln26 & trunc_ln23 == 1)> <Delay = 1.76> <CoreInst = "RAM">   --->   Core 81 'RAM' <Latency = 1> <II = 1> <Delay = 1.76> <Storage> <Opcode : 'load' 'store'> <Ports = 2> <Width = 1> <Depth = 32> <RAM>
ST_2 : Operation 74 [1/1] (0.00ns)   --->   "%br_ln29 = br void %arrayidx23.exit" [sha224Accel.cpp:29]   --->   Operation 74 'br' 'br_ln29' <Predicate = (!icmp_ln23 & !icmp_ln24 & !icmp_ln26 & trunc_ln23 == 1)> <Delay = 0.00>
ST_2 : Operation 75 [1/1] ( I:1.76ns O:1.76ns )   --->   "%store_ln29 = store i1 0, i5 %buffer_addr" [sha224Accel.cpp:29]   --->   Operation 75 'store' 'store_ln29' <Predicate = (!icmp_ln23 & !icmp_ln24 & !icmp_ln26 & trunc_ln23 == 0)> <Delay = 1.76> <CoreInst = "RAM">   --->   Core 81 'RAM' <Latency = 1> <II = 1> <Delay = 1.76> <Storage> <Opcode : 'load' 'store'> <Ports = 2> <Width = 1> <Depth = 32> <RAM>
ST_2 : Operation 76 [1/1] (0.00ns)   --->   "%br_ln29 = br void %arrayidx23.exit" [sha224Accel.cpp:29]   --->   Operation 76 'br' 'br_ln29' <Predicate = (!icmp_ln23 & !icmp_ln24 & !icmp_ln26 & trunc_ln23 == 0)> <Delay = 0.00>
ST_2 : Operation 77 [1/1] ( I:1.76ns O:1.76ns )   --->   "%store_ln29 = store i1 0, i5 %buffer_15_addr" [sha224Accel.cpp:29]   --->   Operation 77 'store' 'store_ln29' <Predicate = (!icmp_ln23 & !icmp_ln24 & !icmp_ln26 & trunc_ln23 == 15)> <Delay = 1.76> <CoreInst = "RAM">   --->   Core 81 'RAM' <Latency = 1> <II = 1> <Delay = 1.76> <Storage> <Opcode : 'load' 'store'> <Ports = 2> <Width = 1> <Depth = 32> <RAM>
ST_2 : Operation 78 [1/1] (0.00ns)   --->   "%br_ln29 = br void %arrayidx23.exit" [sha224Accel.cpp:29]   --->   Operation 78 'br' 'br_ln29' <Predicate = (!icmp_ln23 & !icmp_ln24 & !icmp_ln26 & trunc_ln23 == 15)> <Delay = 0.00>
ST_2 : Operation 79 [1/1] (1.56ns)   --->   "%switch_ln27 = switch i4 %trunc_ln23, void %arrayidx23.case.15110, i4 0, void %arrayidx23.case.095, i4 1, void %arrayidx23.case.196, i4 2, void %arrayidx23.case.297, i4 3, void %arrayidx23.case.398, i4 4, void %arrayidx23.case.499, i4 5, void %arrayidx23.case.5100, i4 6, void %arrayidx23.case.6101, i4 7, void %arrayidx23.case.7102, i4 8, void %arrayidx23.case.8103, i4 9, void %arrayidx23.case.9104, i4 10, void %arrayidx23.case.10105, i4 11, void %arrayidx23.case.11106, i4 12, void %arrayidx23.case.12107, i4 13, void %arrayidx23.case.13108, i4 14, void %arrayidx23.case.14109" [sha224Accel.cpp:27]   --->   Operation 79 'switch' 'switch_ln27' <Predicate = (!icmp_ln23 & !icmp_ln24 & icmp_ln26)> <Delay = 1.56>
ST_2 : Operation 80 [1/1] ( I:1.76ns O:1.76ns )   --->   "%store_ln27 = store i1 1, i5 %buffer_14_addr" [sha224Accel.cpp:27]   --->   Operation 80 'store' 'store_ln27' <Predicate = (!icmp_ln23 & !icmp_ln24 & icmp_ln26 & trunc_ln23 == 14)> <Delay = 1.76> <CoreInst = "RAM">   --->   Core 81 'RAM' <Latency = 1> <II = 1> <Delay = 1.76> <Storage> <Opcode : 'load' 'store'> <Ports = 2> <Width = 1> <Depth = 32> <RAM>
ST_2 : Operation 81 [1/1] (0.00ns)   --->   "%br_ln27 = br void %arrayidx23.exit94" [sha224Accel.cpp:27]   --->   Operation 81 'br' 'br_ln27' <Predicate = (!icmp_ln23 & !icmp_ln24 & icmp_ln26 & trunc_ln23 == 14)> <Delay = 0.00>
ST_2 : Operation 82 [1/1] ( I:1.76ns O:1.76ns )   --->   "%store_ln27 = store i1 1, i5 %buffer_13_addr" [sha224Accel.cpp:27]   --->   Operation 82 'store' 'store_ln27' <Predicate = (!icmp_ln23 & !icmp_ln24 & icmp_ln26 & trunc_ln23 == 13)> <Delay = 1.76> <CoreInst = "RAM">   --->   Core 81 'RAM' <Latency = 1> <II = 1> <Delay = 1.76> <Storage> <Opcode : 'load' 'store'> <Ports = 2> <Width = 1> <Depth = 32> <RAM>
ST_2 : Operation 83 [1/1] (0.00ns)   --->   "%br_ln27 = br void %arrayidx23.exit94" [sha224Accel.cpp:27]   --->   Operation 83 'br' 'br_ln27' <Predicate = (!icmp_ln23 & !icmp_ln24 & icmp_ln26 & trunc_ln23 == 13)> <Delay = 0.00>
ST_2 : Operation 84 [1/1] ( I:1.76ns O:1.76ns )   --->   "%store_ln27 = store i1 1, i5 %buffer_12_addr" [sha224Accel.cpp:27]   --->   Operation 84 'store' 'store_ln27' <Predicate = (!icmp_ln23 & !icmp_ln24 & icmp_ln26 & trunc_ln23 == 12)> <Delay = 1.76> <CoreInst = "RAM">   --->   Core 81 'RAM' <Latency = 1> <II = 1> <Delay = 1.76> <Storage> <Opcode : 'load' 'store'> <Ports = 2> <Width = 1> <Depth = 32> <RAM>
ST_2 : Operation 85 [1/1] (0.00ns)   --->   "%br_ln27 = br void %arrayidx23.exit94" [sha224Accel.cpp:27]   --->   Operation 85 'br' 'br_ln27' <Predicate = (!icmp_ln23 & !icmp_ln24 & icmp_ln26 & trunc_ln23 == 12)> <Delay = 0.00>
ST_2 : Operation 86 [1/1] ( I:1.76ns O:1.76ns )   --->   "%store_ln27 = store i1 1, i5 %buffer_11_addr" [sha224Accel.cpp:27]   --->   Operation 86 'store' 'store_ln27' <Predicate = (!icmp_ln23 & !icmp_ln24 & icmp_ln26 & trunc_ln23 == 11)> <Delay = 1.76> <CoreInst = "RAM">   --->   Core 81 'RAM' <Latency = 1> <II = 1> <Delay = 1.76> <Storage> <Opcode : 'load' 'store'> <Ports = 2> <Width = 1> <Depth = 32> <RAM>
ST_2 : Operation 87 [1/1] (0.00ns)   --->   "%br_ln27 = br void %arrayidx23.exit94" [sha224Accel.cpp:27]   --->   Operation 87 'br' 'br_ln27' <Predicate = (!icmp_ln23 & !icmp_ln24 & icmp_ln26 & trunc_ln23 == 11)> <Delay = 0.00>
ST_2 : Operation 88 [1/1] ( I:1.76ns O:1.76ns )   --->   "%store_ln27 = store i1 1, i5 %buffer_10_addr" [sha224Accel.cpp:27]   --->   Operation 88 'store' 'store_ln27' <Predicate = (!icmp_ln23 & !icmp_ln24 & icmp_ln26 & trunc_ln23 == 10)> <Delay = 1.76> <CoreInst = "RAM">   --->   Core 81 'RAM' <Latency = 1> <II = 1> <Delay = 1.76> <Storage> <Opcode : 'load' 'store'> <Ports = 2> <Width = 1> <Depth = 32> <RAM>
ST_2 : Operation 89 [1/1] (0.00ns)   --->   "%br_ln27 = br void %arrayidx23.exit94" [sha224Accel.cpp:27]   --->   Operation 89 'br' 'br_ln27' <Predicate = (!icmp_ln23 & !icmp_ln24 & icmp_ln26 & trunc_ln23 == 10)> <Delay = 0.00>
ST_2 : Operation 90 [1/1] ( I:1.76ns O:1.76ns )   --->   "%store_ln27 = store i1 1, i5 %buffer_9_addr" [sha224Accel.cpp:27]   --->   Operation 90 'store' 'store_ln27' <Predicate = (!icmp_ln23 & !icmp_ln24 & icmp_ln26 & trunc_ln23 == 9)> <Delay = 1.76> <CoreInst = "RAM">   --->   Core 81 'RAM' <Latency = 1> <II = 1> <Delay = 1.76> <Storage> <Opcode : 'load' 'store'> <Ports = 2> <Width = 1> <Depth = 32> <RAM>
ST_2 : Operation 91 [1/1] (0.00ns)   --->   "%br_ln27 = br void %arrayidx23.exit94" [sha224Accel.cpp:27]   --->   Operation 91 'br' 'br_ln27' <Predicate = (!icmp_ln23 & !icmp_ln24 & icmp_ln26 & trunc_ln23 == 9)> <Delay = 0.00>
ST_2 : Operation 92 [1/1] ( I:1.76ns O:1.76ns )   --->   "%store_ln27 = store i1 1, i5 %buffer_8_addr" [sha224Accel.cpp:27]   --->   Operation 92 'store' 'store_ln27' <Predicate = (!icmp_ln23 & !icmp_ln24 & icmp_ln26 & trunc_ln23 == 8)> <Delay = 1.76> <CoreInst = "RAM">   --->   Core 81 'RAM' <Latency = 1> <II = 1> <Delay = 1.76> <Storage> <Opcode : 'load' 'store'> <Ports = 2> <Width = 1> <Depth = 32> <RAM>
ST_2 : Operation 93 [1/1] (0.00ns)   --->   "%br_ln27 = br void %arrayidx23.exit94" [sha224Accel.cpp:27]   --->   Operation 93 'br' 'br_ln27' <Predicate = (!icmp_ln23 & !icmp_ln24 & icmp_ln26 & trunc_ln23 == 8)> <Delay = 0.00>
ST_2 : Operation 94 [1/1] ( I:1.76ns O:1.76ns )   --->   "%store_ln27 = store i1 1, i5 %buffer_7_addr" [sha224Accel.cpp:27]   --->   Operation 94 'store' 'store_ln27' <Predicate = (!icmp_ln23 & !icmp_ln24 & icmp_ln26 & trunc_ln23 == 7)> <Delay = 1.76> <CoreInst = "RAM">   --->   Core 81 'RAM' <Latency = 1> <II = 1> <Delay = 1.76> <Storage> <Opcode : 'load' 'store'> <Ports = 2> <Width = 1> <Depth = 32> <RAM>
ST_2 : Operation 95 [1/1] (0.00ns)   --->   "%br_ln27 = br void %arrayidx23.exit94" [sha224Accel.cpp:27]   --->   Operation 95 'br' 'br_ln27' <Predicate = (!icmp_ln23 & !icmp_ln24 & icmp_ln26 & trunc_ln23 == 7)> <Delay = 0.00>
ST_2 : Operation 96 [1/1] ( I:1.76ns O:1.76ns )   --->   "%store_ln27 = store i1 1, i5 %buffer_6_addr" [sha224Accel.cpp:27]   --->   Operation 96 'store' 'store_ln27' <Predicate = (!icmp_ln23 & !icmp_ln24 & icmp_ln26 & trunc_ln23 == 6)> <Delay = 1.76> <CoreInst = "RAM">   --->   Core 81 'RAM' <Latency = 1> <II = 1> <Delay = 1.76> <Storage> <Opcode : 'load' 'store'> <Ports = 2> <Width = 1> <Depth = 32> <RAM>
ST_2 : Operation 97 [1/1] (0.00ns)   --->   "%br_ln27 = br void %arrayidx23.exit94" [sha224Accel.cpp:27]   --->   Operation 97 'br' 'br_ln27' <Predicate = (!icmp_ln23 & !icmp_ln24 & icmp_ln26 & trunc_ln23 == 6)> <Delay = 0.00>
ST_2 : Operation 98 [1/1] ( I:1.76ns O:1.76ns )   --->   "%store_ln27 = store i1 1, i5 %buffer_5_addr" [sha224Accel.cpp:27]   --->   Operation 98 'store' 'store_ln27' <Predicate = (!icmp_ln23 & !icmp_ln24 & icmp_ln26 & trunc_ln23 == 5)> <Delay = 1.76> <CoreInst = "RAM">   --->   Core 81 'RAM' <Latency = 1> <II = 1> <Delay = 1.76> <Storage> <Opcode : 'load' 'store'> <Ports = 2> <Width = 1> <Depth = 32> <RAM>
ST_2 : Operation 99 [1/1] (0.00ns)   --->   "%br_ln27 = br void %arrayidx23.exit94" [sha224Accel.cpp:27]   --->   Operation 99 'br' 'br_ln27' <Predicate = (!icmp_ln23 & !icmp_ln24 & icmp_ln26 & trunc_ln23 == 5)> <Delay = 0.00>
ST_2 : Operation 100 [1/1] ( I:1.76ns O:1.76ns )   --->   "%store_ln27 = store i1 1, i5 %buffer_4_addr" [sha224Accel.cpp:27]   --->   Operation 100 'store' 'store_ln27' <Predicate = (!icmp_ln23 & !icmp_ln24 & icmp_ln26 & trunc_ln23 == 4)> <Delay = 1.76> <CoreInst = "RAM">   --->   Core 81 'RAM' <Latency = 1> <II = 1> <Delay = 1.76> <Storage> <Opcode : 'load' 'store'> <Ports = 2> <Width = 1> <Depth = 32> <RAM>
ST_2 : Operation 101 [1/1] (0.00ns)   --->   "%br_ln27 = br void %arrayidx23.exit94" [sha224Accel.cpp:27]   --->   Operation 101 'br' 'br_ln27' <Predicate = (!icmp_ln23 & !icmp_ln24 & icmp_ln26 & trunc_ln23 == 4)> <Delay = 0.00>
ST_2 : Operation 102 [1/1] ( I:1.76ns O:1.76ns )   --->   "%store_ln27 = store i1 1, i5 %buffer_3_addr" [sha224Accel.cpp:27]   --->   Operation 102 'store' 'store_ln27' <Predicate = (!icmp_ln23 & !icmp_ln24 & icmp_ln26 & trunc_ln23 == 3)> <Delay = 1.76> <CoreInst = "RAM">   --->   Core 81 'RAM' <Latency = 1> <II = 1> <Delay = 1.76> <Storage> <Opcode : 'load' 'store'> <Ports = 2> <Width = 1> <Depth = 32> <RAM>
ST_2 : Operation 103 [1/1] (0.00ns)   --->   "%br_ln27 = br void %arrayidx23.exit94" [sha224Accel.cpp:27]   --->   Operation 103 'br' 'br_ln27' <Predicate = (!icmp_ln23 & !icmp_ln24 & icmp_ln26 & trunc_ln23 == 3)> <Delay = 0.00>
ST_2 : Operation 104 [1/1] ( I:1.76ns O:1.76ns )   --->   "%store_ln27 = store i1 1, i5 %buffer_2_addr" [sha224Accel.cpp:27]   --->   Operation 104 'store' 'store_ln27' <Predicate = (!icmp_ln23 & !icmp_ln24 & icmp_ln26 & trunc_ln23 == 2)> <Delay = 1.76> <CoreInst = "RAM">   --->   Core 81 'RAM' <Latency = 1> <II = 1> <Delay = 1.76> <Storage> <Opcode : 'load' 'store'> <Ports = 2> <Width = 1> <Depth = 32> <RAM>
ST_2 : Operation 105 [1/1] (0.00ns)   --->   "%br_ln27 = br void %arrayidx23.exit94" [sha224Accel.cpp:27]   --->   Operation 105 'br' 'br_ln27' <Predicate = (!icmp_ln23 & !icmp_ln24 & icmp_ln26 & trunc_ln23 == 2)> <Delay = 0.00>
ST_2 : Operation 106 [1/1] ( I:1.76ns O:1.76ns )   --->   "%store_ln27 = store i1 1, i5 %buffer_1_addr" [sha224Accel.cpp:27]   --->   Operation 106 'store' 'store_ln27' <Predicate = (!icmp_ln23 & !icmp_ln24 & icmp_ln26 & trunc_ln23 == 1)> <Delay = 1.76> <CoreInst = "RAM">   --->   Core 81 'RAM' <Latency = 1> <II = 1> <Delay = 1.76> <Storage> <Opcode : 'load' 'store'> <Ports = 2> <Width = 1> <Depth = 32> <RAM>
ST_2 : Operation 107 [1/1] (0.00ns)   --->   "%br_ln27 = br void %arrayidx23.exit94" [sha224Accel.cpp:27]   --->   Operation 107 'br' 'br_ln27' <Predicate = (!icmp_ln23 & !icmp_ln24 & icmp_ln26 & trunc_ln23 == 1)> <Delay = 0.00>
ST_2 : Operation 108 [1/1] ( I:1.76ns O:1.76ns )   --->   "%store_ln27 = store i1 1, i5 %buffer_addr" [sha224Accel.cpp:27]   --->   Operation 108 'store' 'store_ln27' <Predicate = (!icmp_ln23 & !icmp_ln24 & icmp_ln26 & trunc_ln23 == 0)> <Delay = 1.76> <CoreInst = "RAM">   --->   Core 81 'RAM' <Latency = 1> <II = 1> <Delay = 1.76> <Storage> <Opcode : 'load' 'store'> <Ports = 2> <Width = 1> <Depth = 32> <RAM>
ST_2 : Operation 109 [1/1] (0.00ns)   --->   "%br_ln27 = br void %arrayidx23.exit94" [sha224Accel.cpp:27]   --->   Operation 109 'br' 'br_ln27' <Predicate = (!icmp_ln23 & !icmp_ln24 & icmp_ln26 & trunc_ln23 == 0)> <Delay = 0.00>
ST_2 : Operation 110 [1/1] ( I:1.76ns O:1.76ns )   --->   "%store_ln27 = store i1 1, i5 %buffer_15_addr" [sha224Accel.cpp:27]   --->   Operation 110 'store' 'store_ln27' <Predicate = (!icmp_ln23 & !icmp_ln24 & icmp_ln26 & trunc_ln23 == 15)> <Delay = 1.76> <CoreInst = "RAM">   --->   Core 81 'RAM' <Latency = 1> <II = 1> <Delay = 1.76> <Storage> <Opcode : 'load' 'store'> <Ports = 2> <Width = 1> <Depth = 32> <RAM>
ST_2 : Operation 111 [1/1] (0.00ns)   --->   "%br_ln27 = br void %arrayidx23.exit94" [sha224Accel.cpp:27]   --->   Operation 111 'br' 'br_ln27' <Predicate = (!icmp_ln23 & !icmp_ln24 & icmp_ln26 & trunc_ln23 == 15)> <Delay = 0.00>
ST_2 : Operation 112 [1/1] (1.56ns)   --->   "%switch_ln25 = switch i4 %trunc_ln23, void %arrayidx23.case.15127, i4 0, void %arrayidx23.case.0112, i4 1, void %arrayidx23.case.1113, i4 2, void %arrayidx23.case.2114, i4 3, void %arrayidx23.case.3115, i4 4, void %arrayidx23.case.4116, i4 5, void %arrayidx23.case.5117, i4 6, void %arrayidx23.case.6118, i4 7, void %arrayidx23.case.7119, i4 8, void %arrayidx23.case.8120, i4 9, void %arrayidx23.case.9121, i4 10, void %arrayidx23.case.10122, i4 11, void %arrayidx23.case.11123, i4 12, void %arrayidx23.case.12124, i4 13, void %arrayidx23.case.13125, i4 14, void %arrayidx23.case.14126" [sha224Accel.cpp:25]   --->   Operation 112 'switch' 'switch_ln25' <Predicate = (!icmp_ln23 & icmp_ln24)> <Delay = 1.56>
ST_2 : Operation 113 [1/1] (0.00ns)   --->   "%br_ln25 = br void %arrayidx23.exit111" [sha224Accel.cpp:25]   --->   Operation 113 'br' 'br_ln25' <Predicate = (!icmp_ln23 & icmp_ln24 & trunc_ln23 == 14)> <Delay = 0.00>
ST_2 : Operation 114 [1/1] (0.00ns)   --->   "%br_ln25 = br void %arrayidx23.exit111" [sha224Accel.cpp:25]   --->   Operation 114 'br' 'br_ln25' <Predicate = (!icmp_ln23 & icmp_ln24 & trunc_ln23 == 13)> <Delay = 0.00>
ST_2 : Operation 115 [1/1] (0.00ns)   --->   "%br_ln25 = br void %arrayidx23.exit111" [sha224Accel.cpp:25]   --->   Operation 115 'br' 'br_ln25' <Predicate = (!icmp_ln23 & icmp_ln24 & trunc_ln23 == 12)> <Delay = 0.00>
ST_2 : Operation 116 [1/1] (0.00ns)   --->   "%br_ln25 = br void %arrayidx23.exit111" [sha224Accel.cpp:25]   --->   Operation 116 'br' 'br_ln25' <Predicate = (!icmp_ln23 & icmp_ln24 & trunc_ln23 == 11)> <Delay = 0.00>
ST_2 : Operation 117 [1/1] (0.00ns)   --->   "%br_ln25 = br void %arrayidx23.exit111" [sha224Accel.cpp:25]   --->   Operation 117 'br' 'br_ln25' <Predicate = (!icmp_ln23 & icmp_ln24 & trunc_ln23 == 10)> <Delay = 0.00>
ST_2 : Operation 118 [1/1] (0.00ns)   --->   "%br_ln25 = br void %arrayidx23.exit111" [sha224Accel.cpp:25]   --->   Operation 118 'br' 'br_ln25' <Predicate = (!icmp_ln23 & icmp_ln24 & trunc_ln23 == 9)> <Delay = 0.00>
ST_2 : Operation 119 [1/1] (0.00ns)   --->   "%br_ln25 = br void %arrayidx23.exit111" [sha224Accel.cpp:25]   --->   Operation 119 'br' 'br_ln25' <Predicate = (!icmp_ln23 & icmp_ln24 & trunc_ln23 == 8)> <Delay = 0.00>
ST_2 : Operation 120 [1/1] (0.00ns)   --->   "%br_ln25 = br void %arrayidx23.exit111" [sha224Accel.cpp:25]   --->   Operation 120 'br' 'br_ln25' <Predicate = (!icmp_ln23 & icmp_ln24 & trunc_ln23 == 7)> <Delay = 0.00>
ST_2 : Operation 121 [1/1] (0.00ns)   --->   "%br_ln25 = br void %arrayidx23.exit111" [sha224Accel.cpp:25]   --->   Operation 121 'br' 'br_ln25' <Predicate = (!icmp_ln23 & icmp_ln24 & trunc_ln23 == 6)> <Delay = 0.00>
ST_2 : Operation 122 [1/1] (0.00ns)   --->   "%br_ln25 = br void %arrayidx23.exit111" [sha224Accel.cpp:25]   --->   Operation 122 'br' 'br_ln25' <Predicate = (!icmp_ln23 & icmp_ln24 & trunc_ln23 == 5)> <Delay = 0.00>
ST_2 : Operation 123 [1/1] (0.00ns)   --->   "%br_ln25 = br void %arrayidx23.exit111" [sha224Accel.cpp:25]   --->   Operation 123 'br' 'br_ln25' <Predicate = (!icmp_ln23 & icmp_ln24 & trunc_ln23 == 4)> <Delay = 0.00>
ST_2 : Operation 124 [1/1] (0.00ns)   --->   "%br_ln25 = br void %arrayidx23.exit111" [sha224Accel.cpp:25]   --->   Operation 124 'br' 'br_ln25' <Predicate = (!icmp_ln23 & icmp_ln24 & trunc_ln23 == 3)> <Delay = 0.00>
ST_2 : Operation 125 [1/1] (0.00ns)   --->   "%br_ln25 = br void %arrayidx23.exit111" [sha224Accel.cpp:25]   --->   Operation 125 'br' 'br_ln25' <Predicate = (!icmp_ln23 & icmp_ln24 & trunc_ln23 == 2)> <Delay = 0.00>
ST_2 : Operation 126 [1/1] (0.00ns)   --->   "%br_ln25 = br void %arrayidx23.exit111" [sha224Accel.cpp:25]   --->   Operation 126 'br' 'br_ln25' <Predicate = (!icmp_ln23 & icmp_ln24 & trunc_ln23 == 1)> <Delay = 0.00>
ST_2 : Operation 127 [1/1] (0.00ns)   --->   "%br_ln25 = br void %arrayidx23.exit111" [sha224Accel.cpp:25]   --->   Operation 127 'br' 'br_ln25' <Predicate = (!icmp_ln23 & icmp_ln24 & trunc_ln23 == 0)> <Delay = 0.00>
ST_2 : Operation 128 [1/1] (0.00ns)   --->   "%br_ln25 = br void %arrayidx23.exit111" [sha224Accel.cpp:25]   --->   Operation 128 'br' 'br_ln25' <Predicate = (!icmp_ln23 & icmp_ln24 & trunc_ln23 == 15)> <Delay = 0.00>
ST_2 : Operation 129 [1/1] (1.66ns)   --->   "%add_ln23 = add i10 %j, i10 1" [sha224Accel.cpp:23]   --->   Operation 129 'add' 'add_ln23' <Predicate = (!icmp_ln23)> <Delay = 1.66> <CoreInst = "Adder">   --->   Core 1 'Adder' <Latency = 0> <II = 1> <Delay = 1.66> <FuncUnit> <Opcode : 'add' 'sub'> <InPorts = 2> <OutPorts = 1>
ST_2 : Operation 130 [1/1] (2.92ns)   --->   "%counter_2 = add i64 %counter_1, i64 1" [sha224Accel.cpp:23]   --->   Operation 130 'add' 'counter_2' <Predicate = (!icmp_ln23)> <Delay = 2.92> <CoreInst = "Adder">   --->   Core 1 'Adder' <Latency = 0> <II = 1> <Delay = 2.92> <FuncUnit> <Opcode : 'add' 'sub'> <InPorts = 2> <OutPorts = 1>
ST_2 : Operation 131 [1/1] (1.29ns)   --->   "%store_ln11 = store i10 %add_ln23, i10 %j_2" [sha224Accel.cpp:11]   --->   Operation 131 'store' 'store_ln11' <Predicate = (!icmp_ln23)> <Delay = 1.29>
ST_2 : Operation 132 [1/1] (1.29ns)   --->   "%store_ln4 = store i64 %counter_2, i64 %counter" [sha224Accel.cpp:4]   --->   Operation 132 'store' 'store_ln4' <Predicate = (!icmp_ln23)> <Delay = 1.29>
ST_2 : Operation 133 [1/1] (0.00ns)   --->   "%br_ln23 = br void %for.body19" [sha224Accel.cpp:23]   --->   Operation 133 'br' 'br_ln23' <Predicate = (!icmp_ln23)> <Delay = 0.00>
ST_2 : Operation 155 [1/1] (0.00ns)   --->   "%addSize_load = load i1 %addSize"   --->   Operation 155 'load' 'addSize_load' <Predicate = (icmp_ln23)> <Delay = 0.00>
ST_2 : Operation 156 [1/1] (0.00ns)   --->   "%write_ln0 = write void @_ssdm_op_Write.ap_auto.i1P0A, i1 %addSize_2_out, i1 %addSize_load"   --->   Operation 156 'write' 'write_ln0' <Predicate = (icmp_ln23)> <Delay = 0.00>
ST_2 : Operation 157 [1/1] (1.29ns)   --->   "%ret_ln0 = ret"   --->   Operation 157 'ret' 'ret_ln0' <Predicate = (icmp_ln23)> <Delay = 1.29>

State 3 <SV = 2> <Delay = 5.01>
ST_3 : Operation 134 [1/1] (1.29ns)   --->   "%store_ln8 = store i1 1, i1 %addSize" [sha224Accel.cpp:8]   --->   Operation 134 'store' 'store_ln8' <Predicate = (!icmp_ln24 & !icmp_ln26)> <Delay = 1.29>
ST_3 : Operation 135 [1/1] (0.00ns)   --->   "%br_ln0 = br void %for.inc34"   --->   Operation 135 'br' 'br_ln0' <Predicate = (!icmp_ln24 & !icmp_ln26)> <Delay = 0.00>
ST_3 : Operation 136 [1/1] (0.00ns)   --->   "%br_ln28 = br void %for.inc34" [sha224Accel.cpp:28]   --->   Operation 136 'br' 'br_ln28' <Predicate = (!icmp_ln24 & icmp_ln26)> <Delay = 0.00>
ST_3 : Operation 137 [1/1] ( I:3.24ns O:3.24ns )   --->   "%bitstream_read = read i1 @_ssdm_op_Read.ap_fifo.volatile.i1P0A, i1 %bitstream" [sha224Accel.cpp:25]   --->   Operation 137 'read' 'bitstream_read' <Predicate = (icmp_ln24)> <Delay = 3.24> <CoreInst = "FIFO">   --->   Core 77 'FIFO' <Latency = 0> <II = 1> <Delay = 3.24> <Storage> <Opcode : 'read' 'write' 'nbread' 'nbwrite'> <Ports = 0> <Width = -1> <Depth = -1> <FIFO>
ST_3 : Operation 138 [1/1] ( I:1.76ns O:1.76ns )   --->   "%store_ln25 = store i1 %bitstream_read, i5 %buffer_14_addr" [sha224Accel.cpp:25]   --->   Operation 138 'store' 'store_ln25' <Predicate = (icmp_ln24 & trunc_ln23 == 14)> <Delay = 1.76> <CoreInst = "RAM">   --->   Core 81 'RAM' <Latency = 1> <II = 1> <Delay = 1.76> <Storage> <Opcode : 'load' 'store'> <Ports = 2> <Width = 1> <Depth = 32> <RAM>
ST_3 : Operation 139 [1/1] ( I:1.76ns O:1.76ns )   --->   "%store_ln25 = store i1 %bitstream_read, i5 %buffer_13_addr" [sha224Accel.cpp:25]   --->   Operation 139 'store' 'store_ln25' <Predicate = (icmp_ln24 & trunc_ln23 == 13)> <Delay = 1.76> <CoreInst = "RAM">   --->   Core 81 'RAM' <Latency = 1> <II = 1> <Delay = 1.76> <Storage> <Opcode : 'load' 'store'> <Ports = 2> <Width = 1> <Depth = 32> <RAM>
ST_3 : Operation 140 [1/1] ( I:1.76ns O:1.76ns )   --->   "%store_ln25 = store i1 %bitstream_read, i5 %buffer_12_addr" [sha224Accel.cpp:25]   --->   Operation 140 'store' 'store_ln25' <Predicate = (icmp_ln24 & trunc_ln23 == 12)> <Delay = 1.76> <CoreInst = "RAM">   --->   Core 81 'RAM' <Latency = 1> <II = 1> <Delay = 1.76> <Storage> <Opcode : 'load' 'store'> <Ports = 2> <Width = 1> <Depth = 32> <RAM>
ST_3 : Operation 141 [1/1] ( I:1.76ns O:1.76ns )   --->   "%store_ln25 = store i1 %bitstream_read, i5 %buffer_11_addr" [sha224Accel.cpp:25]   --->   Operation 141 'store' 'store_ln25' <Predicate = (icmp_ln24 & trunc_ln23 == 11)> <Delay = 1.76> <CoreInst = "RAM">   --->   Core 81 'RAM' <Latency = 1> <II = 1> <Delay = 1.76> <Storage> <Opcode : 'load' 'store'> <Ports = 2> <Width = 1> <Depth = 32> <RAM>
ST_3 : Operation 142 [1/1] ( I:1.76ns O:1.76ns )   --->   "%store_ln25 = store i1 %bitstream_read, i5 %buffer_10_addr" [sha224Accel.cpp:25]   --->   Operation 142 'store' 'store_ln25' <Predicate = (icmp_ln24 & trunc_ln23 == 10)> <Delay = 1.76> <CoreInst = "RAM">   --->   Core 81 'RAM' <Latency = 1> <II = 1> <Delay = 1.76> <Storage> <Opcode : 'load' 'store'> <Ports = 2> <Width = 1> <Depth = 32> <RAM>
ST_3 : Operation 143 [1/1] ( I:1.76ns O:1.76ns )   --->   "%store_ln25 = store i1 %bitstream_read, i5 %buffer_9_addr" [sha224Accel.cpp:25]   --->   Operation 143 'store' 'store_ln25' <Predicate = (icmp_ln24 & trunc_ln23 == 9)> <Delay = 1.76> <CoreInst = "RAM">   --->   Core 81 'RAM' <Latency = 1> <II = 1> <Delay = 1.76> <Storage> <Opcode : 'load' 'store'> <Ports = 2> <Width = 1> <Depth = 32> <RAM>
ST_3 : Operation 144 [1/1] ( I:1.76ns O:1.76ns )   --->   "%store_ln25 = store i1 %bitstream_read, i5 %buffer_8_addr" [sha224Accel.cpp:25]   --->   Operation 144 'store' 'store_ln25' <Predicate = (icmp_ln24 & trunc_ln23 == 8)> <Delay = 1.76> <CoreInst = "RAM">   --->   Core 81 'RAM' <Latency = 1> <II = 1> <Delay = 1.76> <Storage> <Opcode : 'load' 'store'> <Ports = 2> <Width = 1> <Depth = 32> <RAM>
ST_3 : Operation 145 [1/1] ( I:1.76ns O:1.76ns )   --->   "%store_ln25 = store i1 %bitstream_read, i5 %buffer_7_addr" [sha224Accel.cpp:25]   --->   Operation 145 'store' 'store_ln25' <Predicate = (icmp_ln24 & trunc_ln23 == 7)> <Delay = 1.76> <CoreInst = "RAM">   --->   Core 81 'RAM' <Latency = 1> <II = 1> <Delay = 1.76> <Storage> <Opcode : 'load' 'store'> <Ports = 2> <Width = 1> <Depth = 32> <RAM>
ST_3 : Operation 146 [1/1] ( I:1.76ns O:1.76ns )   --->   "%store_ln25 = store i1 %bitstream_read, i5 %buffer_6_addr" [sha224Accel.cpp:25]   --->   Operation 146 'store' 'store_ln25' <Predicate = (icmp_ln24 & trunc_ln23 == 6)> <Delay = 1.76> <CoreInst = "RAM">   --->   Core 81 'RAM' <Latency = 1> <II = 1> <Delay = 1.76> <Storage> <Opcode : 'load' 'store'> <Ports = 2> <Width = 1> <Depth = 32> <RAM>
ST_3 : Operation 147 [1/1] ( I:1.76ns O:1.76ns )   --->   "%store_ln25 = store i1 %bitstream_read, i5 %buffer_5_addr" [sha224Accel.cpp:25]   --->   Operation 147 'store' 'store_ln25' <Predicate = (icmp_ln24 & trunc_ln23 == 5)> <Delay = 1.76> <CoreInst = "RAM">   --->   Core 81 'RAM' <Latency = 1> <II = 1> <Delay = 1.76> <Storage> <Opcode : 'load' 'store'> <Ports = 2> <Width = 1> <Depth = 32> <RAM>
ST_3 : Operation 148 [1/1] ( I:1.76ns O:1.76ns )   --->   "%store_ln25 = store i1 %bitstream_read, i5 %buffer_4_addr" [sha224Accel.cpp:25]   --->   Operation 148 'store' 'store_ln25' <Predicate = (icmp_ln24 & trunc_ln23 == 4)> <Delay = 1.76> <CoreInst = "RAM">   --->   Core 81 'RAM' <Latency = 1> <II = 1> <Delay = 1.76> <Storage> <Opcode : 'load' 'store'> <Ports = 2> <Width = 1> <Depth = 32> <RAM>
ST_3 : Operation 149 [1/1] ( I:1.76ns O:1.76ns )   --->   "%store_ln25 = store i1 %bitstream_read, i5 %buffer_3_addr" [sha224Accel.cpp:25]   --->   Operation 149 'store' 'store_ln25' <Predicate = (icmp_ln24 & trunc_ln23 == 3)> <Delay = 1.76> <CoreInst = "RAM">   --->   Core 81 'RAM' <Latency = 1> <II = 1> <Delay = 1.76> <Storage> <Opcode : 'load' 'store'> <Ports = 2> <Width = 1> <Depth = 32> <RAM>
ST_3 : Operation 150 [1/1] ( I:1.76ns O:1.76ns )   --->   "%store_ln25 = store i1 %bitstream_read, i5 %buffer_2_addr" [sha224Accel.cpp:25]   --->   Operation 150 'store' 'store_ln25' <Predicate = (icmp_ln24 & trunc_ln23 == 2)> <Delay = 1.76> <CoreInst = "RAM">   --->   Core 81 'RAM' <Latency = 1> <II = 1> <Delay = 1.76> <Storage> <Opcode : 'load' 'store'> <Ports = 2> <Width = 1> <Depth = 32> <RAM>
ST_3 : Operation 151 [1/1] ( I:1.76ns O:1.76ns )   --->   "%store_ln25 = store i1 %bitstream_read, i5 %buffer_1_addr" [sha224Accel.cpp:25]   --->   Operation 151 'store' 'store_ln25' <Predicate = (icmp_ln24 & trunc_ln23 == 1)> <Delay = 1.76> <CoreInst = "RAM">   --->   Core 81 'RAM' <Latency = 1> <II = 1> <Delay = 1.76> <Storage> <Opcode : 'load' 'store'> <Ports = 2> <Width = 1> <Depth = 32> <RAM>
ST_3 : Operation 152 [1/1] ( I:1.76ns O:1.76ns )   --->   "%store_ln25 = store i1 %bitstream_read, i5 %buffer_addr" [sha224Accel.cpp:25]   --->   Operation 152 'store' 'store_ln25' <Predicate = (icmp_ln24 & trunc_ln23 == 0)> <Delay = 1.76> <CoreInst = "RAM">   --->   Core 81 'RAM' <Latency = 1> <II = 1> <Delay = 1.76> <Storage> <Opcode : 'load' 'store'> <Ports = 2> <Width = 1> <Depth = 32> <RAM>
ST_3 : Operation 153 [1/1] ( I:1.76ns O:1.76ns )   --->   "%store_ln25 = store i1 %bitstream_read, i5 %buffer_15_addr" [sha224Accel.cpp:25]   --->   Operation 153 'store' 'store_ln25' <Predicate = (icmp_ln24 & trunc_ln23 == 15)> <Delay = 1.76> <CoreInst = "RAM">   --->   Core 81 'RAM' <Latency = 1> <II = 1> <Delay = 1.76> <Storage> <Opcode : 'load' 'store'> <Ports = 2> <Width = 1> <Depth = 32> <RAM>
ST_3 : Operation 154 [1/1] (0.00ns)   --->   "%br_ln26 = br void %for.inc34" [sha224Accel.cpp:26]   --->   Operation 154 'br' 'br_ln26' <Predicate = (icmp_ln24)> <Delay = 0.00>


============================================================
+ Verbose Summary: Timing violations
============================================================
Target clock period: 10.000ns, clock uncertainty: 2.700ns.

 <State 1>: 1.294ns
The critical path consists of the following:
	'alloca' operation 1 bit ('addSize', sha224Accel.cpp:8) [23]  (0.000 ns)
	'store' operation 0 bit ('store_ln8', sha224Accel.cpp:8) of constant 0 on local variable 'addSize', sha224Accel.cpp:8 [27]  (1.294 ns)

 <State 2>: 4.689ns
The critical path consists of the following:
	'load' operation 64 bit ('counter', sha224Accel.cpp:23) on local variable 'counter', sha224Accel.cpp:4 [32]  (0.000 ns)
	'icmp' operation 1 bit ('icmp_ln26', sha224Accel.cpp:26) [63]  (2.920 ns)
	'store' operation 0 bit ('store_ln27', sha224Accel.cpp:27) of constant 1 on array 'buffer_4' [151]  (1.769 ns)

 <State 3>: 5.015ns
The critical path consists of the following:
	fifo read operation ('bitstream_read', sha224Accel.cpp:25) on port 'bitstream' (sha224Accel.cpp:25) [171]  (3.246 ns)
	'store' operation 0 bit ('store_ln25', sha224Accel.cpp:25) of variable 'bitstream_read', sha224Accel.cpp:25 on array 'buffer_14' [174]  (1.769 ns)


============================================================
+ Verbose Summary: Binding
============================================================
N/A
* FSMD analyzer results:
  - Output states:
 - Input state : 
  - Chain level:
	State 1
	State 2
	State 3


============================================================
+ Verbose Summary: Datapath Resource usage 
============================================================
N/A
