

================================================================
== Vitis HLS Report for 'sha224Accel_Pipeline_VITIS_LOOP_12_2'
================================================================
* Date:           Tue Jul 22 20:45:28 2025

* Version:        2025.1 (Build 6135595 on May 21 2025)
* Project:        sha224Accel
* Solution:       hls (Vivado IP Flow Target)
* Product family: aspartan7
* Target device:  xa7s6-cpga196-2I


================================================================
== Performance Estimates
================================================================
+ Timing: 
    * Summary: 
    +--------+----------+----------+------------+
    |  Clock |  Target  | Estimated| Uncertainty|
    +--------+----------+----------+------------+
    |ap_clk  |  10.00 ns|  5.015 ns|     2.70 ns|
    +--------+----------+----------+------------+

+ Latency: 
    * Summary: 
    +---------+---------+----------+----------+-----+-----+------------------------------------------------+
    |  Latency (cycles) |  Latency (absolute) |  Interval |                    Pipeline                    |
    |   min   |   max   |    min   |    max   | min | max |                      Type                      |
    +---------+---------+----------+----------+-----+-----+------------------------------------------------+
    |      450|      450|  4.500 us|  4.500 us|  449|  449|  loop auto-rewind stp (delay=0 clock cycles(s))|
    +---------+---------+----------+----------+-----+-----+------------------------------------------------+

    + Detail: 
        * Instance: 
        N/A

        * Loop: 
        +-------------------+---------+---------+----------+-----------+-----------+------+----------+
        |                   |  Latency (cycles) | Iteration|  Initiation Interval  | Trip |          |
        |     Loop Name     |   min   |   max   |  Latency |  achieved |   target  | Count| Pipelined|
        +-------------------+---------+---------+----------+-----------+-----------+------+----------+
        |- VITIS_LOOP_12_2  |      448|      448|         2|          1|          1|   448|       yes|
        +-------------------+---------+---------+----------+-----------+-----------+------+----------+



================================================================
== Utilization Estimates
================================================================
* Summary: 
+-----------------+---------+----+------+------+-----+
|       Name      | BRAM_18K| DSP|  FF  |  LUT | URAM|
+-----------------+---------+----+------+------+-----+
|DSP              |        -|   -|     -|     -|    -|
|Expression       |        -|   -|     0|   285|    -|
|FIFO             |        -|   -|     -|     -|    -|
|Instance         |        -|   -|     -|     -|    -|
|Memory           |        -|   -|     -|     -|    -|
|Multiplexer      |        -|   -|     0|   303|    -|
|Register         |        -|   -|   165|     -|    -|
+-----------------+---------+----+------+------+-----+
|Total            |        0|   0|   165|   588|    0|
+-----------------+---------+----+------+------+-----+
|Available        |       10|  10|  7500|  3750|    0|
+-----------------+---------+----+------+------+-----+
|Utilization (%)  |        0|   0|     2|    15|    0|
+-----------------+---------+----+------+------+-----+

+ Detail: 
    * Instance: 
    N/A

    * DSP: 
    N/A

    * Memory: 
    N/A

    * FIFO: 
    N/A

    * Expression: 
    +---------------------------------------+----------+----+---+----+------------+------------+
    |             Variable Name             | Operation| DSP| FF| LUT| Bitwidth P0| Bitwidth P1|
    +---------------------------------------+----------+----+---+----+------------+------------+
    |add_ln12_fu_545_p2                     |         +|   0|  0|  16|           9|           1|
    |counter_4_fu_596_p2                    |         +|   0|  0|  71|          64|           1|
    |ap_block_pp0_stage0_11001              |       and|   0|  0|   2|           1|           1|
    |ap_block_state3_pp0_stage0_iter2_grp1  |       and|   0|  0|   2|           1|           1|
    |ap_condition_906                       |       and|   0|  0|   2|           1|           1|
    |ap_condition_910                       |       and|   0|  0|   2|           1|           1|
    |ap_condition_913                       |       and|   0|  0|   2|           1|           1|
    |ap_condition_916                       |       and|   0|  0|   2|           1|           1|
    |ap_condition_919                       |       and|   0|  0|   2|           1|           1|
    |ap_condition_922                       |       and|   0|  0|   2|           1|           1|
    |ap_condition_925                       |       and|   0|  0|   2|           1|           1|
    |ap_condition_928                       |       and|   0|  0|   2|           1|           1|
    |ap_condition_931                       |       and|   0|  0|   2|           1|           1|
    |ap_condition_934                       |       and|   0|  0|   2|           1|           1|
    |ap_condition_937                       |       and|   0|  0|   2|           1|           1|
    |ap_condition_940                       |       and|   0|  0|   2|           1|           1|
    |ap_condition_943                       |       and|   0|  0|   2|           1|           1|
    |ap_condition_946                       |       and|   0|  0|   2|           1|           1|
    |ap_condition_949                       |       and|   0|  0|   2|           1|           1|
    |ap_condition_952                       |       and|   0|  0|   2|           1|           1|
    |ap_condition_955                       |       and|   0|  0|   2|           1|           1|
    |icmp_ln12_fu_539_p2                    |      icmp|   0|  0|  16|           9|           8|
    |icmp_ln13_fu_586_p2                    |      icmp|   0|  0|  71|          64|          64|
    |icmp_ln15_fu_591_p2                    |      icmp|   0|  0|  71|          64|          64|
    |ap_enable_pp0                          |       xor|   0|  0|   2|           1|           2|
    +---------------------------------------+----------+----+---+----+------------+------------+
    |Total                                  |          |   0|  0| 285|         230|         159|
    +---------------------------------------+----------+----+---+----+------------+------------+

    * Multiplexer: 
    +-------------------------+----+-----------+-----+-----------+
    |           Name          | LUT| Input Size| Bits| Total Bits|
    +-------------------------+----+-----------+-----+-----------+
    |addSize_1_fu_130         |   9|          2|    1|          2|
    |ap_done_int              |   9|          2|    1|          2|
    |ap_enable_reg_pp0_iter1  |   9|          2|    1|          2|
    |ap_enable_reg_pp0_iter2  |   9|          2|    1|          2|
    |bitstream_blk_n          |   9|          2|    1|          2|
    |buffer_10_d1_local       |  15|          3|    1|          3|
    |buffer_11_d1_local       |  15|          3|    1|          3|
    |buffer_12_d1_local       |  15|          3|    1|          3|
    |buffer_13_d1_local       |  15|          3|    1|          3|
    |buffer_14_d1_local       |  15|          3|    1|          3|
    |buffer_15_d1_local       |  15|          3|    1|          3|
    |buffer_1_d1_local        |  15|          3|    1|          3|
    |buffer_2_d1_local        |  15|          3|    1|          3|
    |buffer_3_d1_local        |  15|          3|    1|          3|
    |buffer_4_d1_local        |  15|          3|    1|          3|
    |buffer_5_d1_local        |  15|          3|    1|          3|
    |buffer_6_d1_local        |  15|          3|    1|          3|
    |buffer_7_d1_local        |  15|          3|    1|          3|
    |buffer_8_d1_local        |  15|          3|    1|          3|
    |buffer_9_d1_local        |  15|          3|    1|          3|
    |buffer_r_d1_local        |  15|          3|    1|          3|
    |counter_1_fu_122         |   9|          2|   64|        128|
    |j_fu_126                 |   9|          2|    9|         18|
    +-------------------------+----+-----------+-----+-----------+
    |Total                    | 303|         62|   94|        204|
    +-------------------------+----+-----------+-----+-----------+

    * Register: 
    +-------------------------------------------+----+----+-----+-----------+
    |                    Name                   | FF | LUT| Bits| Const Bits|
    +-------------------------------------------+----+----+-----+-----------+
    |addSize_1_fu_130                           |   1|   0|    1|          0|
    |ap_CS_fsm                                  |   1|   0|    1|          0|
    |ap_block_pp0_stage0_subdone_grp0_done_reg  |   1|   0|    1|          0|
    |ap_done_reg                                |   1|   0|    1|          0|
    |ap_enable_reg_pp0_iter1                    |   1|   0|    1|          0|
    |ap_enable_reg_pp0_iter2                    |   1|   0|    1|          0|
    |buffer_10_addr_reg_709                     |   5|   0|    5|          0|
    |buffer_11_addr_reg_714                     |   5|   0|    5|          0|
    |buffer_12_addr_reg_719                     |   5|   0|    5|          0|
    |buffer_13_addr_reg_724                     |   5|   0|    5|          0|
    |buffer_14_addr_reg_729                     |   5|   0|    5|          0|
    |buffer_15_addr_reg_734                     |   5|   0|    5|          0|
    |buffer_1_addr_reg_664                      |   5|   0|    5|          0|
    |buffer_2_addr_reg_669                      |   5|   0|    5|          0|
    |buffer_3_addr_reg_674                      |   5|   0|    5|          0|
    |buffer_4_addr_reg_679                      |   5|   0|    5|          0|
    |buffer_5_addr_reg_684                      |   5|   0|    5|          0|
    |buffer_6_addr_reg_689                      |   5|   0|    5|          0|
    |buffer_7_addr_reg_694                      |   5|   0|    5|          0|
    |buffer_8_addr_reg_699                      |   5|   0|    5|          0|
    |buffer_9_addr_reg_704                      |   5|   0|    5|          0|
    |buffer_addr_reg_659                        |   5|   0|    5|          0|
    |counter_1_fu_122                           |  64|   0|   64|          0|
    |icmp_ln13_reg_655                          |   1|   0|    1|          0|
    |icmp_ln15_reg_739                          |   1|   0|    1|          0|
    |j_fu_126                                   |   9|   0|    9|          0|
    |trunc_ln12_reg_651                         |   4|   0|    4|          0|
    +-------------------------------------------+----+----+-----+-----------+
    |Total                                      | 165|   0|  165|          0|
    +-------------------------------------------+----+----+-----+-----------+



================================================================
== Interface
================================================================
* Summary: 
+----------------------+-----+-----+------------+--------------------------------------+--------------+
|       RTL Ports      | Dir | Bits|  Protocol  |             Source Object            |    C Type    |
+----------------------+-----+-----+------------+--------------------------------------+--------------+
|ap_clk                |   in|    1|  ap_ctrl_hs|  sha224Accel_Pipeline_VITIS_LOOP_12_2|  return value|
|ap_rst                |   in|    1|  ap_ctrl_hs|  sha224Accel_Pipeline_VITIS_LOOP_12_2|  return value|
|ap_start              |   in|    1|  ap_ctrl_hs|  sha224Accel_Pipeline_VITIS_LOOP_12_2|  return value|
|ap_done               |  out|    1|  ap_ctrl_hs|  sha224Accel_Pipeline_VITIS_LOOP_12_2|  return value|
|ap_idle               |  out|    1|  ap_ctrl_hs|  sha224Accel_Pipeline_VITIS_LOOP_12_2|  return value|
|ap_ready              |  out|    1|  ap_ctrl_hs|  sha224Accel_Pipeline_VITIS_LOOP_12_2|  return value|
|bitstream_dout        |   in|    1|     ap_fifo|                             bitstream|       pointer|
|bitstream_empty_n     |   in|    1|     ap_fifo|                             bitstream|       pointer|
|bitstream_read        |  out|    1|     ap_fifo|                             bitstream|       pointer|
|addSize               |   in|    1|     ap_none|                               addSize|        scalar|
|counter               |   in|   64|     ap_none|                               counter|        scalar|
|buffer_15_address0    |  out|    5|   ap_memory|                             buffer_15|         array|
|buffer_15_ce0         |  out|    1|   ap_memory|                             buffer_15|         array|
|buffer_15_we0         |  out|    1|   ap_memory|                             buffer_15|         array|
|buffer_15_d0          |  out|    1|   ap_memory|                             buffer_15|         array|
|buffer_15_address1    |  out|    5|   ap_memory|                             buffer_15|         array|
|buffer_15_ce1         |  out|    1|   ap_memory|                             buffer_15|         array|
|buffer_15_we1         |  out|    1|   ap_memory|                             buffer_15|         array|
|buffer_15_d1          |  out|    1|   ap_memory|                             buffer_15|         array|
|buffer_14_address0    |  out|    5|   ap_memory|                             buffer_14|         array|
|buffer_14_ce0         |  out|    1|   ap_memory|                             buffer_14|         array|
|buffer_14_we0         |  out|    1|   ap_memory|                             buffer_14|         array|
|buffer_14_d0          |  out|    1|   ap_memory|                             buffer_14|         array|
|buffer_14_address1    |  out|    5|   ap_memory|                             buffer_14|         array|
|buffer_14_ce1         |  out|    1|   ap_memory|                             buffer_14|         array|
|buffer_14_we1         |  out|    1|   ap_memory|                             buffer_14|         array|
|buffer_14_d1          |  out|    1|   ap_memory|                             buffer_14|         array|
|buffer_13_address0    |  out|    5|   ap_memory|                             buffer_13|         array|
|buffer_13_ce0         |  out|    1|   ap_memory|                             buffer_13|         array|
|buffer_13_we0         |  out|    1|   ap_memory|                             buffer_13|         array|
|buffer_13_d0          |  out|    1|   ap_memory|                             buffer_13|         array|
|buffer_13_address1    |  out|    5|   ap_memory|                             buffer_13|         array|
|buffer_13_ce1         |  out|    1|   ap_memory|                             buffer_13|         array|
|buffer_13_we1         |  out|    1|   ap_memory|                             buffer_13|         array|
|buffer_13_d1          |  out|    1|   ap_memory|                             buffer_13|         array|
|buffer_12_address0    |  out|    5|   ap_memory|                             buffer_12|         array|
|buffer_12_ce0         |  out|    1|   ap_memory|                             buffer_12|         array|
|buffer_12_we0         |  out|    1|   ap_memory|                             buffer_12|         array|
|buffer_12_d0          |  out|    1|   ap_memory|                             buffer_12|         array|
|buffer_12_address1    |  out|    5|   ap_memory|                             buffer_12|         array|
|buffer_12_ce1         |  out|    1|   ap_memory|                             buffer_12|         array|
|buffer_12_we1         |  out|    1|   ap_memory|                             buffer_12|         array|
|buffer_12_d1          |  out|    1|   ap_memory|                             buffer_12|         array|
|buffer_11_address0    |  out|    5|   ap_memory|                             buffer_11|         array|
|buffer_11_ce0         |  out|    1|   ap_memory|                             buffer_11|         array|
|buffer_11_we0         |  out|    1|   ap_memory|                             buffer_11|         array|
|buffer_11_d0          |  out|    1|   ap_memory|                             buffer_11|         array|
|buffer_11_address1    |  out|    5|   ap_memory|                             buffer_11|         array|
|buffer_11_ce1         |  out|    1|   ap_memory|                             buffer_11|         array|
|buffer_11_we1         |  out|    1|   ap_memory|                             buffer_11|         array|
|buffer_11_d1          |  out|    1|   ap_memory|                             buffer_11|         array|
|buffer_10_address0    |  out|    5|   ap_memory|                             buffer_10|         array|
|buffer_10_ce0         |  out|    1|   ap_memory|                             buffer_10|         array|
|buffer_10_we0         |  out|    1|   ap_memory|                             buffer_10|         array|
|buffer_10_d0          |  out|    1|   ap_memory|                             buffer_10|         array|
|buffer_10_address1    |  out|    5|   ap_memory|                             buffer_10|         array|
|buffer_10_ce1         |  out|    1|   ap_memory|                             buffer_10|         array|
|buffer_10_we1         |  out|    1|   ap_memory|                             buffer_10|         array|
|buffer_10_d1          |  out|    1|   ap_memory|                             buffer_10|         array|
|buffer_9_address0     |  out|    5|   ap_memory|                              buffer_9|         array|
|buffer_9_ce0          |  out|    1|   ap_memory|                              buffer_9|         array|
|buffer_9_we0          |  out|    1|   ap_memory|                              buffer_9|         array|
|buffer_9_d0           |  out|    1|   ap_memory|                              buffer_9|         array|
|buffer_9_address1     |  out|    5|   ap_memory|                              buffer_9|         array|
|buffer_9_ce1          |  out|    1|   ap_memory|                              buffer_9|         array|
|buffer_9_we1          |  out|    1|   ap_memory|                              buffer_9|         array|
|buffer_9_d1           |  out|    1|   ap_memory|                              buffer_9|         array|
|buffer_8_address0     |  out|    5|   ap_memory|                              buffer_8|         array|
|buffer_8_ce0          |  out|    1|   ap_memory|                              buffer_8|         array|
|buffer_8_we0          |  out|    1|   ap_memory|                              buffer_8|         array|
|buffer_8_d0           |  out|    1|   ap_memory|                              buffer_8|         array|
|buffer_8_address1     |  out|    5|   ap_memory|                              buffer_8|         array|
|buffer_8_ce1          |  out|    1|   ap_memory|                              buffer_8|         array|
|buffer_8_we1          |  out|    1|   ap_memory|                              buffer_8|         array|
|buffer_8_d1           |  out|    1|   ap_memory|                              buffer_8|         array|
|buffer_7_address0     |  out|    5|   ap_memory|                              buffer_7|         array|
|buffer_7_ce0          |  out|    1|   ap_memory|                              buffer_7|         array|
|buffer_7_we0          |  out|    1|   ap_memory|                              buffer_7|         array|
|buffer_7_d0           |  out|    1|   ap_memory|                              buffer_7|         array|
|buffer_7_address1     |  out|    5|   ap_memory|                              buffer_7|         array|
|buffer_7_ce1          |  out|    1|   ap_memory|                              buffer_7|         array|
|buffer_7_we1          |  out|    1|   ap_memory|                              buffer_7|         array|
|buffer_7_d1           |  out|    1|   ap_memory|                              buffer_7|         array|
|buffer_6_address0     |  out|    5|   ap_memory|                              buffer_6|         array|
|buffer_6_ce0          |  out|    1|   ap_memory|                              buffer_6|         array|
|buffer_6_we0          |  out|    1|   ap_memory|                              buffer_6|         array|
|buffer_6_d0           |  out|    1|   ap_memory|                              buffer_6|         array|
|buffer_6_address1     |  out|    5|   ap_memory|                              buffer_6|         array|
|buffer_6_ce1          |  out|    1|   ap_memory|                              buffer_6|         array|
|buffer_6_we1          |  out|    1|   ap_memory|                              buffer_6|         array|
|buffer_6_d1           |  out|    1|   ap_memory|                              buffer_6|         array|
|buffer_5_address0     |  out|    5|   ap_memory|                              buffer_5|         array|
|buffer_5_ce0          |  out|    1|   ap_memory|                              buffer_5|         array|
|buffer_5_we0          |  out|    1|   ap_memory|                              buffer_5|         array|
|buffer_5_d0           |  out|    1|   ap_memory|                              buffer_5|         array|
|buffer_5_address1     |  out|    5|   ap_memory|                              buffer_5|         array|
|buffer_5_ce1          |  out|    1|   ap_memory|                              buffer_5|         array|
|buffer_5_we1          |  out|    1|   ap_memory|                              buffer_5|         array|
|buffer_5_d1           |  out|    1|   ap_memory|                              buffer_5|         array|
|buffer_4_address0     |  out|    5|   ap_memory|                              buffer_4|         array|
|buffer_4_ce0          |  out|    1|   ap_memory|                              buffer_4|         array|
|buffer_4_we0          |  out|    1|   ap_memory|                              buffer_4|         array|
|buffer_4_d0           |  out|    1|   ap_memory|                              buffer_4|         array|
|buffer_4_address1     |  out|    5|   ap_memory|                              buffer_4|         array|
|buffer_4_ce1          |  out|    1|   ap_memory|                              buffer_4|         array|
|buffer_4_we1          |  out|    1|   ap_memory|                              buffer_4|         array|
|buffer_4_d1           |  out|    1|   ap_memory|                              buffer_4|         array|
|buffer_3_address0     |  out|    5|   ap_memory|                              buffer_3|         array|
|buffer_3_ce0          |  out|    1|   ap_memory|                              buffer_3|         array|
|buffer_3_we0          |  out|    1|   ap_memory|                              buffer_3|         array|
|buffer_3_d0           |  out|    1|   ap_memory|                              buffer_3|         array|
|buffer_3_address1     |  out|    5|   ap_memory|                              buffer_3|         array|
|buffer_3_ce1          |  out|    1|   ap_memory|                              buffer_3|         array|
|buffer_3_we1          |  out|    1|   ap_memory|                              buffer_3|         array|
|buffer_3_d1           |  out|    1|   ap_memory|                              buffer_3|         array|
|buffer_2_address0     |  out|    5|   ap_memory|                              buffer_2|         array|
|buffer_2_ce0          |  out|    1|   ap_memory|                              buffer_2|         array|
|buffer_2_we0          |  out|    1|   ap_memory|                              buffer_2|         array|
|buffer_2_d0           |  out|    1|   ap_memory|                              buffer_2|         array|
|buffer_2_address1     |  out|    5|   ap_memory|                              buffer_2|         array|
|buffer_2_ce1          |  out|    1|   ap_memory|                              buffer_2|         array|
|buffer_2_we1          |  out|    1|   ap_memory|                              buffer_2|         array|
|buffer_2_d1           |  out|    1|   ap_memory|                              buffer_2|         array|
|buffer_1_address0     |  out|    5|   ap_memory|                              buffer_1|         array|
|buffer_1_ce0          |  out|    1|   ap_memory|                              buffer_1|         array|
|buffer_1_we0          |  out|    1|   ap_memory|                              buffer_1|         array|
|buffer_1_d0           |  out|    1|   ap_memory|                              buffer_1|         array|
|buffer_1_address1     |  out|    5|   ap_memory|                              buffer_1|         array|
|buffer_1_ce1          |  out|    1|   ap_memory|                              buffer_1|         array|
|buffer_1_we1          |  out|    1|   ap_memory|                              buffer_1|         array|
|buffer_1_d1           |  out|    1|   ap_memory|                              buffer_1|         array|
|buffer_r_address0     |  out|    5|   ap_memory|                              buffer_r|         array|
|buffer_r_ce0          |  out|    1|   ap_memory|                              buffer_r|         array|
|buffer_r_we0          |  out|    1|   ap_memory|                              buffer_r|         array|
|buffer_r_d0           |  out|    1|   ap_memory|                              buffer_r|         array|
|buffer_r_address1     |  out|    5|   ap_memory|                              buffer_r|         array|
|buffer_r_ce1          |  out|    1|   ap_memory|                              buffer_r|         array|
|buffer_r_we1          |  out|    1|   ap_memory|                              buffer_r|         array|
|buffer_r_d1           |  out|    1|   ap_memory|                              buffer_r|         array|
|size                  |   in|   64|     ap_none|                                  size|        scalar|
|addSize_1_out         |  out|    1|      ap_vld|                         addSize_1_out|       pointer|
|addSize_1_out_ap_vld  |  out|    1|      ap_vld|                         addSize_1_out|       pointer|
+----------------------+-----+-----+------------+--------------------------------------+--------------+

