# ---------------------------------------------------------------------------------
# Created on Tue Jul 22 20:23:42 -0400 2025 with report_failfast (2023.09.14)
# ---------------------------------------------------------------------------------

#  +------------------------------------------------------------------------------------------+
#  | Design Summary                                                                           |
#  | design_1                                                                                 |
#  | xa7s6cpga196-2I                                                                          |
#  +-----------------------------------------------------------+-----------+---------+--------+
#  | Criteria                                                  | Guideline | Actual  | Status |
#  +-----------------------------------------------------------+-----------+---------+--------+
#  | LUT                                                       | 70%       | 42.91%  | OK     |
#  | FD                                                        | 50%       | 22.61%  | OK     |
#  | LUTRAM+SRL                                                | 25%       | 7.17%   | OK     |
#  | MUXF7                                                     | 15%       | 0.30%   | OK     |
#  | DSP                                                       | 80%       | 0.00%   | OK     |
#  | RAMB/FIFO                                                 | 80%       | 200.00% | REVIEW |
#  | DSP+RAMB+URAM (Avg)                                       | 70%       | 200.00% | REVIEW |
#  | BUFGCE* + BUFGCTRL                                        | 24        | 0       | OK     |
#  | DONT_TOUCH (cells/nets)                                   | 0         | 0       | OK     |
#  | MARK_DEBUG (nets)                                         | 0         | 0       | OK     |
#  | Control Sets                                              | 70        | 44      | OK     |
#  | Average Fanout for modules > 100k cells                   | 4         | 3.03    | OK     |
#  | Max Average Fanout for modules > 100k cells               | 4         | 0       | OK     |
#  | Non-FD high fanout nets > 10k loads                       | 0         | 0       | OK     |
#  +-----------------------------------------------------------+-----------+---------+--------+
#  | TIMING-6 (No common primary clock between related clocks) | 0         | 0       | OK     |
#  | TIMING-7 (No common node between related clocks)          | 0         | 0       | OK     |
#  | TIMING-8 (No common period between related clocks)        | 0         | 0       | OK     |
#  | TIMING-14 (LUT on the clock tree)                         | 0         | 0       | OK     |
#  | TIMING-35 (No common node in paths with the same clock)   | 0         | 0       | OK     |
#  +-----------------------------------------------------------+-----------+---------+--------+
#  | Number of paths above max LUT budgeting (0.500ns)         | 0         | 0       | OK     |
#  | Number of paths above max Net budgeting (0.350ns)         | 0         | 0       | OK     |
#  +-----------------------------------------------------------+-----------+---------+--------+

