*******************************************
PASS: The output matches the ans output!
*******************************************

D:\Vitis\shaAccel\chunkIteration\chunkIteration\hls\sim\verilog>set PATH= 

D:\Vitis\shaAccel\chunkIteration\chunkIteration\hls\sim\verilog>call C:/Xilinx/2025.1/Vivado/bin/xelab xil_defaultlib.apatb_chunkIter_top xil_defaultlib.glbl -Oenable_linking_all_libraries -prj chunkIter.prj -L smartconnect_v1_0 -L axi_protocol_checker_v1_1_12 -L axi_protocol_checker_v1_1_13 -L axis_protocol_checker_v1_1_11 -L axis_protocol_checker_v1_1_12 -L xil_defaultlib -L unisims_ver -L xpm  -L floating_point_v7_1_20 -L floating_point_v7_0_25 --lib "ieee_proposed=./ieee_proposed" -L uvm -relax -i ./svr -i ./axivip -i ./svtb -i ./file_agent -i ./chunkIter_subsystem  -s chunkIter  
Vivado Simulator v2025.1.0
Copyright 1986-2022 Xilinx, Inc. All Rights Reserved.
Copyright 2022-2025 Advanced Micro Devices, Inc. All Rights Reserved.
Running: C:/Xilinx/2025.1/Vivado/bin/unwrapped/win64.o/xelab.exe xil_defaultlib.apatb_chunkIter_top xil_defaultlib.glbl -Oenable_linking_all_libraries -prj chunkIter.prj -L smartconnect_v1_0 -L axi_protocol_checker_v1_1_12 -L axi_protocol_checker_v1_1_13 -L axis_protocol_checker_v1_1_11 -L axis_protocol_checker_v1_1_12 -L xil_defaultlib -L unisims_ver -L xpm -L floating_point_v7_1_20 -L floating_point_v7_0_25 --lib ieee_proposed=./ieee_proposed -L uvm -relax -i ./svr -i ./axivip -i ./svtb -i ./file_agent -i ./chunkIter_subsystem -s chunkIter 
Multi-threading is on. Using 22 slave threads.
INFO: [VRFC 10-2263] Analyzing SystemVerilog file "D:/Vitis/shaAccel/chunkIteration/chunkIteration/hls/sim/verilog/glbl.v" into library xil_defaultlib
INFO: [VRFC 10-311] analyzing module glbl
INFO: [VRFC 10-2263] Analyzing SystemVerilog file "D:/Vitis/shaAccel/chunkIteration/chunkIteration/hls/sim/verilog/AESL_automem_wvarsin.v" into library xil_defaultlib
INFO: [VRFC 10-311] analyzing module AESL_automem_wvarsin
INFO: [VRFC 10-2263] Analyzing SystemVerilog file "D:/Vitis/shaAccel/chunkIteration/chunkIteration/hls/sim/verilog/AESL_automem_wvarsout.v" into library xil_defaultlib
INFO: [VRFC 10-311] analyzing module AESL_automem_wvarsout
INFO: [VRFC 10-2263] Analyzing SystemVerilog file "D:/Vitis/shaAccel/chunkIteration/chunkIteration/hls/sim/verilog/chunkIter.autotb.v" into library xil_defaultlib
INFO: [VRFC 10-311] analyzing module apatb_chunkIter_top
INFO: [VRFC 10-2263] Analyzing SystemVerilog file "D:/Vitis/shaAccel/chunkIteration/chunkIteration/hls/sim/verilog/chunkIter.v" into library xil_defaultlib
INFO: [VRFC 10-311] analyzing module chunkIter
INFO: [VRFC 10-2263] Analyzing SystemVerilog file "D:/Vitis/shaAccel/chunkIteration/chunkIteration/hls/sim/verilog/dataflow_monitor.sv" into library xil_defaultlib
INFO: [VRFC 10-311] analyzing module dataflow_monitor
INFO: [VRFC 10-2263] Analyzing SystemVerilog file "D:/Vitis/shaAccel/chunkIteration/chunkIteration/hls/sim/verilog/file_agent/file_agent_pkg.sv" into library xil_defaultlib
INFO: [VRFC 10-2263] Analyzing SystemVerilog file "D:/Vitis/shaAccel/chunkIteration/chunkIteration/hls/sim/verilog/svr/svr_pkg.sv" into library xil_defaultlib
INFO: [VRFC 10-2263] Analyzing SystemVerilog file "D:/Vitis/shaAccel/chunkIteration/chunkIteration/hls/sim/verilog/svr/svr_if.sv" into library xil_defaultlib
INFO: [VRFC 10-2263] Analyzing SystemVerilog file "D:/Vitis/shaAccel/chunkIteration/chunkIteration/hls/sim/verilog/chunkIter_subsystem/chunkIter_subsystem_pkg.sv" into library xil_defaultlib
INFO: [VRFC 10-2263] Analyzing SystemVerilog file "D:/Vitis/shaAccel/chunkIteration/chunkIteration/hls/sim/verilog/svtb/misc_interface.sv" into library xil_defaultlib
INFO: [VRFC 10-2263] Analyzing SystemVerilog file "D:/Vitis/shaAccel/chunkIteration/chunkIteration/hls/sim/verilog/svtb/sv_module_top.sv" into library xil_defaultlib
INFO: [VRFC 10-311] analyzing module sv_module_top
Starting static elaboration
Pass Through NonSizing Optimizer
Completed static elaboration
Starting simulation data flow analysis
WARNING: [XSIM 43-4099] "/proj/primebuilds/9999.0_PRIME_0428_0031/installs/data/system_verilog/uvm_1.2/xlnx_uvm_package.sv" Line 4356. Module uvm_pkg doesn't have a timescale but at least one module in design has a timescale.
WARNING: [XSIM 43-4099] "/proj/primebuilds/9999.0_PRIME_0428_0031/installs/data/system_verilog/uvm_1.2/xlnx_uvm_package.sv" Line 4356. Module uvm_pkg doesn't have a timescale but at least one module in design has a timescale.
WARNING: [XSIM 43-4468] File : /proj/primebuilds/9999.0_PRIME_0428_0031/installs/data/system_verilog/uvm_1.2/xlnx_uvm_package.sv, Line : 25994, RANDC variable size more than 8 bits. This will be treated as a RAND variable instead.
Completed simulation data flow analysis
Time Resolution for simulation is 1ps
Compiling package xil_defaultlib.$unit_sv_module_top_sv
Compiling package uvm.uvm_pkg
Compiling package std.std
Compiling package xil_defaultlib.svr_pkg
Compiling package xil_defaultlib.file_agent_pkg
Compiling package xil_defaultlib.chunkIter_subsystem_pkg
Compiling package xil_defaultlib.$unit_dataflow_monitor_sv
Compiling module xil_defaultlib.chunkIter
Compiling module xil_defaultlib.misc_interface_default
Compiling module xil_defaultlib.svr_if_default
Compiling module xil_defaultlib.sv_module_top
Compiling module xil_defaultlib.AESL_automem_wvarsin
Compiling module xil_defaultlib.AESL_automem_wvarsout
Compiling module xil_defaultlib.nodf_module_intf_default
Compiling module xil_defaultlib.dataflow_monitor_1
Compiling module xil_defaultlib.apatb_chunkIter_top
Compiling module xil_defaultlib.glbl
Built simulation snapshot chunkIter

****** xsim v2025.1 (64-bit)
  **** SW Build 6140274 on Thu May 22 00:12:29 MDT 2025
  **** IP Build 6138677 on Thu May 22 03:10:11 MDT 2025
  **** SharedData Build 6139179 on Tue May 20 17:58:58 MDT 2025
  **** Start of session at: Mon Jul 14 16:41:33 2025
    ** Copyright 1986-2022 Xilinx, Inc. All Rights Reserved.
    ** Copyright 2022-2025 Advanced Micro Devices, Inc. All Rights Reserved.

source xsim.dir/chunkIter/xsim_script.tcl
# xsim {chunkIter} -testplusarg UVM_VERBOSITY=UVM_NONE -testplusarg UVM_TESTNAME=chunkIter_test_lib -testplusarg UVM_TIMEOUT=20000000000000 -autoloadwcfg -tclbatch {chunkIter.tcl}
Time resolution is 1 ps
source chunkIter.tcl
## run all
UVM_INFO C:/Xilinx/2025.1/Vivado/data/system_verilog/uvm_1.2/xlnx_uvm_package.sv(18601) @ 0: reporter [UVM/RELNOTES] 
----------------------------------------------------------------
UVM-1.2
(C) 2007-2014 Mentor Graphics Corporation
(C) 2007-2014 Cadence Design Systems, Inc.
(C) 2006-2014 Synopsys, Inc.
(C) 2011-2013 Cypress Semiconductor Corp.
(C) 2013-2014 NVIDIA Corporation
----------------------------------------------------------------

  ***********       IMPORTANT RELEASE NOTES         ************

  You are using a version of the UVM library that has been compiled
  with `UVM_NO_DEPRECATED undefined.

  You are using a version of the UVM library that has been compiled
  with `UVM_OBJECT_DO_NOT_NEED_CONSTRUCTOR undefined.

      (Specify +UVM_NO_RELNOTES to turn off this notice)

UVM_INFO C:/Xilinx/2025.1/Vivado/data/system_verilog/uvm_1.2/xlnx_uvm_package.sv(18648) @ 0: reporter [NO_DPI_TSTNAME] UVM_NO_DPI defined--getting UVM_TESTNAME directly, without DPI
UVM_INFO C:/Xilinx/2025.1/Vivado/data/system_verilog/uvm_1.2/xlnx_uvm_package.sv(18752) @ 0: reporter [UVMTOP] UVM testbench topology:
-----------------------------------------------------------------------------------
Name                         Type                            Size  Value           
-----------------------------------------------------------------------------------
uvm_test_top                 chunkIter_test_lib              -     @349            
  top_env                    chunkIter_env                   -     @360            
    chunkIter_virtual_sqr    chunkIter_virtual_sequencer     -     @444            
      rsp_export             uvm_analysis_export             -     @453            
      seq_item_export        uvm_seq_item_pull_imp           -     @571            
      arbitration_queue      array                           0     -               
      lock_queue             array                           0     -               
      num_last_reqs          integral                        32    'd1             
      num_last_rsps          integral                        32    'd1             
    env_master_svr_kt        uvm_env                         -     @379            
      m_agt                  uvm_agent                       -     @587            
        drv                  uvm_driver #(REQ,RSP)           -     @735            
          rsp_port           uvm_analysis_port               -     @754            
          seq_item_port      uvm_seq_item_pull_port          -     @744            
        mon                  uvm_monitor                     -     @764            
          item_collect_port  uvm_analysis_port               -     @775            
        sqr                  uvm_sequencer                   -     @598            
          rsp_export         uvm_analysis_export             -     @607            
          seq_item_export    uvm_seq_item_pull_imp           -     @725            
          arbitration_queue  array                           0     -               
          lock_queue         array                           0     -               
          num_last_reqs      integral                        32    'd1             
          num_last_rsps      integral                        32    'd1             
    env_master_svr_wt        uvm_env                         -     @392            
      m_agt                  uvm_agent                       -     @793            
        drv                  uvm_driver #(REQ,RSP)           -     @941            
          rsp_port           uvm_analysis_port               -     @960            
          seq_item_port      uvm_seq_item_pull_port          -     @950            
        mon                  uvm_monitor                     -     @970            
          item_collect_port  uvm_analysis_port               -     @981            
        sqr                  uvm_sequencer                   -     @804            
          rsp_export         uvm_analysis_export             -     @813            
          seq_item_export    uvm_seq_item_pull_imp           -     @931            
          arbitration_queue  array                           0     -               
          lock_queue         array                           0     -               
          num_last_reqs      integral                        32    'd1             
          num_last_rsps      integral                        32    'd1             
    refm                     chunkIter_reference_model       -     @402            
      trans_num_idx          integral                        32    'h0             
    subsys_mon               chunkIter_subsystem_monitor     -     @415            
      scbd                   chunkIter_scoreboard            -     @1003           
        refm                 chunkIter_reference_model       -     @402            
          trans_num_idx      integral                        32    'h0             
      svr_master_kt_imp      uvm_analysis_imp_svr_master_kt  -     @424            
      svr_master_wt_imp      uvm_analysis_imp_svr_master_wt  -     @434            
    env_master_svr_kt        uvm_env                         -     @379            
    env_master_svr_wt        uvm_env                         -     @392            
    refm                     chunkIter_reference_model       -     @402            
    chunkIter_virtual_sqr    chunkIter_virtual_sequencer     -     @444            
    chunkIter_cfg            chunkIter_config                -     @374            
      port_kt_cfg            svr_config                      -     @375            
        svr_type             svr_inst_type                   32    SVR_MASTER      
        prt_type             svr_protocol_type               32    AP_NONE         
        is_active            svr_active_passive_enum         1     SVR_ACTIVE      
        reset_level          svr_reset_level_enum            1     RESET_LEVEL_HIGH
        spec_cfg             svr_spec_cfg_enum               32    NORMAL          
        clatency             svr_latency                     -     @376            
          transfer_latency   integral                        32    'h0             
      port_wt_cfg            svr_config                      -     @377            
        svr_type             svr_inst_type                   32    SVR_MASTER      
        prt_type             svr_protocol_type               32    AP_NONE         
        is_active            svr_active_passive_enum         1     SVR_ACTIVE      
        reset_level          svr_reset_level_enum            1     RESET_LEVEL_HIGH
        spec_cfg             svr_spec_cfg_enum               32    NORMAL          
        clatency             svr_latency                     -     @378            
          transfer_latency   integral                        32    'h0             
      check_ena              integral                        32    'h0             
      cover_ena              integral                        32    'h0             
-----------------------------------------------------------------------------------

UVM_INFO C:/Xilinx/2025.1/Vivado/data/system_verilog/uvm_1.2/xlnx_uvm_package.sv(20867) @ 0: reporter [UVM/COMP/NAMECHECK] This implementation of the component name checks requires DPI to be enabled
////////////////////////////////////////////////////////////////////////////////////
// Inter-Transaction Progress: Completed Transaction / Total Transaction
// Intra-Transaction Progress: Measured Latency / Latency Estimation * 100%
//
// RTL Simulation : "Inter-Transaction Progress" ["Intra-Transaction Progress"] @ "Simulation Time"
////////////////////////////////////////////////////////////////////////////////////
// RTL Simulation : 0 / 1000 [0.00%] @ "125000"
// RTL Simulation : 1 / 1000 [100.00%] @ "215000"
// RTL Simulation : 2 / 1000 [100.00%] @ "275000"
// RTL Simulation : 3 / 1000 [100.00%] @ "335000"
// RTL Simulation : 4 / 1000 [100.00%] @ "395000"
// RTL Simulation : 5 / 1000 [100.00%] @ "455000"
// RTL Simulation : 6 / 1000 [100.00%] @ "515000"
// RTL Simulation : 7 / 1000 [100.00%] @ "575000"
// RTL Simulation : 8 / 1000 [100.00%] @ "635000"
// RTL Simulation : 9 / 1000 [100.00%] @ "695000"
// RTL Simulation : 10 / 1000 [100.00%] @ "755000"
// RTL Simulation : 11 / 1000 [100.00%] @ "815000"
// RTL Simulation : 12 / 1000 [100.00%] @ "875000"
// RTL Simulation : 13 / 1000 [100.00%] @ "935000"
// RTL Simulation : 14 / 1000 [100.00%] @ "995000"
// RTL Simulation : 15 / 1000 [100.00%] @ "1055000"
// RTL Simulation : 16 / 1000 [100.00%] @ "1115000"
// RTL Simulation : 17 / 1000 [100.00%] @ "1175000"
// RTL Simulation : 18 / 1000 [100.00%] @ "1235000"
// RTL Simulation : 19 / 1000 [100.00%] @ "1295000"
// RTL Simulation : 20 / 1000 [100.00%] @ "1355000"
// RTL Simulation : 21 / 1000 [100.00%] @ "1415000"
// RTL Simulation : 22 / 1000 [100.00%] @ "1475000"
// RTL Simulation : 23 / 1000 [100.00%] @ "1535000"
// RTL Simulation : 24 / 1000 [100.00%] @ "1595000"
// RTL Simulation : 25 / 1000 [100.00%] @ "1655000"
// RTL Simulation : 26 / 1000 [100.00%] @ "1715000"
// RTL Simulation : 27 / 1000 [100.00%] @ "1775000"
// RTL Simulation : 28 / 1000 [100.00%] @ "1835000"
// RTL Simulation : 29 / 1000 [100.00%] @ "1895000"
// RTL Simulation : 30 / 1000 [100.00%] @ "1955000"
// RTL Simulation : 31 / 1000 [100.00%] @ "2015000"
// RTL Simulation : 32 / 1000 [100.00%] @ "2075000"
// RTL Simulation : 33 / 1000 [100.00%] @ "2135000"
// RTL Simulation : 34 / 1000 [100.00%] @ "2195000"
// RTL Simulation : 35 / 1000 [100.00%] @ "2255000"
// RTL Simulation : 36 / 1000 [100.00%] @ "2315000"
// RTL Simulation : 37 / 1000 [100.00%] @ "2375000"
// RTL Simulation : 38 / 1000 [100.00%] @ "2435000"
// RTL Simulation : 39 / 1000 [100.00%] @ "2495000"
// RTL Simulation : 40 / 1000 [100.00%] @ "2555000"
// RTL Simulation : 41 / 1000 [100.00%] @ "2615000"
// RTL Simulation : 42 / 1000 [100.00%] @ "2675000"
// RTL Simulation : 43 / 1000 [100.00%] @ "2735000"
// RTL Simulation : 44 / 1000 [100.00%] @ "2795000"
// RTL Simulation : 45 / 1000 [100.00%] @ "2855000"
// RTL Simulation : 46 / 1000 [100.00%] @ "2915000"
// RTL Simulation : 47 / 1000 [100.00%] @ "2975000"
// RTL Simulation : 48 / 1000 [100.00%] @ "3035000"
// RTL Simulation : 49 / 1000 [100.00%] @ "3095000"
// RTL Simulation : 50 / 1000 [100.00%] @ "3155000"
// RTL Simulation : 51 / 1000 [100.00%] @ "3215000"
// RTL Simulation : 52 / 1000 [100.00%] @ "3275000"
// RTL Simulation : 53 / 1000 [100.00%] @ "3335000"
// RTL Simulation : 54 / 1000 [100.00%] @ "3395000"
// RTL Simulation : 55 / 1000 [100.00%] @ "3455000"
// RTL Simulation : 56 / 1000 [100.00%] @ "3515000"
// RTL Simulation : 57 / 1000 [100.00%] @ "3575000"
// RTL Simulation : 58 / 1000 [100.00%] @ "3635000"
// RTL Simulation : 59 / 1000 [100.00%] @ "3695000"
// RTL Simulation : 60 / 1000 [100.00%] @ "3755000"
// RTL Simulation : 61 / 1000 [100.00%] @ "3815000"
// RTL Simulation : 62 / 1000 [100.00%] @ "3875000"
// RTL Simulation : 63 / 1000 [100.00%] @ "3935000"
// RTL Simulation : 64 / 1000 [100.00%] @ "3995000"
// RTL Simulation : 65 / 1000 [100.00%] @ "4055000"
// RTL Simulation : 66 / 1000 [100.00%] @ "4115000"
// RTL Simulation : 67 / 1000 [100.00%] @ "4175000"
// RTL Simulation : 68 / 1000 [100.00%] @ "4235000"
// RTL Simulation : 69 / 1000 [100.00%] @ "4295000"
// RTL Simulation : 70 / 1000 [100.00%] @ "4355000"
// RTL Simulation : 71 / 1000 [100.00%] @ "4415000"
// RTL Simulation : 72 / 1000 [100.00%] @ "4475000"
// RTL Simulation : 73 / 1000 [100.00%] @ "4535000"
// RTL Simulation : 74 / 1000 [100.00%] @ "4595000"
// RTL Simulation : 75 / 1000 [100.00%] @ "4655000"
// RTL Simulation : 76 / 1000 [100.00%] @ "4715000"
// RTL Simulation : 77 / 1000 [100.00%] @ "4775000"
// RTL Simulation : 78 / 1000 [100.00%] @ "4835000"
// RTL Simulation : 79 / 1000 [100.00%] @ "4895000"
// RTL Simulation : 80 / 1000 [100.00%] @ "4955000"
// RTL Simulation : 81 / 1000 [100.00%] @ "5015000"
// RTL Simulation : 82 / 1000 [100.00%] @ "5075000"
// RTL Simulation : 83 / 1000 [100.00%] @ "5135000"
// RTL Simulation : 84 / 1000 [100.00%] @ "5195000"
// RTL Simulation : 85 / 1000 [100.00%] @ "5255000"
// RTL Simulation : 86 / 1000 [100.00%] @ "5315000"
// RTL Simulation : 87 / 1000 [100.00%] @ "5375000"
// RTL Simulation : 88 / 1000 [100.00%] @ "5435000"
// RTL Simulation : 89 / 1000 [100.00%] @ "5495000"
// RTL Simulation : 90 / 1000 [100.00%] @ "5555000"
// RTL Simulation : 91 / 1000 [100.00%] @ "5615000"
// RTL Simulation : 92 / 1000 [100.00%] @ "5675000"
// RTL Simulation : 93 / 1000 [100.00%] @ "5735000"
// RTL Simulation : 94 / 1000 [100.00%] @ "5795000"
// RTL Simulation : 95 / 1000 [100.00%] @ "5855000"
// RTL Simulation : 96 / 1000 [100.00%] @ "5915000"
// RTL Simulation : 97 / 1000 [100.00%] @ "5975000"
// RTL Simulation : 98 / 1000 [100.00%] @ "6035000"
// RTL Simulation : 99 / 1000 [100.00%] @ "6095000"
// RTL Simulation : 100 / 1000 [100.00%] @ "6155000"
// RTL Simulation : 101 / 1000 [100.00%] @ "6215000"
// RTL Simulation : 102 / 1000 [100.00%] @ "6275000"
// RTL Simulation : 103 / 1000 [100.00%] @ "6335000"
// RTL Simulation : 104 / 1000 [100.00%] @ "6395000"
// RTL Simulation : 105 / 1000 [100.00%] @ "6455000"
// RTL Simulation : 106 / 1000 [100.00%] @ "6515000"
// RTL Simulation : 107 / 1000 [100.00%] @ "6575000"
// RTL Simulation : 108 / 1000 [100.00%] @ "6635000"
// RTL Simulation : 109 / 1000 [100.00%] @ "6695000"
// RTL Simulation : 110 / 1000 [100.00%] @ "6755000"
// RTL Simulation : 111 / 1000 [100.00%] @ "6815000"
// RTL Simulation : 112 / 1000 [100.00%] @ "6875000"
// RTL Simulation : 113 / 1000 [100.00%] @ "6935000"
// RTL Simulation : 114 / 1000 [100.00%] @ "6995000"
// RTL Simulation : 115 / 1000 [100.00%] @ "7055000"
// RTL Simulation : 116 / 1000 [100.00%] @ "7115000"
// RTL Simulation : 117 / 1000 [100.00%] @ "7175000"
// RTL Simulation : 118 / 1000 [100.00%] @ "7235000"
// RTL Simulation : 119 / 1000 [100.00%] @ "7295000"
// RTL Simulation : 120 / 1000 [100.00%] @ "7355000"
// RTL Simulation : 121 / 1000 [100.00%] @ "7415000"
// RTL Simulation : 122 / 1000 [100.00%] @ "7475000"
// RTL Simulation : 123 / 1000 [100.00%] @ "7535000"
// RTL Simulation : 124 / 1000 [100.00%] @ "7595000"
// RTL Simulation : 125 / 1000 [100.00%] @ "7655000"
// RTL Simulation : 126 / 1000 [100.00%] @ "7715000"
// RTL Simulation : 127 / 1000 [100.00%] @ "7775000"
// RTL Simulation : 128 / 1000 [100.00%] @ "7835000"
// RTL Simulation : 129 / 1000 [100.00%] @ "7895000"
// RTL Simulation : 130 / 1000 [100.00%] @ "7955000"
// RTL Simulation : 131 / 1000 [100.00%] @ "8015000"
// RTL Simulation : 132 / 1000 [100.00%] @ "8075000"
// RTL Simulation : 133 / 1000 [100.00%] @ "8135000"
// RTL Simulation : 134 / 1000 [100.00%] @ "8195000"
// RTL Simulation : 135 / 1000 [100.00%] @ "8255000"
// RTL Simulation : 136 / 1000 [100.00%] @ "8315000"
// RTL Simulation : 137 / 1000 [100.00%] @ "8375000"
// RTL Simulation : 138 / 1000 [100.00%] @ "8435000"
// RTL Simulation : 139 / 1000 [100.00%] @ "8495000"
// RTL Simulation : 140 / 1000 [100.00%] @ "8555000"
// RTL Simulation : 141 / 1000 [100.00%] @ "8615000"
// RTL Simulation : 142 / 1000 [100.00%] @ "8675000"
// RTL Simulation : 143 / 1000 [100.00%] @ "8735000"
// RTL Simulation : 144 / 1000 [100.00%] @ "8795000"
// RTL Simulation : 145 / 1000 [100.00%] @ "8855000"
// RTL Simulation : 146 / 1000 [100.00%] @ "8915000"
// RTL Simulation : 147 / 1000 [100.00%] @ "8975000"
// RTL Simulation : 148 / 1000 [100.00%] @ "9035000"
// RTL Simulation : 149 / 1000 [100.00%] @ "9095000"
// RTL Simulation : 150 / 1000 [100.00%] @ "9155000"
// RTL Simulation : 151 / 1000 [100.00%] @ "9215000"
// RTL Simulation : 152 / 1000 [100.00%] @ "9275000"
// RTL Simulation : 153 / 1000 [100.00%] @ "9335000"
// RTL Simulation : 154 / 1000 [100.00%] @ "9395000"
// RTL Simulation : 155 / 1000 [100.00%] @ "9455000"
// RTL Simulation : 156 / 1000 [100.00%] @ "9515000"
// RTL Simulation : 157 / 1000 [100.00%] @ "9575000"
// RTL Simulation : 158 / 1000 [100.00%] @ "9635000"
// RTL Simulation : 159 / 1000 [100.00%] @ "9695000"
// RTL Simulation : 160 / 1000 [100.00%] @ "9755000"
// RTL Simulation : 161 / 1000 [100.00%] @ "9815000"
// RTL Simulation : 162 / 1000 [100.00%] @ "9875000"
// RTL Simulation : 163 / 1000 [100.00%] @ "9935000"
// RTL Simulation : 164 / 1000 [100.00%] @ "9995000"
// RTL Simulation : 165 / 1000 [100.00%] @ "10055000"
// RTL Simulation : 166 / 1000 [100.00%] @ "10115000"
// RTL Simulation : 167 / 1000 [100.00%] @ "10175000"
// RTL Simulation : 168 / 1000 [100.00%] @ "10235000"
// RTL Simulation : 169 / 1000 [100.00%] @ "10295000"
// RTL Simulation : 170 / 1000 [100.00%] @ "10355000"
// RTL Simulation : 171 / 1000 [100.00%] @ "10415000"
// RTL Simulation : 172 / 1000 [100.00%] @ "10475000"
// RTL Simulation : 173 / 1000 [100.00%] @ "10535000"
// RTL Simulation : 174 / 1000 [100.00%] @ "10595000"
// RTL Simulation : 175 / 1000 [100.00%] @ "10655000"
// RTL Simulation : 176 / 1000 [100.00%] @ "10715000"
// RTL Simulation : 177 / 1000 [100.00%] @ "10775000"
// RTL Simulation : 178 / 1000 [100.00%] @ "10835000"
// RTL Simulation : 179 / 1000 [100.00%] @ "10895000"
// RTL Simulation : 180 / 1000 [100.00%] @ "10955000"
// RTL Simulation : 181 / 1000 [100.00%] @ "11015000"
// RTL Simulation : 182 / 1000 [100.00%] @ "11075000"
// RTL Simulation : 183 / 1000 [100.00%] @ "11135000"
// RTL Simulation : 184 / 1000 [100.00%] @ "11195000"
// RTL Simulation : 185 / 1000 [100.00%] @ "11255000"
// RTL Simulation : 186 / 1000 [100.00%] @ "11315000"
// RTL Simulation : 187 / 1000 [100.00%] @ "11375000"
// RTL Simulation : 188 / 1000 [100.00%] @ "11435000"
// RTL Simulation : 189 / 1000 [100.00%] @ "11495000"
// RTL Simulation : 190 / 1000 [100.00%] @ "11555000"
// RTL Simulation : 191 / 1000 [100.00%] @ "11615000"
// RTL Simulation : 192 / 1000 [100.00%] @ "11675000"
// RTL Simulation : 193 / 1000 [100.00%] @ "11735000"
// RTL Simulation : 194 / 1000 [100.00%] @ "11795000"
// RTL Simulation : 195 / 1000 [100.00%] @ "11855000"
// RTL Simulation : 196 / 1000 [100.00%] @ "11915000"
// RTL Simulation : 197 / 1000 [100.00%] @ "11975000"
// RTL Simulation : 198 / 1000 [100.00%] @ "12035000"
// RTL Simulation : 199 / 1000 [100.00%] @ "12095000"
// RTL Simulation : 200 / 1000 [100.00%] @ "12155000"
// RTL Simulation : 201 / 1000 [100.00%] @ "12215000"
// RTL Simulation : 202 / 1000 [100.00%] @ "12275000"
// RTL Simulation : 203 / 1000 [100.00%] @ "12335000"
// RTL Simulation : 204 / 1000 [100.00%] @ "12395000"
// RTL Simulation : 205 / 1000 [100.00%] @ "12455000"
// RTL Simulation : 206 / 1000 [100.00%] @ "12515000"
// RTL Simulation : 207 / 1000 [100.00%] @ "12575000"
// RTL Simulation : 208 / 1000 [100.00%] @ "12635000"
// RTL Simulation : 209 / 1000 [100.00%] @ "12695000"
// RTL Simulation : 210 / 1000 [100.00%] @ "12755000"
// RTL Simulation : 211 / 1000 [100.00%] @ "12815000"
// RTL Simulation : 212 / 1000 [100.00%] @ "12875000"
// RTL Simulation : 213 / 1000 [100.00%] @ "12935000"
// RTL Simulation : 214 / 1000 [100.00%] @ "12995000"
// RTL Simulation : 215 / 1000 [100.00%] @ "13055000"
// RTL Simulation : 216 / 1000 [100.00%] @ "13115000"
// RTL Simulation : 217 / 1000 [100.00%] @ "13175000"
// RTL Simulation : 218 / 1000 [100.00%] @ "13235000"
// RTL Simulation : 219 / 1000 [100.00%] @ "13295000"
// RTL Simulation : 220 / 1000 [100.00%] @ "13355000"
// RTL Simulation : 221 / 1000 [100.00%] @ "13415000"
// RTL Simulation : 222 / 1000 [100.00%] @ "13475000"
// RTL Simulation : 223 / 1000 [100.00%] @ "13535000"
// RTL Simulation : 224 / 1000 [100.00%] @ "13595000"
// RTL Simulation : 225 / 1000 [100.00%] @ "13655000"
// RTL Simulation : 226 / 1000 [100.00%] @ "13715000"
// RTL Simulation : 227 / 1000 [100.00%] @ "13775000"
// RTL Simulation : 228 / 1000 [100.00%] @ "13835000"
// RTL Simulation : 229 / 1000 [100.00%] @ "13895000"
// RTL Simulation : 230 / 1000 [100.00%] @ "13955000"
// RTL Simulation : 231 / 1000 [100.00%] @ "14015000"
// RTL Simulation : 232 / 1000 [100.00%] @ "14075000"
// RTL Simulation : 233 / 1000 [100.00%] @ "14135000"
// RTL Simulation : 234 / 1000 [100.00%] @ "14195000"
// RTL Simulation : 235 / 1000 [100.00%] @ "14255000"
// RTL Simulation : 236 / 1000 [100.00%] @ "14315000"
// RTL Simulation : 237 / 1000 [100.00%] @ "14375000"
// RTL Simulation : 238 / 1000 [100.00%] @ "14435000"
// RTL Simulation : 239 / 1000 [100.00%] @ "14495000"
// RTL Simulation : 240 / 1000 [100.00%] @ "14555000"
// RTL Simulation : 241 / 1000 [100.00%] @ "14615000"
// RTL Simulation : 242 / 1000 [100.00%] @ "14675000"
// RTL Simulation : 243 / 1000 [100.00%] @ "14735000"
// RTL Simulation : 244 / 1000 [100.00%] @ "14795000"
// RTL Simulation : 245 / 1000 [100.00%] @ "14855000"
// RTL Simulation : 246 / 1000 [100.00%] @ "14915000"
// RTL Simulation : 247 / 1000 [100.00%] @ "14975000"
// RTL Simulation : 248 / 1000 [100.00%] @ "15035000"
// RTL Simulation : 249 / 1000 [100.00%] @ "15095000"
// RTL Simulation : 250 / 1000 [100.00%] @ "15155000"
// RTL Simulation : 251 / 1000 [100.00%] @ "15215000"
// RTL Simulation : 252 / 1000 [100.00%] @ "15275000"
// RTL Simulation : 253 / 1000 [100.00%] @ "15335000"
// RTL Simulation : 254 / 1000 [100.00%] @ "15395000"
// RTL Simulation : 255 / 1000 [100.00%] @ "15455000"
// RTL Simulation : 256 / 1000 [100.00%] @ "15515000"
// RTL Simulation : 257 / 1000 [100.00%] @ "15575000"
// RTL Simulation : 258 / 1000 [100.00%] @ "15635000"
// RTL Simulation : 259 / 1000 [100.00%] @ "15695000"
// RTL Simulation : 260 / 1000 [100.00%] @ "15755000"
// RTL Simulation : 261 / 1000 [100.00%] @ "15815000"
// RTL Simulation : 262 / 1000 [100.00%] @ "15875000"
// RTL Simulation : 263 / 1000 [100.00%] @ "15935000"
// RTL Simulation : 264 / 1000 [100.00%] @ "15995000"
// RTL Simulation : 265 / 1000 [100.00%] @ "16055000"
// RTL Simulation : 266 / 1000 [100.00%] @ "16115000"
// RTL Simulation : 267 / 1000 [100.00%] @ "16175000"
// RTL Simulation : 268 / 1000 [100.00%] @ "16235000"
// RTL Simulation : 269 / 1000 [100.00%] @ "16295000"
// RTL Simulation : 270 / 1000 [100.00%] @ "16355000"
// RTL Simulation : 271 / 1000 [100.00%] @ "16415000"
// RTL Simulation : 272 / 1000 [100.00%] @ "16475000"
// RTL Simulation : 273 / 1000 [100.00%] @ "16535000"
// RTL Simulation : 274 / 1000 [100.00%] @ "16595000"
// RTL Simulation : 275 / 1000 [100.00%] @ "16655000"
// RTL Simulation : 276 / 1000 [100.00%] @ "16715000"
// RTL Simulation : 277 / 1000 [100.00%] @ "16775000"
// RTL Simulation : 278 / 1000 [100.00%] @ "16835000"
// RTL Simulation : 279 / 1000 [100.00%] @ "16895000"
// RTL Simulation : 280 / 1000 [100.00%] @ "16955000"
// RTL Simulation : 281 / 1000 [100.00%] @ "17015000"
// RTL Simulation : 282 / 1000 [100.00%] @ "17075000"
// RTL Simulation : 283 / 1000 [100.00%] @ "17135000"
// RTL Simulation : 284 / 1000 [100.00%] @ "17195000"
// RTL Simulation : 285 / 1000 [100.00%] @ "17255000"
// RTL Simulation : 286 / 1000 [100.00%] @ "17315000"
// RTL Simulation : 287 / 1000 [100.00%] @ "17375000"
// RTL Simulation : 288 / 1000 [100.00%] @ "17435000"
// RTL Simulation : 289 / 1000 [100.00%] @ "17495000"
// RTL Simulation : 290 / 1000 [100.00%] @ "17555000"
// RTL Simulation : 291 / 1000 [100.00%] @ "17615000"
// RTL Simulation : 292 / 1000 [100.00%] @ "17675000"
// RTL Simulation : 293 / 1000 [100.00%] @ "17735000"
// RTL Simulation : 294 / 1000 [100.00%] @ "17795000"
// RTL Simulation : 295 / 1000 [100.00%] @ "17855000"
// RTL Simulation : 296 / 1000 [100.00%] @ "17915000"
// RTL Simulation : 297 / 1000 [100.00%] @ "17975000"
// RTL Simulation : 298 / 1000 [100.00%] @ "18035000"
// RTL Simulation : 299 / 1000 [100.00%] @ "18095000"
// RTL Simulation : 300 / 1000 [100.00%] @ "18155000"
// RTL Simulation : 301 / 1000 [100.00%] @ "18215000"
// RTL Simulation : 302 / 1000 [100.00%] @ "18275000"
// RTL Simulation : 303 / 1000 [100.00%] @ "18335000"
// RTL Simulation : 304 / 1000 [100.00%] @ "18395000"
// RTL Simulation : 305 / 1000 [100.00%] @ "18455000"
// RTL Simulation : 306 / 1000 [100.00%] @ "18515000"
// RTL Simulation : 307 / 1000 [100.00%] @ "18575000"
// RTL Simulation : 308 / 1000 [100.00%] @ "18635000"
// RTL Simulation : 309 / 1000 [100.00%] @ "18695000"
// RTL Simulation : 310 / 1000 [100.00%] @ "18755000"
// RTL Simulation : 311 / 1000 [100.00%] @ "18815000"
// RTL Simulation : 312 / 1000 [100.00%] @ "18875000"
// RTL Simulation : 313 / 1000 [100.00%] @ "18935000"
// RTL Simulation : 314 / 1000 [100.00%] @ "18995000"
// RTL Simulation : 315 / 1000 [100.00%] @ "19055000"
// RTL Simulation : 316 / 1000 [100.00%] @ "19115000"
// RTL Simulation : 317 / 1000 [100.00%] @ "19175000"
// RTL Simulation : 318 / 1000 [100.00%] @ "19235000"
// RTL Simulation : 319 / 1000 [100.00%] @ "19295000"
// RTL Simulation : 320 / 1000 [100.00%] @ "19355000"
// RTL Simulation : 321 / 1000 [100.00%] @ "19415000"
// RTL Simulation : 322 / 1000 [100.00%] @ "19475000"
// RTL Simulation : 323 / 1000 [100.00%] @ "19535000"
// RTL Simulation : 324 / 1000 [100.00%] @ "19595000"
// RTL Simulation : 325 / 1000 [100.00%] @ "19655000"
// RTL Simulation : 326 / 1000 [100.00%] @ "19715000"
// RTL Simulation : 327 / 1000 [100.00%] @ "19775000"
// RTL Simulation : 328 / 1000 [100.00%] @ "19835000"
// RTL Simulation : 329 / 1000 [100.00%] @ "19895000"
// RTL Simulation : 330 / 1000 [100.00%] @ "19955000"
// RTL Simulation : 331 / 1000 [100.00%] @ "20015000"
// RTL Simulation : 332 / 1000 [100.00%] @ "20075000"
// RTL Simulation : 333 / 1000 [100.00%] @ "20135000"
// RTL Simulation : 334 / 1000 [100.00%] @ "20195000"
// RTL Simulation : 335 / 1000 [100.00%] @ "20255000"
// RTL Simulation : 336 / 1000 [100.00%] @ "20315000"
// RTL Simulation : 337 / 1000 [100.00%] @ "20375000"
// RTL Simulation : 338 / 1000 [100.00%] @ "20435000"
// RTL Simulation : 339 / 1000 [100.00%] @ "20495000"
// RTL Simulation : 340 / 1000 [100.00%] @ "20555000"
// RTL Simulation : 341 / 1000 [100.00%] @ "20615000"
// RTL Simulation : 342 / 1000 [100.00%] @ "20675000"
// RTL Simulation : 343 / 1000 [100.00%] @ "20735000"
// RTL Simulation : 344 / 1000 [100.00%] @ "20795000"
// RTL Simulation : 345 / 1000 [100.00%] @ "20855000"
// RTL Simulation : 346 / 1000 [100.00%] @ "20915000"
// RTL Simulation : 347 / 1000 [100.00%] @ "20975000"
// RTL Simulation : 348 / 1000 [100.00%] @ "21035000"
// RTL Simulation : 349 / 1000 [100.00%] @ "21095000"
// RTL Simulation : 350 / 1000 [100.00%] @ "21155000"
// RTL Simulation : 351 / 1000 [100.00%] @ "21215000"
// RTL Simulation : 352 / 1000 [100.00%] @ "21275000"
// RTL Simulation : 353 / 1000 [100.00%] @ "21335000"
// RTL Simulation : 354 / 1000 [100.00%] @ "21395000"
// RTL Simulation : 355 / 1000 [100.00%] @ "21455000"
// RTL Simulation : 356 / 1000 [100.00%] @ "21515000"
// RTL Simulation : 357 / 1000 [100.00%] @ "21575000"
// RTL Simulation : 358 / 1000 [100.00%] @ "21635000"
// RTL Simulation : 359 / 1000 [100.00%] @ "21695000"
// RTL Simulation : 360 / 1000 [100.00%] @ "21755000"
// RTL Simulation : 361 / 1000 [100.00%] @ "21815000"
// RTL Simulation : 362 / 1000 [100.00%] @ "21875000"
// RTL Simulation : 363 / 1000 [100.00%] @ "21935000"
// RTL Simulation : 364 / 1000 [100.00%] @ "21995000"
// RTL Simulation : 365 / 1000 [100.00%] @ "22055000"
// RTL Simulation : 366 / 1000 [100.00%] @ "22115000"
// RTL Simulation : 367 / 1000 [100.00%] @ "22175000"
// RTL Simulation : 368 / 1000 [100.00%] @ "22235000"
// RTL Simulation : 369 / 1000 [100.00%] @ "22295000"
// RTL Simulation : 370 / 1000 [100.00%] @ "22355000"
// RTL Simulation : 371 / 1000 [100.00%] @ "22415000"
// RTL Simulation : 372 / 1000 [100.00%] @ "22475000"
// RTL Simulation : 373 / 1000 [100.00%] @ "22535000"
// RTL Simulation : 374 / 1000 [100.00%] @ "22595000"
// RTL Simulation : 375 / 1000 [100.00%] @ "22655000"
// RTL Simulation : 376 / 1000 [100.00%] @ "22715000"
// RTL Simulation : 377 / 1000 [100.00%] @ "22775000"
// RTL Simulation : 378 / 1000 [100.00%] @ "22835000"
// RTL Simulation : 379 / 1000 [100.00%] @ "22895000"
// RTL Simulation : 380 / 1000 [100.00%] @ "22955000"
// RTL Simulation : 381 / 1000 [100.00%] @ "23015000"
// RTL Simulation : 382 / 1000 [100.00%] @ "23075000"
// RTL Simulation : 383 / 1000 [100.00%] @ "23135000"
// RTL Simulation : 384 / 1000 [100.00%] @ "23195000"
// RTL Simulation : 385 / 1000 [100.00%] @ "23255000"
// RTL Simulation : 386 / 1000 [100.00%] @ "23315000"
// RTL Simulation : 387 / 1000 [100.00%] @ "23375000"
// RTL Simulation : 388 / 1000 [100.00%] @ "23435000"
// RTL Simulation : 389 / 1000 [100.00%] @ "23495000"
// RTL Simulation : 390 / 1000 [100.00%] @ "23555000"
// RTL Simulation : 391 / 1000 [100.00%] @ "23615000"
// RTL Simulation : 392 / 1000 [100.00%] @ "23675000"
// RTL Simulation : 393 / 1000 [100.00%] @ "23735000"
// RTL Simulation : 394 / 1000 [100.00%] @ "23795000"
// RTL Simulation : 395 / 1000 [100.00%] @ "23855000"
// RTL Simulation : 396 / 1000 [100.00%] @ "23915000"
// RTL Simulation : 397 / 1000 [100.00%] @ "23975000"
// RTL Simulation : 398 / 1000 [100.00%] @ "24035000"
// RTL Simulation : 399 / 1000 [100.00%] @ "24095000"
// RTL Simulation : 400 / 1000 [100.00%] @ "24155000"
// RTL Simulation : 401 / 1000 [100.00%] @ "24215000"
// RTL Simulation : 402 / 1000 [100.00%] @ "24275000"
// RTL Simulation : 403 / 1000 [100.00%] @ "24335000"
// RTL Simulation : 404 / 1000 [100.00%] @ "24395000"
// RTL Simulation : 405 / 1000 [100.00%] @ "24455000"
// RTL Simulation : 406 / 1000 [100.00%] @ "24515000"
// RTL Simulation : 407 / 1000 [100.00%] @ "24575000"
// RTL Simulation : 408 / 1000 [100.00%] @ "24635000"
// RTL Simulation : 409 / 1000 [100.00%] @ "24695000"
// RTL Simulation : 410 / 1000 [100.00%] @ "24755000"
// RTL Simulation : 411 / 1000 [100.00%] @ "24815000"
// RTL Simulation : 412 / 1000 [100.00%] @ "24875000"
// RTL Simulation : 413 / 1000 [100.00%] @ "24935000"
// RTL Simulation : 414 / 1000 [100.00%] @ "24995000"
// RTL Simulation : 415 / 1000 [100.00%] @ "25055000"
// RTL Simulation : 416 / 1000 [100.00%] @ "25115000"
// RTL Simulation : 417 / 1000 [100.00%] @ "25175000"
// RTL Simulation : 418 / 1000 [100.00%] @ "25235000"
// RTL Simulation : 419 / 1000 [100.00%] @ "25295000"
// RTL Simulation : 420 / 1000 [100.00%] @ "25355000"
// RTL Simulation : 421 / 1000 [100.00%] @ "25415000"
// RTL Simulation : 422 / 1000 [100.00%] @ "25475000"
// RTL Simulation : 423 / 1000 [100.00%] @ "25535000"
// RTL Simulation : 424 / 1000 [100.00%] @ "25595000"
// RTL Simulation : 425 / 1000 [100.00%] @ "25655000"
// RTL Simulation : 426 / 1000 [100.00%] @ "25715000"
// RTL Simulation : 427 / 1000 [100.00%] @ "25775000"
// RTL Simulation : 428 / 1000 [100.00%] @ "25835000"
// RTL Simulation : 429 / 1000 [100.00%] @ "25895000"
// RTL Simulation : 430 / 1000 [100.00%] @ "25955000"
// RTL Simulation : 431 / 1000 [100.00%] @ "26015000"
// RTL Simulation : 432 / 1000 [100.00%] @ "26075000"
// RTL Simulation : 433 / 1000 [100.00%] @ "26135000"
// RTL Simulation : 434 / 1000 [100.00%] @ "26195000"
// RTL Simulation : 435 / 1000 [100.00%] @ "26255000"
// RTL Simulation : 436 / 1000 [100.00%] @ "26315000"
// RTL Simulation : 437 / 1000 [100.00%] @ "26375000"
// RTL Simulation : 438 / 1000 [100.00%] @ "26435000"
// RTL Simulation : 439 / 1000 [100.00%] @ "26495000"
// RTL Simulation : 440 / 1000 [100.00%] @ "26555000"
// RTL Simulation : 441 / 1000 [100.00%] @ "26615000"
// RTL Simulation : 442 / 1000 [100.00%] @ "26675000"
// RTL Simulation : 443 / 1000 [100.00%] @ "26735000"
// RTL Simulation : 444 / 1000 [100.00%] @ "26795000"
// RTL Simulation : 445 / 1000 [100.00%] @ "26855000"
// RTL Simulation : 446 / 1000 [100.00%] @ "26915000"
// RTL Simulation : 447 / 1000 [100.00%] @ "26975000"
// RTL Simulation : 448 / 1000 [100.00%] @ "27035000"
// RTL Simulation : 449 / 1000 [100.00%] @ "27095000"
// RTL Simulation : 450 / 1000 [100.00%] @ "27155000"
// RTL Simulation : 451 / 1000 [100.00%] @ "27215000"
// RTL Simulation : 452 / 1000 [100.00%] @ "27275000"
// RTL Simulation : 453 / 1000 [100.00%] @ "27335000"
// RTL Simulation : 454 / 1000 [100.00%] @ "27395000"
// RTL Simulation : 455 / 1000 [100.00%] @ "27455000"
// RTL Simulation : 456 / 1000 [100.00%] @ "27515000"
// RTL Simulation : 457 / 1000 [100.00%] @ "27575000"
// RTL Simulation : 458 / 1000 [100.00%] @ "27635000"
// RTL Simulation : 459 / 1000 [100.00%] @ "27695000"
// RTL Simulation : 460 / 1000 [100.00%] @ "27755000"
// RTL Simulation : 461 / 1000 [100.00%] @ "27815000"
// RTL Simulation : 462 / 1000 [100.00%] @ "27875000"
// RTL Simulation : 463 / 1000 [100.00%] @ "27935000"
// RTL Simulation : 464 / 1000 [100.00%] @ "27995000"
// RTL Simulation : 465 / 1000 [100.00%] @ "28055000"
// RTL Simulation : 466 / 1000 [100.00%] @ "28115000"
// RTL Simulation : 467 / 1000 [100.00%] @ "28175000"
// RTL Simulation : 468 / 1000 [100.00%] @ "28235000"
// RTL Simulation : 469 / 1000 [100.00%] @ "28295000"
// RTL Simulation : 470 / 1000 [100.00%] @ "28355000"
// RTL Simulation : 471 / 1000 [100.00%] @ "28415000"
// RTL Simulation : 472 / 1000 [100.00%] @ "28475000"
// RTL Simulation : 473 / 1000 [100.00%] @ "28535000"
// RTL Simulation : 474 / 1000 [100.00%] @ "28595000"
// RTL Simulation : 475 / 1000 [100.00%] @ "28655000"
// RTL Simulation : 476 / 1000 [100.00%] @ "28715000"
// RTL Simulation : 477 / 1000 [100.00%] @ "28775000"
// RTL Simulation : 478 / 1000 [100.00%] @ "28835000"
// RTL Simulation : 479 / 1000 [100.00%] @ "28895000"
// RTL Simulation : 480 / 1000 [100.00%] @ "28955000"
// RTL Simulation : 481 / 1000 [100.00%] @ "29015000"
// RTL Simulation : 482 / 1000 [100.00%] @ "29075000"
// RTL Simulation : 483 / 1000 [100.00%] @ "29135000"
// RTL Simulation : 484 / 1000 [100.00%] @ "29195000"
// RTL Simulation : 485 / 1000 [100.00%] @ "29255000"
// RTL Simulation : 486 / 1000 [100.00%] @ "29315000"
// RTL Simulation : 487 / 1000 [100.00%] @ "29375000"
// RTL Simulation : 488 / 1000 [100.00%] @ "29435000"
// RTL Simulation : 489 / 1000 [100.00%] @ "29495000"
// RTL Simulation : 490 / 1000 [100.00%] @ "29555000"
// RTL Simulation : 491 / 1000 [100.00%] @ "29615000"
// RTL Simulation : 492 / 1000 [100.00%] @ "29675000"
// RTL Simulation : 493 / 1000 [100.00%] @ "29735000"
// RTL Simulation : 494 / 1000 [100.00%] @ "29795000"
// RTL Simulation : 495 / 1000 [100.00%] @ "29855000"
// RTL Simulation : 496 / 1000 [100.00%] @ "29915000"
// RTL Simulation : 497 / 1000 [100.00%] @ "29975000"
// RTL Simulation : 498 / 1000 [100.00%] @ "30035000"
// RTL Simulation : 499 / 1000 [100.00%] @ "30095000"
// RTL Simulation : 500 / 1000 [100.00%] @ "30155000"
// RTL Simulation : 501 / 1000 [100.00%] @ "30215000"
// RTL Simulation : 502 / 1000 [100.00%] @ "30275000"
// RTL Simulation : 503 / 1000 [100.00%] @ "30335000"
// RTL Simulation : 504 / 1000 [100.00%] @ "30395000"
// RTL Simulation : 505 / 1000 [100.00%] @ "30455000"
// RTL Simulation : 506 / 1000 [100.00%] @ "30515000"
// RTL Simulation : 507 / 1000 [100.00%] @ "30575000"
// RTL Simulation : 508 / 1000 [100.00%] @ "30635000"
// RTL Simulation : 509 / 1000 [100.00%] @ "30695000"
// RTL Simulation : 510 / 1000 [100.00%] @ "30755000"
// RTL Simulation : 511 / 1000 [100.00%] @ "30815000"
// RTL Simulation : 512 / 1000 [100.00%] @ "30875000"
// RTL Simulation : 513 / 1000 [100.00%] @ "30935000"
// RTL Simulation : 514 / 1000 [100.00%] @ "30995000"
// RTL Simulation : 515 / 1000 [100.00%] @ "31055000"
// RTL Simulation : 516 / 1000 [100.00%] @ "31115000"
// RTL Simulation : 517 / 1000 [100.00%] @ "31175000"
// RTL Simulation : 518 / 1000 [100.00%] @ "31235000"
// RTL Simulation : 519 / 1000 [100.00%] @ "31295000"
// RTL Simulation : 520 / 1000 [100.00%] @ "31355000"
// RTL Simulation : 521 / 1000 [100.00%] @ "31415000"
// RTL Simulation : 522 / 1000 [100.00%] @ "31475000"
// RTL Simulation : 523 / 1000 [100.00%] @ "31535000"
// RTL Simulation : 524 / 1000 [100.00%] @ "31595000"
// RTL Simulation : 525 / 1000 [100.00%] @ "31655000"
// RTL Simulation : 526 / 1000 [100.00%] @ "31715000"
// RTL Simulation : 527 / 1000 [100.00%] @ "31775000"
// RTL Simulation : 528 / 1000 [100.00%] @ "31835000"
// RTL Simulation : 529 / 1000 [100.00%] @ "31895000"
// RTL Simulation : 530 / 1000 [100.00%] @ "31955000"
// RTL Simulation : 531 / 1000 [100.00%] @ "32015000"
// RTL Simulation : 532 / 1000 [100.00%] @ "32075000"
// RTL Simulation : 533 / 1000 [100.00%] @ "32135000"
// RTL Simulation : 534 / 1000 [100.00%] @ "32195000"
// RTL Simulation : 535 / 1000 [100.00%] @ "32255000"
// RTL Simulation : 536 / 1000 [100.00%] @ "32315000"
// RTL Simulation : 537 / 1000 [100.00%] @ "32375000"
// RTL Simulation : 538 / 1000 [100.00%] @ "32435000"
// RTL Simulation : 539 / 1000 [100.00%] @ "32495000"
// RTL Simulation : 540 / 1000 [100.00%] @ "32555000"
// RTL Simulation : 541 / 1000 [100.00%] @ "32615000"
// RTL Simulation : 542 / 1000 [100.00%] @ "32675000"
// RTL Simulation : 543 / 1000 [100.00%] @ "32735000"
// RTL Simulation : 544 / 1000 [100.00%] @ "32795000"
// RTL Simulation : 545 / 1000 [100.00%] @ "32855000"
// RTL Simulation : 546 / 1000 [100.00%] @ "32915000"
// RTL Simulation : 547 / 1000 [100.00%] @ "32975000"
// RTL Simulation : 548 / 1000 [100.00%] @ "33035000"
// RTL Simulation : 549 / 1000 [100.00%] @ "33095000"
// RTL Simulation : 550 / 1000 [100.00%] @ "33155000"
// RTL Simulation : 551 / 1000 [100.00%] @ "33215000"
// RTL Simulation : 552 / 1000 [100.00%] @ "33275000"
// RTL Simulation : 553 / 1000 [100.00%] @ "33335000"
// RTL Simulation : 554 / 1000 [100.00%] @ "33395000"
// RTL Simulation : 555 / 1000 [100.00%] @ "33455000"
// RTL Simulation : 556 / 1000 [100.00%] @ "33515000"
// RTL Simulation : 557 / 1000 [100.00%] @ "33575000"
// RTL Simulation : 558 / 1000 [100.00%] @ "33635000"
// RTL Simulation : 559 / 1000 [100.00%] @ "33695000"
// RTL Simulation : 560 / 1000 [100.00%] @ "33755000"
// RTL Simulation : 561 / 1000 [100.00%] @ "33815000"
// RTL Simulation : 562 / 1000 [100.00%] @ "33875000"
// RTL Simulation : 563 / 1000 [100.00%] @ "33935000"
// RTL Simulation : 564 / 1000 [100.00%] @ "33995000"
// RTL Simulation : 565 / 1000 [100.00%] @ "34055000"
// RTL Simulation : 566 / 1000 [100.00%] @ "34115000"
// RTL Simulation : 567 / 1000 [100.00%] @ "34175000"
// RTL Simulation : 568 / 1000 [100.00%] @ "34235000"
// RTL Simulation : 569 / 1000 [100.00%] @ "34295000"
// RTL Simulation : 570 / 1000 [100.00%] @ "34355000"
// RTL Simulation : 571 / 1000 [100.00%] @ "34415000"
// RTL Simulation : 572 / 1000 [100.00%] @ "34475000"
// RTL Simulation : 573 / 1000 [100.00%] @ "34535000"
// RTL Simulation : 574 / 1000 [100.00%] @ "34595000"
// RTL Simulation : 575 / 1000 [100.00%] @ "34655000"
// RTL Simulation : 576 / 1000 [100.00%] @ "34715000"
// RTL Simulation : 577 / 1000 [100.00%] @ "34775000"
// RTL Simulation : 578 / 1000 [100.00%] @ "34835000"
// RTL Simulation : 579 / 1000 [100.00%] @ "34895000"
// RTL Simulation : 580 / 1000 [100.00%] @ "34955000"
// RTL Simulation : 581 / 1000 [100.00%] @ "35015000"
// RTL Simulation : 582 / 1000 [100.00%] @ "35075000"
// RTL Simulation : 583 / 1000 [100.00%] @ "35135000"
// RTL Simulation : 584 / 1000 [100.00%] @ "35195000"
// RTL Simulation : 585 / 1000 [100.00%] @ "35255000"
// RTL Simulation : 586 / 1000 [100.00%] @ "35315000"
// RTL Simulation : 587 / 1000 [100.00%] @ "35375000"
// RTL Simulation : 588 / 1000 [100.00%] @ "35435000"
// RTL Simulation : 589 / 1000 [100.00%] @ "35495000"
// RTL Simulation : 590 / 1000 [100.00%] @ "35555000"
// RTL Simulation : 591 / 1000 [100.00%] @ "35615000"
// RTL Simulation : 592 / 1000 [100.00%] @ "35675000"
// RTL Simulation : 593 / 1000 [100.00%] @ "35735000"
// RTL Simulation : 594 / 1000 [100.00%] @ "35795000"
// RTL Simulation : 595 / 1000 [100.00%] @ "35855000"
// RTL Simulation : 596 / 1000 [100.00%] @ "35915000"
// RTL Simulation : 597 / 1000 [100.00%] @ "35975000"
// RTL Simulation : 598 / 1000 [100.00%] @ "36035000"
// RTL Simulation : 599 / 1000 [100.00%] @ "36095000"
// RTL Simulation : 600 / 1000 [100.00%] @ "36155000"
// RTL Simulation : 601 / 1000 [100.00%] @ "36215000"
// RTL Simulation : 602 / 1000 [100.00%] @ "36275000"
// RTL Simulation : 603 / 1000 [100.00%] @ "36335000"
// RTL Simulation : 604 / 1000 [100.00%] @ "36395000"
// RTL Simulation : 605 / 1000 [100.00%] @ "36455000"
// RTL Simulation : 606 / 1000 [100.00%] @ "36515000"
// RTL Simulation : 607 / 1000 [100.00%] @ "36575000"
// RTL Simulation : 608 / 1000 [100.00%] @ "36635000"
// RTL Simulation : 609 / 1000 [100.00%] @ "36695000"
// RTL Simulation : 610 / 1000 [100.00%] @ "36755000"
// RTL Simulation : 611 / 1000 [100.00%] @ "36815000"
// RTL Simulation : 612 / 1000 [100.00%] @ "36875000"
// RTL Simulation : 613 / 1000 [100.00%] @ "36935000"
// RTL Simulation : 614 / 1000 [100.00%] @ "36995000"
// RTL Simulation : 615 / 1000 [100.00%] @ "37055000"
// RTL Simulation : 616 / 1000 [100.00%] @ "37115000"
// RTL Simulation : 617 / 1000 [100.00%] @ "37175000"
// RTL Simulation : 618 / 1000 [100.00%] @ "37235000"
// RTL Simulation : 619 / 1000 [100.00%] @ "37295000"
// RTL Simulation : 620 / 1000 [100.00%] @ "37355000"
// RTL Simulation : 621 / 1000 [100.00%] @ "37415000"
// RTL Simulation : 622 / 1000 [100.00%] @ "37475000"
// RTL Simulation : 623 / 1000 [100.00%] @ "37535000"
// RTL Simulation : 624 / 1000 [100.00%] @ "37595000"
// RTL Simulation : 625 / 1000 [100.00%] @ "37655000"
// RTL Simulation : 626 / 1000 [100.00%] @ "37715000"
// RTL Simulation : 627 / 1000 [100.00%] @ "37775000"
// RTL Simulation : 628 / 1000 [100.00%] @ "37835000"
// RTL Simulation : 629 / 1000 [100.00%] @ "37895000"
// RTL Simulation : 630 / 1000 [100.00%] @ "37955000"
// RTL Simulation : 631 / 1000 [100.00%] @ "38015000"
// RTL Simulation : 632 / 1000 [100.00%] @ "38075000"
// RTL Simulation : 633 / 1000 [100.00%] @ "38135000"
// RTL Simulation : 634 / 1000 [100.00%] @ "38195000"
// RTL Simulation : 635 / 1000 [100.00%] @ "38255000"
// RTL Simulation : 636 / 1000 [100.00%] @ "38315000"
// RTL Simulation : 637 / 1000 [100.00%] @ "38375000"
// RTL Simulation : 638 / 1000 [100.00%] @ "38435000"
// RTL Simulation : 639 / 1000 [100.00%] @ "38495000"
// RTL Simulation : 640 / 1000 [100.00%] @ "38555000"
// RTL Simulation : 641 / 1000 [100.00%] @ "38615000"
// RTL Simulation : 642 / 1000 [100.00%] @ "38675000"
// RTL Simulation : 643 / 1000 [100.00%] @ "38735000"
// RTL Simulation : 644 / 1000 [100.00%] @ "38795000"
// RTL Simulation : 645 / 1000 [100.00%] @ "38855000"
// RTL Simulation : 646 / 1000 [100.00%] @ "38915000"
// RTL Simulation : 647 / 1000 [100.00%] @ "38975000"
// RTL Simulation : 648 / 1000 [100.00%] @ "39035000"
// RTL Simulation : 649 / 1000 [100.00%] @ "39095000"
// RTL Simulation : 650 / 1000 [100.00%] @ "39155000"
// RTL Simulation : 651 / 1000 [100.00%] @ "39215000"
// RTL Simulation : 652 / 1000 [100.00%] @ "39275000"
// RTL Simulation : 653 / 1000 [100.00%] @ "39335000"
// RTL Simulation : 654 / 1000 [100.00%] @ "39395000"
// RTL Simulation : 655 / 1000 [100.00%] @ "39455000"
// RTL Simulation : 656 / 1000 [100.00%] @ "39515000"
// RTL Simulation : 657 / 1000 [100.00%] @ "39575000"
// RTL Simulation : 658 / 1000 [100.00%] @ "39635000"
// RTL Simulation : 659 / 1000 [100.00%] @ "39695000"
// RTL Simulation : 660 / 1000 [100.00%] @ "39755000"
// RTL Simulation : 661 / 1000 [100.00%] @ "39815000"
// RTL Simulation : 662 / 1000 [100.00%] @ "39875000"
// RTL Simulation : 663 / 1000 [100.00%] @ "39935000"
// RTL Simulation : 664 / 1000 [100.00%] @ "39995000"
// RTL Simulation : 665 / 1000 [100.00%] @ "40055000"
// RTL Simulation : 666 / 1000 [100.00%] @ "40115000"
// RTL Simulation : 667 / 1000 [100.00%] @ "40175000"
// RTL Simulation : 668 / 1000 [100.00%] @ "40235000"
// RTL Simulation : 669 / 1000 [100.00%] @ "40295000"
// RTL Simulation : 670 / 1000 [100.00%] @ "40355000"
// RTL Simulation : 671 / 1000 [100.00%] @ "40415000"
// RTL Simulation : 672 / 1000 [100.00%] @ "40475000"
// RTL Simulation : 673 / 1000 [100.00%] @ "40535000"
// RTL Simulation : 674 / 1000 [100.00%] @ "40595000"
// RTL Simulation : 675 / 1000 [100.00%] @ "40655000"
// RTL Simulation : 676 / 1000 [100.00%] @ "40715000"
// RTL Simulation : 677 / 1000 [100.00%] @ "40775000"
// RTL Simulation : 678 / 1000 [100.00%] @ "40835000"
// RTL Simulation : 679 / 1000 [100.00%] @ "40895000"
// RTL Simulation : 680 / 1000 [100.00%] @ "40955000"
// RTL Simulation : 681 / 1000 [100.00%] @ "41015000"
// RTL Simulation : 682 / 1000 [100.00%] @ "41075000"
// RTL Simulation : 683 / 1000 [100.00%] @ "41135000"
// RTL Simulation : 684 / 1000 [100.00%] @ "41195000"
// RTL Simulation : 685 / 1000 [100.00%] @ "41255000"
// RTL Simulation : 686 / 1000 [100.00%] @ "41315000"
// RTL Simulation : 687 / 1000 [100.00%] @ "41375000"
// RTL Simulation : 688 / 1000 [100.00%] @ "41435000"
// RTL Simulation : 689 / 1000 [100.00%] @ "41495000"
// RTL Simulation : 690 / 1000 [100.00%] @ "41555000"
// RTL Simulation : 691 / 1000 [100.00%] @ "41615000"
// RTL Simulation : 692 / 1000 [100.00%] @ "41675000"
// RTL Simulation : 693 / 1000 [100.00%] @ "41735000"
// RTL Simulation : 694 / 1000 [100.00%] @ "41795000"
// RTL Simulation : 695 / 1000 [100.00%] @ "41855000"
// RTL Simulation : 696 / 1000 [100.00%] @ "41915000"
// RTL Simulation : 697 / 1000 [100.00%] @ "41975000"
// RTL Simulation : 698 / 1000 [100.00%] @ "42035000"
// RTL Simulation : 699 / 1000 [100.00%] @ "42095000"
// RTL Simulation : 700 / 1000 [100.00%] @ "42155000"
// RTL Simulation : 701 / 1000 [100.00%] @ "42215000"
// RTL Simulation : 702 / 1000 [100.00%] @ "42275000"
// RTL Simulation : 703 / 1000 [100.00%] @ "42335000"
// RTL Simulation : 704 / 1000 [100.00%] @ "42395000"
// RTL Simulation : 705 / 1000 [100.00%] @ "42455000"
// RTL Simulation : 706 / 1000 [100.00%] @ "42515000"
// RTL Simulation : 707 / 1000 [100.00%] @ "42575000"
// RTL Simulation : 708 / 1000 [100.00%] @ "42635000"
// RTL Simulation : 709 / 1000 [100.00%] @ "42695000"
// RTL Simulation : 710 / 1000 [100.00%] @ "42755000"
// RTL Simulation : 711 / 1000 [100.00%] @ "42815000"
// RTL Simulation : 712 / 1000 [100.00%] @ "42875000"
// RTL Simulation : 713 / 1000 [100.00%] @ "42935000"
// RTL Simulation : 714 / 1000 [100.00%] @ "42995000"
// RTL Simulation : 715 / 1000 [100.00%] @ "43055000"
// RTL Simulation : 716 / 1000 [100.00%] @ "43115000"
// RTL Simulation : 717 / 1000 [100.00%] @ "43175000"
// RTL Simulation : 718 / 1000 [100.00%] @ "43235000"
// RTL Simulation : 719 / 1000 [100.00%] @ "43295000"
// RTL Simulation : 720 / 1000 [100.00%] @ "43355000"
// RTL Simulation : 721 / 1000 [100.00%] @ "43415000"
// RTL Simulation : 722 / 1000 [100.00%] @ "43475000"
// RTL Simulation : 723 / 1000 [100.00%] @ "43535000"
// RTL Simulation : 724 / 1000 [100.00%] @ "43595000"
// RTL Simulation : 725 / 1000 [100.00%] @ "43655000"
// RTL Simulation : 726 / 1000 [100.00%] @ "43715000"
// RTL Simulation : 727 / 1000 [100.00%] @ "43775000"
// RTL Simulation : 728 / 1000 [100.00%] @ "43835000"
// RTL Simulation : 729 / 1000 [100.00%] @ "43895000"
// RTL Simulation : 730 / 1000 [100.00%] @ "43955000"
// RTL Simulation : 731 / 1000 [100.00%] @ "44015000"
// RTL Simulation : 732 / 1000 [100.00%] @ "44075000"
// RTL Simulation : 733 / 1000 [100.00%] @ "44135000"
// RTL Simulation : 734 / 1000 [100.00%] @ "44195000"
// RTL Simulation : 735 / 1000 [100.00%] @ "44255000"
// RTL Simulation : 736 / 1000 [100.00%] @ "44315000"
// RTL Simulation : 737 / 1000 [100.00%] @ "44375000"
// RTL Simulation : 738 / 1000 [100.00%] @ "44435000"
// RTL Simulation : 739 / 1000 [100.00%] @ "44495000"
// RTL Simulation : 740 / 1000 [100.00%] @ "44555000"
// RTL Simulation : 741 / 1000 [100.00%] @ "44615000"
// RTL Simulation : 742 / 1000 [100.00%] @ "44675000"
// RTL Simulation : 743 / 1000 [100.00%] @ "44735000"
// RTL Simulation : 744 / 1000 [100.00%] @ "44795000"
// RTL Simulation : 745 / 1000 [100.00%] @ "44855000"
// RTL Simulation : 746 / 1000 [100.00%] @ "44915000"
// RTL Simulation : 747 / 1000 [100.00%] @ "44975000"
// RTL Simulation : 748 / 1000 [100.00%] @ "45035000"
// RTL Simulation : 749 / 1000 [100.00%] @ "45095000"
// RTL Simulation : 750 / 1000 [100.00%] @ "45155000"
// RTL Simulation : 751 / 1000 [100.00%] @ "45215000"
// RTL Simulation : 752 / 1000 [100.00%] @ "45275000"
// RTL Simulation : 753 / 1000 [100.00%] @ "45335000"
// RTL Simulation : 754 / 1000 [100.00%] @ "45395000"
// RTL Simulation : 755 / 1000 [100.00%] @ "45455000"
// RTL Simulation : 756 / 1000 [100.00%] @ "45515000"
// RTL Simulation : 757 / 1000 [100.00%] @ "45575000"
// RTL Simulation : 758 / 1000 [100.00%] @ "45635000"
// RTL Simulation : 759 / 1000 [100.00%] @ "45695000"
// RTL Simulation : 760 / 1000 [100.00%] @ "45755000"
// RTL Simulation : 761 / 1000 [100.00%] @ "45815000"
// RTL Simulation : 762 / 1000 [100.00%] @ "45875000"
// RTL Simulation : 763 / 1000 [100.00%] @ "45935000"
// RTL Simulation : 764 / 1000 [100.00%] @ "45995000"
// RTL Simulation : 765 / 1000 [100.00%] @ "46055000"
// RTL Simulation : 766 / 1000 [100.00%] @ "46115000"
// RTL Simulation : 767 / 1000 [100.00%] @ "46175000"
// RTL Simulation : 768 / 1000 [100.00%] @ "46235000"
// RTL Simulation : 769 / 1000 [100.00%] @ "46295000"
// RTL Simulation : 770 / 1000 [100.00%] @ "46355000"
// RTL Simulation : 771 / 1000 [100.00%] @ "46415000"
// RTL Simulation : 772 / 1000 [100.00%] @ "46475000"
// RTL Simulation : 773 / 1000 [100.00%] @ "46535000"
// RTL Simulation : 774 / 1000 [100.00%] @ "46595000"
// RTL Simulation : 775 / 1000 [100.00%] @ "46655000"
// RTL Simulation : 776 / 1000 [100.00%] @ "46715000"
// RTL Simulation : 777 / 1000 [100.00%] @ "46775000"
// RTL Simulation : 778 / 1000 [100.00%] @ "46835000"
// RTL Simulation : 779 / 1000 [100.00%] @ "46895000"
// RTL Simulation : 780 / 1000 [100.00%] @ "46955000"
// RTL Simulation : 781 / 1000 [100.00%] @ "47015000"
// RTL Simulation : 782 / 1000 [100.00%] @ "47075000"
// RTL Simulation : 783 / 1000 [100.00%] @ "47135000"
// RTL Simulation : 784 / 1000 [100.00%] @ "47195000"
// RTL Simulation : 785 / 1000 [100.00%] @ "47255000"
// RTL Simulation : 786 / 1000 [100.00%] @ "47315000"
// RTL Simulation : 787 / 1000 [100.00%] @ "47375000"
// RTL Simulation : 788 / 1000 [100.00%] @ "47435000"
// RTL Simulation : 789 / 1000 [100.00%] @ "47495000"
// RTL Simulation : 790 / 1000 [100.00%] @ "47555000"
// RTL Simulation : 791 / 1000 [100.00%] @ "47615000"
// RTL Simulation : 792 / 1000 [100.00%] @ "47675000"
// RTL Simulation : 793 / 1000 [100.00%] @ "47735000"
// RTL Simulation : 794 / 1000 [100.00%] @ "47795000"
// RTL Simulation : 795 / 1000 [100.00%] @ "47855000"
// RTL Simulation : 796 / 1000 [100.00%] @ "47915000"
// RTL Simulation : 797 / 1000 [100.00%] @ "47975000"
// RTL Simulation : 798 / 1000 [100.00%] @ "48035000"
// RTL Simulation : 799 / 1000 [100.00%] @ "48095000"
// RTL Simulation : 800 / 1000 [100.00%] @ "48155000"
// RTL Simulation : 801 / 1000 [100.00%] @ "48215000"
// RTL Simulation : 802 / 1000 [100.00%] @ "48275000"
// RTL Simulation : 803 / 1000 [100.00%] @ "48335000"
// RTL Simulation : 804 / 1000 [100.00%] @ "48395000"
// RTL Simulation : 805 / 1000 [100.00%] @ "48455000"
// RTL Simulation : 806 / 1000 [100.00%] @ "48515000"
// RTL Simulation : 807 / 1000 [100.00%] @ "48575000"
// RTL Simulation : 808 / 1000 [100.00%] @ "48635000"
// RTL Simulation : 809 / 1000 [100.00%] @ "48695000"
// RTL Simulation : 810 / 1000 [100.00%] @ "48755000"
// RTL Simulation : 811 / 1000 [100.00%] @ "48815000"
// RTL Simulation : 812 / 1000 [100.00%] @ "48875000"
// RTL Simulation : 813 / 1000 [100.00%] @ "48935000"
// RTL Simulation : 814 / 1000 [100.00%] @ "48995000"
// RTL Simulation : 815 / 1000 [100.00%] @ "49055000"
// RTL Simulation : 816 / 1000 [100.00%] @ "49115000"
// RTL Simulation : 817 / 1000 [100.00%] @ "49175000"
// RTL Simulation : 818 / 1000 [100.00%] @ "49235000"
// RTL Simulation : 819 / 1000 [100.00%] @ "49295000"
// RTL Simulation : 820 / 1000 [100.00%] @ "49355000"
// RTL Simulation : 821 / 1000 [100.00%] @ "49415000"
// RTL Simulation : 822 / 1000 [100.00%] @ "49475000"
// RTL Simulation : 823 / 1000 [100.00%] @ "49535000"
// RTL Simulation : 824 / 1000 [100.00%] @ "49595000"
// RTL Simulation : 825 / 1000 [100.00%] @ "49655000"
// RTL Simulation : 826 / 1000 [100.00%] @ "49715000"
// RTL Simulation : 827 / 1000 [100.00%] @ "49775000"
// RTL Simulation : 828 / 1000 [100.00%] @ "49835000"
// RTL Simulation : 829 / 1000 [100.00%] @ "49895000"
// RTL Simulation : 830 / 1000 [100.00%] @ "49955000"
// RTL Simulation : 831 / 1000 [100.00%] @ "50015000"
// RTL Simulation : 832 / 1000 [100.00%] @ "50075000"
// RTL Simulation : 833 / 1000 [100.00%] @ "50135000"
// RTL Simulation : 834 / 1000 [100.00%] @ "50195000"
// RTL Simulation : 835 / 1000 [100.00%] @ "50255000"
// RTL Simulation : 836 / 1000 [100.00%] @ "50315000"
// RTL Simulation : 837 / 1000 [100.00%] @ "50375000"
// RTL Simulation : 838 / 1000 [100.00%] @ "50435000"
// RTL Simulation : 839 / 1000 [100.00%] @ "50495000"
// RTL Simulation : 840 / 1000 [100.00%] @ "50555000"
// RTL Simulation : 841 / 1000 [100.00%] @ "50615000"
// RTL Simulation : 842 / 1000 [100.00%] @ "50675000"
// RTL Simulation : 843 / 1000 [100.00%] @ "50735000"
// RTL Simulation : 844 / 1000 [100.00%] @ "50795000"
// RTL Simulation : 845 / 1000 [100.00%] @ "50855000"
// RTL Simulation : 846 / 1000 [100.00%] @ "50915000"
// RTL Simulation : 847 / 1000 [100.00%] @ "50975000"
// RTL Simulation : 848 / 1000 [100.00%] @ "51035000"
// RTL Simulation : 849 / 1000 [100.00%] @ "51095000"
// RTL Simulation : 850 / 1000 [100.00%] @ "51155000"
// RTL Simulation : 851 / 1000 [100.00%] @ "51215000"
// RTL Simulation : 852 / 1000 [100.00%] @ "51275000"
// RTL Simulation : 853 / 1000 [100.00%] @ "51335000"
// RTL Simulation : 854 / 1000 [100.00%] @ "51395000"
// RTL Simulation : 855 / 1000 [100.00%] @ "51455000"
// RTL Simulation : 856 / 1000 [100.00%] @ "51515000"
// RTL Simulation : 857 / 1000 [100.00%] @ "51575000"
// RTL Simulation : 858 / 1000 [100.00%] @ "51635000"
// RTL Simulation : 859 / 1000 [100.00%] @ "51695000"
// RTL Simulation : 860 / 1000 [100.00%] @ "51755000"
// RTL Simulation : 861 / 1000 [100.00%] @ "51815000"
// RTL Simulation : 862 / 1000 [100.00%] @ "51875000"
// RTL Simulation : 863 / 1000 [100.00%] @ "51935000"
// RTL Simulation : 864 / 1000 [100.00%] @ "51995000"
// RTL Simulation : 865 / 1000 [100.00%] @ "52055000"
// RTL Simulation : 866 / 1000 [100.00%] @ "52115000"
// RTL Simulation : 867 / 1000 [100.00%] @ "52175000"
// RTL Simulation : 868 / 1000 [100.00%] @ "52235000"
// RTL Simulation : 869 / 1000 [100.00%] @ "52295000"
// RTL Simulation : 870 / 1000 [100.00%] @ "52355000"
// RTL Simulation : 871 / 1000 [100.00%] @ "52415000"
// RTL Simulation : 872 / 1000 [100.00%] @ "52475000"
// RTL Simulation : 873 / 1000 [100.00%] @ "52535000"
// RTL Simulation : 874 / 1000 [100.00%] @ "52595000"
// RTL Simulation : 875 / 1000 [100.00%] @ "52655000"
// RTL Simulation : 876 / 1000 [100.00%] @ "52715000"
// RTL Simulation : 877 / 1000 [100.00%] @ "52775000"
// RTL Simulation : 878 / 1000 [100.00%] @ "52835000"
// RTL Simulation : 879 / 1000 [100.00%] @ "52895000"
// RTL Simulation : 880 / 1000 [100.00%] @ "52955000"
// RTL Simulation : 881 / 1000 [100.00%] @ "53015000"
// RTL Simulation : 882 / 1000 [100.00%] @ "53075000"
// RTL Simulation : 883 / 1000 [100.00%] @ "53135000"
// RTL Simulation : 884 / 1000 [100.00%] @ "53195000"
// RTL Simulation : 885 / 1000 [100.00%] @ "53255000"
// RTL Simulation : 886 / 1000 [100.00%] @ "53315000"
// RTL Simulation : 887 / 1000 [100.00%] @ "53375000"
// RTL Simulation : 888 / 1000 [100.00%] @ "53435000"
// RTL Simulation : 889 / 1000 [100.00%] @ "53495000"
// RTL Simulation : 890 / 1000 [100.00%] @ "53555000"
// RTL Simulation : 891 / 1000 [100.00%] @ "53615000"
// RTL Simulation : 892 / 1000 [100.00%] @ "53675000"
// RTL Simulation : 893 / 1000 [100.00%] @ "53735000"
// RTL Simulation : 894 / 1000 [100.00%] @ "53795000"
// RTL Simulation : 895 / 1000 [100.00%] @ "53855000"
// RTL Simulation : 896 / 1000 [100.00%] @ "53915000"
// RTL Simulation : 897 / 1000 [100.00%] @ "53975000"
// RTL Simulation : 898 / 1000 [100.00%] @ "54035000"
// RTL Simulation : 899 / 1000 [100.00%] @ "54095000"
// RTL Simulation : 900 / 1000 [100.00%] @ "54155000"
// RTL Simulation : 901 / 1000 [100.00%] @ "54215000"
// RTL Simulation : 902 / 1000 [100.00%] @ "54275000"
// RTL Simulation : 903 / 1000 [100.00%] @ "54335000"
// RTL Simulation : 904 / 1000 [100.00%] @ "54395000"
// RTL Simulation : 905 / 1000 [100.00%] @ "54455000"
// RTL Simulation : 906 / 1000 [100.00%] @ "54515000"
// RTL Simulation : 907 / 1000 [100.00%] @ "54575000"
// RTL Simulation : 908 / 1000 [100.00%] @ "54635000"
// RTL Simulation : 909 / 1000 [100.00%] @ "54695000"
// RTL Simulation : 910 / 1000 [100.00%] @ "54755000"
// RTL Simulation : 911 / 1000 [100.00%] @ "54815000"
// RTL Simulation : 912 / 1000 [100.00%] @ "54875000"
// RTL Simulation : 913 / 1000 [100.00%] @ "54935000"
// RTL Simulation : 914 / 1000 [100.00%] @ "54995000"
// RTL Simulation : 915 / 1000 [100.00%] @ "55055000"
// RTL Simulation : 916 / 1000 [100.00%] @ "55115000"
// RTL Simulation : 917 / 1000 [100.00%] @ "55175000"
// RTL Simulation : 918 / 1000 [100.00%] @ "55235000"
// RTL Simulation : 919 / 1000 [100.00%] @ "55295000"
// RTL Simulation : 920 / 1000 [100.00%] @ "55355000"
// RTL Simulation : 921 / 1000 [100.00%] @ "55415000"
// RTL Simulation : 922 / 1000 [100.00%] @ "55475000"
// RTL Simulation : 923 / 1000 [100.00%] @ "55535000"
// RTL Simulation : 924 / 1000 [100.00%] @ "55595000"
// RTL Simulation : 925 / 1000 [100.00%] @ "55655000"
// RTL Simulation : 926 / 1000 [100.00%] @ "55715000"
// RTL Simulation : 927 / 1000 [100.00%] @ "55775000"
// RTL Simulation : 928 / 1000 [100.00%] @ "55835000"
// RTL Simulation : 929 / 1000 [100.00%] @ "55895000"
// RTL Simulation : 930 / 1000 [100.00%] @ "55955000"
// RTL Simulation : 931 / 1000 [100.00%] @ "56015000"
// RTL Simulation : 932 / 1000 [100.00%] @ "56075000"
// RTL Simulation : 933 / 1000 [100.00%] @ "56135000"
// RTL Simulation : 934 / 1000 [100.00%] @ "56195000"
// RTL Simulation : 935 / 1000 [100.00%] @ "56255000"
// RTL Simulation : 936 / 1000 [100.00%] @ "56315000"
// RTL Simulation : 937 / 1000 [100.00%] @ "56375000"
// RTL Simulation : 938 / 1000 [100.00%] @ "56435000"
// RTL Simulation : 939 / 1000 [100.00%] @ "56495000"
// RTL Simulation : 940 / 1000 [100.00%] @ "56555000"
// RTL Simulation : 941 / 1000 [100.00%] @ "56615000"
// RTL Simulation : 942 / 1000 [100.00%] @ "56675000"
// RTL Simulation : 943 / 1000 [100.00%] @ "56735000"
// RTL Simulation : 944 / 1000 [100.00%] @ "56795000"
// RTL Simulation : 945 / 1000 [100.00%] @ "56855000"
// RTL Simulation : 946 / 1000 [100.00%] @ "56915000"
// RTL Simulation : 947 / 1000 [100.00%] @ "56975000"
// RTL Simulation : 948 / 1000 [100.00%] @ "57035000"
// RTL Simulation : 949 / 1000 [100.00%] @ "57095000"
// RTL Simulation : 950 / 1000 [100.00%] @ "57155000"
// RTL Simulation : 951 / 1000 [100.00%] @ "57215000"
// RTL Simulation : 952 / 1000 [100.00%] @ "57275000"
// RTL Simulation : 953 / 1000 [100.00%] @ "57335000"
// RTL Simulation : 954 / 1000 [100.00%] @ "57395000"
// RTL Simulation : 955 / 1000 [100.00%] @ "57455000"
// RTL Simulation : 956 / 1000 [100.00%] @ "57515000"
// RTL Simulation : 957 / 1000 [100.00%] @ "57575000"
// RTL Simulation : 958 / 1000 [100.00%] @ "57635000"
// RTL Simulation : 959 / 1000 [100.00%] @ "57695000"
// RTL Simulation : 960 / 1000 [100.00%] @ "57755000"
// RTL Simulation : 961 / 1000 [100.00%] @ "57815000"
// RTL Simulation : 962 / 1000 [100.00%] @ "57875000"
// RTL Simulation : 963 / 1000 [100.00%] @ "57935000"
// RTL Simulation : 964 / 1000 [100.00%] @ "57995000"
// RTL Simulation : 965 / 1000 [100.00%] @ "58055000"
// RTL Simulation : 966 / 1000 [100.00%] @ "58115000"
// RTL Simulation : 967 / 1000 [100.00%] @ "58175000"
// RTL Simulation : 968 / 1000 [100.00%] @ "58235000"
// RTL Simulation : 969 / 1000 [100.00%] @ "58295000"
// RTL Simulation : 970 / 1000 [100.00%] @ "58355000"
// RTL Simulation : 971 / 1000 [100.00%] @ "58415000"
// RTL Simulation : 972 / 1000 [100.00%] @ "58475000"
// RTL Simulation : 973 / 1000 [100.00%] @ "58535000"
// RTL Simulation : 974 / 1000 [100.00%] @ "58595000"
// RTL Simulation : 975 / 1000 [100.00%] @ "58655000"
// RTL Simulation : 976 / 1000 [100.00%] @ "58715000"
// RTL Simulation : 977 / 1000 [100.00%] @ "58775000"
// RTL Simulation : 978 / 1000 [100.00%] @ "58835000"
// RTL Simulation : 979 / 1000 [100.00%] @ "58895000"
// RTL Simulation : 980 / 1000 [100.00%] @ "58955000"
// RTL Simulation : 981 / 1000 [100.00%] @ "59015000"
// RTL Simulation : 982 / 1000 [100.00%] @ "59075000"
// RTL Simulation : 983 / 1000 [100.00%] @ "59135000"
// RTL Simulation : 984 / 1000 [100.00%] @ "59195000"
// RTL Simulation : 985 / 1000 [100.00%] @ "59255000"
// RTL Simulation : 986 / 1000 [100.00%] @ "59315000"
// RTL Simulation : 987 / 1000 [100.00%] @ "59375000"
// RTL Simulation : 988 / 1000 [100.00%] @ "59435000"
// RTL Simulation : 989 / 1000 [100.00%] @ "59495000"
// RTL Simulation : 990 / 1000 [100.00%] @ "59555000"
// RTL Simulation : 991 / 1000 [100.00%] @ "59615000"
// RTL Simulation : 992 / 1000 [100.00%] @ "59675000"
// RTL Simulation : 993 / 1000 [100.00%] @ "59735000"
// RTL Simulation : 994 / 1000 [100.00%] @ "59795000"
// RTL Simulation : 995 / 1000 [100.00%] @ "59855000"
// RTL Simulation : 996 / 1000 [100.00%] @ "59915000"
// RTL Simulation : 997 / 1000 [100.00%] @ "59975000"
// RTL Simulation : 998 / 1000 [100.00%] @ "60035000"
// RTL Simulation : 999 / 1000 [100.00%] @ "60095000"
// RTL Simulation : 1000 / 1000 [100.00%] @ "60155000"
////////////////////////////////////////////////////////////////////////////////////
$finish called at time : 60225 ns : File "C:/Xilinx/2025.1/Vivado/data/system_verilog/uvm_1.2/xlnx_uvm_package.sv" Line 18699
## quit
INFO: [Common 17-206] Exiting xsim at Mon Jul 14 16:41:40 2025...
*******************************************
PASS: The output matches the ans output!
*******************************************
