

================================================================
== Vitis HLS Report for 'chunkProcessor_Pipeline_VITIS_LOOP_27_2'
================================================================
* Date:           Fri Aug  1 13:55:28 2025

* Version:        2025.1 (Build 6135595 on May 21 2025)
* Project:        sha512Accel
* Solution:       hls (Vivado IP Flow Target)
* Product family: aspartan7
* Target device:  xa7s6-cpga196-2I


================================================================
== Performance Estimates
================================================================
+ Timing: 
    * Summary: 
    +--------+----------+----------+------------+
    |  Clock |  Target  | Estimated| Uncertainty|
    +--------+----------+----------+------------+
    |ap_clk  |  10.00 ns|  7.262 ns|     2.70 ns|
    +--------+----------+----------+------------+

+ Latency: 
    * Summary: 
    +---------+---------+----------+----------+-----+-----+------------------------------------------------+
    |  Latency (cycles) |  Latency (absolute) |  Interval |                    Pipeline                    |
    |   min   |   max   |    min   |    max   | min | max |                      Type                      |
    +---------+---------+----------+----------+-----+-----+------------------------------------------------+
    |      164|      164|  1.640 us|  1.640 us|  162|  162|  loop auto-rewind stp (delay=0 clock cycles(s))|
    +---------+---------+----------+----------+-----+-----+------------------------------------------------+

    + Detail: 
        * Instance: 
        N/A

        * Loop: 
        +-------------------+---------+---------+----------+-----------+-----------+------+----------+
        |                   |  Latency (cycles) | Iteration|  Initiation Interval  | Trip |          |
        |     Loop Name     |   min   |   max   |  Latency |  achieved |   target  | Count| Pipelined|
        +-------------------+---------+---------+----------+-----------+-----------+------+----------+
        |- VITIS_LOOP_27_2  |      162|      162|         4|          2|          1|    80|       yes|
        +-------------------+---------+---------+----------+-----------+-----------+------+----------+



================================================================
== Utilization Estimates
================================================================
* Summary: 
+-----------------+---------+----+------+------+-----+
|       Name      | BRAM_18K| DSP|  FF  |  LUT | URAM|
+-----------------+---------+----+------+------+-----+
|DSP              |        -|   -|     -|     -|    -|
|Expression       |        -|   -|     0|  1267|    -|
|FIFO             |        -|   -|     -|     -|    -|
|Instance         |        -|   -|     -|     -|    -|
|Memory           |        2|   -|     0|     0|    -|
|Multiplexer      |        -|   -|     0|   150|    -|
|Register         |        -|   -|  1039|     -|    -|
+-----------------+---------+----+------+------+-----+
|Total            |        2|   0|  1039|  1417|    0|
+-----------------+---------+----+------+------+-----+
|Available        |       10|  10|  7500|  3750|    0|
+-----------------+---------+----+------+------+-----+
|Utilization (%)  |       20|   0|    13|    37|    0|
+-----------------+---------+----+------+------+-----+

+ Detail: 
    * Instance: 
    N/A

    * DSP: 
    N/A

    * Memory: 
    +-----------+-------------------------------------------------------------+---------+---+----+-----+------+-----+------+-------------+
    |   Memory  |                            Module                           | BRAM_18K| FF| LUT| URAM| Words| Bits| Banks| W*Bits*Banks|
    +-----------+-------------------------------------------------------------+---------+---+----+-----+------+-----+------+-------------+
    |kValues_U  |chunkProcessor_Pipeline_VITIS_LOOP_27_2_kValues_ROM_AUTO_1R  |        2|  0|   0|    0|    80|   64|     1|         5120|
    +-----------+-------------------------------------------------------------+---------+---+----+-----+------+-----+------+-------------+
    |Total      |                                                             |        2|  0|   0|    0|    80|   64|     1|         5120|
    +-----------+-------------------------------------------------------------+---------+---+----+-----+------+-----+------+-------------+

    * FIFO: 
    N/A

    * Expression: 
    +----------------------+----------+----+---+----+------------+------------+
    |     Variable Name    | Operation| DSP| FF| LUT| Bitwidth P0| Bitwidth P1|
    +----------------------+----------+----+---+----+------------+------------+
    |add_ln13_1_fu_478_p2  |         +|   0|  0|  64|          64|          64|
    |add_ln13_2_fu_483_p2  |         +|   0|  0|  71|          64|          64|
    |add_ln13_fu_376_p2    |         +|   0|  0|  71|          64|          64|
    |add_ln15_2_fu_607_p2  |         +|   0|  0|  64|          64|          64|
    |add_ln15_fu_602_p2    |         +|   0|  0|  64|          64|          64|
    |add_ln19_fu_613_p2    |         +|   0|  0|  71|          64|          64|
    |add_ln27_fu_326_p2    |         +|   0|  0|  14|           7|           1|
    |t1_fu_488_p2          |         +|   0|  0|  64|          64|          64|
    |and_ln13_1_fu_364_p2  |       and|   0|  0|  64|          64|          64|
    |and_ln13_fu_358_p2    |       and|   0|  0|  64|          64|          64|
    |and_ln15_1_fu_556_p2  |       and|   0|  0|  64|          64|          64|
    |and_ln15_fu_551_p2    |       and|   0|  0|  64|          64|          64|
    |icmp_ln27_fu_320_p2   |      icmp|   0|  0|  14|           7|           7|
    |or_ln13_fu_370_p2     |        or|   0|  0|  64|          64|          64|
    |or_ln15_3_fu_576_p2   |        or|   0|  0|  64|          64|          64|
    |or_ln15_fu_547_p2     |        or|   0|  0|  64|          64|          64|
    |ap_enable_pp0         |       xor|   0|  0|   2|           1|           2|
    |xor_ln13_1_fu_466_p2  |       xor|   0|  0|  64|          64|          64|
    |xor_ln13_2_fu_472_p2  |       xor|   0|  0|  64|          64|          64|
    |xor_ln13_fu_352_p2    |       xor|   0|  0|  64|          64|           2|
    |xor_ln15_1_fu_596_p2  |       xor|   0|  0|  64|          64|          64|
    |xor_ln15_fu_590_p2    |       xor|   0|  0|  64|          64|          64|
    +----------------------+----------+----+---+----+------------+------------+
    |Total                 |          |   0|  0|1267|        1231|        1164|
    +----------------------+----------+----+---+----+------------+------------+

    * Multiplexer: 
    +------------------------------------+----+-----------+-----+-----------+
    |                Name                | LUT| Input Size| Bits| Total Bits|
    +------------------------------------+----+-----------+-----+-----------+
    |add_i26_i251347_fu_122              |   9|          2|   64|        128|
    |add_i26_i25134_fu_134               |   9|          2|   64|        128|
    |add_i26_i2513_fu_110                |   9|          2|   64|        128|
    |add_i26_i251_fu_130                 |   9|          2|   64|        128|
    |ap_NS_fsm                           |  15|          3|    1|          3|
    |ap_done_int                         |   9|          2|    1|          2|
    |ap_enable_reg_pp0_iter0             |   9|          2|    1|          2|
    |ap_enable_reg_pp0_iter1             |   9|          2|    1|          2|
    |ap_loop_exit_ready_pp0_iter1_reg    |   9|          2|    1|          2|
    |ap_sig_allocacmp_add_i26_i251_load  |   9|          2|   64|        128|
    |ap_sig_allocacmp_i_3                |   9|          2|    7|         14|
    |i_fu_106                            |   9|          2|    7|         14|
    |thr_add562568_fu_126                |   9|          2|   64|        128|
    |thr_add56256_fu_138                 |   9|          2|   64|        128|
    |thr_add5625_fu_114                  |   9|          2|   64|        128|
    |thr_add562_fu_118                   |   9|          2|   64|        128|
    +------------------------------------+----+-----------+-----+-----------+
    |Total                               | 150|         33|  595|       1191|
    +------------------------------------+----+-----------+-----+-----------+

    * Register: 
    +----------------------------------+----+----+-----+-----------+
    |               Name               | FF | LUT| Bits| Const Bits|
    +----------------------------------+----+----+-----+-----------+
    |add_i26_i251347_fu_122            |  64|   0|   64|          0|
    |add_i26_i25134_fu_134             |  64|   0|   64|          0|
    |add_i26_i25134_load_reg_740       |  64|   0|   64|          0|
    |add_i26_i2513_fu_110              |  64|   0|   64|          0|
    |add_i26_i251_fu_130               |  64|   0|   64|          0|
    |add_i26_i251_load_reg_729         |  64|   0|   64|          0|
    |add_ln13_reg_751                  |  64|   0|   64|          0|
    |ap_CS_fsm                         |   2|   0|    2|          0|
    |ap_done_reg                       |   1|   0|    1|          0|
    |ap_enable_reg_pp0_iter0_reg       |   1|   0|    1|          0|
    |ap_enable_reg_pp0_iter1           |   1|   0|    1|          0|
    |ap_loop_exit_ready_pp0_iter1_reg  |   1|   0|    1|          0|
    |i_fu_106                          |   7|   0|    7|          0|
    |icmp_ln27_reg_715                 |   1|   0|    1|          0|
    |icmp_ln27_reg_715_pp0_iter1_reg   |   1|   0|    1|          0|
    |or_ln13_reg_746                   |  64|   0|   64|          0|
    |t1_reg_780                        |  64|   0|   64|          0|
    |thr_add562568_fu_126              |  64|   0|   64|          0|
    |thr_add56256_fu_138               |  64|   0|   64|          0|
    |thr_add56256_load_reg_767         |  64|   0|   64|          0|
    |thr_add5625_fu_114                |  64|   0|   64|          0|
    |thr_add5625_load_reg_774          |  64|   0|   64|          0|
    |thr_add562_fu_118                 |  64|   0|   64|          0|
    |thr_add562_load_reg_756           |  64|   0|   64|          0|
    +----------------------------------+----+----+-----+-----------+
    |Total                             |1039|   0| 1039|          0|
    +----------------------------------+----+----+-----+-----------+



================================================================
== Interface
================================================================
* Summary: 
+----------------------------+-----+-----+------------+-----------------------------------------+--------------+
|          RTL Ports         | Dir | Bits|  Protocol  |              Source Object              |    C Type    |
+----------------------------+-----+-----+------------+-----------------------------------------+--------------+
|ap_clk                      |   in|    1|  ap_ctrl_hs|  chunkProcessor_Pipeline_VITIS_LOOP_27_2|  return value|
|ap_rst                      |   in|    1|  ap_ctrl_hs|  chunkProcessor_Pipeline_VITIS_LOOP_27_2|  return value|
|ap_start                    |   in|    1|  ap_ctrl_hs|  chunkProcessor_Pipeline_VITIS_LOOP_27_2|  return value|
|ap_done                     |  out|    1|  ap_ctrl_hs|  chunkProcessor_Pipeline_VITIS_LOOP_27_2|  return value|
|ap_idle                     |  out|    1|  ap_ctrl_hs|  chunkProcessor_Pipeline_VITIS_LOOP_27_2|  return value|
|ap_ready                    |  out|    1|  ap_ctrl_hs|  chunkProcessor_Pipeline_VITIS_LOOP_27_2|  return value|
|wvars_load_7                |   in|   64|     ap_none|                             wvars_load_7|        scalar|
|wvars_load_6                |   in|   64|     ap_none|                             wvars_load_6|        scalar|
|wvars_load_5                |   in|   64|     ap_none|                             wvars_load_5|        scalar|
|wvars_load_4                |   in|   64|     ap_none|                             wvars_load_4|        scalar|
|wvars_load_3                |   in|   64|     ap_none|                             wvars_load_3|        scalar|
|wvars_load_2                |   in|   64|     ap_none|                             wvars_load_2|        scalar|
|wvars_load_1                |   in|   64|     ap_none|                             wvars_load_1|        scalar|
|wvars_load                  |   in|   64|     ap_none|                               wvars_load|        scalar|
|wValues_address0            |  out|    7|   ap_memory|                                  wValues|         array|
|wValues_ce0                 |  out|    1|   ap_memory|                                  wValues|         array|
|wValues_q0                  |   in|   64|   ap_memory|                                  wValues|         array|
|thr_add562568_out           |  out|   64|      ap_vld|                        thr_add562568_out|       pointer|
|thr_add562568_out_ap_vld    |  out|    1|      ap_vld|                        thr_add562568_out|       pointer|
|add_i26_i251347_out         |  out|   64|      ap_vld|                      add_i26_i251347_out|       pointer|
|add_i26_i251347_out_ap_vld  |  out|    1|      ap_vld|                      add_i26_i251347_out|       pointer|
|thr_add56256_out            |  out|   64|      ap_vld|                         thr_add56256_out|       pointer|
|thr_add56256_out_ap_vld     |  out|    1|      ap_vld|                         thr_add56256_out|       pointer|
|thr_add5625_out             |  out|   64|      ap_vld|                          thr_add5625_out|       pointer|
|thr_add5625_out_ap_vld      |  out|    1|      ap_vld|                          thr_add5625_out|       pointer|
|add_i26_i25134_out          |  out|   64|      ap_vld|                       add_i26_i25134_out|       pointer|
|add_i26_i25134_out_ap_vld   |  out|    1|      ap_vld|                       add_i26_i25134_out|       pointer|
|add_i26_i2513_out           |  out|   64|      ap_vld|                        add_i26_i2513_out|       pointer|
|add_i26_i2513_out_ap_vld    |  out|    1|      ap_vld|                        add_i26_i2513_out|       pointer|
|thr_add562_out              |  out|   64|      ap_vld|                           thr_add562_out|       pointer|
|thr_add562_out_ap_vld       |  out|    1|      ap_vld|                           thr_add562_out|       pointer|
|add_i26_i251_out            |  out|   64|      ap_vld|                         add_i26_i251_out|       pointer|
|add_i26_i251_out_ap_vld     |  out|    1|      ap_vld|                         add_i26_i251_out|       pointer|
+----------------------------+-----+-----+------------+-----------------------------------------+--------------+

