

================================================================
== Vitis HLS Report for 'chunkProcessor'
================================================================
* Date:           Fri Aug  1 13:55:29 2025

* Version:        2025.1 (Build 6135595 on May 21 2025)
* Project:        sha512Accel
* Solution:       hls (Vivado IP Flow Target)
* Product family: aspartan7
* Target device:  xa7s6-cpga196-2I


================================================================
== Performance Estimates
================================================================
+ Timing: 
    * Summary: 
    +--------+----------+----------+------------+
    |  Clock |  Target  | Estimated| Uncertainty|
    +--------+----------+----------+------------+
    |ap_clk  |  10.00 ns|  7.262 ns|     2.70 ns|
    +--------+----------+----------+------------+

+ Latency: 
    * Summary: 
    +---------+---------+----------+----------+-----+-----+---------+
    |  Latency (cycles) |  Latency (absolute) |  Interval | Pipeline|
    |   min   |   max   |    min   |    max   | min | max |   Type  |
    +---------+---------+----------+----------+-----+-----+---------+
    |      336|      336|  3.360 us|  3.360 us|  336|  336|       no|
    +---------+---------+----------+----------+-----+-----+---------+

    + Detail: 
        * Instance: 
        +----------------------------------------------------+-----------------------------------------+---------+---------+----------+----------+-----+-----+------------------------------------------------+
        |                                                    |                                         |  Latency (cycles) |  Latency (absolute) |  Interval |                    Pipeline                    |
        |                      Instance                      |                  Module                 |   min   |   max   |    min   |    max   | min | max |                      Type                      |
        +----------------------------------------------------+-----------------------------------------+---------+---------+----------+----------+-----+-----+------------------------------------------------+
        |grp_chunkProcessor_Pipeline_VITIS_LOOP_8_1_fu_147   |chunkProcessor_Pipeline_VITIS_LOOP_8_1   |       18|       18|  0.180 us|  0.180 us|   17|   17|  loop auto-rewind stp (delay=0 clock cycles(s))|
        |grp_chunkProcessor_Pipeline_VITIS_LOOP_24_1_fu_155  |chunkProcessor_Pipeline_VITIS_LOOP_24_1  |       10|       10|  0.100 us|  0.100 us|    9|    9|  loop auto-rewind stp (delay=0 clock cycles(s))|
        |grp_chunkProcessor_Pipeline_VITIS_LOOP_11_2_fu_163  |chunkProcessor_Pipeline_VITIS_LOOP_11_2  |      131|      131|  1.310 us|  1.310 us|  130|  130|  loop auto-rewind stp (delay=0 clock cycles(s))|
        |grp_chunkProcessor_Pipeline_VITIS_LOOP_27_2_fu_168  |chunkProcessor_Pipeline_VITIS_LOOP_27_2  |      164|      164|  1.640 us|  1.640 us|  162|  162|  loop auto-rewind stp (delay=0 clock cycles(s))|
        |grp_chunkProcessor_Pipeline_VITIS_LOOP_34_4_fu_193  |chunkProcessor_Pipeline_VITIS_LOOP_34_4  |       10|       10|  0.100 us|  0.100 us|    9|    9|  loop auto-rewind stp (delay=0 clock cycles(s))|
        +----------------------------------------------------+-----------------------------------------+---------+---------+----------+----------+-----+-----+------------------------------------------------+

        * Loop: 
        N/A



================================================================
== Utilization Estimates
================================================================
* Summary: 
+-----------------+---------+----+------+------+-----+
|       Name      | BRAM_18K| DSP|  FF  |  LUT | URAM|
+-----------------+---------+----+------+------+-----+
|DSP              |        -|   -|     -|     -|    -|
|Expression       |        -|   -|     0|     4|    -|
|FIFO             |        -|   -|     -|     -|    -|
|Instance         |        2|   -|  1293|  2312|    -|
|Memory           |        8|   -|   128|     8|    0|
|Multiplexer      |        -|   -|     0|   367|    -|
|Register         |        -|   -|   531|     -|    -|
+-----------------+---------+----+------+------+-----+
|Total            |       10|   0|  1952|  2691|    0|
+-----------------+---------+----+------+------+-----+
|Available        |       10|  10|  7500|  3750|    0|
+-----------------+---------+----+------+------+-----+
|Utilization (%)  |      100|   0|    26|    71|    0|
+-----------------+---------+----+------+------+-----+

+ Detail: 
    * Instance: 
    +----------------------------------------------------+-----------------------------------------+---------+----+------+------+-----+
    |                      Instance                      |                  Module                 | BRAM_18K| DSP|  FF  |  LUT | URAM|
    +----------------------------------------------------+-----------------------------------------+---------+----+------+------+-----+
    |grp_chunkProcessor_Pipeline_VITIS_LOOP_11_2_fu_163  |chunkProcessor_Pipeline_VITIS_LOOP_11_2  |        0|   0|   219|   631|    0|
    |grp_chunkProcessor_Pipeline_VITIS_LOOP_24_1_fu_155  |chunkProcessor_Pipeline_VITIS_LOOP_24_1  |        0|   0|    11|    64|    0|
    |grp_chunkProcessor_Pipeline_VITIS_LOOP_27_2_fu_168  |chunkProcessor_Pipeline_VITIS_LOOP_27_2  |        2|   0|  1039|  1417|    0|
    |grp_chunkProcessor_Pipeline_VITIS_LOOP_34_4_fu_193  |chunkProcessor_Pipeline_VITIS_LOOP_34_4  |        0|   0|    11|   135|    0|
    |grp_chunkProcessor_Pipeline_VITIS_LOOP_8_1_fu_147   |chunkProcessor_Pipeline_VITIS_LOOP_8_1   |        0|   0|    13|    65|    0|
    +----------------------------------------------------+-----------------------------------------+---------+----+------+------+-----+
    |Total                                               |                                         |        2|   0|  1293|  2312|    0|
    +----------------------------------------------------+-----------------------------------------+---------+----+------+------+-----+

    * DSP: 
    N/A

    * Memory: 
    +-----------+-------------------------------------------+---------+-----+----+-----+------+-----+------+-------------+
    |   Memory  |                   Module                  | BRAM_18K|  FF | LUT| URAM| Words| Bits| Banks| W*Bits*Banks|
    +-----------+-------------------------------------------+---------+-----+----+-----+------+-----+------+-------------+
    |wValues_U  |chunkProcessor_wValues_RAM_1WNR_AUTO_1R1W  |        8|    0|   0|    0|    80|   64|     1|         5120|
    |wvars_U    |chunkProcessor_wvars_RAM_AUTO_1R1W         |        0|  128|   8|    0|     8|   64|     1|          512|
    +-----------+-------------------------------------------+---------+-----+----+-----+------+-----+------+-------------+
    |Total      |                                           |        8|  128|   8|    0|    88|  128|     2|         5632|
    +-----------+-------------------------------------------+---------+-----+----+-----+------+-----+------+-------------+

    * FIFO: 
    N/A

    * Expression: 
    +---------------------------------+----------+----+---+----+------------+------------+
    |          Variable Name          | Operation| DSP| FF| LUT| Bitwidth P0| Bitwidth P1|
    +---------------------------------+----------+----+---+----+------------+------------+
    |ap_block_state2_on_subcall_done  |        or|   0|  0|   2|           1|           1|
    |wvars_we0                        |        or|   0|  0|   2|           1|           1|
    +---------------------------------+----------+----+---+----+------------+------------+
    |Total                            |          |   0|  0|   4|           2|           2|
    +---------------------------------+----------+----+---+----+------------+------------+

    * Multiplexer: 
    +----------------------+----+-----------+-----+-----------+
    |         Name         | LUT| Input Size| Bits| Total Bits|
    +----------------------+----+-----------+-----+-----------+
    |ap_NS_fsm             |  61|         15|    1|         15|
    |input_r_address0      |  15|          3|    3|          9|
    |input_r_ce0           |  15|          3|    1|          3|
    |wValues_address0      |  21|          4|    7|         28|
    |wValues_ce0           |  21|          4|    1|          4|
    |wValues_ce1           |   9|          2|    1|          2|
    |wValues_ce2           |   9|          2|    1|          2|
    |wValues_d0            |  15|          3|   64|        192|
    |wValues_we0           |  15|          3|    1|          3|
    |wvars_address0        |  15|          3|    3|          9|
    |wvars_address0_local  |  42|          9|    3|         27|
    |wvars_address1_local  |  42|          9|    3|         27|
    |wvars_ce0             |  15|          3|    1|          3|
    |wvars_d0              |   9|          2|   64|        128|
    |wvars_d0_local        |  27|          5|   64|        320|
    |wvars_d1_local        |  27|          5|   64|        320|
    |wvars_we0             |   9|          2|    1|          2|
    +----------------------+----+-----------+-----+-----------+
    |Total                 | 367|         77|  283|       1094|
    +----------------------+----+-----------+-----+-----------+

    * Register: 
    +-----------------------------------------------------------------+----+----+-----+-----------+
    |                               Name                              | FF | LUT| Bits| Const Bits|
    +-----------------------------------------------------------------+----+----+-----+-----------+
    |ap_CS_fsm                                                        |  14|   0|   14|          0|
    |grp_chunkProcessor_Pipeline_VITIS_LOOP_11_2_fu_163_ap_start_reg  |   1|   0|    1|          0|
    |grp_chunkProcessor_Pipeline_VITIS_LOOP_24_1_fu_155_ap_start_reg  |   1|   0|    1|          0|
    |grp_chunkProcessor_Pipeline_VITIS_LOOP_27_2_fu_168_ap_start_reg  |   1|   0|    1|          0|
    |grp_chunkProcessor_Pipeline_VITIS_LOOP_34_4_fu_193_ap_start_reg  |   1|   0|    1|          0|
    |grp_chunkProcessor_Pipeline_VITIS_LOOP_8_1_fu_147_ap_start_reg   |   1|   0|    1|          0|
    |wvars_load_1_reg_307                                             |  64|   0|   64|          0|
    |wvars_load_2_reg_322                                             |  64|   0|   64|          0|
    |wvars_load_3_reg_327                                             |  64|   0|   64|          0|
    |wvars_load_4_reg_342                                             |  64|   0|   64|          0|
    |wvars_load_5_reg_347                                             |  64|   0|   64|          0|
    |wvars_load_6_reg_352                                             |  64|   0|   64|          0|
    |wvars_load_7_reg_357                                             |  64|   0|   64|          0|
    |wvars_load_reg_302                                               |  64|   0|   64|          0|
    +-----------------------------------------------------------------+----+----+-----+-----------+
    |Total                                                            | 531|   0|  531|          0|
    +-----------------------------------------------------------------+----+----+-----+-----------+



================================================================
== Interface
================================================================
* Summary: 
+-------------------+-----+-----+------------+----------------+--------------+
|     RTL Ports     | Dir | Bits|  Protocol  |  Source Object |    C Type    |
+-------------------+-----+-----+------------+----------------+--------------+
|ap_clk             |   in|    1|  ap_ctrl_hs|  chunkProcessor|  return value|
|ap_rst             |   in|    1|  ap_ctrl_hs|  chunkProcessor|  return value|
|ap_start           |   in|    1|  ap_ctrl_hs|  chunkProcessor|  return value|
|ap_done            |  out|    1|  ap_ctrl_hs|  chunkProcessor|  return value|
|ap_idle            |  out|    1|  ap_ctrl_hs|  chunkProcessor|  return value|
|ap_ready           |  out|    1|  ap_ctrl_hs|  chunkProcessor|  return value|
|input_r_address0   |  out|    3|   ap_memory|         input_r|         array|
|input_r_ce0        |  out|    1|   ap_memory|         input_r|         array|
|input_r_q0         |   in|   64|   ap_memory|         input_r|         array|
|message_address0   |  out|    4|   ap_memory|         message|         array|
|message_ce0        |  out|    1|   ap_memory|         message|         array|
|message_q0         |   in|   64|   ap_memory|         message|         array|
|output_r_address0  |  out|    3|   ap_memory|        output_r|         array|
|output_r_ce0       |  out|    1|   ap_memory|        output_r|         array|
|output_r_we0       |  out|    1|   ap_memory|        output_r|         array|
|output_r_d0        |  out|   64|   ap_memory|        output_r|         array|
+-------------------+-----+-----+------------+----------------+--------------+

