

================================================================
== Vitis HLS Report for 'sha512Accel_Pipeline_VITIS_LOOP_15_2'
================================================================
* Date:           Fri Aug  1 13:55:26 2025

* Version:        2025.1 (Build 6135595 on May 21 2025)
* Project:        sha512Accel
* Solution:       hls (Vivado IP Flow Target)
* Product family: aspartan7
* Target device:  xa7s6-cpga196-2I


================================================================
== Performance Estimates
================================================================
+ Timing: 
    * Summary: 
    +--------+----------+----------+------------+
    |  Clock |  Target  | Estimated| Uncertainty|
    +--------+----------+----------+------------+
    |ap_clk  |  10.00 ns|  5.783 ns|     2.70 ns|
    +--------+----------+----------+------------+

+ Latency: 
    * Summary: 
    +---------+---------+----------+----------+-----+-----+------------------------------------------------+
    |  Latency (cycles) |  Latency (absolute) |  Interval |                    Pipeline                    |
    |   min   |   max   |    min   |    max   | min | max |                      Type                      |
    +---------+---------+----------+----------+-----+-----+------------------------------------------------+
    |      898|      898|  8.980 us|  8.980 us|  897|  897|  loop auto-rewind stp (delay=0 clock cycles(s))|
    +---------+---------+----------+----------+-----+-----+------------------------------------------------+

    + Detail: 
        * Instance: 
        N/A

        * Loop: 
        +-------------------+---------+---------+----------+-----------+-----------+------+----------+
        |                   |  Latency (cycles) | Iteration|  Initiation Interval  | Trip |          |
        |     Loop Name     |   min   |   max   |  Latency |  achieved |   target  | Count| Pipelined|
        +-------------------+---------+---------+----------+-----------+-----------+------+----------+
        |- VITIS_LOOP_15_2  |      896|      896|         2|          1|          1|   896|       yes|
        +-------------------+---------+---------+----------+-----------+-----------+------+----------+



================================================================
== Utilization Estimates
================================================================
* Summary: 
+-----------------+---------+----+------+------+-----+
|       Name      | BRAM_18K| DSP|  FF  |  LUT | URAM|
+-----------------+---------+----+------+------+-----+
|DSP              |        -|   -|     -|     -|    -|
|Expression       |        -|   -|     0|   511|    -|
|FIFO             |        -|   -|     -|     -|    -|
|Instance         |        -|   -|     -|     -|    -|
|Memory           |        -|   -|     -|     -|    -|
|Multiplexer      |        -|   -|     0|   735|    -|
|Register         |        -|   -|   156|     -|    -|
+-----------------+---------+----+------+------+-----+
|Total            |        0|   0|   156|  1246|    0|
+-----------------+---------+----+------+------+-----+
|Available        |       10|  10|  7500|  3750|    0|
+-----------------+---------+----+------+------+-----+
|Utilization (%)  |        0|   0|     2|    33|    0|
+-----------------+---------+----+------+------+-----+

+ Detail: 
    * Instance: 
    N/A

    * DSP: 
    N/A

    * Memory: 
    N/A

    * FIFO: 
    N/A

    * Expression: 
    +---------------------------------------+----------+----+---+-----+------------+------------+
    |             Variable Name             | Operation| DSP| FF| LUT | Bitwidth P0| Bitwidth P1|
    +---------------------------------------+----------+----+---+-----+------------+------------+
    |add_ln15_fu_833_p2                     |         +|   0|  0|   17|          10|           1|
    |counter_4_fu_864_p2                    |         +|   0|  0|  135|         128|           1|
    |ap_block_pp0_stage0_11001              |       and|   0|  0|    2|           1|           1|
    |ap_block_state3_pp0_stage0_iter2_grp1  |       and|   0|  0|    2|           1|           1|
    |ap_condition_1224                      |       and|   0|  0|    2|           1|           1|
    |ap_condition_1227                      |       and|   0|  0|    2|           1|           1|
    |ap_condition_1230                      |       and|   0|  0|    2|           1|           1|
    |ap_condition_1233                      |       and|   0|  0|    2|           1|           1|
    |ap_condition_1236                      |       and|   0|  0|    2|           1|           1|
    |ap_condition_1239                      |       and|   0|  0|    2|           1|           1|
    |ap_condition_1242                      |       and|   0|  0|    2|           1|           1|
    |ap_condition_1245                      |       and|   0|  0|    2|           1|           1|
    |ap_condition_1248                      |       and|   0|  0|    2|           1|           1|
    |ap_condition_1251                      |       and|   0|  0|    2|           1|           1|
    |ap_condition_1254                      |       and|   0|  0|    2|           1|           1|
    |ap_condition_1257                      |       and|   0|  0|    2|           1|           1|
    |ap_condition_1260                      |       and|   0|  0|    2|           1|           1|
    |ap_condition_1263                      |       and|   0|  0|    2|           1|           1|
    |ap_condition_1266                      |       and|   0|  0|    2|           1|           1|
    |ap_condition_1269                      |       and|   0|  0|    2|           1|           1|
    |ap_condition_1272                      |       and|   0|  0|    2|           1|           1|
    |ap_condition_1275                      |       and|   0|  0|    2|           1|           1|
    |ap_condition_1278                      |       and|   0|  0|    2|           1|           1|
    |ap_condition_1281                      |       and|   0|  0|    2|           1|           1|
    |ap_condition_1284                      |       and|   0|  0|    2|           1|           1|
    |ap_condition_1287                      |       and|   0|  0|    2|           1|           1|
    |ap_condition_1290                      |       and|   0|  0|    2|           1|           1|
    |ap_condition_1293                      |       and|   0|  0|    2|           1|           1|
    |ap_condition_1296                      |       and|   0|  0|    2|           1|           1|
    |ap_condition_1299                      |       and|   0|  0|    2|           1|           1|
    |ap_condition_1302                      |       and|   0|  0|    2|           1|           1|
    |ap_condition_1305                      |       and|   0|  0|    2|           1|           1|
    |ap_condition_1308                      |       and|   0|  0|    2|           1|           1|
    |ap_condition_1311                      |       and|   0|  0|    2|           1|           1|
    |ap_condition_1314                      |       and|   0|  0|    2|           1|           1|
    |ap_condition_1317                      |       and|   0|  0|    2|           1|           1|
    |ap_condition_1320                      |       and|   0|  0|    2|           1|           1|
    |icmp_ln15_fu_827_p2                    |      icmp|   0|  0|   17|          10|           9|
    |icmp_ln16_fu_854_p2                    |      icmp|   0|  0|  135|         128|         128|
    |icmp_ln18_fu_859_p2                    |      icmp|   0|  0|  135|         128|         128|
    |ap_enable_pp0                          |       xor|   0|  0|    2|           1|           2|
    +---------------------------------------+----------+----+---+-----+------------+------------+
    |Total                                  |          |   0|  0|  511|         440|         304|
    +---------------------------------------+----------+----+---+-----+------------+------------+

    * Multiplexer: 
    +-------------------------+----+-----------+-----+-----------+
    |           Name          | LUT| Input Size| Bits| Total Bits|
    +-------------------------+----+-----------+-----+-----------+
    |addSize_1_fu_194         |   9|          2|    1|          2|
    |ap_done_int              |   9|          2|    1|          2|
    |ap_enable_reg_pp0_iter1  |   9|          2|    1|          2|
    |ap_enable_reg_pp0_iter2  |   9|          2|    1|          2|
    |bitstream_blk_n          |   9|          2|    1|          2|
    |buffer_10_d0_local       |  21|          4|    1|          4|
    |buffer_11_d0_local       |  21|          4|    1|          4|
    |buffer_12_d0_local       |  21|          4|    1|          4|
    |buffer_13_d0_local       |  21|          4|    1|          4|
    |buffer_14_d0_local       |  21|          4|    1|          4|
    |buffer_15_d0_local       |  21|          4|    1|          4|
    |buffer_16_d0_local       |  21|          4|    1|          4|
    |buffer_17_d0_local       |  21|          4|    1|          4|
    |buffer_18_d0_local       |  21|          4|    1|          4|
    |buffer_19_d0_local       |  21|          4|    1|          4|
    |buffer_1_d0_local        |  21|          4|    1|          4|
    |buffer_20_d0_local       |  21|          4|    1|          4|
    |buffer_21_d0_local       |  21|          4|    1|          4|
    |buffer_22_d0_local       |  21|          4|    1|          4|
    |buffer_23_d0_local       |  21|          4|    1|          4|
    |buffer_24_d0_local       |  21|          4|    1|          4|
    |buffer_25_d0_local       |  21|          4|    1|          4|
    |buffer_26_d0_local       |  21|          4|    1|          4|
    |buffer_27_d0_local       |  21|          4|    1|          4|
    |buffer_28_d0_local       |  21|          4|    1|          4|
    |buffer_29_d0_local       |  21|          4|    1|          4|
    |buffer_2_d0_local        |  21|          4|    1|          4|
    |buffer_30_d0_local       |  21|          4|    1|          4|
    |buffer_31_d0_local       |  21|          4|    1|          4|
    |buffer_3_d0_local        |  21|          4|    1|          4|
    |buffer_4_d0_local        |  21|          4|    1|          4|
    |buffer_5_d0_local        |  21|          4|    1|          4|
    |buffer_6_d0_local        |  21|          4|    1|          4|
    |buffer_7_d0_local        |  21|          4|    1|          4|
    |buffer_8_d0_local        |  21|          4|    1|          4|
    |buffer_9_d0_local        |  21|          4|    1|          4|
    |buffer_r_d0_local        |  21|          4|    1|          4|
    |counter_1_fu_186         |   9|          2|  128|        256|
    |j_fu_190                 |   9|          2|   10|         20|
    +-------------------------+----+-----------+-----+-----------+
    |Total                    | 735|        142|  175|        414|
    +-------------------------+----+-----------+-----+-----------+

    * Register: 
    +-------------------------------------------+-----+----+-----+-----------+
    |                    Name                   |  FF | LUT| Bits| Const Bits|
    +-------------------------------------------+-----+----+-----+-----------+
    |addSize_1_fu_194                           |    1|   0|    1|          0|
    |ap_CS_fsm                                  |    1|   0|    1|          0|
    |ap_block_pp0_stage0_subdone_grp0_done_reg  |    1|   0|    1|          0|
    |ap_done_reg                                |    1|   0|    1|          0|
    |ap_enable_reg_pp0_iter1                    |    1|   0|    1|          0|
    |ap_enable_reg_pp0_iter2                    |    1|   0|    1|          0|
    |counter_1_fu_186                           |  128|   0|  128|          0|
    |icmp_ln16_reg_963                          |    1|   0|    1|          0|
    |icmp_ln18_reg_967                          |    1|   0|    1|          0|
    |j_fu_190                                   |   10|   0|   10|          0|
    |lshr_ln4_reg_958                           |    5|   0|    5|          0|
    |trunc_ln15_reg_954                         |    5|   0|    5|          0|
    +-------------------------------------------+-----+----+-----+-----------+
    |Total                                      |  156|   0|  156|          0|
    +-------------------------------------------+-----+----+-----+-----------+



================================================================
== Interface
================================================================
* Summary: 
+----------------------+-----+-----+------------+--------------------------------------+--------------+
|       RTL Ports      | Dir | Bits|  Protocol  |             Source Object            |    C Type    |
+----------------------+-----+-----+------------+--------------------------------------+--------------+
|ap_clk                |   in|    1|  ap_ctrl_hs|  sha512Accel_Pipeline_VITIS_LOOP_15_2|  return value|
|ap_rst                |   in|    1|  ap_ctrl_hs|  sha512Accel_Pipeline_VITIS_LOOP_15_2|  return value|
|ap_start              |   in|    1|  ap_ctrl_hs|  sha512Accel_Pipeline_VITIS_LOOP_15_2|  return value|
|ap_done               |  out|    1|  ap_ctrl_hs|  sha512Accel_Pipeline_VITIS_LOOP_15_2|  return value|
|ap_idle               |  out|    1|  ap_ctrl_hs|  sha512Accel_Pipeline_VITIS_LOOP_15_2|  return value|
|ap_ready              |  out|    1|  ap_ctrl_hs|  sha512Accel_Pipeline_VITIS_LOOP_15_2|  return value|
|bitstream_dout        |   in|    1|     ap_fifo|                             bitstream|       pointer|
|bitstream_empty_n     |   in|    1|     ap_fifo|                             bitstream|       pointer|
|bitstream_read        |  out|    1|     ap_fifo|                             bitstream|       pointer|
|addSize               |   in|    1|     ap_none|                               addSize|        scalar|
|counter               |   in|  128|     ap_none|                               counter|        scalar|
|buffer_31_address0    |  out|    5|   ap_memory|                             buffer_31|         array|
|buffer_31_ce0         |  out|    1|   ap_memory|                             buffer_31|         array|
|buffer_31_we0         |  out|    1|   ap_memory|                             buffer_31|         array|
|buffer_31_d0          |  out|    1|   ap_memory|                             buffer_31|         array|
|buffer_30_address0    |  out|    5|   ap_memory|                             buffer_30|         array|
|buffer_30_ce0         |  out|    1|   ap_memory|                             buffer_30|         array|
|buffer_30_we0         |  out|    1|   ap_memory|                             buffer_30|         array|
|buffer_30_d0          |  out|    1|   ap_memory|                             buffer_30|         array|
|buffer_29_address0    |  out|    5|   ap_memory|                             buffer_29|         array|
|buffer_29_ce0         |  out|    1|   ap_memory|                             buffer_29|         array|
|buffer_29_we0         |  out|    1|   ap_memory|                             buffer_29|         array|
|buffer_29_d0          |  out|    1|   ap_memory|                             buffer_29|         array|
|buffer_28_address0    |  out|    5|   ap_memory|                             buffer_28|         array|
|buffer_28_ce0         |  out|    1|   ap_memory|                             buffer_28|         array|
|buffer_28_we0         |  out|    1|   ap_memory|                             buffer_28|         array|
|buffer_28_d0          |  out|    1|   ap_memory|                             buffer_28|         array|
|buffer_27_address0    |  out|    5|   ap_memory|                             buffer_27|         array|
|buffer_27_ce0         |  out|    1|   ap_memory|                             buffer_27|         array|
|buffer_27_we0         |  out|    1|   ap_memory|                             buffer_27|         array|
|buffer_27_d0          |  out|    1|   ap_memory|                             buffer_27|         array|
|buffer_26_address0    |  out|    5|   ap_memory|                             buffer_26|         array|
|buffer_26_ce0         |  out|    1|   ap_memory|                             buffer_26|         array|
|buffer_26_we0         |  out|    1|   ap_memory|                             buffer_26|         array|
|buffer_26_d0          |  out|    1|   ap_memory|                             buffer_26|         array|
|buffer_25_address0    |  out|    5|   ap_memory|                             buffer_25|         array|
|buffer_25_ce0         |  out|    1|   ap_memory|                             buffer_25|         array|
|buffer_25_we0         |  out|    1|   ap_memory|                             buffer_25|         array|
|buffer_25_d0          |  out|    1|   ap_memory|                             buffer_25|         array|
|buffer_24_address0    |  out|    5|   ap_memory|                             buffer_24|         array|
|buffer_24_ce0         |  out|    1|   ap_memory|                             buffer_24|         array|
|buffer_24_we0         |  out|    1|   ap_memory|                             buffer_24|         array|
|buffer_24_d0          |  out|    1|   ap_memory|                             buffer_24|         array|
|buffer_23_address0    |  out|    5|   ap_memory|                             buffer_23|         array|
|buffer_23_ce0         |  out|    1|   ap_memory|                             buffer_23|         array|
|buffer_23_we0         |  out|    1|   ap_memory|                             buffer_23|         array|
|buffer_23_d0          |  out|    1|   ap_memory|                             buffer_23|         array|
|buffer_22_address0    |  out|    5|   ap_memory|                             buffer_22|         array|
|buffer_22_ce0         |  out|    1|   ap_memory|                             buffer_22|         array|
|buffer_22_we0         |  out|    1|   ap_memory|                             buffer_22|         array|
|buffer_22_d0          |  out|    1|   ap_memory|                             buffer_22|         array|
|buffer_21_address0    |  out|    5|   ap_memory|                             buffer_21|         array|
|buffer_21_ce0         |  out|    1|   ap_memory|                             buffer_21|         array|
|buffer_21_we0         |  out|    1|   ap_memory|                             buffer_21|         array|
|buffer_21_d0          |  out|    1|   ap_memory|                             buffer_21|         array|
|buffer_20_address0    |  out|    5|   ap_memory|                             buffer_20|         array|
|buffer_20_ce0         |  out|    1|   ap_memory|                             buffer_20|         array|
|buffer_20_we0         |  out|    1|   ap_memory|                             buffer_20|         array|
|buffer_20_d0          |  out|    1|   ap_memory|                             buffer_20|         array|
|buffer_19_address0    |  out|    5|   ap_memory|                             buffer_19|         array|
|buffer_19_ce0         |  out|    1|   ap_memory|                             buffer_19|         array|
|buffer_19_we0         |  out|    1|   ap_memory|                             buffer_19|         array|
|buffer_19_d0          |  out|    1|   ap_memory|                             buffer_19|         array|
|buffer_18_address0    |  out|    5|   ap_memory|                             buffer_18|         array|
|buffer_18_ce0         |  out|    1|   ap_memory|                             buffer_18|         array|
|buffer_18_we0         |  out|    1|   ap_memory|                             buffer_18|         array|
|buffer_18_d0          |  out|    1|   ap_memory|                             buffer_18|         array|
|buffer_17_address0    |  out|    5|   ap_memory|                             buffer_17|         array|
|buffer_17_ce0         |  out|    1|   ap_memory|                             buffer_17|         array|
|buffer_17_we0         |  out|    1|   ap_memory|                             buffer_17|         array|
|buffer_17_d0          |  out|    1|   ap_memory|                             buffer_17|         array|
|buffer_16_address0    |  out|    5|   ap_memory|                             buffer_16|         array|
|buffer_16_ce0         |  out|    1|   ap_memory|                             buffer_16|         array|
|buffer_16_we0         |  out|    1|   ap_memory|                             buffer_16|         array|
|buffer_16_d0          |  out|    1|   ap_memory|                             buffer_16|         array|
|buffer_15_address0    |  out|    5|   ap_memory|                             buffer_15|         array|
|buffer_15_ce0         |  out|    1|   ap_memory|                             buffer_15|         array|
|buffer_15_we0         |  out|    1|   ap_memory|                             buffer_15|         array|
|buffer_15_d0          |  out|    1|   ap_memory|                             buffer_15|         array|
|buffer_14_address0    |  out|    5|   ap_memory|                             buffer_14|         array|
|buffer_14_ce0         |  out|    1|   ap_memory|                             buffer_14|         array|
|buffer_14_we0         |  out|    1|   ap_memory|                             buffer_14|         array|
|buffer_14_d0          |  out|    1|   ap_memory|                             buffer_14|         array|
|buffer_13_address0    |  out|    5|   ap_memory|                             buffer_13|         array|
|buffer_13_ce0         |  out|    1|   ap_memory|                             buffer_13|         array|
|buffer_13_we0         |  out|    1|   ap_memory|                             buffer_13|         array|
|buffer_13_d0          |  out|    1|   ap_memory|                             buffer_13|         array|
|buffer_12_address0    |  out|    5|   ap_memory|                             buffer_12|         array|
|buffer_12_ce0         |  out|    1|   ap_memory|                             buffer_12|         array|
|buffer_12_we0         |  out|    1|   ap_memory|                             buffer_12|         array|
|buffer_12_d0          |  out|    1|   ap_memory|                             buffer_12|         array|
|buffer_11_address0    |  out|    5|   ap_memory|                             buffer_11|         array|
|buffer_11_ce0         |  out|    1|   ap_memory|                             buffer_11|         array|
|buffer_11_we0         |  out|    1|   ap_memory|                             buffer_11|         array|
|buffer_11_d0          |  out|    1|   ap_memory|                             buffer_11|         array|
|buffer_10_address0    |  out|    5|   ap_memory|                             buffer_10|         array|
|buffer_10_ce0         |  out|    1|   ap_memory|                             buffer_10|         array|
|buffer_10_we0         |  out|    1|   ap_memory|                             buffer_10|         array|
|buffer_10_d0          |  out|    1|   ap_memory|                             buffer_10|         array|
|buffer_9_address0     |  out|    5|   ap_memory|                              buffer_9|         array|
|buffer_9_ce0          |  out|    1|   ap_memory|                              buffer_9|         array|
|buffer_9_we0          |  out|    1|   ap_memory|                              buffer_9|         array|
|buffer_9_d0           |  out|    1|   ap_memory|                              buffer_9|         array|
|buffer_8_address0     |  out|    5|   ap_memory|                              buffer_8|         array|
|buffer_8_ce0          |  out|    1|   ap_memory|                              buffer_8|         array|
|buffer_8_we0          |  out|    1|   ap_memory|                              buffer_8|         array|
|buffer_8_d0           |  out|    1|   ap_memory|                              buffer_8|         array|
|buffer_7_address0     |  out|    5|   ap_memory|                              buffer_7|         array|
|buffer_7_ce0          |  out|    1|   ap_memory|                              buffer_7|         array|
|buffer_7_we0          |  out|    1|   ap_memory|                              buffer_7|         array|
|buffer_7_d0           |  out|    1|   ap_memory|                              buffer_7|         array|
|buffer_6_address0     |  out|    5|   ap_memory|                              buffer_6|         array|
|buffer_6_ce0          |  out|    1|   ap_memory|                              buffer_6|         array|
|buffer_6_we0          |  out|    1|   ap_memory|                              buffer_6|         array|
|buffer_6_d0           |  out|    1|   ap_memory|                              buffer_6|         array|
|buffer_5_address0     |  out|    5|   ap_memory|                              buffer_5|         array|
|buffer_5_ce0          |  out|    1|   ap_memory|                              buffer_5|         array|
|buffer_5_we0          |  out|    1|   ap_memory|                              buffer_5|         array|
|buffer_5_d0           |  out|    1|   ap_memory|                              buffer_5|         array|
|buffer_4_address0     |  out|    5|   ap_memory|                              buffer_4|         array|
|buffer_4_ce0          |  out|    1|   ap_memory|                              buffer_4|         array|
|buffer_4_we0          |  out|    1|   ap_memory|                              buffer_4|         array|
|buffer_4_d0           |  out|    1|   ap_memory|                              buffer_4|         array|
|buffer_3_address0     |  out|    5|   ap_memory|                              buffer_3|         array|
|buffer_3_ce0          |  out|    1|   ap_memory|                              buffer_3|         array|
|buffer_3_we0          |  out|    1|   ap_memory|                              buffer_3|         array|
|buffer_3_d0           |  out|    1|   ap_memory|                              buffer_3|         array|
|buffer_2_address0     |  out|    5|   ap_memory|                              buffer_2|         array|
|buffer_2_ce0          |  out|    1|   ap_memory|                              buffer_2|         array|
|buffer_2_we0          |  out|    1|   ap_memory|                              buffer_2|         array|
|buffer_2_d0           |  out|    1|   ap_memory|                              buffer_2|         array|
|buffer_1_address0     |  out|    5|   ap_memory|                              buffer_1|         array|
|buffer_1_ce0          |  out|    1|   ap_memory|                              buffer_1|         array|
|buffer_1_we0          |  out|    1|   ap_memory|                              buffer_1|         array|
|buffer_1_d0           |  out|    1|   ap_memory|                              buffer_1|         array|
|buffer_r_address0     |  out|    5|   ap_memory|                              buffer_r|         array|
|buffer_r_ce0          |  out|    1|   ap_memory|                              buffer_r|         array|
|buffer_r_we0          |  out|    1|   ap_memory|                              buffer_r|         array|
|buffer_r_d0           |  out|    1|   ap_memory|                              buffer_r|         array|
|size                  |   in|  128|     ap_none|                                  size|        scalar|
|addSize_1_out         |  out|    1|      ap_vld|                         addSize_1_out|       pointer|
|addSize_1_out_ap_vld  |  out|    1|      ap_vld|                         addSize_1_out|       pointer|
+----------------------+-----+-----+------------+--------------------------------------+--------------+

