D:\Vitis\shaAccel\sha512Accel\sha512Accel\hls\.autopilot\db\wGenerator512.pp.0.cpp:2262:5: warning: Added loop label VITIS_LOOP_676_1:   [xilinx-label-all-loops]
    for (unsigned i = low; i != high+1; ++i) {
    ^~~
    VITIS_LOOP_676_1: 
D:\Vitis\shaAccel\sha512Accel\sha512Accel\hls\.autopilot\db\wGenerator512.pp.0.cpp:2262:5: note: FIX-IT applied suggested code changes
D:\Vitis\shaAccel\sha512Accel\sha512Accel\hls\.autopilot\db\wGenerator512.pp.0.cpp:2276:5: warning: Added loop label VITIS_LOOP_690_1:   [xilinx-label-all-loops]
    for (unsigned i = low; i != high+1; ++i) {
    ^~~
    VITIS_LOOP_690_1: 
D:\Vitis\shaAccel\sha512Accel\sha512Accel\hls\.autopilot\db\wGenerator512.pp.0.cpp:2276:5: note: FIX-IT applied suggested code changes
D:\Vitis\shaAccel\sha512Accel\sha512Accel\hls\.autopilot\db\wGenerator512.pp.0.cpp:2290:5: warning: Added loop label VITIS_LOOP_704_1:   [xilinx-label-all-loops]
    for (unsigned i = low; i != high+1; ++i) {
    ^~~
    VITIS_LOOP_704_1: 
D:\Vitis\shaAccel\sha512Accel\sha512Accel\hls\.autopilot\db\wGenerator512.pp.0.cpp:2290:5: note: FIX-IT applied suggested code changes
D:\Vitis\shaAccel\sha512Accel\sha512Accel\hls\.autopilot\db\wGenerator512.pp.0.cpp:4258:7: warning: Added loop label VITIS_LOOP_1248_1:   [xilinx-label-all-loops]
      for (i = 0; i < __N - 1; ++i) {
      ^~~
      VITIS_LOOP_1248_1: 
D:\Vitis\shaAccel\sha512Accel\sha512Accel\hls\.autopilot\db\wGenerator512.pp.0.cpp:4258:7: note: FIX-IT applied suggested code changes
D:\Vitis\shaAccel\sha512Accel\sha512Accel\hls\.autopilot\db\wGenerator512.pp.0.cpp:6274:5: warning: Added loop label VITIS_LOOP_8_1:   [xilinx-label-all-loops]
    for(; i < 16; i++) {
    ^~~
    VITIS_LOOP_8_1: 
D:\Vitis\shaAccel\sha512Accel\sha512Accel\hls\.autopilot\db\wGenerator512.pp.0.cpp:6274:5: note: FIX-IT applied suggested code changes
D:\Vitis\shaAccel\sha512Accel\sha512Accel\hls\.autopilot\db\wGenerator512.pp.0.cpp:6277:5: warning: Added loop label VITIS_LOOP_11_2:   [xilinx-label-all-loops]
    for(; i < 80; i++) {
    ^~~
    VITIS_LOOP_11_2: 
D:\Vitis\shaAccel\sha512Accel\sha512Accel\hls\.autopilot\db\wGenerator512.pp.0.cpp:6277:5: note: FIX-IT applied suggested code changes
