  **** HLS Build v2025.1 6135595
INFO: [HLS 200-2005] Using work_dir D:/Vitis/shaAccel/wGenerator/wGenerator 
INFO: [HLS 200-2176] Writing Vitis IDE component file D:/Vitis/shaAccel/wGenerator/wGenerator/vitis-comp.json
INFO: [HLS 200-10] Creating and opening component 'D:/Vitis/shaAccel/wGenerator/wGenerator'.
INFO: [HLS 200-1505] Using default flow_target 'vivado'
Resolution: For help on HLS 200-1505 see docs.xilinx.com/access/sources/dita/topic?Doc_Version=2025.1%20English&url=ug1448-hls-guidance&resourceid=200-1505.html
INFO: [HLS 200-2174] Applying component config ini file D:/Vitis/shaAccel/wGenerator/hls_config.cfg
INFO: [HLS 200-1465] Applying config ini 'syn.file=../dataTypes.h' from D:/Vitis/shaAccel/wGenerator/hls_config.cfg(7)
INFO: [HLS 200-10] Adding design file 'D:/Vitis/shaAccel/dataTypes.h' to the project
INFO: [HLS 200-1465] Applying config ini 'syn.file=../functions256.cpp' from D:/Vitis/shaAccel/wGenerator/hls_config.cfg(8)
INFO: [HLS 200-10] Adding design file 'D:/Vitis/shaAccel/functions256.cpp' to the project
INFO: [HLS 200-1465] Applying config ini 'syn.file=../functions256.h' from D:/Vitis/shaAccel/wGenerator/hls_config.cfg(9)
INFO: [HLS 200-10] Adding design file 'D:/Vitis/shaAccel/functions256.h' to the project
INFO: [HLS 200-1465] Applying config ini 'syn.file=wGenerator.h' from D:/Vitis/shaAccel/wGenerator/hls_config.cfg(10)
INFO: [HLS 200-10] Adding design file 'D:/Vitis/shaAccel/wGenerator/wGenerator.h' to the project
INFO: [HLS 200-1465] Applying config ini 'syn.file=wGenerator.cpp' from D:/Vitis/shaAccel/wGenerator/hls_config.cfg(11)
INFO: [HLS 200-10] Adding design file 'D:/Vitis/shaAccel/wGenerator/wGenerator.cpp' to the project
INFO: [HLS 200-1465] Applying config ini 'tb.file=tb.cpp' from D:/Vitis/shaAccel/wGenerator/hls_config.cfg(12)
INFO: [HLS 200-10] Adding test bench file 'D:/Vitis/shaAccel/wGenerator/tb.cpp' to the project
INFO: [HLS 200-1465] Applying config ini 'tb.file=./ans.dat' from D:/Vitis/shaAccel/wGenerator/hls_config.cfg(13)
INFO: [HLS 200-10] Adding test bench file 'D:/Vitis/shaAccel/wGenerator/ans.dat' to the project
INFO: [HLS 200-1465] Applying config ini 'tb.file=./in.dat' from D:/Vitis/shaAccel/wGenerator/hls_config.cfg(14)
INFO: [HLS 200-10] Adding test bench file 'D:/Vitis/shaAccel/wGenerator/in.dat' to the project
INFO: [HLS 200-1465] Applying config ini 'flow_target=vivado' from D:/Vitis/shaAccel/wGenerator/hls_config.cfg(4)
INFO: [HLS 200-1505] Using flow_target 'vivado'
Resolution: For help on HLS 200-1505 see docs.xilinx.com/access/sources/dita/topic?Doc_Version=2025.1%20English&url=ug1448-hls-guidance&resourceid=200-1505.html
INFO: [HLS 200-1465] Applying config ini 'part=xa7s6cpga196-2I' from D:/Vitis/shaAccel/wGenerator/hls_config.cfg(1)
INFO: [HLS 200-1611] Setting target device to 'xa7s6-cpga196-2I'
INFO: [HLS 200-1465] Applying config ini 'csim.clean=1' from D:/Vitis/shaAccel/wGenerator/hls_config.cfg(15)
INFO: [HLS 200-1465] Applying config ini 'package.output.format=ip_catalog' from D:/Vitis/shaAccel/wGenerator/hls_config.cfg(5)
INFO: [HLS 200-2176] Writing Vitis IDE component file D:/Vitis/shaAccel/wGenerator/wGenerator/vitis-comp.json
INFO: [SIM 211-2] *************** CSIM start ***************
INFO: [SIM 211-4] CSIM will launch CLANG as the compiler.
INFO: [HLS 200-2036] Building debug C Simulation binaries
   Compiling ../../../../tb.cpp in debug mode
   Compiling ../../../../wGenerator.cpp in debug mode
   Compiling ../../../../../functions256.cpp in debug mode
   Generating csim.exe
In file included from ../../../../tb.cpp:5:
In file included from ../../../../wGenerator.h:4:
In file included from ../../../../../dataTypes.h:4:
In file included from C:/Xilinx/2025.1/Vitis/include/ap_int.h:10:
In file included from C:/Xilinx/2025.1/Vitis/include/etc/ap_common.h:677:
In file included from C:/Xilinx/2025.1/Vitis/include/etc/ap_private.h:68:
In file included from C:/Xilinx/2025.1/Vitis/include/hls_half.h:26:
In file included from C:/Xilinx/2025.1/Vitis/include/etc/hls_half_fpo.h:19:
In file included from C:/Xilinx/2025.1/Vitis/include/hls_fpo.h:140:
In file included from C:/Xilinx/2025.1/Vitis/include/floating_point_v7_1_bitacc_cmodel.h:150:
C:/Xilinx/2025.1/Vitis/include/gmp.h:58:9: warning: '__GMP_LIBGMP_DLL' macro redefined [-Wmacro-redefined]
#define __GMP_LIBGMP_DLL  0
        ^
C:/Xilinx/2025.1/Vitis/include/floating_point_v7_1_bitacc_cmodel.h:142:9: note: previous definition is here
#define __GMP_LIBGMP_DLL 1
        ^
1 warning generated.
In file included from ../../../../wGenerator.cpp:1:
In file included from ../../../../wGenerator.h:4:
In file included from ../../../../../dataTypes.h:4:
In file included from C:/Xilinx/2025.1/Vitis/include/ap_int.h:10:
In file included from C:/Xilinx/2025.1/Vitis/include/etc/ap_common.h:677:
In file included from C:/Xilinx/2025.1/Vitis/include/etc/ap_private.h:68:
In file included from C:/Xilinx/2025.1/Vitis/include/hls_half.h:26:
In file included from C:/Xilinx/2025.1/Vitis/include/etc/hls_half_fpo.h:19:
In file included from C:/Xilinx/2025.1/Vitis/include/hls_fpo.h:140:
In file included from C:/Xilinx/2025.1/Vitis/include/floating_point_v7_1_bitacc_cmodel.h:150:
C:/Xilinx/2025.1/Vitis/include/gmp.h:58:9: warning: '__GMP_LIBGMP_DLL' macro redefined [-Wmacro-redefined]
#define __GMP_LIBGMP_DLL  0
        ^
C:/Xilinx/2025.1/Vitis/include/floating_point_v7_1_bitacc_cmodel.h:142:9: note: previous definition is here
#define __GMP_LIBGMP_DLL 1
        ^
1 warning generated.
In file included from ../../../../../functions256.cpp:1:
In file included from ../../../../../functions256.h:4:
In file included from ../../../../../dataTypes.h:4:
In file included from C:/Xilinx/2025.1/Vitis/include/ap_int.h:10:
In file included from C:/Xilinx/2025.1/Vitis/include/etc/ap_common.h:677:
In file included from C:/Xilinx/2025.1/Vitis/include/etc/ap_private.h:68:
In file included from C:/Xilinx/2025.1/Vitis/include/hls_half.h:26:
In file included from C:/Xilinx/2025.1/Vitis/include/etc/hls_half_fpo.h:19:
In file included from C:/Xilinx/2025.1/Vitis/include/hls_fpo.h:140:
In file included from C:/Xilinx/2025.1/Vitis/include/floating_point_v7_1_bitacc_cmodel.h:150:
C:/Xilinx/2025.1/Vitis/include/gmp.h:58:9: warning: '__GMP_LIBGMP_DLL' macro redefined [-Wmacro-redefined]
#define __GMP_LIBGMP_DLL  0
        ^
C:/Xilinx/2025.1/Vitis/include/floating_point_v7_1_bitacc_cmodel.h:142:9: note: previous definition is here
#define __GMP_LIBGMP_DLL 1
        ^
1 warning generated.
1c1,5
< 898715550 2624880850 2689653283 1602016828 1991114123 480762708 430870239 3033132742 3327924356 634907013 3305834618 2712403136 165845109 3412403944 1970648511 4935520 1583423650 2510155567 1026443339 454100888 2360314632 1409853035 788618646 1920916682 3590075776 1209852148 3869712233 1745159747 1267466601 998628674 2085749152 849850994 499943957 2945343573 3962876227 1157044235 2359017341 3192668663 934616056 1336569474 2378710551 3080186732 248049035 3646142799 1772541657 3993909194 2354550263 2828986617 881218286 498014477 2160477157 596859199 1294022752 3267112448 843970386 1212746814 638460564 210730647 1916305703 2170618583 2197700457 3713881720 160857037 515078582 3978265613 3433975262 188884634 2710266800 2961565581 725407787 2897319920 853030205 1766404245 612475907 2957254598 559076517 4277985048 1945791988 1954402624 484004590 2612099552 3170413461 1847460098 1437758896 1249278791 2775150938 769046340 3508009347 526238222 855581746 1517905940 4232154807 3144298038 2461701016 597834468 3826021837 1054516824 1429719272 1773763849 1201996472 1814191142 173465495 1531987097 864359875 1251308602 1057786238 3397681644 798573922 508456697 3131807840 3959848813 199604510 2524839347 3423637481 326296756 2458116494 3998351564 2888473019 1826742412 177066870 3165818805 2266333492 67123878 4174607047 347592152 1477863597 1511225027 3430739256 2852903101 1242292830 558641417 2034547578 84604232 2264812089 1605709597 1802951958 364447346 2392496070 2191018448 1864824051 1331900792 440067364 3407600652 2896483235 463381417 3663465776 3944673112 2108299353 3139427887 467778171 3092552864 411725645 121583130 2535763452 3558356892 584554260 2055737941 65413527 1430926436 2190234009 2300728145 1756852673 2905574366 244517373 2409298777 3359671792 1622678990 3985656071 1039364948 2696457436 2220194989 2541865369 4207528140 2442338397 1464778733 3680718756 95530500 86319523 1629833220 1518045122 137213247 1782917660 2826874566 2527701019 1275822206 4155665732 3803074835 260447430 2829598637 2277905960 2268417289 1419496112 973621303 2393157400 3226363060 1696105731 398485048 4206191989 1480368575 4224841415 718359617 2658120039 2907265863 2546758258 2712302259 1216210207 748821693 1229647730 826938356 1322756578 3469581338 2482724108 2348454392 1244848898 2846203672 791653702 647425401 1549777318 3618209230 1066592653 3424732841 352234814 1038875690 1574350401 914930475 4106466226 897163079 1405435308 1381108948 87557301 2991236722 3058142843 3432062528 2699189661 2151173661 317746347 3594549032 2950287860 1275698299 2077084821 1823093451 3285643587 3309713021 4070248984 1265376287 2540097562 3186728485 3032003841 1167854548 3937824849 1185306532 2871241206 3619154879 2814553069 1611385675 3658168626 1387720884 3764250102 2211028435 1462523530 3442354795 231796280 3023447352 358913028 1361214050 2160592066 3098848295 1361614703 3238205602 2038132730 428366524 3413157314 2185601723 2944971663 1174772987 2893191575 248292473 902565349 1977499521 1863067147 1828799087 3524972060 3756325047 981043018 4201453877 1346998541 1839178035 1124587517 2673023583 972152195 192309735 1463388401 680477609 479143209 357495122 142065682 3722024061 1074344422 579727955 1423752395 3545401818 2997258812 2467556919 530183626 3766706636 1977441610 3350203132 3074937502 2015929053 3719050938 1328453108 198735645 1963391995 464092281 796284517 1819600290 1622368590 1998407067 1715585183 4238759643 
\ No newline at end of file
---
> 898715550 2624880850 2689653283 1602016828 1991114123 480762708 430870239 3033132742 3327924356 634907013 3305834618 2712403136 165845109 3412403944 1970648511 4935520 1583423650 2510155567 1026443339 454100888 2360314632 1409853035 788618646 1920916682 3590075776 1209852148 3869712233 1745159747 1267466601 998628674 2085749152 849850994 499943957 2945343573 3962876227 1157044235 2359017341 3192668663 934616056 1336569474 2378710551 3080186732 248049035 3646142799 1772541657 3993909194 2354550263 2828986617 881218286 498014477 2160477157 596859199 1294022752 3267112448 843970386 1212746814 638460564 210730647 1916305703 2170618583 2197700457 3713881720 160857037 515078582potato
> 3978265613 3433975262 188884634 2710266800 2961565581 725407787 2897319920 853030205 1766404245 612475907 2957254598 559076517 4277985048 1945791988 1954402624 484004590 2612099552 3170413461 1847460098 1437758896 1249278791 2775150938 769046340 3508009347 526238222 855581746 1517905940 4232154807 3144298038 2461701016 597834468 3826021837 1054516824 1429719272 1773763849 1201996472 1814191142 173465495 1531987097 864359875 1251308602 1057786238 3397681644 798573922 508456697 3131807840 3959848813 199604510 2524839347 3423637481 326296756 2458116494 3998351564 2888473019 1826742412 177066870 3165818805 2266333492 67123878 4174607047 347592152 1477863597 1511225027 3430739256potato
> 2852903101 1242292830 558641417 2034547578 84604232 2264812089 1605709597 1802951958 364447346 2392496070 2191018448 1864824051 1331900792 440067364 3407600652 2896483235 463381417 3663465776 3944673112 2108299353 3139427887 467778171 3092552864 411725645 121583130 2535763452 3558356892 584554260 2055737941 65413527 1430926436 2190234009 2300728145 1756852673 2905574366 244517373 2409298777 3359671792 1622678990 3985656071 1039364948 2696457436 2220194989 2541865369 4207528140 2442338397 1464778733 3680718756 95530500 86319523 1629833220 1518045122 137213247 1782917660 2826874566 2527701019 1275822206 4155665732 3803074835 260447430 2829598637 2277905960 2268417289 1419496112potato
> 973621303 2393157400 3226363060 1696105731 398485048 4206191989 1480368575 4224841415 718359617 2658120039 2907265863 2546758258 2712302259 1216210207 748821693 1229647730 826938356 1322756578 3469581338 2482724108 2348454392 1244848898 2846203672 791653702 647425401 1549777318 3618209230 1066592653 3424732841 352234814 1038875690 1574350401 914930475 4106466226 897163079 1405435308 1381108948 87557301 2991236722 3058142843 3432062528 2699189661 2151173661 317746347 3594549032 2950287860 1275698299 2077084821 1823093451 3285643587 3309713021 4070248984 1265376287 2540097562 3186728485 3032003841 1167854548 3937824849 1185306532 2871241206 3619154879 2814553069 1611385675 3658168626potato
> 1387720884 3764250102 2211028435 1462523530 3442354795 231796280 3023447352 358913028 1361214050 2160592066 3098848295 1361614703 3238205602 2038132730 428366524 3413157314 2185601723 2944971663 1174772987 2893191575 248292473 902565349 1977499521 1863067147 1828799087 3524972060 3756325047 981043018 4201453877 1346998541 1839178035 1124587517 2673023583 972152195 192309735 1463388401 680477609 479143209 357495122 142065682 3722024061 1074344422 579727955 1423752395 3545401818 2997258812 2467556919 530183626 3766706636 1977441610 3350203132 3074937502 2015929053 3719050938 1328453108 198735645 1963391995 464092281 796284517 1819600290 1622368590 1998407067 1715585183 4238759643potato
*******************************************
FAIL: Output DOES NOT match the ans output
*******************************************
@E Simulation failed: Function 'main' returns nonzero value '1'.
ERROR: [SIM 211-100] 'csim_design' failed: nonzero return value.
INFO: [SIM 211-3] *************** CSIM finish ***************
ERROR: 4
INFO: [HLS 200-112] Total CPU user time: 1 seconds. Total CPU system time: 1 seconds. Total elapsed time: 7.934 seconds; peak allocated memory: 145.688 MB.
