# 
# Steps log generated by v++
# This log file contains a collection of steps that describe the kernel compilation flow
# Note: Some steps are tagged as internal, these steps are for debugging purposes and 
#       are not expected to be able to run independently.
# 

# The following environment variables are set when running vitis-run
Environment variables :
------------------------------------------
ALLUSERSPROFILE=C:\ProgramData
APPDATA=C:\Users\HotTGirlNotClickbait\AppData\Roaming
arr.length=0
arr.Ubound=-1
CHARPOP=1
ChocolateyInstall=C:\ProgramData\chocolatey
ChocolateyLastPathUpdate=133425073484895399
ChocolateyToolsLocation=C:\tools
CMAKE_OBJECT_PATH_MAX=4096
CommonProgramFiles=C:\Program Files\Common Files
CommonProgramFiles(x86)=C:\Program Files (x86)\Common Files
CommonProgramW6432=C:\Program Files\Common Files
COMPUTERNAME=DESKTOP-E57T4BO
ComSpec=C:\Windows\system32\cmd.exe
DriverData=C:\Windows\System32\Drivers\DriverData
HDI_APPROOT=C:/Xilinx/2025.1/Vitis
HDI_PROCESSOR=i686
HOMEDRIVE=C:
HOMEPATH=\Users\HotTGirlNotClickbait
HW_SERVER_DJTG_DISABLE=1
HW_SERVER_FTDIMGR_DISABLE=1
IDE_SKIP_SERVER_LICENSE=1
INT_VARIABLE_NAME=XILINX_PATH
ISL_IOSTREAMS_RSA=C:/Xilinx/2025.1/Vitis/tps/isl
JAVA_EXE=C:/Xilinx/2025.1/Vitis\tps\win64\jre11.0.16_1\bin\java.exe
JAVA_HOME=C:/Xilinx/2025.1/Vitis\tps\win64\jre11.0.16_1
LC_NUMERIC=C
LOCALAPPDATA=C:\Users\HotTGirlNotClickbait\AppData\Local
LOGONSERVER=\\DESKTOP-E57T4BO
LOPPER_DTC_FLAGS=-b 0 -@
NOSPLASH=false
NUMBER_OF_PROCESSORS=24
OneDrive=C:\Users\HotTGirlNotClickbait\OneDrive - Rutgers University
OneDriveCommercial=C:\Users\HotTGirlNotClickbait\OneDrive - Rutgers University
ORIGINAL_XDG_CURRENT_DESKTOP=undefined
OS=Windows_NT
PATH=C:/Xilinx/2025.1/Vivado/tps/win64/binutils-2.26/bin;C:/Xilinx/2025.1/Vitis/bin/../gnu/aarch64/nt/aarch64-linux/bin;C:/Xilinx/2025.1/Vitis/bin/../gnu/ppc64le/4.9.3/win64/bin;C:/Xilinx/2025.1/Vitis/bin/../gnu/aarch32/nt/gcc-arm-linux-gnueabi/bin;C:/Xilinx/2025.1/Vitis/tps/mingw/6.2.0/win64.o/nt/bin;C:/Xilinx/2025.1/Vivado\gnuwin\bin;C:/Xilinx/2025.1/Vivado\gnu\microblaze\nt\bin;C:/Xilinx/2025.1/Vitis/bin;C:/Xilinx/2025.1/Vitis\tps\win64;C:/Xilinx/2025.1/Vitis/tps/win64/java-cef-95.0.4638.69/bin/lib/win64;C:/Xilinx/2025.1/Vitis/lib/win64.o;C:/Xilinx/2025.1/Vitis/tps/win64/jre11.0.16_1/bin/server;C:/Xilinx/2025.1/Vitis/tps/win64/jre11.0.16_1/bin;C:/Xilinx/2025.1/Vitis\tps\win64\cmake-3.24.2\bin;C:/Xilinx/2025.1/Vitis\gnu\microblaze\nt\bin;C:/Xilinx/2025.1/Vitis\gnu\microblaze\linux_toolchain\nt64_le\bin;C:/Xilinx/2025.1/Vitis\gnu\aarch32\nt\gcc-arm-linux-gnueabi\bin;C:/Xilinx/2025.1/Vitis\gnu\aarch32\nt\gcc-arm-none-eabi\bin;C:/Xilinx/2025.1/Vitis\gnu\aarch64\nt\aarch64-linux\bin;C:/Xilinx/2025.1/Vitis\gnu\aarch64\nt\aarch64-none\bin;C:/Xilinx/2025.1/Vitis\gnu\armr5\nt\gcc-arm-none-eabi\bin;C:/Xilinx/2025.1/Vitis\gnuwin\bin;C:/Xilinx/2025.1/Vitis\tps\win64\python-3.13.0;C:/Xilinx/2025.1/Vitis\tps\win64\libxslt\bin;C:/Xilinx/2025.1/Vitis\gnu\arm\nt\bin;C:/Xilinx/2025.1/Vitis\gnu\microblaze\linux_toolchain\nt64_be\bin;C:/Xilinx/2025.1/Vitis\gnu\riscv\nt\riscv64-unknown-elf\bin;C:/Xilinx/2025.1/Vivado\tps\win64\python-3.13.0;C:/Xilinx/2025.1/Vivado\tps\win64\git-2.46.0\bin;C:/Xilinx/2025.1/Vivado\tps\win64\cmake-3.24.2\bin;C:/Xilinx/2025.1/Vitis/win64/tools/vcxx\libexec;C:/Xilinx/2025.1/Vivado\tps\win64\jre11.0.16_1\bin;C:/Xilinx/2025.1/Vivado\tps\win64\libxslt/bin;C:\Program Files\Common Files\Oracle\Java\javapath;C:\Program Files\Python313\Scripts\;C:\Program Files\Python313\;C:\Program Files (x86)\Common Files\Oracle\Java\java8path;C:\Program Files (x86)\Common Files\Oracle\Java\javapath;C:\Windows\system32;C:\Windows;C:\Windows\System32\Wbem;C:\Windows\System32\WindowsPowerShell\v1.0\;C:\Windows\System32\OpenSSH\;C:\ProgramData\chocolatey\bin;C:\Program Files (x86)\FAHClient;C:\Program Files\dotnet\;C:\Program Files\Microsoft VS Code\bin;C:\Program Files\Docker\Docker\resources\bin;C:\Program Files\GitHub CLI\;C:\Users\HotTGirlNotClickbait\AppData\Local\Microsoft\WindowsApps;C:\Program Files\Oracle\VirtualBox;;C:\Users\HotTGirlNotClickbait\.lmstudio\bin;C:\texlive\2025\bin\windows;C:/Xilinx/2025.1/Vitis\tps\mingw\6.2.0\win64.o\nt\bin;C:/Xilinx/2025.1/Vitis\tps\mingw\6.2.0\win64.o\nt\libexec\gcc\x86_64-w64-mingw32\6.2.0
PATHEXT=.COM;.EXE;.BAT;.CMD;.VBS;.VBE;.JS;.JSE;.WSF;.WSH;.MSC;.PY;.PYW
PROCESSOR_ARCHITECTURE=AMD64
PROCESSOR_IDENTIFIER=AMD64 Family 25 Model 33 Stepping 0, AuthenticAMD
PROCESSOR_LEVEL=25
PROCESSOR_REVISION=2100
PRODVERSION_EXE=C:/Xilinx/2025.1/Vitis/bin/unwrapped/win64.o/prodversion.exe
ProgramData=C:\ProgramData
ProgramFiles=C:\Program Files
ProgramFiles(x86)=C:\Program Files (x86)
ProgramW6432=C:\Program Files
PROMPT=$P$G
PSModulePath=C:\Program Files\WindowsPowerShell\Modules;C:\Windows\system32\WindowsPowerShell\v1.0\Modules
PUBLIC=C:\Users\Public
PYTHONPATH=C:/Xilinx/2025.1/Vitis\cli;C:/Xilinx/2025.1/Vitis\cli\python-packages\win64;C:/Xilinx/2025.1/Vitis\cli\python-packages\site-packages;C:/Xilinx/2025.1/Vitis\cli\proto;C:/Xilinx/2025.1/Vitis\scripts\python_pkg;
python_path=C:/Xilinx/2025.1/Vitis\cli;C:/Xilinx/2025.1/Vitis\cli\python-packages\win64;C:/Xilinx/2025.1/Vitis\cli\python-packages\site-packages;C:/Xilinx/2025.1/Vitis\cli\proto;C:/Xilinx/2025.1/Vitis\scripts\python_pkg;
RDI_APPROOT=C:/Xilinx/2025.1/Vitis
RDI_ARGS= --mode hls --csim --config D:\Vitis\shaAccel\wGenerator\hls_config.cfg --work_dir wGenerator
RDI_ARGS_FUNCTION=RDI_EXEC_DEFAULT
RDI_BASEROOT=C:/Xilinx/2025.1
RDI_BINDIR=C:/Xilinx/2025.1/Vitis/bin
RDI_BINROOT=C:/Xilinx/2025.1/Vitis/bin
RDI_BUILD=yes
RDI_CHECK_PROG=True
RDI_DATADIR=C:/Xilinx/2025.1/Vitis/data
RDI_INSTALLROOT=C:/Xilinx
RDI_INSTALLVER=Vitis
RDI_INSTALLVERSION=2025.1
RDI_JAVACEFROOT=C:/Xilinx/2025.1/Vitis/tps/win64/java-cef-95.0.4638.69
RDI_JAVAFXROOT=C:/Xilinx/2025.1/Vitis/tps/win64/javafx-sdk-11.0.2
RDI_JAVAROOT=C:/Xilinx/2025.1/Vitis/tps/win64/jre11.0.16_1
RDI_JAVA_VERSION=11.0.16_1
RDI_LIBDIR=C:/Xilinx/2025.1/Vitis/lib/win64.o
RDI_MINGW_LIB=C:/Xilinx/2025.1/Vitis\tps\mingw\6.2.0\win64.o\nt\bin;C:/Xilinx/2025.1/Vitis\tps\mingw\6.2.0\win64.o\nt\libexec\gcc\x86_64-w64-mingw32\6.2.0
RDI_OPT_EXT=.o
RDI_OS_ARCH=64
RDI_PLATFORM=win64
RDI_PREPEND_PATH=C:/Xilinx/2025.1/Vitis/bin
RDI_PROG=C:/Xilinx/2025.1/Vitis/bin/unwrapped/win64.o/vitis-run.exe
RDI_PROGNAME=vitis-run.exe
RDI_SESSION_INFO=C:\Xilinx\2025.1\Vitis\bin:DESKTOP-E57T4BO-Sun07-13-2025_17-23-01.66
RDI_SHARED_DATA=C:/Xilinx/SharedData/2025.1/data
RDI_TEMPINSTALL=C:\Xilinx\2025.1
RDI_TPS_ROOT=C:/Xilinx/2025.1/Vivado/tps/win64
RDI_USE_JDK11=1
RDI_VERBOSE=False
RT_LIBPATH=C:/Xilinx/2025.1/Vitis/scripts/rt/data
RT_TCL_PATH=C:/Xilinx/2025.1/Vitis/scripts/rt/base_tcl/tcl
SESSIONNAME=Console
session_string=D:\Vitis\shaAccel\wGenerator:DESKTOP-E57T4BO-Mon07-14-2025_17-08-18.77
supports_classic_ide=false
SYNTH_COMMON=C:/Xilinx/2025.1/Vitis/scripts/rt/data
SystemDrive=C:
SystemRoot=C:\Windows
TCL_LIBRARY=C:/Xilinx/2025.1/Vitis/tps/tcl/tcl8.6
TCMALLOC_LARGE_ALLOC_REPORT_THRESHOLD=4294967296
TEMP=C:\Users\HOTTGI~1\AppData\Local\Temp
THEIA_APP_PROJECT_PATH=C:\Xilinx\2025.1\Vitis\ide\electron-app\win64\resources\app
THEIA_CONFIG_DIR=C:\Users\HotTGirlNotClickbait\.theia
THEIA_DEFAULT_PLUGINS=local-dir:C:\Xilinx\2025.1\Vitis\ide\electron-app\win64\resources\app\plugins
THEIA_ELECTRON_TOKEN={"value":"912a64a7-5d42-4ee4-9ffa-4264cef1962f"}
THEIA_ELECTRON_VERSION=30.1.2
THEIA_PLUGINS=local-dir:C:\Users\HotTGirlNotClickbait\.theia\plugins
TMP=C:\Users\HOTTGI~1\AppData\Local\Temp
tooldir=tps\win64\git-2.46.0
TOOLS_CLANGD=C:/Xilinx/2025.1/Vitis/win64/tools/vcxx\libexec
TPS_CMAKE=C:/Xilinx/2025.1/Vivado\tps\win64\cmake-3.24.2
TPS_GIT=C:/Xilinx/2025.1/Vivado\tps\win64\git-2.46.0
TPS_LIBXSLT=C:/Xilinx/2025.1/Vivado\tps\win64\libxslt
TPS_PYTHON=C:/Xilinx/2025.1/Vivado\tps\win64\python-3.13.0
USERDOMAIN=DESKTOP-E57T4BO
USERDOMAIN_ROAMINGPROFILE=DESKTOP-E57T4BO
USERNAME=HotTGirlNotClickbait
USERPROFILE=C:\Users\HotTGirlNotClickbait
VALIDATE_ARGS="False"
VBOX_MSI_INSTALL_PATH=C:\Program Files\Oracle\VirtualBox\
VITISNEW=true
VITIS_EMBEDDED_INSTALL=true
VITIS_HLS_INSTALL=true
VSCODE_API_VERSION=1.95.3
windir=C:\Windows
XILINX_HLS=C:/Xilinx/2025.1/Vitis
XILINX_PLANAHEAD=C:/Xilinx/2025.1/Vitis
XILINX_SDK=C:/Xilinx/2025.1/Vitis
XILINX_VCXX=C:/Xilinx/2025.1/Vitis/win64/tools/vcxx
XILINX_VERSION_DEFAULT=2025.1
XILINX_VERSION_VITIS=2025.1
XILINX_VITIS=C:/Xilinx/2025.1/Vitis
XILINX_VITIS_GIT=C:/Xilinx/2025.1/Vivado\tps\win64\git-2.46.0\bin
XILINX_VITIS_VERSION=Vitis v2025.1 (64-bit)
XILINX_VIVADO=C:/Xilinx/2025.1/Vivado
XIL_CHECK_TCL_DEBUG=False
XIL_NO_OVERRIDE=0
XIL_SUPPRESS_OVERRIDE_WARNINGS=1
XVREDIST=C:/Xilinx/2025.1/Vitis\tps\win64\xvcredist.exe
_RDI_BINROOT=C:\Xilinx\2025.1\Vitis\bin
_RDI_CWD=D:\Vitis\shaAccel\wGenerator
_RDI_DONT_SET_XILINX_AS_PATH=True
_RDI_VERSION_PROG=vitis-run
_valid=False
XILINX_CD_CONNECT_ID=63524
XILINX_CD_SESSION=352a33c2-0cd5-4234-9219-cf07cce36239


VITIS-RUN command line:
------------------------------------------
C:/Xilinx/2025.1/Vitis/bin/unwrapped/win64.o/vitis-run.exe --mode hls --csim --config D:\Vitis\shaAccel\wGenerator\hls_config.cfg --work_dir wGenerator 

FINAL PROGRAM OPTIONS
--config D:\Vitis\shaAccel\wGenerator\hls_config.cfg
--csim
--hls.flow_target vivado
--hls.package.output.format ip_catalog
--hls.package.output.syn false
--hls.syn.file ../dataTypes.h
--hls.syn.file ../functions256.cpp
--hls.syn.file ../functions256.h
--hls.syn.file wGenerator.h
--hls.syn.file wGenerator.cpp
--hls.tb.file tb.cpp
--hls.tb.file ./ans.dat
--hls.tb.file ./in.dat
--mode hls
--part xa7s6cpga196-2I
--work_dir wGenerator

PARSED COMMAND LINE OPTIONS
--mode hls 
--csim 
--config D:\Vitis\shaAccel\wGenerator\hls_config.cfg 
--work_dir wGenerator 

PARSED CONFIG FILE (1) OPTIONS
file: D:\Vitis\shaAccel\wGenerator\hls_config.cfg
part xa7s6cpga196-2I 
hls.flow_target vivado 
hls.package.output.format ip_catalog 
hls.package.output.syn false 
hls.syn.file ../dataTypes.h 
hls.syn.file ../functions256.cpp 
hls.syn.file ../functions256.h 
hls.syn.file wGenerator.h 
hls.syn.file wGenerator.cpp 
hls.tb.file tb.cpp 
hls.tb.file ./ans.dat 
hls.tb.file ./in.dat 


==========================================
new:  steps log generated by v++ for new launch 
timestamp: 14 Jul 2025 17:08:22

------------------------------------------
VITIS-RUN command line :
------------------------------------------
C:/Xilinx/2025.1/Vitis/bin/unwrapped/win64.o/vitis-run.exe --mode hls --csim --config D:\Vitis\shaAccel\wGenerator\hls_config.cfg --work_dir wGenerator 
  Options from -O    : 
  Options from *.ini : 
  Options from Hw Platform : 

==========================================
new:  steps log generated by v++ for new launch 
timestamp: 14 Jul 2025 17:10:05

------------------------------------------
VITIS-RUN command line :
------------------------------------------
C:/Xilinx/2025.1/Vitis/bin/unwrapped/win64.o/vitis-run.exe --mode hls --csim --config D:\Vitis\shaAccel\wGenerator\hls_config.cfg --work_dir wGenerator 
  Options from -O    : 
  Options from *.ini : 
  Options from Hw Platform : 

==========================================
new:  steps log generated by v++ for new launch 
timestamp: 14 Jul 2025 17:10:54

------------------------------------------
VITIS-RUN command line :
------------------------------------------
C:/Xilinx/2025.1/Vitis/bin/unwrapped/win64.o/vitis-run.exe --mode hls --csim --config D:\Vitis\shaAccel\wGenerator\hls_config.cfg --work_dir wGenerator 
  Options from -O    : 
  Options from *.ini : 
  Options from Hw Platform : 

==========================================
new:  steps log generated by v++ for new launch 
timestamp: 14 Jul 2025 17:21:26

------------------------------------------
VITIS-RUN command line :
------------------------------------------
C:/Xilinx/2025.1/Vitis/bin/unwrapped/win64.o/vitis-run.exe --mode hls --csim --config D:\Vitis\shaAccel\wGenerator\hls_config.cfg --work_dir wGenerator 
  Options from -O    : 
  Options from *.ini : 
  Options from Hw Platform : 

==========================================
new:  steps log generated by v++ for new launch 
timestamp: 15 Jul 2025 18:07:51

------------------------------------------
VITIS-RUN command line :
------------------------------------------
C:/Xilinx/2025.1/Vitis/bin/unwrapped/win64.o/vitis-run.exe --mode hls --csim --config D:\Vitis\shaAccel\wGenerator\hls_config.cfg --work_dir wGenerator 
  Options from -O    : 
  Options from *.ini : 
  Options from Hw Platform : 

==========================================
new:  steps log generated by v++ for new launch 
timestamp: 15 Jul 2025 18:10:01

------------------------------------------
VITIS-RUN command line :
------------------------------------------
C:/Xilinx/2025.1/Vitis/bin/unwrapped/win64.o/vitis-run.exe --mode hls --csim --config D:\Vitis\shaAccel\wGenerator\hls_config.cfg --work_dir wGenerator 
  Options from -O    : 
  Options from *.ini : 
  Options from Hw Platform : 

==========================================
new:  steps log generated by v++ for new launch 
timestamp: 15 Jul 2025 18:10:56

------------------------------------------
VITIS-RUN command line :
------------------------------------------
C:/Xilinx/2025.1/Vitis/bin/unwrapped/win64.o/vitis-run.exe --mode hls --csim --config D:\Vitis\shaAccel\wGenerator\hls_config.cfg --work_dir wGenerator 
  Options from -O    : 
  Options from *.ini : 
  Options from Hw Platform : 

==========================================
new:  steps log generated by v++ for new launch 
timestamp: 15 Jul 2025 18:12:00

------------------------------------------
VITIS-RUN command line :
------------------------------------------
C:/Xilinx/2025.1/Vitis/bin/unwrapped/win64.o/vitis-run.exe --mode hls --csim --config D:\Vitis\shaAccel\wGenerator\hls_config.cfg --work_dir wGenerator 
  Options from -O    : 
  Options from *.ini : 
  Options from Hw Platform : 

==========================================
new:  steps log generated by v++ for new launch 
timestamp: 15 Jul 2025 18:12:44

------------------------------------------
VITIS-RUN command line :
------------------------------------------
C:/Xilinx/2025.1/Vitis/bin/unwrapped/win64.o/vitis-run.exe --mode hls --csim --config D:\Vitis\shaAccel\wGenerator\hls_config.cfg --work_dir wGenerator 
  Options from -O    : 
  Options from *.ini : 
  Options from Hw Platform : 

==========================================
new:  steps log generated by v++ for new launch 
timestamp: 15 Jul 2025 18:13:53

------------------------------------------
VITIS-RUN command line :
------------------------------------------
C:/Xilinx/2025.1/Vitis/bin/unwrapped/win64.o/vitis-run.exe --mode hls --csim --config D:\Vitis\shaAccel\wGenerator\hls_config.cfg --work_dir wGenerator 
  Options from -O    : 
  Options from *.ini : 
  Options from Hw Platform : 

==========================================
new:  steps log generated by v++ for new launch 
timestamp: 15 Jul 2025 18:14:35

------------------------------------------
VITIS-RUN command line :
------------------------------------------
C:/Xilinx/2025.1/Vitis/bin/unwrapped/win64.o/vitis-run.exe --mode hls --csim --config D:\Vitis\shaAccel\wGenerator\hls_config.cfg --work_dir wGenerator 
  Options from -O    : 
  Options from *.ini : 
  Options from Hw Platform : 

==========================================
new:  steps log generated by v++ for new launch 
timestamp: 15 Jul 2025 18:20:40

------------------------------------------
VITIS-RUN command line :
------------------------------------------
C:/Xilinx/2025.1/Vitis/bin/unwrapped/win64.o/vitis-run.exe --mode hls --csim --config D:\Vitis\shaAccel\wGenerator\hls_config.cfg --work_dir wGenerator 
  Options from -O    : 
  Options from *.ini : 
  Options from Hw Platform : 

==========================================
new:  steps log generated by v++ for new launch 
timestamp: 15 Jul 2025 18:21:12

------------------------------------------
VITIS-RUN command line :
------------------------------------------
C:/Xilinx/2025.1/Vitis/bin/unwrapped/win64.o/vitis-run.exe --mode hls --csim --config D:\Vitis\shaAccel\wGenerator\hls_config.cfg --work_dir wGenerator 
  Options from -O    : 
  Options from *.ini : 
  Options from Hw Platform : 

==========================================
new:  steps log generated by v++ for new launch 
timestamp: 15 Jul 2025 18:21:42

------------------------------------------
VITIS-RUN command line :
------------------------------------------
C:/Xilinx/2025.1/Vitis/bin/unwrapped/win64.o/vitis-run.exe --mode hls --csim --config D:\Vitis\shaAccel\wGenerator\hls_config.cfg --work_dir wGenerator 
  Options from -O    : 
  Options from *.ini : 
  Options from Hw Platform : 

==========================================
new:  steps log generated by v++ for new launch 
timestamp: 16 Jul 2025 02:44:15

------------------------------------------
V++ command line :
------------------------------------------
C:/Xilinx/2025.1/Vitis/bin/unwrapped/win64.o/v++.exe -c --mode hls --config D:\Vitis\shaAccel\wGenerator\hls_config.cfg --work_dir wGenerator 
  Options from -O    : 
  Options from *.ini : 
  Options from Hw Platform : 

==========================================
new:  steps log generated by v++ for new launch 
timestamp: 16 Jul 2025 02:44:52

------------------------------------------
VITIS-RUN command line :
------------------------------------------
C:/Xilinx/2025.1/Vitis/bin/unwrapped/win64.o/vitis-run.exe --mode hls --cosim --config D:\Vitis\shaAccel\wGenerator\hls_config.cfg --work_dir wGenerator 
  Options from -O    : 
  Options from *.ini : 
  Options from Hw Platform : 

==========================================
new:  steps log generated by v++ for new launch 
timestamp: 16 Jul 2025 02:46:22

------------------------------------------
VITIS-RUN command line :
------------------------------------------
C:/Xilinx/2025.1/Vitis/bin/unwrapped/win64.o/vitis-run.exe --mode hls --package --config D:\Vitis\shaAccel\wGenerator\hls_config.cfg --work_dir wGenerator 
  Options from -O    : 
  Options from *.ini : 
  Options from Hw Platform : 

==========================================
new:  steps log generated by v++ for new launch 
timestamp: 16 Jul 2025 02:48:07

------------------------------------------
VITIS-RUN command line :
------------------------------------------
C:/Xilinx/2025.1/Vitis/bin/unwrapped/win64.o/vitis-run.exe --mode hls --impl --config D:\Vitis\shaAccel\wGenerator\hls_config.cfg --work_dir wGenerator 
  Options from -O    : 
  Options from *.ini : 
  Options from Hw Platform : 

==========================================
new:  steps log generated by v++ for new launch 
timestamp: 16 Jul 2025 02:48:48
