================================================================
== Vivado RTL Synthesis Results
================================================================
+ General Information:
    * Date:            Mon Jul 14 16:51:12 -0400 2025
    * Version:         2025.1 (Build 6135595 on May 21 2025)
    * Project:         chunkIteration
    * Solution:        hls (Vivado IP Flow Target)
    * Product family:  aspartan7
    * Target device:   xa7s6-cpga196-2I


================================================================
== Run Constraints & Options
================================================================
+ Design Constraints & Options:
    * RTL Synthesis target clock:  10 ns
    * C-Synthesis uncertainty:     27%

+ RTL Synthesis Options:
    * config_export -vivado_synth_strategy:     default
    * config_export -vivado_synth_design_args:  -directive sdx_optimization_effort_high

+ Reporting Options:
    * config_export -vivado_report_level:      2
    * config_export -vivado_max_timing_paths:  10


================================================================
== RTL Synthesis Resource Summary
================================================================
LUT:              410
FF:               262
DSP:              0
BRAM:             0
URAM:             0
SRL:              0


================================================================
== RTL Synthesis Timing Summary
================================================================
* Timing was met
+----------------+-------------+
| Timing         | Period (ns) |
+----------------+-------------+
| Target         | 10.000      |
| Post-Synthesis | 4.432       |
+----------------+-------------+


================================================================
== RTL Synthesis Resources
================================================================
+------+-----+-----+-----+------+------+-----+--------+------+---------+----------+--------+
| Name | LUT | FF  | DSP | BRAM | URAM | SRL | Pragma | Impl | Latency | Variable | Source |
+------+-----+-----+-----+------+------+-----+--------+------+---------+----------+--------+
| inst | 410 | 262 |     |      |      |     |        |      |         |          |        |
+------+-----+-----+-----+------+------+-----+--------+------+---------+----------+--------+


================================================================
== RTL Synthesis Fail Fast
================================================================
+-----------------------------------------------------------+-----------+--------+--------+
| Criteria                                                  | Guideline | Actual | Status |
+-----------------------------------------------------------+-----------+--------+--------+
| LUT                                                       | 70%       | 10.93% | OK     |
| FD                                                        | 50%       | 3.49%  | OK     |
| LUTRAM+SRL                                                | 25%       | 0.00%  | OK     |
| MUXF7                                                     | 15%       | 0.00%  | OK     |
| DSP                                                       | 80%       | 0.00%  | OK     |
| RAMB/FIFO                                                 | 80%       | 0.00%  | OK     |
| DSP+RAMB+URAM (Avg)                                       | 70%       | 0.00%  | OK     |
| BUFGCE* + BUFGCTRL                                        | 24        | 0      | OK     |
| DONT_TOUCH (cells/nets)                                   | 0         | 0      | OK     |
| MARK_DEBUG (nets)                                         | 0         | 0      | OK     |
| Control Sets                                              | 70        | 6      | OK     |
| Average Fanout for modules > 100k cells                   | 4         | 1.91   | OK     |
| Max Average Fanout for modules > 100k cells               | 4         | 0      | OK     |
| Non-FD high fanout nets > 10k loads                       | 0         | 0      | OK     |
+-----------------------------------------------------------+-----------+--------+--------+
| TIMING-6 (No common primary clock between related clocks) | 0         | 0      | OK     |
| TIMING-7 (No common node between related clocks)          | 0         | 0      | OK     |
| TIMING-8 (No common period between related clocks)        | 0         | 0      | OK     |
| TIMING-14 (LUT on the clock tree)                         | 0         | 0      | OK     |
| TIMING-35 (No common node in paths with the same clock)   | 0         | 0      | OK     |
+-----------------------------------------------------------+-----------+--------+--------+
| Number of paths above max LUT budgeting (0.500ns)         | 0         | 0      | OK     |
| Number of paths above max Net budgeting (0.350ns)         | 0         | 0      | OK     |
+-----------------------------------------------------------+-----------+--------+--------+


================================================================
== RTL Synthesis Timing Paths
================================================================
* Timing was met
+-------+-------+--------------------------+----------------------+--------------+------------+----------------+----------------+--------------+
| Path  | SLACK | STARTPOINT PIN           | ENDPOINT PIN         | LOGIC LEVELS | MAX FANOUT | DATAPATH DELAY | DATAPATH LOGIC | DATAPATH NET |
|       |       |                          |                      |              |            |                |          DELAY |        DELAY |
+-------+-------+--------------------------+----------------------+--------------+------------+----------------+----------------+--------------+
| Path1 | 5.568 | or_ln13_reg_561_reg[0]/C | t1_reg_566_reg[31]/D |           10 |          3 |          4.458 |          2.738 |        1.720 |
| Path2 | 5.576 | or_ln13_reg_561_reg[0]/C | t1_reg_566_reg[29]/D |           10 |          3 |          4.450 |          2.730 |        1.720 |
| Path3 | 5.631 | or_ln13_reg_561_reg[0]/C | t1_reg_566_reg[30]/D |           10 |          3 |          4.395 |          2.675 |        1.720 |
| Path4 | 5.656 | or_ln13_reg_561_reg[0]/C | t1_reg_566_reg[28]/D |           10 |          3 |          4.370 |          2.650 |        1.720 |
| Path5 | 5.668 | or_ln13_reg_561_reg[0]/C | t1_reg_566_reg[27]/D |            9 |          3 |          4.358 |          2.638 |        1.720 |
+-------+-------+--------------------------+----------------------+--------------+------------+----------------+----------------+--------------+

    +-------------------------+----------------------+
    | Path1 Cells             | Primitive Type       |
    +-------------------------+----------------------+
    | or_ln13_reg_561_reg[0]  | FLOP_LATCH.flop.FDRE |
    | t1_reg_566[7]_i_13      | LUT.others.LUT3      |
    | t1_reg_566_reg[7]_i_10  | CARRY.others.CARRY4  |
    | t1_reg_566_reg[11]_i_10 | CARRY.others.CARRY4  |
    | t1_reg_566_reg[15]_i_10 | CARRY.others.CARRY4  |
    | t1_reg_566_reg[19]_i_10 | CARRY.others.CARRY4  |
    | t1_reg_566_reg[23]_i_10 | CARRY.others.CARRY4  |
    | t1_reg_566_reg[27]_i_10 | CARRY.others.CARRY4  |
    | t1_reg_566[27]_i_5      | LUT.others.LUT3      |
    | t1_reg_566_reg[27]_i_1  | CARRY.others.CARRY4  |
    | t1_reg_566_reg[31]_i_1  | CARRY.others.CARRY4  |
    | t1_reg_566_reg[31]      | FLOP_LATCH.flop.FDRE |
    | or_ln13_reg_561_reg[0]  | FLOP_LATCH.flop.FDRE |
    | t1_reg_566[7]_i_13      | LUT.others.LUT3      |
    | t1_reg_566_reg[7]_i_10  | CARRY.others.CARRY4  |
    | t1_reg_566_reg[11]_i_10 | CARRY.others.CARRY4  |
    | t1_reg_566_reg[15]_i_10 | CARRY.others.CARRY4  |
    | t1_reg_566_reg[19]_i_10 | CARRY.others.CARRY4  |
    | t1_reg_566_reg[23]_i_10 | CARRY.others.CARRY4  |
    | t1_reg_566_reg[27]_i_10 | CARRY.others.CARRY4  |
    | t1_reg_566[27]_i_5      | LUT.others.LUT3      |
    | t1_reg_566_reg[27]_i_1  | CARRY.others.CARRY4  |
    | t1_reg_566_reg[31]_i_1  | CARRY.others.CARRY4  |
    | t1_reg_566_reg[29]      | FLOP_LATCH.flop.FDRE |
    | or_ln13_reg_561_reg[0]  | FLOP_LATCH.flop.FDRE |
    | t1_reg_566[7]_i_13      | LUT.others.LUT3      |
    | t1_reg_566_reg[7]_i_10  | CARRY.others.CARRY4  |
    | t1_reg_566_reg[11]_i_10 | CARRY.others.CARRY4  |
    | t1_reg_566_reg[15]_i_10 | CARRY.others.CARRY4  |
    | t1_reg_566_reg[19]_i_10 | CARRY.others.CARRY4  |
    | t1_reg_566_reg[23]_i_10 | CARRY.others.CARRY4  |
    | t1_reg_566_reg[27]_i_10 | CARRY.others.CARRY4  |
    | t1_reg_566[27]_i_5      | LUT.others.LUT3      |
    | t1_reg_566_reg[27]_i_1  | CARRY.others.CARRY4  |
    | t1_reg_566_reg[31]_i_1  | CARRY.others.CARRY4  |
    | t1_reg_566_reg[30]      | FLOP_LATCH.flop.FDRE |
    | or_ln13_reg_561_reg[0]  | FLOP_LATCH.flop.FDRE |
    | t1_reg_566[7]_i_13      | LUT.others.LUT3      |
    | t1_reg_566_reg[7]_i_10  | CARRY.others.CARRY4  |
    | t1_reg_566_reg[11]_i_10 | CARRY.others.CARRY4  |
    | t1_reg_566_reg[15]_i_10 | CARRY.others.CARRY4  |
    | t1_reg_566_reg[19]_i_10 | CARRY.others.CARRY4  |
    | t1_reg_566_reg[23]_i_10 | CARRY.others.CARRY4  |
    | t1_reg_566_reg[27]_i_10 | CARRY.others.CARRY4  |
    | t1_reg_566[27]_i_5      | LUT.others.LUT3      |
    | t1_reg_566_reg[27]_i_1  | CARRY.others.CARRY4  |
    | t1_reg_566_reg[31]_i_1  | CARRY.others.CARRY4  |
    | t1_reg_566_reg[28]      | FLOP_LATCH.flop.FDRE |
    | or_ln13_reg_561_reg[0]  | FLOP_LATCH.flop.FDRE |
    | t1_reg_566[7]_i_13      | LUT.others.LUT3      |
    | t1_reg_566_reg[7]_i_10  | CARRY.others.CARRY4  |
    | t1_reg_566_reg[11]_i_10 | CARRY.others.CARRY4  |
    | t1_reg_566_reg[15]_i_10 | CARRY.others.CARRY4  |
    | t1_reg_566_reg[19]_i_10 | CARRY.others.CARRY4  |
    | t1_reg_566_reg[23]_i_10 | CARRY.others.CARRY4  |
    | t1_reg_566[23]_i_5      | LUT.others.LUT3      |
    | t1_reg_566_reg[23]_i_1  | CARRY.others.CARRY4  |
    | t1_reg_566_reg[27]_i_1  | CARRY.others.CARRY4  |
    | t1_reg_566_reg[27]      | FLOP_LATCH.flop.FDRE |
    +-------------------------+----------------------+

    +-------------------------+----------------------+
    | Path2 Cells             | Primitive Type       |
    +-------------------------+----------------------+
    | or_ln13_reg_561_reg[0]  | FLOP_LATCH.flop.FDRE |
    | t1_reg_566[7]_i_13      | LUT.others.LUT3      |
    | t1_reg_566_reg[7]_i_10  | CARRY.others.CARRY4  |
    | t1_reg_566_reg[11]_i_10 | CARRY.others.CARRY4  |
    | t1_reg_566_reg[15]_i_10 | CARRY.others.CARRY4  |
    | t1_reg_566_reg[19]_i_10 | CARRY.others.CARRY4  |
    | t1_reg_566_reg[23]_i_10 | CARRY.others.CARRY4  |
    | t1_reg_566_reg[27]_i_10 | CARRY.others.CARRY4  |
    | t1_reg_566[27]_i_5      | LUT.others.LUT3      |
    | t1_reg_566_reg[27]_i_1  | CARRY.others.CARRY4  |
    | t1_reg_566_reg[31]_i_1  | CARRY.others.CARRY4  |
    | t1_reg_566_reg[31]      | FLOP_LATCH.flop.FDRE |
    | or_ln13_reg_561_reg[0]  | FLOP_LATCH.flop.FDRE |
    | t1_reg_566[7]_i_13      | LUT.others.LUT3      |
    | t1_reg_566_reg[7]_i_10  | CARRY.others.CARRY4  |
    | t1_reg_566_reg[11]_i_10 | CARRY.others.CARRY4  |
    | t1_reg_566_reg[15]_i_10 | CARRY.others.CARRY4  |
    | t1_reg_566_reg[19]_i_10 | CARRY.others.CARRY4  |
    | t1_reg_566_reg[23]_i_10 | CARRY.others.CARRY4  |
    | t1_reg_566_reg[27]_i_10 | CARRY.others.CARRY4  |
    | t1_reg_566[27]_i_5      | LUT.others.LUT3      |
    | t1_reg_566_reg[27]_i_1  | CARRY.others.CARRY4  |
    | t1_reg_566_reg[31]_i_1  | CARRY.others.CARRY4  |
    | t1_reg_566_reg[29]      | FLOP_LATCH.flop.FDRE |
    | or_ln13_reg_561_reg[0]  | FLOP_LATCH.flop.FDRE |
    | t1_reg_566[7]_i_13      | LUT.others.LUT3      |
    | t1_reg_566_reg[7]_i_10  | CARRY.others.CARRY4  |
    | t1_reg_566_reg[11]_i_10 | CARRY.others.CARRY4  |
    | t1_reg_566_reg[15]_i_10 | CARRY.others.CARRY4  |
    | t1_reg_566_reg[19]_i_10 | CARRY.others.CARRY4  |
    | t1_reg_566_reg[23]_i_10 | CARRY.others.CARRY4  |
    | t1_reg_566_reg[27]_i_10 | CARRY.others.CARRY4  |
    | t1_reg_566[27]_i_5      | LUT.others.LUT3      |
    | t1_reg_566_reg[27]_i_1  | CARRY.others.CARRY4  |
    | t1_reg_566_reg[31]_i_1  | CARRY.others.CARRY4  |
    | t1_reg_566_reg[30]      | FLOP_LATCH.flop.FDRE |
    | or_ln13_reg_561_reg[0]  | FLOP_LATCH.flop.FDRE |
    | t1_reg_566[7]_i_13      | LUT.others.LUT3      |
    | t1_reg_566_reg[7]_i_10  | CARRY.others.CARRY4  |
    | t1_reg_566_reg[11]_i_10 | CARRY.others.CARRY4  |
    | t1_reg_566_reg[15]_i_10 | CARRY.others.CARRY4  |
    | t1_reg_566_reg[19]_i_10 | CARRY.others.CARRY4  |
    | t1_reg_566_reg[23]_i_10 | CARRY.others.CARRY4  |
    | t1_reg_566_reg[27]_i_10 | CARRY.others.CARRY4  |
    | t1_reg_566[27]_i_5      | LUT.others.LUT3      |
    | t1_reg_566_reg[27]_i_1  | CARRY.others.CARRY4  |
    | t1_reg_566_reg[31]_i_1  | CARRY.others.CARRY4  |
    | t1_reg_566_reg[28]      | FLOP_LATCH.flop.FDRE |
    | or_ln13_reg_561_reg[0]  | FLOP_LATCH.flop.FDRE |
    | t1_reg_566[7]_i_13      | LUT.others.LUT3      |
    | t1_reg_566_reg[7]_i_10  | CARRY.others.CARRY4  |
    | t1_reg_566_reg[11]_i_10 | CARRY.others.CARRY4  |
    | t1_reg_566_reg[15]_i_10 | CARRY.others.CARRY4  |
    | t1_reg_566_reg[19]_i_10 | CARRY.others.CARRY4  |
    | t1_reg_566_reg[23]_i_10 | CARRY.others.CARRY4  |
    | t1_reg_566[23]_i_5      | LUT.others.LUT3      |
    | t1_reg_566_reg[23]_i_1  | CARRY.others.CARRY4  |
    | t1_reg_566_reg[27]_i_1  | CARRY.others.CARRY4  |
    | t1_reg_566_reg[27]      | FLOP_LATCH.flop.FDRE |
    +-------------------------+----------------------+

    +-------------------------+----------------------+
    | Path3 Cells             | Primitive Type       |
    +-------------------------+----------------------+
    | or_ln13_reg_561_reg[0]  | FLOP_LATCH.flop.FDRE |
    | t1_reg_566[7]_i_13      | LUT.others.LUT3      |
    | t1_reg_566_reg[7]_i_10  | CARRY.others.CARRY4  |
    | t1_reg_566_reg[11]_i_10 | CARRY.others.CARRY4  |
    | t1_reg_566_reg[15]_i_10 | CARRY.others.CARRY4  |
    | t1_reg_566_reg[19]_i_10 | CARRY.others.CARRY4  |
    | t1_reg_566_reg[23]_i_10 | CARRY.others.CARRY4  |
    | t1_reg_566_reg[27]_i_10 | CARRY.others.CARRY4  |
    | t1_reg_566[27]_i_5      | LUT.others.LUT3      |
    | t1_reg_566_reg[27]_i_1  | CARRY.others.CARRY4  |
    | t1_reg_566_reg[31]_i_1  | CARRY.others.CARRY4  |
    | t1_reg_566_reg[31]      | FLOP_LATCH.flop.FDRE |
    | or_ln13_reg_561_reg[0]  | FLOP_LATCH.flop.FDRE |
    | t1_reg_566[7]_i_13      | LUT.others.LUT3      |
    | t1_reg_566_reg[7]_i_10  | CARRY.others.CARRY4  |
    | t1_reg_566_reg[11]_i_10 | CARRY.others.CARRY4  |
    | t1_reg_566_reg[15]_i_10 | CARRY.others.CARRY4  |
    | t1_reg_566_reg[19]_i_10 | CARRY.others.CARRY4  |
    | t1_reg_566_reg[23]_i_10 | CARRY.others.CARRY4  |
    | t1_reg_566_reg[27]_i_10 | CARRY.others.CARRY4  |
    | t1_reg_566[27]_i_5      | LUT.others.LUT3      |
    | t1_reg_566_reg[27]_i_1  | CARRY.others.CARRY4  |
    | t1_reg_566_reg[31]_i_1  | CARRY.others.CARRY4  |
    | t1_reg_566_reg[29]      | FLOP_LATCH.flop.FDRE |
    | or_ln13_reg_561_reg[0]  | FLOP_LATCH.flop.FDRE |
    | t1_reg_566[7]_i_13      | LUT.others.LUT3      |
    | t1_reg_566_reg[7]_i_10  | CARRY.others.CARRY4  |
    | t1_reg_566_reg[11]_i_10 | CARRY.others.CARRY4  |
    | t1_reg_566_reg[15]_i_10 | CARRY.others.CARRY4  |
    | t1_reg_566_reg[19]_i_10 | CARRY.others.CARRY4  |
    | t1_reg_566_reg[23]_i_10 | CARRY.others.CARRY4  |
    | t1_reg_566_reg[27]_i_10 | CARRY.others.CARRY4  |
    | t1_reg_566[27]_i_5      | LUT.others.LUT3      |
    | t1_reg_566_reg[27]_i_1  | CARRY.others.CARRY4  |
    | t1_reg_566_reg[31]_i_1  | CARRY.others.CARRY4  |
    | t1_reg_566_reg[30]      | FLOP_LATCH.flop.FDRE |
    | or_ln13_reg_561_reg[0]  | FLOP_LATCH.flop.FDRE |
    | t1_reg_566[7]_i_13      | LUT.others.LUT3      |
    | t1_reg_566_reg[7]_i_10  | CARRY.others.CARRY4  |
    | t1_reg_566_reg[11]_i_10 | CARRY.others.CARRY4  |
    | t1_reg_566_reg[15]_i_10 | CARRY.others.CARRY4  |
    | t1_reg_566_reg[19]_i_10 | CARRY.others.CARRY4  |
    | t1_reg_566_reg[23]_i_10 | CARRY.others.CARRY4  |
    | t1_reg_566_reg[27]_i_10 | CARRY.others.CARRY4  |
    | t1_reg_566[27]_i_5      | LUT.others.LUT3      |
    | t1_reg_566_reg[27]_i_1  | CARRY.others.CARRY4  |
    | t1_reg_566_reg[31]_i_1  | CARRY.others.CARRY4  |
    | t1_reg_566_reg[28]      | FLOP_LATCH.flop.FDRE |
    | or_ln13_reg_561_reg[0]  | FLOP_LATCH.flop.FDRE |
    | t1_reg_566[7]_i_13      | LUT.others.LUT3      |
    | t1_reg_566_reg[7]_i_10  | CARRY.others.CARRY4  |
    | t1_reg_566_reg[11]_i_10 | CARRY.others.CARRY4  |
    | t1_reg_566_reg[15]_i_10 | CARRY.others.CARRY4  |
    | t1_reg_566_reg[19]_i_10 | CARRY.others.CARRY4  |
    | t1_reg_566_reg[23]_i_10 | CARRY.others.CARRY4  |
    | t1_reg_566[23]_i_5      | LUT.others.LUT3      |
    | t1_reg_566_reg[23]_i_1  | CARRY.others.CARRY4  |
    | t1_reg_566_reg[27]_i_1  | CARRY.others.CARRY4  |
    | t1_reg_566_reg[27]      | FLOP_LATCH.flop.FDRE |
    +-------------------------+----------------------+

    +-------------------------+----------------------+
    | Path4 Cells             | Primitive Type       |
    +-------------------------+----------------------+
    | or_ln13_reg_561_reg[0]  | FLOP_LATCH.flop.FDRE |
    | t1_reg_566[7]_i_13      | LUT.others.LUT3      |
    | t1_reg_566_reg[7]_i_10  | CARRY.others.CARRY4  |
    | t1_reg_566_reg[11]_i_10 | CARRY.others.CARRY4  |
    | t1_reg_566_reg[15]_i_10 | CARRY.others.CARRY4  |
    | t1_reg_566_reg[19]_i_10 | CARRY.others.CARRY4  |
    | t1_reg_566_reg[23]_i_10 | CARRY.others.CARRY4  |
    | t1_reg_566_reg[27]_i_10 | CARRY.others.CARRY4  |
    | t1_reg_566[27]_i_5      | LUT.others.LUT3      |
    | t1_reg_566_reg[27]_i_1  | CARRY.others.CARRY4  |
    | t1_reg_566_reg[31]_i_1  | CARRY.others.CARRY4  |
    | t1_reg_566_reg[31]      | FLOP_LATCH.flop.FDRE |
    | or_ln13_reg_561_reg[0]  | FLOP_LATCH.flop.FDRE |
    | t1_reg_566[7]_i_13      | LUT.others.LUT3      |
    | t1_reg_566_reg[7]_i_10  | CARRY.others.CARRY4  |
    | t1_reg_566_reg[11]_i_10 | CARRY.others.CARRY4  |
    | t1_reg_566_reg[15]_i_10 | CARRY.others.CARRY4  |
    | t1_reg_566_reg[19]_i_10 | CARRY.others.CARRY4  |
    | t1_reg_566_reg[23]_i_10 | CARRY.others.CARRY4  |
    | t1_reg_566_reg[27]_i_10 | CARRY.others.CARRY4  |
    | t1_reg_566[27]_i_5      | LUT.others.LUT3      |
    | t1_reg_566_reg[27]_i_1  | CARRY.others.CARRY4  |
    | t1_reg_566_reg[31]_i_1  | CARRY.others.CARRY4  |
    | t1_reg_566_reg[29]      | FLOP_LATCH.flop.FDRE |
    | or_ln13_reg_561_reg[0]  | FLOP_LATCH.flop.FDRE |
    | t1_reg_566[7]_i_13      | LUT.others.LUT3      |
    | t1_reg_566_reg[7]_i_10  | CARRY.others.CARRY4  |
    | t1_reg_566_reg[11]_i_10 | CARRY.others.CARRY4  |
    | t1_reg_566_reg[15]_i_10 | CARRY.others.CARRY4  |
    | t1_reg_566_reg[19]_i_10 | CARRY.others.CARRY4  |
    | t1_reg_566_reg[23]_i_10 | CARRY.others.CARRY4  |
    | t1_reg_566_reg[27]_i_10 | CARRY.others.CARRY4  |
    | t1_reg_566[27]_i_5      | LUT.others.LUT3      |
    | t1_reg_566_reg[27]_i_1  | CARRY.others.CARRY4  |
    | t1_reg_566_reg[31]_i_1  | CARRY.others.CARRY4  |
    | t1_reg_566_reg[30]      | FLOP_LATCH.flop.FDRE |
    | or_ln13_reg_561_reg[0]  | FLOP_LATCH.flop.FDRE |
    | t1_reg_566[7]_i_13      | LUT.others.LUT3      |
    | t1_reg_566_reg[7]_i_10  | CARRY.others.CARRY4  |
    | t1_reg_566_reg[11]_i_10 | CARRY.others.CARRY4  |
    | t1_reg_566_reg[15]_i_10 | CARRY.others.CARRY4  |
    | t1_reg_566_reg[19]_i_10 | CARRY.others.CARRY4  |
    | t1_reg_566_reg[23]_i_10 | CARRY.others.CARRY4  |
    | t1_reg_566_reg[27]_i_10 | CARRY.others.CARRY4  |
    | t1_reg_566[27]_i_5      | LUT.others.LUT3      |
    | t1_reg_566_reg[27]_i_1  | CARRY.others.CARRY4  |
    | t1_reg_566_reg[31]_i_1  | CARRY.others.CARRY4  |
    | t1_reg_566_reg[28]      | FLOP_LATCH.flop.FDRE |
    | or_ln13_reg_561_reg[0]  | FLOP_LATCH.flop.FDRE |
    | t1_reg_566[7]_i_13      | LUT.others.LUT3      |
    | t1_reg_566_reg[7]_i_10  | CARRY.others.CARRY4  |
    | t1_reg_566_reg[11]_i_10 | CARRY.others.CARRY4  |
    | t1_reg_566_reg[15]_i_10 | CARRY.others.CARRY4  |
    | t1_reg_566_reg[19]_i_10 | CARRY.others.CARRY4  |
    | t1_reg_566_reg[23]_i_10 | CARRY.others.CARRY4  |
    | t1_reg_566[23]_i_5      | LUT.others.LUT3      |
    | t1_reg_566_reg[23]_i_1  | CARRY.others.CARRY4  |
    | t1_reg_566_reg[27]_i_1  | CARRY.others.CARRY4  |
    | t1_reg_566_reg[27]      | FLOP_LATCH.flop.FDRE |
    +-------------------------+----------------------+

    +-------------------------+----------------------+
    | Path5 Cells             | Primitive Type       |
    +-------------------------+----------------------+
    | or_ln13_reg_561_reg[0]  | FLOP_LATCH.flop.FDRE |
    | t1_reg_566[7]_i_13      | LUT.others.LUT3      |
    | t1_reg_566_reg[7]_i_10  | CARRY.others.CARRY4  |
    | t1_reg_566_reg[11]_i_10 | CARRY.others.CARRY4  |
    | t1_reg_566_reg[15]_i_10 | CARRY.others.CARRY4  |
    | t1_reg_566_reg[19]_i_10 | CARRY.others.CARRY4  |
    | t1_reg_566_reg[23]_i_10 | CARRY.others.CARRY4  |
    | t1_reg_566_reg[27]_i_10 | CARRY.others.CARRY4  |
    | t1_reg_566[27]_i_5      | LUT.others.LUT3      |
    | t1_reg_566_reg[27]_i_1  | CARRY.others.CARRY4  |
    | t1_reg_566_reg[31]_i_1  | CARRY.others.CARRY4  |
    | t1_reg_566_reg[31]      | FLOP_LATCH.flop.FDRE |
    | or_ln13_reg_561_reg[0]  | FLOP_LATCH.flop.FDRE |
    | t1_reg_566[7]_i_13      | LUT.others.LUT3      |
    | t1_reg_566_reg[7]_i_10  | CARRY.others.CARRY4  |
    | t1_reg_566_reg[11]_i_10 | CARRY.others.CARRY4  |
    | t1_reg_566_reg[15]_i_10 | CARRY.others.CARRY4  |
    | t1_reg_566_reg[19]_i_10 | CARRY.others.CARRY4  |
    | t1_reg_566_reg[23]_i_10 | CARRY.others.CARRY4  |
    | t1_reg_566_reg[27]_i_10 | CARRY.others.CARRY4  |
    | t1_reg_566[27]_i_5      | LUT.others.LUT3      |
    | t1_reg_566_reg[27]_i_1  | CARRY.others.CARRY4  |
    | t1_reg_566_reg[31]_i_1  | CARRY.others.CARRY4  |
    | t1_reg_566_reg[29]      | FLOP_LATCH.flop.FDRE |
    | or_ln13_reg_561_reg[0]  | FLOP_LATCH.flop.FDRE |
    | t1_reg_566[7]_i_13      | LUT.others.LUT3      |
    | t1_reg_566_reg[7]_i_10  | CARRY.others.CARRY4  |
    | t1_reg_566_reg[11]_i_10 | CARRY.others.CARRY4  |
    | t1_reg_566_reg[15]_i_10 | CARRY.others.CARRY4  |
    | t1_reg_566_reg[19]_i_10 | CARRY.others.CARRY4  |
    | t1_reg_566_reg[23]_i_10 | CARRY.others.CARRY4  |
    | t1_reg_566_reg[27]_i_10 | CARRY.others.CARRY4  |
    | t1_reg_566[27]_i_5      | LUT.others.LUT3      |
    | t1_reg_566_reg[27]_i_1  | CARRY.others.CARRY4  |
    | t1_reg_566_reg[31]_i_1  | CARRY.others.CARRY4  |
    | t1_reg_566_reg[30]      | FLOP_LATCH.flop.FDRE |
    | or_ln13_reg_561_reg[0]  | FLOP_LATCH.flop.FDRE |
    | t1_reg_566[7]_i_13      | LUT.others.LUT3      |
    | t1_reg_566_reg[7]_i_10  | CARRY.others.CARRY4  |
    | t1_reg_566_reg[11]_i_10 | CARRY.others.CARRY4  |
    | t1_reg_566_reg[15]_i_10 | CARRY.others.CARRY4  |
    | t1_reg_566_reg[19]_i_10 | CARRY.others.CARRY4  |
    | t1_reg_566_reg[23]_i_10 | CARRY.others.CARRY4  |
    | t1_reg_566_reg[27]_i_10 | CARRY.others.CARRY4  |
    | t1_reg_566[27]_i_5      | LUT.others.LUT3      |
    | t1_reg_566_reg[27]_i_1  | CARRY.others.CARRY4  |
    | t1_reg_566_reg[31]_i_1  | CARRY.others.CARRY4  |
    | t1_reg_566_reg[28]      | FLOP_LATCH.flop.FDRE |
    | or_ln13_reg_561_reg[0]  | FLOP_LATCH.flop.FDRE |
    | t1_reg_566[7]_i_13      | LUT.others.LUT3      |
    | t1_reg_566_reg[7]_i_10  | CARRY.others.CARRY4  |
    | t1_reg_566_reg[11]_i_10 | CARRY.others.CARRY4  |
    | t1_reg_566_reg[15]_i_10 | CARRY.others.CARRY4  |
    | t1_reg_566_reg[19]_i_10 | CARRY.others.CARRY4  |
    | t1_reg_566_reg[23]_i_10 | CARRY.others.CARRY4  |
    | t1_reg_566[23]_i_5      | LUT.others.LUT3      |
    | t1_reg_566_reg[23]_i_1  | CARRY.others.CARRY4  |
    | t1_reg_566_reg[27]_i_1  | CARRY.others.CARRY4  |
    | t1_reg_566_reg[27]      | FLOP_LATCH.flop.FDRE |
    +-------------------------+----------------------+


================================================================
== RTL Synthesis Vivado Reports
================================================================
+--------------------------+------------------------------------------------------------------+
| Report Type              | Report Location                                                  |
+--------------------------+------------------------------------------------------------------+
| design_analysis          | impl/verilog/report/chunkIter_design_analysis_synth.rpt          |
| failfast                 | impl/verilog/report/chunkIter_failfast_synth.rpt                 |
| power                    | impl/verilog/report/chunkIter_power_synth.rpt                    |
| timing                   | impl/verilog/report/chunkIter_timing_synth.rpt                   |
| timing_paths             | impl/verilog/report/chunkIter_timing_paths_synth.rpt             |
| utilization              | impl/verilog/report/chunkIter_utilization_synth.rpt              |
| utilization_hierarchical | impl/verilog/report/chunkIter_utilization_hierarchical_synth.rpt |
+--------------------------+------------------------------------------------------------------+


