

================================================================
== Vitis HLS Report for 'chunkProcessor_Pipeline_VITIS_LOOP_22_1'
================================================================
* Date:           Wed Jul 16 23:39:05 2025

* Version:        2025.1 (Build 6135595 on May 21 2025)
* Project:        chunkProcessor
* Solution:       hls (Vivado IP Flow Target)
* Product family: aspartan7
* Target device:  xa7s6-cpga196-2I


================================================================
== Performance Estimates
================================================================
+ Timing: 
    * Summary: 
    +--------+----------+----------+------------+
    |  Clock |  Target  | Estimated| Uncertainty|
    +--------+----------+----------+------------+
    |ap_clk  |  10.00 ns|  4.155 ns|     2.70 ns|
    +--------+----------+----------+------------+

+ Latency: 
    * Summary: 
    +---------+---------+----------+----------+-----+-----+------------------------------------------------+
    |  Latency (cycles) |  Latency (absolute) |  Interval |                    Pipeline                    |
    |   min   |   max   |    min   |    max   | min | max |                      Type                      |
    +---------+---------+----------+----------+-----+-----+------------------------------------------------+
    |       10|       10|  0.100 us|  0.100 us|    9|    9|  loop auto-rewind stp (delay=0 clock cycles(s))|
    +---------+---------+----------+----------+-----+-----+------------------------------------------------+

    + Detail: 
        * Instance: 
        N/A

        * Loop: 
        +-------------------+---------+---------+----------+-----------+-----------+------+----------+
        |                   |  Latency (cycles) | Iteration|  Initiation Interval  | Trip |          |
        |     Loop Name     |   min   |   max   |  Latency |  achieved |   target  | Count| Pipelined|
        +-------------------+---------+---------+----------+-----------+-----------+------+----------+
        |- VITIS_LOOP_22_1  |        8|        8|         2|          1|          1|     8|       yes|
        +-------------------+---------+---------+----------+-----------+-----------+------+----------+



================================================================
== Utilization Estimates
================================================================
* Summary: 
+-----------------+---------+----+------+------+-----+
|       Name      | BRAM_18K| DSP|  FF  |  LUT | URAM|
+-----------------+---------+----+------+------+-----+
|DSP              |        -|   -|     -|     -|    -|
|Expression       |        -|   -|     0|    28|    -|
|FIFO             |        -|   -|     -|     -|    -|
|Instance         |        -|   -|     -|     -|    -|
|Memory           |        -|   -|     -|     -|    -|
|Multiplexer      |        -|   -|     0|    36|    -|
|Register         |        -|   -|    11|     -|    -|
+-----------------+---------+----+------+------+-----+
|Total            |        0|   0|    11|    64|    0|
+-----------------+---------+----+------+------+-----+
|Available        |       10|  10|  7500|  3750|    0|
+-----------------+---------+----+------+------+-----+
|Utilization (%)  |        0|   0|    ~0|     1|    0|
+-----------------+---------+----+------+------+-----+

+ Detail: 
    * Instance: 
    N/A

    * DSP: 
    N/A

    * Memory: 
    N/A

    * FIFO: 
    N/A

    * Expression: 
    +--------------------+----------+----+---+----+------------+------------+
    |    Variable Name   | Operation| DSP| FF| LUT| Bitwidth P0| Bitwidth P1|
    +--------------------+----------+----+---+----+------------+------------+
    |add_ln22_fu_79_p2   |         +|   0|  0|  13|           4|           1|
    |icmp_ln22_fu_73_p2  |      icmp|   0|  0|  13|           4|           5|
    |ap_enable_pp0       |       xor|   0|  0|   2|           1|           2|
    +--------------------+----------+----+---+----+------------+------------+
    |Total               |          |   0|  0|  28|           9|           8|
    +--------------------+----------+----+---+----+------------+------------+

    * Multiplexer: 
    +-------------------------+----+-----------+-----+-----------+
    |           Name          | LUT| Input Size| Bits| Total Bits|
    +-------------------------+----+-----------+-----+-----------+
    |ap_done_int              |   9|          2|    1|          2|
    |ap_enable_reg_pp0_iter1  |   9|          2|    1|          2|
    |ap_sig_allocacmp_i       |   9|          2|    4|          8|
    |i_2_fu_34                |   9|          2|    4|          8|
    +-------------------------+----+-----------+-----+-----------+
    |Total                    |  36|          8|   10|         20|
    +-------------------------+----+-----------+-----+-----------+

    * Register: 
    +-------------------------+---+----+-----+-----------+
    |           Name          | FF| LUT| Bits| Const Bits|
    +-------------------------+---+----+-----+-----------+
    |ap_CS_fsm                |  1|   0|    1|          0|
    |ap_done_reg              |  1|   0|    1|          0|
    |ap_enable_reg_pp0_iter1  |  1|   0|    1|          0|
    |i_2_fu_34                |  4|   0|    4|          0|
    |zext_ln22_reg_105        |  4|   0|   64|         60|
    +-------------------------+---+----+-----+-----------+
    |Total                    | 11|   0|   71|         60|
    +-------------------------+---+----+-----+-----------+



================================================================
== Interface
================================================================
* Summary: 
+------------------+-----+-----+------------+-----------------------------------------+--------------+
|     RTL Ports    | Dir | Bits|  Protocol  |              Source Object              |    C Type    |
+------------------+-----+-----+------------+-----------------------------------------+--------------+
|ap_clk            |   in|    1|  ap_ctrl_hs|  chunkProcessor_Pipeline_VITIS_LOOP_22_1|  return value|
|ap_rst            |   in|    1|  ap_ctrl_hs|  chunkProcessor_Pipeline_VITIS_LOOP_22_1|  return value|
|ap_start          |   in|    1|  ap_ctrl_hs|  chunkProcessor_Pipeline_VITIS_LOOP_22_1|  return value|
|ap_done           |  out|    1|  ap_ctrl_hs|  chunkProcessor_Pipeline_VITIS_LOOP_22_1|  return value|
|ap_idle           |  out|    1|  ap_ctrl_hs|  chunkProcessor_Pipeline_VITIS_LOOP_22_1|  return value|
|ap_ready          |  out|    1|  ap_ctrl_hs|  chunkProcessor_Pipeline_VITIS_LOOP_22_1|  return value|
|wvars_address0    |  out|    3|   ap_memory|                                    wvars|         array|
|wvars_ce0         |  out|    1|   ap_memory|                                    wvars|         array|
|wvars_we0         |  out|    1|   ap_memory|                                    wvars|         array|
|wvars_d0          |  out|   32|   ap_memory|                                    wvars|         array|
|input_r_address0  |  out|    3|   ap_memory|                                  input_r|         array|
|input_r_ce0       |  out|    1|   ap_memory|                                  input_r|         array|
|input_r_q0        |   in|   32|   ap_memory|                                  input_r|         array|
+------------------+-----+-----+------------+-----------------------------------------+--------------+

============================================================
+ Verbose Summary: Synthesis Manager
============================================================
InlineROM: 1
ExposeGlobal: 0
============================================================
+ Verbose Summary: CDFG Model
============================================================
IsTopModel: 0
ResetActiveHigh: 1
IsCombinational: 2
IsDatapathOnly: 2
HasWiredReturn: 1
HasMFsm: 2
HasVarLatency: 1
IsPipeline: 0
IsRtlPipelined: 0
IsInstanceOverlapped: 0
IsDontTouch: 0
HasImplIP: 0
IsGatedGlobalClock: 0

+ Individual pipeline summary: 
  * Pipeline-0: initiation interval (II) = 1, depth = 2


============================================================
+ Verbose Summary: Schedule
============================================================
* Number of FSM states : 2
* Pipeline : 1
  Pipeline-0 : II = 1, D = 2, States = { 1 2 }
* Dataflow Pipeline: 0

* FSM state transitions: 
1 --> 2 
2 --> 

* FSM state operations: 

State 1 <SV = 0> <Delay = 4.15>
ST_1 : Operation 5 [1/1] (0.00ns)   --->   "%i_2 = alloca i32 1" [chunkProcessor.cpp:22]   --->   Operation 5 'alloca' 'i_2' <Predicate = true> <Delay = 0.00>
ST_1 : Operation 6 [1/1] (0.00ns)   --->   "%specinterface_ln0 = specinterface void @_ssdm_op_SpecInterface, i32 %input_r, void @empty, i32 0, i32 0, void @empty_0, i32 4294967295, i32 0, void @empty_0, void @empty_0, void @empty_0, i32 0, i32 0, i32 0, i32 0, void @empty_0, void @empty_0, i32 4294967295, i32 0, i32 0"   --->   Operation 6 'specinterface' 'specinterface_ln0' <Predicate = true> <Delay = 0.00>
ST_1 : Operation 7 [1/1] (1.29ns)   --->   "%store_ln22 = store i4 0, i4 %i_2" [chunkProcessor.cpp:22]   --->   Operation 7 'store' 'store_ln22' <Predicate = true> <Delay = 1.29>
ST_1 : Operation 8 [1/1] (0.00ns)   --->   "%br_ln0 = br void %for.inc"   --->   Operation 8 'br' 'br_ln0' <Predicate = true> <Delay = 0.00>
ST_1 : Operation 9 [1/1] (0.00ns)   --->   "%i = load i4 %i_2" [chunkProcessor.cpp:22]   --->   Operation 9 'load' 'i' <Predicate = true> <Delay = 0.00>
ST_1 : Operation 10 [1/1] (1.56ns)   --->   "%icmp_ln22 = icmp_eq  i4 %i, i4 8" [chunkProcessor.cpp:22]   --->   Operation 10 'icmp' 'icmp_ln22' <Predicate = true> <Delay = 1.56> <CoreInst = "Cmp">   --->   Core 9 'Cmp' <Latency = 0> <II = 1> <Delay = 1.58> <FuncUnit> <Opcode : 'seteq' 'setne' 'setle' 'setge' 'setlt' 'setgt'> <InPorts = 2> <OutPorts = 1>
ST_1 : Operation 11 [1/1] (1.56ns)   --->   "%add_ln22 = add i4 %i, i4 1" [chunkProcessor.cpp:22]   --->   Operation 11 'add' 'add_ln22' <Predicate = true> <Delay = 1.56> <CoreInst = "Adder">   --->   Core 1 'Adder' <Latency = 0> <II = 1> <Delay = 1.56> <FuncUnit> <Opcode : 'add' 'sub'> <InPorts = 2> <OutPorts = 1>
ST_1 : Operation 12 [1/1] (0.00ns)   --->   "%br_ln22 = br i1 %icmp_ln22, void %for.inc.split, void %VITIS_LOOP_25_2.exitStub" [chunkProcessor.cpp:22]   --->   Operation 12 'br' 'br_ln22' <Predicate = true> <Delay = 0.00>
ST_1 : Operation 13 [1/1] (0.00ns)   --->   "%zext_ln22 = zext i4 %i" [chunkProcessor.cpp:22]   --->   Operation 13 'zext' 'zext_ln22' <Predicate = (!icmp_ln22)> <Delay = 0.00>
ST_1 : Operation 14 [1/1] (0.00ns)   --->   "%input_r_addr = getelementptr i32 %input_r, i64 0, i64 %zext_ln22" [chunkProcessor.cpp:23]   --->   Operation 14 'getelementptr' 'input_r_addr' <Predicate = (!icmp_ln22)> <Delay = 0.00>
ST_1 : Operation 15 [2/2] (1.76ns)   --->   "%input_r_load = load i3 %input_r_addr" [chunkProcessor.cpp:23]   --->   Operation 15 'load' 'input_r_load' <Predicate = (!icmp_ln22)> <Delay = 1.76> <CoreInst = "RAM">   --->   Core 81 'RAM' <Latency = 1> <II = 1> <Delay = 1.76> <Storage> <Opcode : 'load' 'store'> <Ports = 2> <Width = 32> <Depth = 8> <RAM>
ST_1 : Operation 16 [1/1] (1.29ns)   --->   "%store_ln22 = store i4 %add_ln22, i4 %i_2" [chunkProcessor.cpp:22]   --->   Operation 16 'store' 'store_ln22' <Predicate = (!icmp_ln22)> <Delay = 1.29>
ST_1 : Operation 24 [1/1] (1.29ns)   --->   "%ret_ln0 = ret"   --->   Operation 24 'ret' 'ret_ln0' <Predicate = (icmp_ln22)> <Delay = 1.29>

State 2 <SV = 1> <Delay = 3.53>
ST_2 : Operation 17 [1/1] (0.00ns)   --->   "%specpipeline_ln22 = specpipeline void @_ssdm_op_SpecPipeline, i32 4294967295, i32 0, i32 0, i32 0, void @empty_0" [chunkProcessor.cpp:22]   --->   Operation 17 'specpipeline' 'specpipeline_ln22' <Predicate = true> <Delay = 0.00>
ST_2 : Operation 18 [1/1] (0.00ns)   --->   "%speclooptripcount_ln22 = speclooptripcount void @_ssdm_op_SpecLoopTripCount, i64 8, i64 8, i64 8" [chunkProcessor.cpp:22]   --->   Operation 18 'speclooptripcount' 'speclooptripcount_ln22' <Predicate = true> <Delay = 0.00>
ST_2 : Operation 19 [1/1] (0.00ns)   --->   "%specloopname_ln22 = specloopname void @_ssdm_op_SpecLoopName, void @empty_4" [chunkProcessor.cpp:22]   --->   Operation 19 'specloopname' 'specloopname_ln22' <Predicate = true> <Delay = 0.00>
ST_2 : Operation 20 [1/1] (0.00ns)   --->   "%wvars_addr = getelementptr i32 %wvars, i64 0, i64 %zext_ln22" [chunkProcessor.cpp:23]   --->   Operation 20 'getelementptr' 'wvars_addr' <Predicate = true> <Delay = 0.00>
ST_2 : Operation 21 [1/2] ( I:1.76ns O:1.76ns )   --->   "%input_r_load = load i3 %input_r_addr" [chunkProcessor.cpp:23]   --->   Operation 21 'load' 'input_r_load' <Predicate = true> <Delay = 1.76> <CoreInst = "RAM">   --->   Core 81 'RAM' <Latency = 1> <II = 1> <Delay = 1.76> <Storage> <Opcode : 'load' 'store'> <Ports = 2> <Width = 32> <Depth = 8> <RAM>
ST_2 : Operation 22 [1/1] ( I:1.76ns O:1.76ns )   --->   "%store_ln23 = store i32 %input_r_load, i3 %wvars_addr" [chunkProcessor.cpp:23]   --->   Operation 22 'store' 'store_ln23' <Predicate = true> <Delay = 1.76> <CoreInst = "RAM">   --->   Core 81 'RAM' <Latency = 1> <II = 1> <Delay = 1.76> <Storage> <Opcode : 'load' 'store'> <Ports = 2> <Width = 32> <Depth = 8> <RAM>
ST_2 : Operation 23 [1/1] (0.00ns)   --->   "%br_ln22 = br void %for.inc" [chunkProcessor.cpp:22]   --->   Operation 23 'br' 'br_ln22' <Predicate = true> <Delay = 0.00>


============================================================
+ Verbose Summary: Binding
============================================================
STG Binding: 
---------------- STG Properties BEGIN ----------------
- Is combinational: 0
- Is one-state seq: 0
- Is datapath-only: 0
- Is pipelined: 0
- Is top level: 0
Port [ Return ] is wired: 1; IO mode=ap_ctrl_hs:ce=0
Port [ wvars]:  wired=1; compound=1; hidden=0; nouse=0; global=0; static=0; extern=0; dir=1; type=1; pingpong=0; private_global=0; MemPort=[03]; IO mode=ap_memory:ce=0
Port [ input_r]:  wired=1; compound=1; hidden=0; nouse=0; global=0; static=0; extern=0; dir=0; type=1; pingpong=0; private_global=0; MemPort=[13]; IO mode=ap_memory:ce=0
---------------- STG Properties END ------------------

---------------- Datapath Model BEGIN ----------------

<LifeTime>
<method=bitvector/>
i_2                    (alloca           ) [ 010]
specinterface_ln0      (specinterface    ) [ 000]
store_ln22             (store            ) [ 000]
br_ln0                 (br               ) [ 000]
i                      (load             ) [ 000]
icmp_ln22              (icmp             ) [ 010]
add_ln22               (add              ) [ 000]
br_ln22                (br               ) [ 000]
zext_ln22              (zext             ) [ 011]
input_r_addr           (getelementptr    ) [ 011]
store_ln22             (store            ) [ 000]
specpipeline_ln22      (specpipeline     ) [ 000]
speclooptripcount_ln22 (speclooptripcount) [ 000]
specloopname_ln22      (specloopname     ) [ 000]
wvars_addr             (getelementptr    ) [ 000]
input_r_load           (load             ) [ 000]
store_ln23             (store            ) [ 000]
br_ln22                (br               ) [ 000]
ret_ln0                (ret              ) [ 000]
</LifeTime>

<model>

<comp_list>
<comp id="0" class="1000" name="wvars">
<pin_list>
<pin id="1" dir="1" index="0" bw="1" slack="0"/>
</pin_list>
<bind>
<StgValue><ssdm name="wvars"/><MemPortTyVec>0 3 </MemPortTyVec>
</StgValue>
</bind>
</comp>

<comp id="2" class="1000" name="input_r">
<pin_list>
<pin id="3" dir="1" index="0" bw="1" slack="0"/>
</pin_list>
<bind>
<StgValue><ssdm name="input_r"/><MemPortTyVec>1 3 </MemPortTyVec>
</StgValue>
</bind>
</comp>

<comp id="4" class="1001" name="const_4">
<pin_list>
<pin id="5" dir="1" index="0" bw="1" slack="0"/>
</pin_list>
<bind>
<StgValue><ssdm name=""/></StgValue>
</bind>
</comp>

<comp id="6" class="1001" name="const_6">
<pin_list>
<pin id="7" dir="1" index="0" bw="1" slack="2147483647"/>
</pin_list>
<bind>
<StgValue><ssdm name="_ssdm_op_SpecInterface"/></StgValue>
</bind>
</comp>

<comp id="8" class="1001" name="const_8">
<pin_list>
<pin id="9" dir="1" index="0" bw="1" slack="2147483647"/>
</pin_list>
<bind>
<StgValue><ssdm name="empty"/></StgValue>
</bind>
</comp>

<comp id="10" class="1001" name="const_10">
<pin_list>
<pin id="11" dir="1" index="0" bw="1" slack="2147483647"/>
</pin_list>
<bind>
<StgValue><ssdm name=""/></StgValue>
</bind>
</comp>

<comp id="12" class="1001" name="const_12">
<pin_list>
<pin id="13" dir="1" index="0" bw="1" slack="2147483647"/>
</pin_list>
<bind>
<StgValue><ssdm name="empty_0"/></StgValue>
</bind>
</comp>

<comp id="14" class="1001" name="const_14">
<pin_list>
<pin id="15" dir="1" index="0" bw="1" slack="2147483647"/>
</pin_list>
<bind>
<StgValue><ssdm name=""/></StgValue>
</bind>
</comp>

<comp id="16" class="1001" name="const_16">
<pin_list>
<pin id="17" dir="1" index="0" bw="1" slack="0"/>
</pin_list>
<bind>
<StgValue><ssdm name=""/></StgValue>
</bind>
</comp>

<comp id="18" class="1001" name="const_18">
<pin_list>
<pin id="19" dir="1" index="0" bw="1" slack="0"/>
</pin_list>
<bind>
<StgValue><ssdm name=""/></StgValue>
</bind>
</comp>

<comp id="20" class="1001" name="const_20">
<pin_list>
<pin id="21" dir="1" index="0" bw="1" slack="0"/>
</pin_list>
<bind>
<StgValue><ssdm name=""/></StgValue>
</bind>
</comp>

<comp id="22" class="1001" name="const_22">
<pin_list>
<pin id="23" dir="1" index="0" bw="1" slack="0"/>
</pin_list>
<bind>
<StgValue><ssdm name=""/></StgValue>
</bind>
</comp>

<comp id="24" class="1001" name="const_24">
<pin_list>
<pin id="25" dir="1" index="0" bw="1" slack="2147483647"/>
</pin_list>
<bind>
<StgValue><ssdm name="_ssdm_op_SpecPipeline"/></StgValue>
</bind>
</comp>

<comp id="26" class="1001" name="const_26">
<pin_list>
<pin id="27" dir="1" index="0" bw="1" slack="2147483647"/>
</pin_list>
<bind>
<StgValue><ssdm name="_ssdm_op_SpecLoopTripCount"/></StgValue>
</bind>
</comp>

<comp id="28" class="1001" name="const_28">
<pin_list>
<pin id="29" dir="1" index="0" bw="1" slack="2147483647"/>
</pin_list>
<bind>
<StgValue><ssdm name=""/></StgValue>
</bind>
</comp>

<comp id="30" class="1001" name="const_30">
<pin_list>
<pin id="31" dir="1" index="0" bw="1" slack="2147483647"/>
</pin_list>
<bind>
<StgValue><ssdm name="_ssdm_op_SpecLoopName"/></StgValue>
</bind>
</comp>

<comp id="32" class="1001" name="const_32">
<pin_list>
<pin id="33" dir="1" index="0" bw="1" slack="2147483647"/>
</pin_list>
<bind>
<StgValue><ssdm name="empty_4"/></StgValue>
</bind>
</comp>

<comp id="34" class="1004" name="i_2_fu_34">
<pin_list>
<pin id="35" dir="0" index="0" bw="1" slack="0"/>
<pin id="36" dir="1" index="1" bw="4" slack="0"/>
</pin_list>
<bind>
<opcode="alloca(26) " fcode="alloca"/>
<opset="i_2/1 "/>
</bind>
</comp>

<comp id="38" class="1004" name="input_r_addr_gep_fu_38">
<pin_list>
<pin id="39" dir="0" index="0" bw="32" slack="0"/>
<pin id="40" dir="0" index="1" bw="1" slack="0"/>
<pin id="41" dir="0" index="2" bw="4" slack="0"/>
<pin id="42" dir="1" index="3" bw="3" slack="0"/>
</pin_list>
<bind>
<opcode="getelementptr(29) " fcode="getelementptr"/>
<opset="input_r_addr/1 "/>
</bind>
</comp>

<comp id="45" class="1004" name="grp_access_fu_45">
<pin_list>
<pin id="46" dir="0" index="0" bw="3" slack="0"/>
<pin id="47" dir="0" index="1" bw="32" slack="2147483647"/>
<pin id="48" dir="0" index="2" bw="0" slack="2147483647"/>
<pin id="49" dir="1" index="3" bw="32" slack="0"/>
</pin_list>
<bind>
<opcode="load(27) " fcode="load"/>
<opset="input_r_load/1 "/>
</bind>
</comp>

<comp id="51" class="1004" name="wvars_addr_gep_fu_51">
<pin_list>
<pin id="52" dir="0" index="0" bw="32" slack="0"/>
<pin id="53" dir="0" index="1" bw="1" slack="0"/>
<pin id="54" dir="0" index="2" bw="4" slack="1"/>
<pin id="55" dir="1" index="3" bw="3" slack="0"/>
</pin_list>
<bind>
<opcode="getelementptr(29) " fcode="getelementptr"/>
<opset="wvars_addr/2 "/>
</bind>
</comp>

<comp id="58" class="1004" name="store_ln23_access_fu_58">
<pin_list>
<pin id="59" dir="0" index="0" bw="3" slack="0"/>
<pin id="60" dir="0" index="1" bw="32" slack="0"/>
<pin id="61" dir="0" index="2" bw="0" slack="2147483647"/>
<pin id="62" dir="1" index="3" bw="32" slack="2147483647"/>
</pin_list>
<bind>
<opcode="store(28) " fcode="store"/>
<opset="store_ln23/2 "/>
</bind>
</comp>

<comp id="65" class="1004" name="store_ln22_store_fu_65">
<pin_list>
<pin id="66" dir="0" index="0" bw="1" slack="0"/>
<pin id="67" dir="0" index="1" bw="4" slack="0"/>
<pin id="68" dir="1" index="2" bw="0" slack="2147483647"/>
</pin_list>
<bind>
<opcode="store(28) " fcode="store"/>
<opset="store_ln22/1 "/>
</bind>
</comp>

<comp id="70" class="1004" name="i_load_fu_70">
<pin_list>
<pin id="71" dir="0" index="0" bw="4" slack="0"/>
<pin id="72" dir="1" index="1" bw="4" slack="0"/>
</pin_list>
<bind>
<opcode="load(27) " fcode="load"/>
<opset="i/1 "/>
</bind>
</comp>

<comp id="73" class="1004" name="icmp_ln22_fu_73">
<pin_list>
<pin id="74" dir="0" index="0" bw="4" slack="0"/>
<pin id="75" dir="0" index="1" bw="4" slack="0"/>
<pin id="76" dir="1" index="2" bw="1" slack="2147483647"/>
</pin_list>
<bind>
<opcode="icmp(45) " fcode="icmp"/>
<opset="icmp_ln22/1 "/>
</bind>
</comp>

<comp id="79" class="1004" name="add_ln22_fu_79">
<pin_list>
<pin id="80" dir="0" index="0" bw="4" slack="0"/>
<pin id="81" dir="0" index="1" bw="1" slack="0"/>
<pin id="82" dir="1" index="2" bw="4" slack="0"/>
</pin_list>
<bind>
<opcode="add(8) " fcode="add"/>
<opset="add_ln22/1 "/>
</bind>
</comp>

<comp id="85" class="1004" name="zext_ln22_fu_85">
<pin_list>
<pin id="86" dir="0" index="0" bw="4" slack="0"/>
<pin id="87" dir="1" index="1" bw="64" slack="0"/>
</pin_list>
<bind>
<opcode="zext(34) " fcode="zext"/>
<opset="zext_ln22/1 "/>
</bind>
</comp>

<comp id="90" class="1004" name="store_ln22_store_fu_90">
<pin_list>
<pin id="91" dir="0" index="0" bw="4" slack="0"/>
<pin id="92" dir="0" index="1" bw="4" slack="0"/>
<pin id="93" dir="1" index="2" bw="0" slack="2147483647"/>
</pin_list>
<bind>
<opcode="store(28) " fcode="store"/>
<opset="store_ln22/1 "/>
</bind>
</comp>

<comp id="95" class="1005" name="i_2_reg_95">
<pin_list>
<pin id="96" dir="0" index="0" bw="4" slack="0"/>
<pin id="97" dir="1" index="1" bw="4" slack="0"/>
</pin_list>
<bind>
<opset="i_2 "/>
</bind>
</comp>

<comp id="105" class="1005" name="zext_ln22_reg_105">
<pin_list>
<pin id="106" dir="0" index="0" bw="64" slack="1"/>
<pin id="107" dir="1" index="1" bw="64" slack="1"/>
</pin_list>
<bind>
<opset="zext_ln22 "/>
</bind>
</comp>

<comp id="110" class="1005" name="input_r_addr_reg_110">
<pin_list>
<pin id="111" dir="0" index="0" bw="3" slack="1"/>
<pin id="112" dir="1" index="1" bw="3" slack="1"/>
</pin_list>
<bind>
<opset="input_r_addr "/>
</bind>
</comp>

</comp_list>

<net_list>
<net id="37"><net_src comp="4" pin="0"/><net_sink comp="34" pin=0"/></net>

<net id="43"><net_src comp="2" pin="0"/><net_sink comp="38" pin=0"/></net>

<net id="44"><net_src comp="22" pin="0"/><net_sink comp="38" pin=1"/></net>

<net id="50"><net_src comp="38" pin="3"/><net_sink comp="45" pin=0"/></net>

<net id="56"><net_src comp="0" pin="0"/><net_sink comp="51" pin=0"/></net>

<net id="57"><net_src comp="22" pin="0"/><net_sink comp="51" pin=1"/></net>

<net id="63"><net_src comp="45" pin="3"/><net_sink comp="58" pin=1"/></net>

<net id="64"><net_src comp="51" pin="3"/><net_sink comp="58" pin=0"/></net>

<net id="69"><net_src comp="16" pin="0"/><net_sink comp="65" pin=0"/></net>

<net id="77"><net_src comp="70" pin="1"/><net_sink comp="73" pin=0"/></net>

<net id="78"><net_src comp="18" pin="0"/><net_sink comp="73" pin=1"/></net>

<net id="83"><net_src comp="70" pin="1"/><net_sink comp="79" pin=0"/></net>

<net id="84"><net_src comp="20" pin="0"/><net_sink comp="79" pin=1"/></net>

<net id="88"><net_src comp="70" pin="1"/><net_sink comp="85" pin=0"/></net>

<net id="89"><net_src comp="85" pin="1"/><net_sink comp="38" pin=2"/></net>

<net id="94"><net_src comp="79" pin="2"/><net_sink comp="90" pin=0"/></net>

<net id="98"><net_src comp="34" pin="1"/><net_sink comp="95" pin=0"/></net>

<net id="99"><net_src comp="95" pin="1"/><net_sink comp="65" pin=1"/></net>

<net id="100"><net_src comp="95" pin="1"/><net_sink comp="70" pin=0"/></net>

<net id="101"><net_src comp="95" pin="1"/><net_sink comp="90" pin=1"/></net>

<net id="108"><net_src comp="85" pin="1"/><net_sink comp="105" pin=0"/></net>

<net id="109"><net_src comp="105" pin="1"/><net_sink comp="51" pin=2"/></net>

<net id="113"><net_src comp="38" pin="3"/><net_sink comp="110" pin=0"/></net>

<net id="114"><net_src comp="110" pin="1"/><net_sink comp="45" pin=0"/></net>

</net_list>

</model> 
---------------- Datapath Model END ------------------

* FSMD analyzer results:
  - Output states:
	Port: wvars | {2 }
	Port: input_r | {}
 - Input state : 
	Port: chunkProcessor_Pipeline_VITIS_LOOP_22_1 : input_r | {1 2 }
  - Chain level:
	State 1
		store_ln22 : 1
		i : 1
		icmp_ln22 : 2
		add_ln22 : 2
		br_ln22 : 3
		zext_ln22 : 2
		input_r_addr : 3
		input_r_load : 4
		store_ln22 : 3
	State 2
		store_ln23 : 1


============================================================
+ Verbose Summary: Datapath Resource usage 
============================================================

* Functional unit list:
|----------|-----------------|---------|---------|
| Operation| Functional Unit |    FF   |   LUT   |
|----------|-----------------|---------|---------|
|   icmp   | icmp_ln22_fu_73 |    0    |    13   |
|----------|-----------------|---------|---------|
|    add   |  add_ln22_fu_79 |    0    |    13   |
|----------|-----------------|---------|---------|
|   zext   | zext_ln22_fu_85 |    0    |    0    |
|----------|-----------------|---------|---------|
|   Total  |                 |    0    |    26   |
|----------|-----------------|---------|---------|

Memories:
N/A

* Register list:
+--------------------+--------+
|                    |   FF   |
+--------------------+--------+
|     i_2_reg_95     |    4   |
|input_r_addr_reg_110|    3   |
|  zext_ln22_reg_105 |   64   |
+--------------------+--------+
|        Total       |   71   |
+--------------------+--------+

* Multiplexer (MUX) list: 
|------------------|------|------|------|--------||---------||---------||---------|
|       Comp       |  Pin | Size |  BW  | S x BW ||  Delay  ||    FF   ||   LUT   |
|------------------|------|------|------|--------||---------||---------||---------|
| grp_access_fu_45 |  p0  |   2  |   3  |    6   ||    0    ||    9    |
|------------------|------|------|------|--------||---------||---------||---------|
|       Total      |      |      |      |    6   ||  1.294  ||    0    ||    9    |
|------------------|------|------|------|--------||---------||---------||---------|



* Summary:
+-----------+--------+--------+--------+
|           |  Delay |   FF   |   LUT  |
+-----------+--------+--------+--------+
|  Function |    -   |    0   |   26   |
|   Memory  |    -   |    -   |    -   |
|Multiplexer|    1   |    0   |    9   |
|  Register |    -   |   71   |    -   |
+-----------+--------+--------+--------+
|   Total   |    1   |   71   |   35   |
+-----------+--------+--------+--------+
