

================================================================
== Vitis HLS Report for 'chunkProcessor_Pipeline_VITIS_LOOP_32_4'
================================================================
* Date:           Wed Jul 16 23:39:03 2025

* Version:        2025.1 (Build 6135595 on May 21 2025)
* Project:        chunkProcessor
* Solution:       hls (Vivado IP Flow Target)
* Product family: aspartan7
* Target device:  xa7s6-cpga196-2I


================================================================
== Performance Estimates
================================================================
+ Timing: 
    * Summary: 
    +--------+----------+----------+------------+
    |  Clock |  Target  | Estimated| Uncertainty|
    +--------+----------+----------+------------+
    |ap_clk  |  10.00 ns|  5.683 ns|     2.70 ns|
    +--------+----------+----------+------------+

+ Latency: 
    * Summary: 
    +---------+---------+----------+----------+-----+-----+------------------------------------------------+
    |  Latency (cycles) |  Latency (absolute) |  Interval |                    Pipeline                    |
    |   min   |   max   |    min   |    max   | min | max |                      Type                      |
    +---------+---------+----------+----------+-----+-----+------------------------------------------------+
    |       10|       10|  0.100 us|  0.100 us|    9|    9|  loop auto-rewind stp (delay=0 clock cycles(s))|
    +---------+---------+----------+----------+-----+-----+------------------------------------------------+

    + Detail: 
        * Instance: 
        N/A

        * Loop: 
        +-------------------+---------+---------+----------+-----------+-----------+------+----------+
        |                   |  Latency (cycles) | Iteration|  Initiation Interval  | Trip |          |
        |     Loop Name     |   min   |   max   |  Latency |  achieved |   target  | Count| Pipelined|
        +-------------------+---------+---------+----------+-----------+-----------+------+----------+
        |- VITIS_LOOP_32_4  |        8|        8|         2|          1|          1|     8|       yes|
        +-------------------+---------+---------+----------+-----------+-----------+------+----------+

============================================================
+ Verbose Summary: Synthesis Manager
============================================================
InlineROM: 1
ExposeGlobal: 0
============================================================
+ Verbose Summary: CDFG Model
============================================================
IsTopModel: 0
ResetActiveHigh: 1
IsCombinational: 0
IsDatapathOnly: 0
HasWiredReturn: 1
HasMFsm: 2
HasVarLatency: 1
IsPipeline: 0
IsRtlPipelined: 0
IsInstanceOverlapped: 0
IsDontTouch: 0
HasImplIP: 0
IsGatedGlobalClock: 0

+ Individual pipeline summary: 
  * Pipeline-0: initiation interval (II) = 1, depth = 2


============================================================
+ Verbose Summary: Schedule
============================================================
* Number of FSM states : 2
* Pipeline : 1
  Pipeline-0 : II = 1, D = 2, States = { 1 2 }
* Dataflow Pipeline: 0

* FSM state transitions: 
1 --> 2 
2 --> 

* FSM state operations: 

State 1 <SV = 0> <Delay = 4.15>
ST_1 : Operation 5 [1/1] (0.00ns)   --->   "%i = alloca i32 1" [chunkProcessor.cpp:32]   --->   Operation 5 'alloca' 'i' <Predicate = true> <Delay = 0.00>
ST_1 : Operation 6 [1/1] (0.00ns)   --->   "%specinterface_ln0 = specinterface void @_ssdm_op_SpecInterface, i32 %output_r, void @empty, i32 0, i32 0, void @empty_0, i32 4294967295, i32 0, void @empty_0, void @empty_0, void @empty_0, i32 0, i32 0, i32 0, i32 0, void @empty_0, void @empty_0, i32 4294967295, i32 0, i32 0"   --->   Operation 6 'specinterface' 'specinterface_ln0' <Predicate = true> <Delay = 0.00>
ST_1 : Operation 7 [1/1] (0.00ns)   --->   "%specinterface_ln0 = specinterface void @_ssdm_op_SpecInterface, i32 %input_r, void @empty, i32 0, i32 0, void @empty_0, i32 4294967295, i32 0, void @empty_0, void @empty_0, void @empty_0, i32 0, i32 0, i32 0, i32 0, void @empty_0, void @empty_0, i32 4294967295, i32 0, i32 0"   --->   Operation 7 'specinterface' 'specinterface_ln0' <Predicate = true> <Delay = 0.00>
ST_1 : Operation 8 [1/1] (1.29ns)   --->   "%store_ln32 = store i4 0, i4 %i" [chunkProcessor.cpp:32]   --->   Operation 8 'store' 'store_ln32' <Predicate = true> <Delay = 1.29>
ST_1 : Operation 9 [1/1] (0.00ns)   --->   "%br_ln0 = br void %for.inc41"   --->   Operation 9 'br' 'br_ln0' <Predicate = true> <Delay = 0.00>
ST_1 : Operation 10 [1/1] (0.00ns)   --->   "%i_2 = load i4 %i" [chunkProcessor.cpp:32]   --->   Operation 10 'load' 'i_2' <Predicate = true> <Delay = 0.00>
ST_1 : Operation 11 [1/1] (1.56ns)   --->   "%icmp_ln32 = icmp_eq  i4 %i_2, i4 8" [chunkProcessor.cpp:32]   --->   Operation 11 'icmp' 'icmp_ln32' <Predicate = true> <Delay = 1.56> <CoreInst = "Cmp">   --->   Core 9 'Cmp' <Latency = 0> <II = 1> <Delay = 1.56> <FuncUnit> <Opcode : 'seteq' 'setne' 'setle' 'setge' 'setlt' 'setgt'> <InPorts = 2> <OutPorts = 1>
ST_1 : Operation 12 [1/1] (1.56ns)   --->   "%add_ln32 = add i4 %i_2, i4 1" [chunkProcessor.cpp:32]   --->   Operation 12 'add' 'add_ln32' <Predicate = true> <Delay = 1.56> <CoreInst = "Adder">   --->   Core 1 'Adder' <Latency = 0> <II = 1> <Delay = 1.56> <FuncUnit> <Opcode : 'add' 'sub'> <InPorts = 2> <OutPorts = 1>
ST_1 : Operation 13 [1/1] (0.00ns)   --->   "%br_ln32 = br i1 %icmp_ln32, void %for.inc41.split, void %for.end43.exitStub" [chunkProcessor.cpp:32]   --->   Operation 13 'br' 'br_ln32' <Predicate = true> <Delay = 0.00>
ST_1 : Operation 14 [1/1] (0.00ns)   --->   "%zext_ln32 = zext i4 %i_2" [chunkProcessor.cpp:32]   --->   Operation 14 'zext' 'zext_ln32' <Predicate = (!icmp_ln32)> <Delay = 0.00>
ST_1 : Operation 15 [1/1] (0.00ns)   --->   "%input_r_addr = getelementptr i32 %input_r, i64 0, i64 %zext_ln32" [chunkProcessor.cpp:33]   --->   Operation 15 'getelementptr' 'input_r_addr' <Predicate = (!icmp_ln32)> <Delay = 0.00>
ST_1 : Operation 16 [2/2] (1.76ns)   --->   "%input_r_load = load i3 %input_r_addr" [chunkProcessor.cpp:33]   --->   Operation 16 'load' 'input_r_load' <Predicate = (!icmp_ln32)> <Delay = 1.76> <CoreInst = "RAM">   --->   Core 81 'RAM' <Latency = 1> <II = 1> <Delay = 1.76> <Storage> <Opcode : 'load' 'store'> <Ports = 2> <Width = 32> <Depth = 8> <RAM>
ST_1 : Operation 17 [1/1] (0.00ns)   --->   "%wvars_addr = getelementptr i32 %wvars, i64 0, i64 %zext_ln32" [chunkProcessor.cpp:33]   --->   Operation 17 'getelementptr' 'wvars_addr' <Predicate = (!icmp_ln32)> <Delay = 0.00>
ST_1 : Operation 18 [2/2] (1.76ns)   --->   "%wvars_load = load i3 %wvars_addr" [chunkProcessor.cpp:33]   --->   Operation 18 'load' 'wvars_load' <Predicate = (!icmp_ln32)> <Delay = 1.76> <CoreInst = "RAM">   --->   Core 81 'RAM' <Latency = 1> <II = 1> <Delay = 1.76> <Storage> <Opcode : 'load' 'store'> <Ports = 2> <Width = 32> <Depth = 8> <RAM>
ST_1 : Operation 19 [1/1] (1.29ns)   --->   "%store_ln32 = store i4 %add_ln32, i4 %i" [chunkProcessor.cpp:32]   --->   Operation 19 'store' 'store_ln32' <Predicate = (!icmp_ln32)> <Delay = 1.29>
ST_1 : Operation 29 [1/1] (1.29ns)   --->   "%ret_ln0 = ret"   --->   Operation 29 'ret' 'ret_ln0' <Predicate = (icmp_ln32)> <Delay = 1.29>

State 2 <SV = 1> <Delay = 5.68>
ST_2 : Operation 20 [1/1] (0.00ns)   --->   "%specpipeline_ln32 = specpipeline void @_ssdm_op_SpecPipeline, i32 4294967295, i32 0, i32 0, i32 0, void @empty_0" [chunkProcessor.cpp:32]   --->   Operation 20 'specpipeline' 'specpipeline_ln32' <Predicate = true> <Delay = 0.00>
ST_2 : Operation 21 [1/1] (0.00ns)   --->   "%speclooptripcount_ln32 = speclooptripcount void @_ssdm_op_SpecLoopTripCount, i64 8, i64 8, i64 8" [chunkProcessor.cpp:32]   --->   Operation 21 'speclooptripcount' 'speclooptripcount_ln32' <Predicate = true> <Delay = 0.00>
ST_2 : Operation 22 [1/1] (0.00ns)   --->   "%specloopname_ln32 = specloopname void @_ssdm_op_SpecLoopName, void @empty_2" [chunkProcessor.cpp:32]   --->   Operation 22 'specloopname' 'specloopname_ln32' <Predicate = true> <Delay = 0.00>
ST_2 : Operation 23 [1/2] ( I:1.76ns O:1.76ns )   --->   "%input_r_load = load i3 %input_r_addr" [chunkProcessor.cpp:33]   --->   Operation 23 'load' 'input_r_load' <Predicate = true> <Delay = 1.76> <CoreInst = "RAM">   --->   Core 81 'RAM' <Latency = 1> <II = 1> <Delay = 1.76> <Storage> <Opcode : 'load' 'store'> <Ports = 2> <Width = 32> <Depth = 8> <RAM>
ST_2 : Operation 24 [1/2] ( I:1.76ns O:1.76ns )   --->   "%wvars_load = load i3 %wvars_addr" [chunkProcessor.cpp:33]   --->   Operation 24 'load' 'wvars_load' <Predicate = true> <Delay = 1.76> <CoreInst = "RAM">   --->   Core 81 'RAM' <Latency = 1> <II = 1> <Delay = 1.76> <Storage> <Opcode : 'load' 'store'> <Ports = 2> <Width = 32> <Depth = 8> <RAM>
ST_2 : Operation 25 [1/1] (2.14ns)   --->   "%add_ln33 = add i32 %wvars_load, i32 %input_r_load" [chunkProcessor.cpp:33]   --->   Operation 25 'add' 'add_ln33' <Predicate = true> <Delay = 2.14> <CoreInst = "Adder">   --->   Core 1 'Adder' <Latency = 0> <II = 1> <Delay = 2.14> <FuncUnit> <Opcode : 'add' 'sub'> <InPorts = 2> <OutPorts = 1>
ST_2 : Operation 26 [1/1] (0.00ns)   --->   "%output_r_addr = getelementptr i32 %output_r, i64 0, i64 %zext_ln32" [chunkProcessor.cpp:33]   --->   Operation 26 'getelementptr' 'output_r_addr' <Predicate = true> <Delay = 0.00>
ST_2 : Operation 27 [1/1] ( I:1.76ns O:1.76ns )   --->   "%store_ln33 = store i32 %add_ln33, i3 %output_r_addr" [chunkProcessor.cpp:33]   --->   Operation 27 'store' 'store_ln33' <Predicate = true> <Delay = 1.76> <CoreInst = "RAM">   --->   Core 81 'RAM' <Latency = 1> <II = 1> <Delay = 1.76> <Storage> <Opcode : 'load' 'store'> <Ports = 2> <Width = 32> <Depth = 8> <RAM>
ST_2 : Operation 28 [1/1] (0.00ns)   --->   "%br_ln32 = br void %for.inc41" [chunkProcessor.cpp:32]   --->   Operation 28 'br' 'br_ln32' <Predicate = true> <Delay = 0.00>


============================================================
+ Verbose Summary: Timing violations
============================================================
Target clock period: 10.000ns, clock uncertainty: 2.700ns.

 <State 1>: 4.155ns
The critical path consists of the following:
	'store' operation 0 bit ('store_ln32', chunkProcessor.cpp:32) of constant 0 on local variable 'i', chunkProcessor.cpp:32 [7]  (1.294 ns)
	'load' operation 4 bit ('i', chunkProcessor.cpp:32) on local variable 'i', chunkProcessor.cpp:32 [10]  (0.000 ns)
	'icmp' operation 1 bit ('icmp_ln32', chunkProcessor.cpp:32) [11]  (1.567 ns)
	'store' operation 0 bit ('store_ln32', chunkProcessor.cpp:32) of variable 'add_ln32', chunkProcessor.cpp:32 on local variable 'i', chunkProcessor.cpp:32 [26]  (1.294 ns)

 <State 2>: 5.683ns
The critical path consists of the following:
	'load' operation 32 bit ('input_r_load', chunkProcessor.cpp:33) on array 'input_r' [20]  (1.769 ns)
	'add' operation 32 bit ('add_ln33', chunkProcessor.cpp:33) [23]  (2.145 ns)
	'store' operation 0 bit ('store_ln33', chunkProcessor.cpp:33) of variable 'add_ln33', chunkProcessor.cpp:33 on array 'output_r' [25]  (1.769 ns)


============================================================
+ Verbose Summary: Binding
============================================================
N/A
* FSMD analyzer results:
  - Output states:
 - Input state : 
  - Chain level:
	State 1
	State 2


============================================================
+ Verbose Summary: Datapath Resource usage 
============================================================
N/A
