                             latency        interval
transaction       0:             819             820
transaction       1:             819             820
transaction       2:             819             820
transaction       3:             819             820
transaction       4:            2443            2444
transaction       5:          207879          207880
transaction       6:          194887          194888
transaction       7:           17059           17060
transaction       8:          192451          192452
transaction       9:           87703           87704
transaction      10:           30051           30052
transaction      11:          110439          110440
transaction      12:            1631            1632
transaction      13:          177835          177836
transaction      14:          190015          190016
transaction      15:          154287          154288
transaction      16:          169715          169716
transaction      17:          163219          163220
transaction      18:            2443            2444
transaction      19:           69839           69840
transaction      20:          158347          158348
transaction      21:           69027           69028
transaction      22:          159971          159972
transaction      23:           32487           32488
transaction      24:          169715          169716
transaction      25:          182707          182708
transaction      26:           52787           52788
transaction      27:          175399          175400
transaction      28:          110439          110440
transaction      29:           96635           96636
transaction      30:          124243          124244
transaction      31:          181083          181084
transaction      32:          129115          129116
transaction      33:           22743           22744
transaction      34:          185955          185956
transaction      35:           21931           21932
transaction      36:          172963          172964
transaction      37:          136423          136424
transaction      38:          118559          118560
transaction      39:          178647          178648
transaction      40:          159159          159160
transaction      41:          111251          111252
transaction      42:           85267           85268
transaction      43:           96635           96636
transaction      44:          198135          198136
transaction      45:          139671          139672
transaction      46:           38983           38984
transaction      47:           96635           96636
transaction      48:          188391          188392
transaction      49:           76335           76336
transaction      50:          161595          161596
transaction      51:          178647          178648
transaction      52:          170527          170528
transaction      53:          129115          129116
transaction      54:            3255            3256
transaction      55:           78771           78772
transaction      56:           28427           28428
transaction      57:          113687          113688
transaction      58:           25991           25992
transaction      59:           19495           19496
transaction      60:           38983           38984
transaction      61:           38983           38984
transaction      62:          103131          103132
transaction      63:          172151          172152
transaction      64:          127491          127492
transaction      65:          142107          142108
transaction      66:          146979          146980
transaction      67:           17871           17872
transaction      68:           67403           67404
transaction      69:           92575           92576
transaction      70:           34923           34924
transaction      71:           73087           73088
transaction      72:           39795           39796
transaction      73:           88515           88516
transaction      74:           42231           42232
transaction      75:          124243          124244
transaction      76:          143731          143732
transaction      77:          195699          195700
transaction      78:          185955          185956
transaction      79:            7315            7316
transaction      80:           63343           63344
transaction      81:           15435           15436
transaction      82:          194887          194888
transaction      83:          206255          206256
transaction      84:           57659           57660
transaction      85:          133987          133988
transaction      86:          190015          190016
transaction      87:          125867          125868
transaction      88:          136423          136424
transaction      89:           55223           55224
transaction      90:          119371          119372
transaction      91:          155911          155912
transaction      92:          178647          178648
transaction      93:          161595          161596
transaction      94:          145355          145356
transaction      95:          138047          138048
transaction      96:           13811           13812
transaction      97:          116935          116936
transaction      98:           17871           17872
transaction      99:          100695          100696
transaction     100:          101507          101508
transaction     101:          144543          144544
transaction     102:           42231           42232
transaction     103:          172963          172964
transaction     104:           11375           11376
transaction     105:          168091               x
