  **** HLS Build v2025.1 6135595
INFO: [HLS 200-2005] Using work_dir D:/Vitis/shaAccel/sha512Accel/sha512Accel 
INFO: [HLS 200-2176] Writing Vitis IDE component file D:/Vitis/shaAccel/sha512Accel/sha512Accel/vitis-comp.json
INFO: [HLS 200-10] Creating and opening component 'D:/Vitis/shaAccel/sha512Accel/sha512Accel'.
INFO: [HLS 200-1505] Using default flow_target 'vivado'
Resolution: For help on HLS 200-1505 see docs.xilinx.com/access/sources/dita/topic?Doc_Version=2025.1%20English&url=ug1448-hls-guidance&resourceid=200-1505.html
INFO: [HLS 200-2174] Applying component config ini file D:/Vitis/shaAccel/sha512Accel/hls_config.cfg
INFO: [HLS 200-1465] Applying config ini 'syn.file=../chunkIteration512/chunkIter512.cpp' from D:/Vitis/shaAccel/sha512Accel/hls_config.cfg(7)
INFO: [HLS 200-10] Adding design file 'D:/Vitis/shaAccel/chunkIteration512/chunkIter512.cpp' to the project
INFO: [HLS 200-1465] Applying config ini 'syn.file=../chunkIteration512/chunkIter512.h' from D:/Vitis/shaAccel/sha512Accel/hls_config.cfg(8)
INFO: [HLS 200-10] Adding design file 'D:/Vitis/shaAccel/chunkIteration512/chunkIter512.h' to the project
INFO: [HLS 200-1465] Applying config ini 'syn.file=../chunkProcessor512/chunkProcessor512.cpp' from D:/Vitis/shaAccel/sha512Accel/hls_config.cfg(9)
INFO: [HLS 200-10] Adding design file 'D:/Vitis/shaAccel/chunkProcessor512/chunkProcessor512.cpp' to the project
INFO: [HLS 200-1465] Applying config ini 'syn.file=../chunkProcessor512/chunkProcessor512.h' from D:/Vitis/shaAccel/sha512Accel/hls_config.cfg(10)
INFO: [HLS 200-10] Adding design file 'D:/Vitis/shaAccel/chunkProcessor512/chunkProcessor512.h' to the project
INFO: [HLS 200-1465] Applying config ini 'syn.file=../wGenerator512/wGenerator512.cpp' from D:/Vitis/shaAccel/sha512Accel/hls_config.cfg(11)
INFO: [HLS 200-10] Adding design file 'D:/Vitis/shaAccel/wGenerator512/wGenerator512.cpp' to the project
INFO: [HLS 200-1465] Applying config ini 'syn.file=../wGenerator512/wGenerator512.h' from D:/Vitis/shaAccel/sha512Accel/hls_config.cfg(12)
INFO: [HLS 200-10] Adding design file 'D:/Vitis/shaAccel/wGenerator512/wGenerator512.h' to the project
INFO: [HLS 200-1465] Applying config ini 'syn.file=../functions512.cpp' from D:/Vitis/shaAccel/sha512Accel/hls_config.cfg(13)
INFO: [HLS 200-10] Adding design file 'D:/Vitis/shaAccel/functions512.cpp' to the project
INFO: [HLS 200-1465] Applying config ini 'syn.file=../functions512.h' from D:/Vitis/shaAccel/sha512Accel/hls_config.cfg(14)
INFO: [HLS 200-10] Adding design file 'D:/Vitis/shaAccel/functions512.h' to the project
INFO: [HLS 200-1465] Applying config ini 'syn.file=./sha512Accel.cpp' from D:/Vitis/shaAccel/sha512Accel/hls_config.cfg(15)
INFO: [HLS 200-10] Adding design file 'D:/Vitis/shaAccel/sha512Accel/sha512Accel.cpp' to the project
INFO: [HLS 200-1465] Applying config ini 'syn.file=./sha512Accel.h' from D:/Vitis/shaAccel/sha512Accel/hls_config.cfg(16)
INFO: [HLS 200-10] Adding design file 'D:/Vitis/shaAccel/sha512Accel/sha512Accel.h' to the project
INFO: [HLS 200-1465] Applying config ini 'syn.file=../dataTypes.h' from D:/Vitis/shaAccel/sha512Accel/hls_config.cfg(17)
INFO: [HLS 200-10] Adding design file 'D:/Vitis/shaAccel/dataTypes.h' to the project
INFO: [HLS 200-1465] Applying config ini 'tb.file=./answers.dat' from D:/Vitis/shaAccel/sha512Accel/hls_config.cfg(18)
INFO: [HLS 200-10] Adding test bench file 'D:/Vitis/shaAccel/sha512Accel/answers.dat' to the project
INFO: [HLS 200-1465] Applying config ini 'tb.file=./datain.dat' from D:/Vitis/shaAccel/sha512Accel/hls_config.cfg(19)
INFO: [HLS 200-10] Adding test bench file 'D:/Vitis/shaAccel/sha512Accel/datain.dat' to the project
INFO: [HLS 200-1465] Applying config ini 'tb.file=./tb.cpp' from D:/Vitis/shaAccel/sha512Accel/hls_config.cfg(20)
INFO: [HLS 200-10] Adding test bench file 'D:/Vitis/shaAccel/sha512Accel/tb.cpp' to the project
INFO: [HLS 200-1465] Applying config ini 'flow_target=vivado' from D:/Vitis/shaAccel/sha512Accel/hls_config.cfg(4)
INFO: [HLS 200-1505] Using flow_target 'vivado'
Resolution: For help on HLS 200-1505 see docs.xilinx.com/access/sources/dita/topic?Doc_Version=2025.1%20English&url=ug1448-hls-guidance&resourceid=200-1505.html
INFO: [HLS 200-1465] Applying config ini 'part=xa7s6cpga196-2I' from D:/Vitis/shaAccel/sha512Accel/hls_config.cfg(1)
INFO: [HLS 200-1611] Setting target device to 'xa7s6-cpga196-2I'
INFO: [HLS 200-1465] Applying config ini 'package.output.format=ip_catalog' from D:/Vitis/shaAccel/sha512Accel/hls_config.cfg(5)
INFO: [HLS 200-2176] Writing Vitis IDE component file D:/Vitis/shaAccel/sha512Accel/sha512Accel/vitis-comp.json
INFO: [SIM 211-2] *************** CSIM start ***************
INFO: [SIM 211-4] CSIM will launch CLANG as the compiler.
INFO: [HLS 200-2036] Building debug C Simulation binaries
   Compiling ../../../../tb.cpp in debug mode
   Compiling ../../../../sha512Accel.cpp in debug mode
   Compiling ../../../../../functions512.cpp in debug mode
   Compiling ../../../../../wGenerator512/wGenerator512.cpp in debug mode
   Compiling ../../../../../chunkProcessor512/chunkProcessor512.cpp in debug mode
   Compiling ../../../../../chunkIteration512/chunkIter512.cpp in debug mode
   Generating csim.exe
In file included from ../../../../tb.cpp:7:
In file included from ../../../../sha512Accel.h:6:
In file included from ../../../../../chunkProcessor512/chunkProcessor512.h:4:
In file included from ../../../../../chunkProcessor512/../wGenerator512/wGenerator512.h:4:
In file included from ../../../../../chunkProcessor512/../wGenerator512/../dataTypes.h:4:
In file included from C:/Xilinx/2025.1/Vitis/include/ap_int.h:10:
In file included from C:/Xilinx/2025.1/Vitis/include/etc/ap_common.h:677:
In file included from C:/Xilinx/2025.1/Vitis/include/etc/ap_private.h:68:
In file included from C:/Xilinx/2025.1/Vitis/include/hls_half.h:26:
In file included from C:/Xilinx/2025.1/Vitis/include/etc/hls_half_fpo.h:19:
In file included from C:/Xilinx/2025.1/Vitis/include/hls_fpo.h:140:
In file included from C:/Xilinx/2025.1/Vitis/include/floating_point_v7_1_bitacc_cmodel.h:150:
C:/Xilinx/2025.1/Vitis/include/gmp.h:58:9: warning: '__GMP_LIBGMP_DLL' macro redefined [-Wmacro-redefined]
#define __GMP_LIBGMP_DLL  0
        ^
C:/Xilinx/2025.1/Vitis/include/floating_point_v7_1_bitacc_cmodel.h:142:9: note: previous definition is here
#define __GMP_LIBGMP_DLL 1
        ^
1 warning generated.
In file included from ../../../../sha512Accel.cpp:1:
In file included from ../../../../sha512Accel.h:6:
In file included from ../../../../../chunkProcessor512/chunkProcessor512.h:4:
In file included from ../../../../../chunkProcessor512/../wGenerator512/wGenerator512.h:4:
In file included from ../../../../../chunkProcessor512/../wGenerator512/../dataTypes.h:4:
In file included from C:/Xilinx/2025.1/Vitis/include/ap_int.h:10:
In file included from C:/Xilinx/2025.1/Vitis/include/etc/ap_common.h:677:
In file included from C:/Xilinx/2025.1/Vitis/include/etc/ap_private.h:68:
In file included from C:/Xilinx/2025.1/Vitis/include/hls_half.h:26:
In file included from C:/Xilinx/2025.1/Vitis/include/etc/hls_half_fpo.h:19:
In file included from C:/Xilinx/2025.1/Vitis/include/hls_fpo.h:140:
In file included from C:/Xilinx/2025.1/Vitis/include/floating_point_v7_1_bitacc_cmodel.h:150:
C:/Xilinx/2025.1/Vitis/include/gmp.h:58:9: warning: '__GMP_LIBGMP_DLL' macro redefined [-Wmacro-redefined]
#define __GMP_LIBGMP_DLL  0
        ^
C:/Xilinx/2025.1/Vitis/include/floating_point_v7_1_bitacc_cmodel.h:142:9: note: previous definition is here
#define __GMP_LIBGMP_DLL 1
        ^
1 warning generated.
In file included from ../../../../../functions512.cpp:1:
In file included from ../../../../../functions512.h:4:
In file included from ../../../../../dataTypes.h:4:
In file included from C:/Xilinx/2025.1/Vitis/include/ap_int.h:10:
In file included from C:/Xilinx/2025.1/Vitis/include/etc/ap_common.h:677:
In file included from C:/Xilinx/2025.1/Vitis/include/etc/ap_private.h:68:
In file included from C:/Xilinx/2025.1/Vitis/include/hls_half.h:26:
In file included from C:/Xilinx/2025.1/Vitis/include/etc/hls_half_fpo.h:19:
In file included from C:/Xilinx/2025.1/Vitis/include/hls_fpo.h:140:
In file included from C:/Xilinx/2025.1/Vitis/include/floating_point_v7_1_bitacc_cmodel.h:150:
C:/Xilinx/2025.1/Vitis/include/gmp.h:58:9: warning: '__GMP_LIBGMP_DLL' macro redefined [-Wmacro-redefined]
#define __GMP_LIBGMP_DLL  0
        ^
C:/Xilinx/2025.1/Vitis/include/floating_point_v7_1_bitacc_cmodel.h:142:9: note: previous definition is here
#define __GMP_LIBGMP_DLL 1
        ^
1 warning generated.
In file included from ../../../../../wGenerator512/wGenerator512.cpp:1:
In file included from ../../../../../wGenerator512/wGenerator512.h:4:
In file included from ../../../../../wGenerator512/../dataTypes.h:4:
In file included from C:/Xilinx/2025.1/Vitis/include/ap_int.h:10:
In file included from C:/Xilinx/2025.1/Vitis/include/etc/ap_common.h:677:
In file included from C:/Xilinx/2025.1/Vitis/include/etc/ap_private.h:68:
In file included from C:/Xilinx/2025.1/Vitis/include/hls_half.h:26:
In file included from C:/Xilinx/2025.1/Vitis/include/etc/hls_half_fpo.h:19:
In file included from C:/Xilinx/2025.1/Vitis/include/hls_fpo.h:140:
In file included from C:/Xilinx/2025.1/Vitis/include/floating_point_v7_1_bitacc_cmodel.h:150:
C:/Xilinx/2025.1/Vitis/include/gmp.h:58:9: warning: '__GMP_LIBGMP_DLL' macro redefined [-Wmacro-redefined]
#define __GMP_LIBGMP_DLL  0
        ^
C:/Xilinx/2025.1/Vitis/include/floating_point_v7_1_bitacc_cmodel.h:142:9: note: previous definition is here
#define __GMP_LIBGMP_DLL 1
        ^
1 warning generated.
In file included from ../../../../../chunkProcessor512/chunkProcessor512.cpp:1:
In file included from ../../../../../chunkProcessor512/chunkProcessor512.h:4:
In file included from ../../../../../chunkProcessor512/../wGenerator512/wGenerator512.h:4:
In file included from ../../../../../chunkProcessor512/../wGenerator512/../dataTypes.h:4:
In file included from C:/Xilinx/2025.1/Vitis/include/ap_int.h:10:
In file included from C:/Xilinx/2025.1/Vitis/include/etc/ap_common.h:677:
In file included from C:/Xilinx/2025.1/Vitis/include/etc/ap_private.h:68:
In file included from C:/Xilinx/2025.1/Vitis/include/hls_half.h:26:
In file included from C:/Xilinx/2025.1/Vitis/include/etc/hls_half_fpo.h:19:
In file included from C:/Xilinx/2025.1/Vitis/include/hls_fpo.h:140:
In file included from C:/Xilinx/2025.1/Vitis/include/floating_point_v7_1_bitacc_cmodel.h:150:
C:/Xilinx/2025.1/Vitis/include/gmp.h:58:9: warning: '__GMP_LIBGMP_DLL' macro redefined [-Wmacro-redefined]
#define __GMP_LIBGMP_DLL  0
        ^
C:/Xilinx/2025.1/Vitis/include/floating_point_v7_1_bitacc_cmodel.h:142:9: note: previous definition is here
#define __GMP_LIBGMP_DLL 1
        ^
1 warning generated.
In file included from ../../../../../chunkIteration512/chunkIter512.cpp:1:
In file included from ../../../../../chunkIteration512/chunkIter512.h:4:
In file included from ../../../../../chunkIteration512/../dataTypes.h:4:
In file included from C:/Xilinx/2025.1/Vitis/include/ap_int.h:10:
In file included from C:/Xilinx/2025.1/Vitis/include/etc/ap_common.h:677:
In file included from C:/Xilinx/2025.1/Vitis/include/etc/ap_private.h:68:
In file included from C:/Xilinx/2025.1/Vitis/include/hls_half.h:26:
In file included from C:/Xilinx/2025.1/Vitis/include/etc/hls_half_fpo.h:19:
In file included from C:/Xilinx/2025.1/Vitis/include/hls_fpo.h:140:
In file included from C:/Xilinx/2025.1/Vitis/include/floating_point_v7_1_bitacc_cmodel.h:150:
C:/Xilinx/2025.1/Vitis/include/gmp.h:58:9: warning: '__GMP_LIBGMP_DLL' macro redefined [-Wmacro-redefined]
#define __GMP_LIBGMP_DLL  0
        ^
C:/Xilinx/2025.1/Vitis/include/floating_point_v7_1_bitacc_cmodel.h:142:9: note: previous definition is here
#define __GMP_LIBGMP_DLL 1
        ^
1 warning generated.
Discrepancy on sample 0
Output:   0x3B61353CBB6581E41FEBFC579187FD11C12677044031EEA08A3A7E96439901C2D10EC3CC57840001CE058CD39D6E4B500E88DC2F8A769DC73B355F2FD4164BC2
Expected: 0xCF83E1357EEFB8BDF1542850D66D8007D620E4050B5715DC83F4A921D36CE9CE47D0D13C5D85F2B0FF8318D2877EEC2F63B931BD47417A81A538327AF927DA3E
Discrepancy on sample 1
Output:   0xBF248A64FF027857A9F0E7D4A3872D95985A668B1642DB9AB400F16609CCB57861AE3D1442EA2CC597B67DBE6DB6EF2B7715A0112581004CDE7013D280991252
Expected: 0x40422E2733A73DEC2F9AAC48E2AB48D3B2FDCDC1E3A88BC7EA855227E62C029246DA1DD49DD057BB8A8B796B3B2A6F60D9D8A85DE53DF597E422B2F68C54CFB6
Discrepancy on sample 2
Output:   0x5DA471C762F4DBB11DDCB9806A81392945C1717B5082AC557B7AD0EFCC03A4E25B01C20E47F4B19A673716230A972559A1E7241A7068F93004F027817730024A
Expected: 0x94E9F04B8426B78AC4EECEC283CC71CD4DFBB72F4356B4FBD589F0CCF2BA07F977A89773EA2AC59282734A9E370B1C37797BEDC87B83554315A0B25D322FD533
Discrepancy on sample 3
Output:   0xF3D4D1E03C5F20BA0CE119DF43E043A0EBF6E871F82863429E4E84E09D980450A69540F2738FE557D928CCE9029298E03ECE40BCF9DFA27F3E5D8572ED4683AF
Expected: 0xB8EAAFF996FF710AA937206484D1EBC690DCD6CE3524DBE79491283375E8D2178B9F7CECC4BC13BFABD112B30C4D445E09EFEF48463309498C76A1CFE8614A68
Discrepancy on sample 4
Output:   0x19194BAF9523CFEF0F67EB9049EE32B4C35541A48664C00470092D2D832642C87E957FB915A18A1D518A73298D4DAC6813FB1F20FFB33101E35DA5D2B8EF81ED
Expected: 0xB659DCCFC22953E776D2E92CF5BD0AF0F1BC961A8F20967D2661F3FE9053F275382E7AAE9A7ABAF560E08F427DE785EEFE7C1393F744505913A34CCE2CEB3679
Discrepancy on sample 5
Output:   0x98D649F723DD71C3CF44F1B6AE9985AE8BD3366B364080F016DC6B342E8A0CFF446ACD79C2AD10928CA8CD0275689F604E9BE135DB9CF3AF4F5CA229FFF9DCAB
Expected: 0xEE71532619F14DFD0E6D3A1EBE7BE18705A1C562D762BCAEA4557167A57A5552324A14A32F04B708B47D00A6B4D14DD046F424F44B9B46CF0955EB2448C1812C
Discrepancy on sample 6
Output:   0xD400C1039D5BE3BAAF4F91852BF2C56893F899FEF4672CAC2AD2E3541B6B09C7AB2163C9977C06B4E1A7257FC6E848E38C4E912F9CFA3327BB959A166BD7B528
Expected: 0x400F143AD38920D8341AEA0988852087337ADE73CC093680CF8BF05B4657DC96B90612A5752DDC419937E211F734EFD5A4DE4F267F27978CC95B46E4AE51B96A
Discrepancy on sample 7
Output:   0xDC0A4D3C0AC7101286EEFD738CF7716B22F75A10C1FA44C4DF052D74AD41CC5F5D5A6691FB9E56784EAEDB715706867C910ECE7ADEB042AF0D76D9A9DCE2F1F2
Expected: 0x7228FF16C2AA19984213A6D4CE1CA06964FA7E14BCAC2D9FFFF3BDD4BC0245FB47F56EB78AAAC88D645E11BD76536A4B35B135394EB6308F9A9F847B752C06F2
Discrepancy on sample 8
Output:   0xE35EF13BF450DCBE104A335E593AB4289E0F8E677F8E39CA539D87AB93425897A4D84504612E3099A8BFD63162E9D7CD0D65F0E94E6570EB0FBDD378DA233B93
Expected: 0xE2B401610CAD70F34CA9759E2DE4F5F3F5C714DD125A8D65314CF6287C2960A8515CA2BDA04F14D08BA2E1D1A49F514E9B5B1542AFBFFD5375BFD66BA61CA7D9
Discrepancy on sample 9
Output:   0x190EBFE9146BA28BEDDB608A85236CCE36FA8C05EAA8C2405886BAAE83975131C2EF09BEF2F63E53EB6A31881381AB11BC4CF53D6D4EECC58001458AE4B91A10
Expected: 0x1D6892C688E512E3E7029869F70AA733908B4576FBF4D7B544EA3CAF5FA27EC47615625489F061521B8AA34EF65BE23C25A8FC4097038ECDC1C69CD7EBEB55CA
Discrepancy on sample a
Output:   0xCCDFFCA3E7FB3D0194297E0986BC87EE52E3D0162F48D6A0C76FE9F78A17140974BE62186D2E2F7D7897785B1043D1E1CB9C7C834D68131335FCA2CE4065D176
Expected: 0x607644C74A05DB56D11674B4E1B510AAAF57B390A01BDCF6B23685AE541D0FE6FB202778DB1E9929ED9B7A9A884D8158F788CF883F75255DD37C09D0A1AD7928
Discrepancy on sample b
Output:   0x3D76CFBE806B20BC0A496C8935BB3CA5B7EB77CBC4F22AA52FCA95F5B731E3BC69B55115CBA042152F5261F87A3FDB841B9B3CCFFE657B1FCAE36A2C89520FDF
Expected: 0x9CC0A0AD18614F474BD44C45145B8C6BE97639548311AC58D698EC36EAE3CCDBFED872C78EA0D4075F373C0BA38F36EC95F82D3742F5DB6096434F28CBD8E353
Discrepancy on sample c
Output:   0xEFA6E24DFB60A38CA852A25914E08A46B00A3E8F8902B8713A3493DE9DA6001802BE1BC061D0D2792E147F0B92F0F1C33275219FB66C3CDBF7C1A0A1F0253892
Expected: 0xE8CD8BEBD9E43835E7746F17067D89142F8934058248D4F57C448CB56FAD22EEF3A62E8722BEE6112E280E63C52B96BA936C4A898E87B95554C445356D32C5E6
Discrepancy on sample d
Output:   0xE56A829B8C574F7329F45329E64EE51AB010427C717928992B98CB50EC2FE1CDD31F0D6E8540B809CD65F195030AE74C1F6899773602F8CF2AB604A704878983
Expected: 0x6954ABCB4F270C5BFCDD81423DCBFF45B33FFB42C4253A5334878F4157007DA1AF91B4C41909B8D481B0022268DB15B8189729BC3798B5B4F71E0649C186FD75
Discrepancy on sample e
Output:   0x9977A7FC969D3C9A5737014B46F33D9D3A4C9745480F740E99A7A3009A79ADA310C4BA6C604065660FFA8FE067D9FE7A010E54A3E7B40FC294A003675461576F
Expected: 0x481EDCBB4FBB0346B97FFF0CC9813E26585A42DD5A88B81216A5E345A7A7499A46D8E0AD3F569A38418405EFD7EC5E2C593110308194DB29710DB60B1D79BD70
Discrepancy on sample f
Output:   0xF781CE1E64C97475ED4D97F2325EF22D65DD38F3812002662077BC6D55C126A3DCDCB27817D10BC46B172B3857DDB2D734CD5328BEAE715A6D0DA099D059D4CC
Expected: 0x3CD83283360E2F57414B8799ABDBAC65BE64E4B1D6B0DE73D7A1EE1370F5CC68F542CCFB9541D9228392BD7631FC292D5A47FDDDA3ECF2F1C1632250A92258CB
Discrepancy on sample 10
Output:   0x35F53D9BAC9EDADA7A63F8C53DDE1213D0541B7A320B05EA48A600289DAC143C5FFD4EAE7BB7E18C961D575E895994352AAE7A752507E76999B5A938273A86FF
Expected: 0x4642C76D0B194DFC8FAA618332BAF4DE4B145C489FCF5C26CD480DF1D31C17C43358CCD4F47FD57B74F125D94D4619ECD9AE529948ABAAEA3E2F7DF1E9CB0FD2
Discrepancy on sample 11
Output:   0xCA73592CC2489C96D07BA5D8D94FAF484CA1F1BADD6DEA274687D780048D16FE1BAD10D0D943B10A1806983750053CC991ECF0E43B6B5CE3FAE5A4FAE3068EE9
Expected: 0x15C19F6F813BE8F3F9B5C92CF1D311FAD3250C58CFDB7D9DCEB4A7700CB29E21C26DF9C227EA02B0F87C4632431FC5B7A437885E5BEABFE845A087A2E2FA789E
Discrepancy on sample 12
Output:   0x24F5CF0A33F2D7AA19C024091905B4903BC8177037B8E1DA9D278FB4E50D42C3D79206367BEA68C22C6B24BC0042C59A5DE188A6FA76C5500784B9999EC118BA
Expected: 0x0BA5A58E0525BED65C9B44F329BC1AD4506D16C13BABF4018D01D695ADA3597E1478758A53487080EA6E15C5948DDFA0B640D082C58229341EA1A4B48E98D3F1
Discrepancy on sample 13
Output:   0x3CC1DA95071268B2167B0C3189CF0FCE66CC99FF7809FB247469639C665DFF5F4A43240D8FD619A5AF37A674A4B3AA5C383F4F3B645B639ADF0DED04B469B886
Expected: 0xD8EC2F3B12C02AB1C603DB36DE3C76588653262146FB02D9291AA7448DAD370BF7CD394CFB711BCA34260C4BDCFCE2E091D22899079ACC2224A056D505E9C86C
Discrepancy on sample 14
Output:   0xB08B256A737AB8788A8B465A6A69C404DCB9B4E6973368B94436105E23160875794068218ACE29F41B7AAB4B123438562CBE7F084F5E8CA80D53C48735D17252
Expected: 0x2BDCB8FC855847663DE6636349AC7A7C71094284E38B3283644D4FD100E06E0E6B168302FA70A14397729E5EB65AA56A2D2A367EB9227FF112274426B0A65174
Discrepancy on sample 15
Output:   0xAEBA41AA72833B484DD584DD031AF6199915829CE6422435978492D536E2212EBB615FEE08927C7E66E7AD236B39A00AB37C64B342D3628D63EC88848EC677F8
Expected: 0x6FF058D949D63DDDDC004741BE41BACB334D7889A096CFE9E64D37034FADCE84E1066E7F37A806404D1503E3042C0BC7A988E6C9A10C5417ED991B25E8CFA97A
Discrepancy on sample 16
Output:   0x12B1298C86F1A6B49F523EFE3B5724FD97866016BCB3D6E69872B56AFE3DCC606CBDB60966D6C36E80D8EED24E6D9451C31208EEF80AEEAD435C0819B2B5FE3F
Expected: 0xFBED1B888EA295F204C069A12ECB33A8824A5A984B2B8FF284E6AD4FB2E15C94CF64EB65CE41A6A38005CC456D41C4922B9E9D81FA40D65705633C0EC7BDE554
Discrepancy on sample 17
Output:   0x8829B2BE7620A657A2B352A64DA947100DC0E98B7820B7DC72C408139DA7246B0CEFAD1071A1C9E4EC83A8970A310C3EE4C61E57DE1F6FCEBEEDDC74E1336829
Expected: 0xD8C299F7EE8DC4CF05FEC6868B19199447823D0B303D9CD68FF36B4E655ECD4B07EABA56DBDCFF1BC78298BC11452B3943E8DE82F323065C60AF5DD43F2B0BB3
Discrepancy on sample 18
Output:   0xD434076356F59E54B923386F891660A85E703C6370859F914AD97D2A6A4CA736B69CEABAEF9DE91CCB952AF9150E54C4B048866FAB1E2F99BCF2ED0D550E0B59
Expected: 0x01694F6A698147DB1986D8DB69E7E88E8343266B0B13584B4127AE93F86C4531DC1617F58EC4DBF98608A523CCB044F4E8C4F81E8284FA8D2865C7CA8D9366D
Discrepancy on sample 19
Output:   0xD49F3EE46B0F1BA2D3C69526297B0483351DBA2113B63CAED34EE9F5D170F7E26724FCB802B416428EF228BCE2B54A895CA0236D10E528C5A652D2C19F289316
Expected: 0xAC7464BD2630B2B83DC9F4A8020F22D7366DE026F678D32927E4C9EB702D1613735A23104269FD419FCF04E3C143C28C0D462D69500362CA8E3168D131D1344E
Discrepancy on sample 1a
Output:   0x3380A5DEE29F90A3B3A54BCB5AE7148880CD92E3C33C83F9A8110594D57AB83BAF46B1918F6405577CCF2BEA5C4A92D36A655D872630013B2D591A988949613A
Expected: 0xA4C8D58CC1D60B105FA59BC72681568F4C25F76BF284C7AB741B9236820002FF9BD2B320B7782F97295D1DA08107A09B582E054025CD4B70CE69F3A2D5E87AA0
Discrepancy on sample 1b
Output:   0x49C8BF86B7CF2487AB7D3E3C670B629816223E2FFCE46E855E82082A4810A6A9027AC88707788852A41B3A5F3303975B395C8BCB74D58545C4E09B07C01E73EE
Expected: 0x401563ABB93ACE5A399E02D1CB06017A697A49745E5FE86ADBE24A50C9BF9AB0E844A8041F9E2D712A762EB425913098300D10CD1AC9C85EFCDEC2C1CE77B4FC
Discrepancy on sample 1c
Output:   0x05D943FB75FC55118BE2463DA4A058C8CE6C758803D8E8128562A3014237C60A324C59A5B3FB886AB0571C464047F41FCFD9611491C7ED84CC61A3EE431582C3
Expected: 0xB1E629B638BBDD39FF758A2AAA39C95179F1FFEDBEC2E36D9E49AABBAEE0DEC6D97312E996E991F782F452A1968D63F43C033F22EDF305961F73EA1084965852
Discrepancy on sample 1d
Output:   0x376AF1E54B803A2BA8645779593B84DD014D017ED7C8869A747FCDE3164FC0E9B6F2D2FB26BD0E97C2080008EFABC3B224A64B9EA92B8F834A48B3CAB77CA2FA
Expected: 0x8ED5BFF02564E1244724CCFD40ADACD287B1B662EA9D9C02BA051BD207144CBE42AC1961C259596A54D0719168AB14BF3DAD62DEF43BF5C7BF182D6458991D3A
Discrepancy on sample 1e
Output:   0x9533F7C1A93D5F968E46B9977EE682DA7F1492F1771314D3B2594E5839DC72D6541E35FFE26CA4029991DE7D80D3FCBF5CD13432017527D6355AFAA263712236
Expected: 0x07469F25B19A9379A4C3C9004523F1D0ED08D41026E6EE015597BA92C0801D7D4B0D1FB7D247E2951311FC793A0FB08441EA8D94FDBF27D6C597F58426759ADB
Discrepancy on sample 1f
Output:   0x7E6306838A9C15246ADF3AEB3D61190FC81218D6D0A81C30541B405F5B3238E38A602E2E18CFFC1D1852A053A1690AB5DB6469F5FF007F9631D8831379F71771
Expected: 0x7E792E85541CA7E17BEB74C6D377441EEFA077243CC7DCD0CFEF9C1A864F109EF6B141E78EA97438FBE51052B617A5F86EEFAA2411797CB313EE825BF7606DE4
Discrepancy on sample 20
Output:   0xCB369224C2A69D168CB0473F41DFACC278FBA599058F00948F5CE9735FC81371A9E583D70A2E351084D18272F885B58E9BDA41BA3EB3A798F8E47BCE4F21FF8A
Expected: 0xE3DA18B7552689958585C212B7B23E1737FD891FA01C97FF9E18F520AAFB805649DD8DB4AF6A0E22C7FB8691A51FDF92313D00B834FA92D45A955D269DCFA2B9
Discrepancy on sample 21
Output:   0xD0F4078ABE6A75D893D6F800DCA154297653B558101C72C57631B14FDFE44E09F0D1985F322F99E49EA973A90B7F375A356B4F3316D48223CEF2A8C0AE08D70F
Expected: 0x7EA01F4F6473F22C760FB6021D362362E0CD8049F7CE1DFC96C85E66547B097BC0FDB977758C9DBC6D2227BC54E59D8C1872F925F957823720BBF10A96138703
Discrepancy on sample 22
Output:   0x7F3CDBFEFEE77990C57D23B515EA23AC2375C0CC80B97FDF8592B58F1DA3EE2AF77E4E2426BA2800F751E0651AB78CB6D0BED92B89EAF3F720C8ECA464732D76
Expected: 0xF984972377DF58ECCDF5F3E2442556905BA1A993983F4CCEAAA76710AEED93BD0EF4F24655455963ADFA55BE1B296D4E6FF62CB7E0ABCEA733D4F0DCD257C59B
Discrepancy on sample 23
Output:   0xA4428587555370F52D304A78B8AEAD83B8A276F18CDEE7F12DF5B1CA150808C6440729F82766807D5C58C6E472E8FA8D1AA971305CFE10D5BB7FB692CAAB0D85
Expected: 0xF3C63E0AAD6AF8D107FCED7AA42B3182D8CADC33B014765E90348A6195726ED5F98632FD00B88F0757C4186736E165BF1CE84D9540E103C45BEDCCF3372534F1
Discrepancy on sample 24
Output:   0x069B3E1441BAF83A2A510477FA9E5CBD5CD651D46E464061A7515A7D72389F47AA2779DA5298EDCD14AE4DB2AD51498180A9E4EE92D7F6B2206CA27D6835DE6A
Expected: 0x81883FB297C2C243476A8DCC26396E0D2D2DBDAE700B8961B6CE32ACE0C1022A07F7575005A42FF06E5C4475F2A60091927592E9C4E409F49BCE5BCCCE45385F
Discrepancy on sample 25
Output:   0x5F708EF6FFC906406FA651290DE71F4BE6B7A3E271F598FBEBE8E83373A8131F542F193676F2635FBE8853BB67D47027ED9E58FEB77AF28E6A6DCEF56357FC65
Expected: 0x6DC5C82AE68A220BADEC68762744427324225AD87102CE00DE76C27F7993952F037C06DAF28D0AA7D23942260ECE5C311ECE78C37591D0232E0AF9CF44121C2A
Discrepancy on sample 26
Output:   0xD2EACD748B0589D9E0C7D6289BDC27131B696107C312DEBF6B51DF6A2D34953F067F4BC05D64188C039E2919CAF4CC506457FF54A346F297F5E1253EEB2924A0
Expected: 0x0EB6907806DF389AA841D31582FD29AE0F670A4A490C65EEC1F38F03FCA36B537ACC8E76A6C4B42DF8F4FAF54F810CB72D5DADC5CF887012773C5C9BA28AEA03
Discrepancy on sample 27
Output:   0x06BC7878DCB662A465901A29887CC1F66E1D3933C83ECDD51733E375471189BB67B9447E51C4D3EACA0D3A4A480FE73E28A108C944C394EA43BF9D82CE79B9CD
Expected: 0x5DCF224186BBFA302AEE3E61BE3FED406B367BE522F9E7A34420597B97A5587BF46B891A67B7F063C3BBDE216B2F68F24CB2E2EE4EB7F22F62D293A00797E949
Discrepancy on sample 28
Output:   0xD256B044F593CA72168AFB5EB52B6EBFD5A638780EB88A93CCA54AB9EA3172BBF6CFF098AE6E16323ABB372AD68736E2AD0B63618E0B20E3AFBC31AEAC694309
Expected: 0xFF38785679EDA96D7C49FC2A414634C9EA5AF7E700C4212780DA1DCBF83EB143378410427ECE11A980C2A5BAB83E8DF9EBBC3735C312816A97AE89637FCC390C
Discrepancy on sample 29
Output:   0x94C34A1608C847916B11C8845ED0CF6ECA74CB627CBC6808F22D7B2FAA0DAC248F012C6EA45454D8F90320F33FC66069A925DE8490F97BB8FF1AEAF1B216B8BE
Expected: 0x76EF42AED613D4CB5F903B482645266CEE7183DAB6C3FBC1D0A7FD3E32028539297E07BD3B6B3B6BAB6F7FAB5949B589F3208829F9FCEAE2CAB437224DDE954F
Discrepancy on sample 2a
Output:   0x312BC5B98B3D393465B964F2304B76A3489F0C16B667926AA6602B132CAA766AA78DFCDAAA6899914B483B0DDF23476FDB980A664A45B65BACAEB5AA2E13F2AA
Expected: 0x44C117834CF8ABB9ABAD190009CFBE1C33F4A48CED85488165F28888413DBD43C77A5538D5AED1BF268BBD918955AEDCE3145EC8B0FBB8346CC66F5912AA823F
Discrepancy on sample 2b
Output:   0x515EEFF76539ECECD468ACAD061BA8203924726DA5B9AE9ED6AE5C9F012B5DF14FC09C44468BCF82765F17149F5428B5E4BAC67CB5A143D3D187BED51EB7030B
Expected: 0x25DF58AD58C63A0E9D3DE30F37DACFC71E87C1EB6B1E3B0974AA26B51C62C22AB12BEEE5BB925D1EF538C3BA6F8C944D45D765692A8D6DF80401226EA574AAFF
Discrepancy on sample 2c
Output:   0x15320A9E9B1AD38CBD4F8B6C86684BED7DBBDB31C6E8B8D1DF990D90B2606D68F2BBE3E4EC8495796BEA108B8BABF5EBCAFB62BB6759CB69F619134BE84B2D9F
Expected: 0x966D70A91ED02227D93AEE93FE6C025C8FD289C4500022C94FE0E2BB3B775063ECC658AA006C9E0A9664CAE2290549F1F683C875A19DA8943C1145A50A39EA7E
Discrepancy on sample 2d
Output:   0x794BD76A140ADD4A06C2B7B4C04D080A7C9E2937204ACC07892131B2E85D50D95F92CFA0735CF4AC8F0BAEFD1B1A230960E678DB6DC8B923F3B9B83957A47CDC
Expected: 0xE1246FCC8EDF3CC76524E9E5F3C95AA26259AF6FC5A093EFE47B14FCFCBE710D789ADABDDFFC5789DFFCC1585654232C51D0C781063123D09DEA343226BF7472
Discrepancy on sample 2e
Output:   0x2CB13B90342B0F355D71BDFE098B4524A89C1CDDE4233CB0BCF88A874248AB6D508CEB3A90BF5E4C1AE36DD880A94FE2DC7ACD912062F7992F1003F1F041CD4E
Expected: 0x762340D7060678B439E234860D9EEE8F4073EEF80991DE9AD98CACB3C0E7676991EE6EF3213271944834FCB0E3F695FC11E9B599AEB9DD8A490F2655FD2D2E3D
Discrepancy on sample 2f
Output:   0xA0C927A5D7D91DDFE8961082EC6AF1CCD5FC5A70B01D3F2ACED65488A8FE83E0720080FA04A11A6ACA440A3BA00A2D78C93CDE5D41950335015C8E30FBC225AF
Expected: 0x33DEF46638FB41973BB4084291E505E6E4751C8AA258F04296C5FEFFD49491924C8C9516712357B50405C2596A319159911D8F29498596D6CA1F3CF51C210153
Discrepancy on sample 30
Output:   0x0FD2CC11F6CFC067B0268E6FAA0E4D1D1BF5B6DDA6CE9967869CE4E3FFFDCABAEB6D42C9CD71EC23F2160B1B7ABC0AACE18AB792FFABB639557678971D0A0EF9
Expected: 0x90EB7654ABD90EE4C2A874CB4DA9CD55FE201E32936694370D5F0E72DF7F61E7B8CA96705591F1F01F91AC7D38E44EFC30A969FF539C37767EAF2283A14EBE5F
Discrepancy on sample 31
Output:   0xB95AE57EF6C29DDB398BCBC33EDBD01AF45F5044E96170A2ED800344F2EB8BD893F96063AE43381806F67605214F60EE965B9EB58E9EF7464D8CC4E119EC6C41
Expected: 0xC08B00FA6CD1CF5D172AF5BA15C97F1C429BC35911286540E6C8DA44C2870D2A549413884722A09F08E55029246FC4EA1491966B4B80FD3611240E2D4AC8DB76
Discrepancy on sample 32
Output:   0xECB3050CF17F1567D22FBA79720C34B9E9643769562187960E0D7EFFDBA9A57301C44334D243C7979D26A791C72766B61A0C6319D7FB5E658651F039E3373B22
Expected: 0xAF5603F1CBA46E73975D921A604D955F80E9FFF5C016F7B1314462C28091516A4F394E9D2106B680C4928E6A72778DD1BABA3FD15FF860AEFD14AB7BE9C7FC3B
Discrepancy on sample 33
Output:   0xC03E518F1F9ADAAF8F30995BD000711A1C3B955C61639FF6FBE471DF904093DE505C7335E9B3A530BDB97172503794AC625D4E42D84B5F403B26578BF7CF6B05
Expected: 0x1BD85140B4177EB019F033A94D5B84554C632A16A20467B275E5A6CCD896179106D275851D25B9BCC7D3FE32CAB2BE20723D779AA47905547A1104A3254B71A9
Discrepancy on sample 34
Output:   0x4C4B8560A5AD7BD40B187AB876179EDDF14E4F641ABF845D39272FAC8959B0A2770F50F4F85B28F1F75D71AD486A37EA9B53EED3154FAD328FD54DF3C3DC8E84
Expected: 0xCDE38DD74C86CC4D5E0D286EA5F3F56853973DE1CE5BDF4884444D0B1344DB966784A9858F3A9CB26506E38EFDCA5E24571E26067A5A5D373232451F49BD8741
Discrepancy on sample 35
Output:   0x34C9F05842AC222B37053DFC0730C4D17B75C35F03A50A74214C900CF8A0C492F95A041CEA5566AF4292A6B4D9E2381FE33F5F6120145D9D76B1342B34CDA91A
Expected: 0x61A830BD0D959266FAEC5B7241A4E07E9B52BA35E219CA2AFBA5B68FD59033DC9A787CB38B29DBC67D3B9CFBE4368FE9F10BBF0F80ABEA8B77B3CE63FF78AB47
Discrepancy on sample 36
Output:   0x799091E9C3BB5FDF1CACD0795EFE091A23BA2B4AB0609DB98C689AB2086FAB3DED749544BDA4D3446995A6AA133D8D681D8B93E3E14CB71F346A76B68CE6AE8F
Expected: 0x067E68DF80AC69639FC005945D256510D2366C62A07056D6C28CDC57AF376489EC1B0FE388F38F5483CE78F9796D0AF587BAEA31C97D6C3E8EEB9C9EFFCBF1CC
Discrepancy on sample 37
Output:   0xF467756C16E805B2F38130BCDB3558C85AE3B8ADDF9AFB86A6DFD2076501A9E9D1D722ECA1B5BE47EFB18368C12DE7264F1617BC1C1AFEF2A527E2DB3AD8C09C
Expected: 0xE0A1CDC23BCAD4C6F7B8D250E463ECC741DBFEDF0C7B281CEF0999A48A930D8634CF6AA88B6FFF47623E83A2BDDB586015FA2006ECA6FB167388099EE3464908
Discrepancy on sample 38
Output:   0x5F14D0425B0F25AABAA09E403BAB68818756015DF976C308DAA2D0D59763298AD40CF87F58FC491AAE3B702F05C63E3B8AEFD56A6EF4BFD012FD73009C640F3E
Expected: 0x64D23A69C08F955A916404750BBCADB812607351E8D64A8110612A8095C10306C275A9217F93E19D42542F9FB48F1071A4AFEA2EB8D646AD760C6C83E2B87F96
Discrepancy on sample 39
Output:   0x24C47D4BEDBE24388918E3E7B98E7569D57E5711DF08C48669CB7F79FE25207CE96D34B0AE6C936643EDD7E005A354D415A99B97AB91772D869B7AD380B5B95B
Expected: 0xF2B1715C12C38F22DB3DEF5946718EF61C3C797B34321C4C1B819AFB4E109E5A3EC2ADD719DACF928E6D8366ABFE88B2BD036F4D3930AC85AC79D1D1C92D5E1B
Discrepancy on sample 3a
Output:   0xFD5F58294F30FB18E19010C3A96C73AAF1A392EC07F1D977E6965854FAEDBBC61C714FB87E7AF4C60C37BFA3FBD070627AA328D49A576F1D33C5F6A39C285B41
Expected: 0x83FD92D4F4407F7F3B9A990165EEDDFA824790993B67C3BD945E553DE111980E1D6D4C88A561434F4003BBE5A1D6A11D414D01AF2F920F7F1F119EC6A4E9C896
Discrepancy on sample 3b
Output:   0x3819AE24E7126F8E4F7924DDE2329AD037FD787CDB94F84BBA44B260FE69AB84E151503B4FE1147B5734FA31E257D4BCF149F6355A791FAD764FA01E1910EEB8
Expected: 0x6562177462E8E28C6DF37052CF2B82222E5CA8D12507034EDE33925D3561EA7F8E5EA5F555C61E53A29C90AB88C646CF5A93F0363166BE4E02930C5C02A06777
Discrepancy on sample 3c
Output:   0x55DA7F76986CBA76E4A7A5D1F8CCDEA266973484FD2AC36406546098E7A82922003BB2F1C364D9A79F2D8286F1A6AFF7F7C4B5CB5C9F7EDF5613F594700DFCB7
Expected: 0x02068859204C27B6A468E4FF512817D2B73E746AA9ABB3CD2E13B00FE12CD89D4CE3349516DBE3648DC9BF174A76B145FCA8FB7B357FB70AC5A7692C84FC9CE6
Discrepancy on sample 3d
Output:   0xE8D64A6ED50A67E1809EA364160CA80BB6652F115DD05A8940A6FE478CB13FF0E23EBD187F6B1725AE84239027C911F66C5C9167466E558670B4DF71DDB281AB
Expected: 0xA57B44518EDDEEBD62ECE6CF471238CA48D6C2654B143FBAA16728D1465B3C6007D3D15730CAA270731C8331D1FEE88A04380EBE8849127E0DE33A16A7800A81
Discrepancy on sample 3e
Output:   0x082E664062D9E2DD9723450A63E97597162E1251D80AE76EF0C047D8483A3B8CD2E72DAC297D792E3F37E4471684399F4FD57926335121CAAE86E3A1A6FBCD55
Expected: 0x3B5A456FBF889D423BF81F25BF7AF380191F31347C6F8B7163E4D2F6E4B6AB22287A39C2CA4FFF0E91E9A0B6E727A794EAD2C88705A88CFCA75775E9BA8EA725
Discrepancy on sample 3f
Output:   0x742DA0C11C2BAA78CF7F3E8E5CF2EB7E2EE34E569534DA7B20FB8D2A2D70215752BA08F6363D75DCEFC9745B0C3FD67A3638DD9793BA6ADAC7725D90370F7E1D
Expected: 0x249DF6DB4B6FA9262613F2D74BE360F18C1804FDCBE687266CB457A9BA634832F752F2ED5F292B841F3055B8A387F567304E36BA83C6BA5E53B730B9020779EA
Discrepancy on sample 40
Output:   0x98215FCACB3E7EA99FB83EA935A8F57B0940F06B8E194EBF86DA3DB62864E15421A19DF1FD942FEABE32B7A18CF3B64601D5DF1FFFD34A2175C59FF591DFCC75
Expected: 0x562B73472CAFBBA79DCC6C9F146ACCCD3C6E65B4530D3802D6C7D8111986EB2F84D2B98DF57B1444D2A77C528C8CD524E35727B276FCD19254E3607529388D87
Discrepancy on sample 41
Output:   0x7D87C08413A9571F31F5BF76A2C16459F5770858D62E90AD84453BB838DED8E89E3BBEA3D62E99B8628135843EE1B9E07F13DA7DB2C61C7DF3F5DD7714DBDBD2
Expected: 0xFC87F48664616D990F46C3A010B844A7DBE9FF2427A883B5576C1386AF9FA023ED3A1C33A72E2CE0FB2EBCC4A0F297FB6E328EDF80EAD3F2ADB9A083411858ED
Discrepancy on sample 42
Output:   0xA9B60BD75533F9769BF7253CC9DF33B955DBF0D6F90DEE61C526EA176E361D75DABEAF517E4E6A4A9BBCAE7602F47CDB55EAE875907320F4F75AE2F283C7EE24
Expected: 0xBF62AF9B4AE5D88CEBFA503781411AF8B457451CC47C321F52DB19A15520DEACDFC234D6800DF8AD708B8FE6E0DC593AAC3541250CDF2C435DFAF087A381BCE8
Discrepancy on sample 43
Output:   0x0742F8169A5DC3566CB3CCE2A77311D1274B447C854214E73D7B0CD34AABB1B5EA44B1C26C060CCD240B046A9035F6EF8632E389FA853BB008D0DE6AED52E179
Expected: 0xBC4B200D56F3769FF26E42DA40B87282FDA1D632BEBAC145E6805F4A7D1225695DFC33D779AA43549AA89E3458389DD35F0A40CA655952544F0A2FA3AFD02B9F
Discrepancy on sample 44
Output:   0x6FD34AC55D513B0C3C444A02D9E808F0A6633E46C8EFC3B62DBE633475A3CC0517A5151E22A960FFEB4E0E2593DC6B3765693C7C41F4434C89ED544ECFB1812C
Expected: 0xD12B23E158A35E807EFF54395342156E941796A0CD0A52496484F3A2FD68FE3E8D4DC3A9BEF66C83B55BB37FAD4E1BBF2FFCBA46F822E06C1A555C2005EA649D
Discrepancy on sample 45
Output:   0xC69312333A01564024E09AA49B40C2794CA8F5EF9C2C04EA960293325265F10C4A4D399E3CCF4EB342DACE6B4A244AA90D5ABD34140E72B4CF632AA5513FBDE9
Expected: 0xA650D86F7FF6541EBD1066E54938B96DC19C60B30DACC6CACA421F4E59FDB1699C5648FE9C1C84B52D8A428FC90B3D249439F80A837ADC6F6B36039588A03183
Discrepancy on sample 46
Output:   0x67936B620D86954B5A247DD6642834F7F09DE542842C524F435C90A5EAC9A472C94FFF970129D73D82A40D5DB6553CA4B1FE9291D1430309ACEB9C299677AD4C
Expected: 0xC485BE5271249D86EB6C34E384D33B0D9FFC677E075D7CF9638A9DC333EBACF9E1FDE345265873E9A422ACD045E2829BD749625C78AD799260722A12EFE5F310
Discrepancy on sample 47
Output:   0x0FD955C120EC053F5477FF0478083BE4E21BBBDF2306BB071430D2F72EE8853E6502635CA155AED109DA601997AB667C5EBEED562CF3AE50CD81F0BB4150EAFB
Expected: 0xB01AAF9C2F80A04246720A86F95759AF4CC219DE1958F759D90F7DED5E424D5496F3C89A2FA6E80E885FF1ABEF001B6D536D397575709DA0DBB29ED71A33D43F
Discrepancy on sample 48
Output:   0x99AD57A0CF7AF471128583BF6BB566943455E865C8BD68D8F5F48C5542C7F85FE54C75A036BB7AB1243C1DC5044C845C6914B7BE10609781863CB9F365FEC3E7
Expected: 0xA07EE93596BA36066649F03FB8E3373D382DEBC750F0D6D02AC8FE97A4A28231277781859A161D558FE0062655AC782EF29D25D468950A98A0C9C3601EE664A9
Discrepancy on sample 49
Output:   0x664B650CA8BBB3B7447D6196EADA8617C0232D4F35D380289BCD7D3E4BFC34DFC270B35DA0081760C53C8417EBA0052BDBBEB7451953E02E4E12D16001DCADD6
Expected: 0xF4AC4A3D3D3AB5A88F2EF11435B73B5B64C21CA1A091FC3EDE006039D6CAC36368402FC9A1394CF71B8E6364B34714FD82B3A3072503AFDAB1FFF8F16F972C5D
Discrepancy on sample 4a
Output:   0xDDF9D4D2B65121C7442188818C105BF2BCAF0CA5C0922B2C8CD89F5B8892CA067C408CB04B96641220FB673C3B39DF679CC614FA9AA7E4D0A9518992DBCB7EF6
Expected: 0x18B79B3573864E11E58ADCEF396E52818A025FFDABD88705B33F29BA51E6034DD3CD91F24DE40F53BC3E2FF73D43DC2A53C1E63B718D113FD32BE6ABCA9EA2CA
Discrepancy on sample 4b
Output:   0x245B770E57226CD3FEE2C87949308B4B1587F4DA677404FC1CEAACB61FA4D251FD4E03DE31FF514FB67F0FFB24F2F193065063B919A0DC4A25C513F053F30E91
Expected: 0x661E079D57B9EC29C817362411A04D1F98AF780669AA541E706CFBE2E8084B3105F920E1B6708883E02F76E1F2ED2340F4C099F42C5A42B81647E356E73DAECC
Discrepancy on sample 4c
Output:   0x5150D3CE42DAC791922A12DE8E77E2272A14B1FE44D982D95D0E14D900165571CF442CF6ED6FCCA913B5A9B82942DF042C6DAB1145675C53715EE2565A620ADF
Expected: 0x363D7FD6D7D31330CB1BC4C313F7270B26614AD7916201DBA1A54496CC941CC89F5FC9435DB2C13CE904D54CCDFD3AD9E73951FA691C8C06F00AF41D4F47CEC4
Discrepancy on sample 4d
Output:   0xA048AE3364E826ABAA77E973CE1830E282F9A10C08E3C276345E028AEB8B667ED8367532C79B6DCCFEF5AB855E91ADC27B7C4ECBFBD6F90B1F2B097B7E9AF1D4
Expected: 0xCE3C9F3BE16E5DA6E8FDDEF71515BBDE15EF68558DF9D1756070A046634E538FEEB34E513026E58D9CC410B1BF313F4C13F3B3206840454A122F2BE2910CA612
Discrepancy on sample 4e
Output:   0x9BF612B63721E13F63911E9A336B94F6ACC8733594C8E0DB397624C3B71E49AADB386C5804FAFE3C84EAAFE04991DF25D01ABD1F086FDE7C53901D2C98CC8418
Expected: 0x692F32141F53F2C2153EC68BA03E3C5B3FFB65E0E0DE8FD0735D46BEDAA89DB5FE819ECF975434262A6A1E5DDDFA4827E91D54C72AC3D281EDF6978BD2AA3D35
Discrepancy on sample 4f
Output:   0xCAC238221963642D0BFF0E8A771C825AF7A73994A8F5DE067BDF586B40A30232596F99B974D5170BBD8DF564C1A84726E4D3C05BB3564AFB4A5CD712DD52D5D5
Expected: 0xE708876B4DD6329A40C61616154846B5C1B14E4422FD74387170E1728B44E971E06A61D457E04A669088E637A37628BE5368B4B45BB528E48C0766059AC7D67F
Discrepancy on sample 50
Output:   0xB4B2AD2F86CDD945EB8077B3341A5D7B4092D668374808F291691795484E71B03D3C8840BC91745A0C2FFD845E004216250994996A68CF3BC879910190F1667A
Expected: 0x14AC2279BE446D622C7C6902DA06D5DEE412A276907C541D5EC51A35E594FEC6C819E1E07016B31FC26AD0BDBF361AFF1BFDACA3813B819D00A4D8B9E3F0074A
Discrepancy on sample 51
Output:   0x7D979147CF6B0B1EE51123E457C5C9E846B42690284A551832A104714B002D1D2F1358011D5DFE906D2C8220CC207DD6DA0068DA3AF5BA71B5058FA58764A0BC
Expected: 0x848131648D02F94F50FE22B871D341D503478CD32374DD4CD198278055AFECCD70138D6A0833D81586CA7EE240C5F4605527F9F74AEC816DC39760096563A749
Discrepancy on sample 52
Output:   0xC909FEE7987BE9201451BC8A6E9E734EAEF930A48FB1B14118E35D3C6263C553C09521531D0165B7649F710E198CAA5FB888549E706CBB4D806AC8C701298360
Expected: 0xBF7B470A16951FF313AF6CB02DD046962E3517C33018D1589BB81DC072736DB0F12A9F425BE0FEA7F2B90E0A8591162FF7551F398DDE9CD6A7837E51CF6B3F70
Discrepancy on sample 53
Output:   0x54364814C7E014B454FA7EAC43D2CC908FF37C2CA0FBBCE41D1DBA6764BB7824E84060BA7CAAFED6E3DBAE257DB4EC580C7B345D4EFDC2789A4E444F7BECFF18
Expected: 0x0FB700F43AF3E847F6951231D2EBDD08C0861B4BFC6D2B732E5023DBE51AC562374AEA578BD53E1B9D6F1DCAB757E785CDA563F2F3A97A8836E72206E7D95A58
Discrepancy on sample 54
Output:   0x39129F464F9653599F2D4D5F372A6450CE4508CDF6FB9F2FA6E8DAA5D60D262752D25394E419474FBA9B97281E022F66C5EE544B1FDFBC1322AE721E522B970F
Expected: 0xA325853B82F208DB3F5DCE502A00266E244CA8456B68EDF9A584278C55CB3F4A186C75834B3AA853586299FE6B389F8796BEE616F9167EFF6C3459DEF4BAFDE4
Discrepancy on sample 55
Output:   0x4A52341B1A14A573640FE5934D019BB74EB29EDAF7AA596B938CF237C89E9CD463FEC5B604C719D9EFFBEEBBE9F608A630FA8032751D87BE186D38D434654928
Expected: 0x68B7B134674149A8D3BCC119ED9C8985A5BA06A13902D0077AFE281173D187693C54F47FA2E2CEBC6BD01C449E2C15C72CC9C28695DE4E6C8ED2776C5C42CAD8
Discrepancy on sample 56
Output:   0x68B04637FADDDA8F8489B51736B61959B6A0C3FF0BD765460FBACB29183415675DCF6EC39355C5794787B898EE706D6ADED8660E9B7DE0CBBB397BD028F19A0B
Expected: 0xF56A39207F9A7CEFD5AE14534F1EA47A99A05E71A33937D8258EF329DDC9E04CAFCD57DAC7871AEDA3DE88598A2EFCEEAA05F36EEEF15AA6A7BFCFBD84543D58
Discrepancy on sample 57
Output:   0xC0A04CDFF1D44189020D0254E267576A031C5D8D19A560220867E8830375C3451554C5B897B4BB41D90C6E4D6FBCD2DA9CB67A7B87DFB35AE54ABCACDDD693E0
Expected: 0x9789D3D2822AFE4871C0D11451FE0ECFA2FB58235BD5B9577CF579EDD93E6797A2E6316B67ED4CFD37E202B84383D11A241B4EA3E4029F66E8BA8507EB32FAB9
Discrepancy on sample 58
Output:   0x593C8A7291E939B319EA828FB1F54E592DEEA35F475C73A1DC1FD10246509400C8C25A6547E4F89213F1B43A2F49F00AC5F8D8C0C883215C57C8AB9ED2A102C2
Expected: 0x3AC41646001BB181DAE801442204470AAE252A9FAC792C933A925885FB7D924F293B6DF12C56284235CAC336E80C47FCF3801F04B840ED5C3635ADEB168F1907
Discrepancy on sample 59
Output:   0x622D6CDA25FFE85E8C5B890D3F0CA04ED5382C2795931FC9FDAE912DA9E8FA52B5A070E750E683507F4B95117487FA65DC9E1E964985FCC3650C36DAB1888E4C
Expected: 0xC1E442104950F07E0A38833A15F5046C933642777CBB6209B96126FE1041A5708B24E188F771173914D5A8B34F64F4D56302A9A1CA243AB62C2B01666930EBE7
Discrepancy on sample 5a
Output:   0xCC3E12378041DCD79810406134EDD67A5C9E0DEA8ADF2D2956562279D7E51FD396C884258CA9693B002F7E912D441ADE20F1CA84A1D92849F40884FEC51CAD73
Expected: 0x9030442392CB09C33B4565477E6277FCC4299134B7AFDF0DCDB0FDAD55C34E7E9754797CD42B313E2B9890A6E6CEFC5D87159D6A49406C58CB274EF06A39F1DB
Discrepancy on sample 5b
Output:   0xB2D64F1734AD1F36A92CB8CFA7CC4B3EFBD5B432F875979606F827BCAFBACADCEC7B7863DF1FD094A8D6AFA6F9BAC504C4D234B50E17C420B629A7FE22F6CA3A
Expected: 0x9401DE3501582F2FB1B8F9BDB502ADFB68B5BD41920123C3EB617C7B936F06E57C464A442E1EA055E9B2F4B8BC65250E2F715CFEBA1364C270D49A402C264440
Discrepancy on sample 5c
Output:   0xC2CDF80ABBC021DB7052A2C406E0C966D10A4682E935EBC2118BCF404796651BFF85550A1517295FD068C7E312C241873DEA3A3043BEE4EADBA2137CCAA1CB4B
Expected: 0xA6AC142665AA1091CA9C42E034B8B38E03C38B79B3A3D038DC09F8303F35A81C7ADEE42E88697D76C4A8F2FE2A211390A7C248C0A1B3E98A9DE7F5E13CA37967
Discrepancy on sample 5d
Output:   0xD7EB58F1B918D45E49FF1AB104FD211EDB961302D3BA9E1E55A9DF8E101169B3DF2B14466010C98BFDC4D135FB1691650A9E65CE1BFFCFD172F95AD29F776381
Expected: 0x130B806C8285257180EA538C9E42BCD9A0C0309FA998B09706F18EFBFD2A83B2333F81798671D09AC66FBD7D57500AFB237EA9C0F5C1FF1B02114DD5E14686C2
Discrepancy on sample 5e
Output:   0x0EEC056021C03118E91FB6BEE348C66E4CC9D1699E9FF21FCF91A68B253DE34633A1920AD35ECF6B6BCBA9C0222AA24171A832CE8EFC7A45F18DD85D8C4C8C6B
Expected: 0x2511B6E56BC78AC23309F886F9EF780D14E65BB2EEB0900296E691520E6C0F4DEAE05844180301C822942B3632C41B71D822B2D9EF769B31F89E641AE31EC8E6
Discrepancy on sample 5f
Output:   0xF27CFA4CF30A207A6387BC51FB8F564029D7DB6929300DFAC11244141B7C9021AF9D480A63941929DE291DFEECB050E908DE24E8A34D274CC914F65AAC042BB3
Expected: 0x5BCD1CBDC600034FEE8373494A2B45F2D56A34788C2219ECE1485824ADD3CFE8A38F655107828D465929FB9AA10B7A086603B3C998913AF9BBE91E6A142603DA
Discrepancy on sample 60
Output:   0x2A0E88FAE9B1AD11ED6038D6A6DE463FCF1BFECFECA913CC489FF3FC0819AF8AD26273C31332EAA5C4ECA41F2E3C301B1E88818E4604BF635B9BBFB2EAEF1946
Expected: 0x15C0BAAB270A80ACF3EA3A893CBA236EDED9401D2B8F719493AC06B35CF8E44BC87A899EBD47AF428000A34C6C69465147C4F4C46EDCDF768029CAF111E08182
Discrepancy on sample 61
Output:   0x55D24CD271A131344FB51F1C39A98F5CE40767080D33970F5F14AF5F3F58C44894F6379104D18E5EFE7246C87AAC1C2DD59AB679A60C84697BD19AE4ABD24265
Expected: 0x568714F0C1D944B53E6DEC8D566FF9B09B8DB0F946BA46E99D677E0AC9B3B280C280EC5B67B716D883B4583170C1A9A47EEFB9DAC0B74811F37F9F939A6209E8
Discrepancy on sample 62
Output:   0xD8FC3395859D2293CA8EF1098F56D848878F2A994623BC2B2B0CB2773C4E18A8F835A26F215F372D3930E0D553A903D0CCF021428BC2BE0682070A9BA85DB89A
Expected: 0xCFF711E5F41ABEBD2D9D6CE987B44EBA250691534A19C5557260C656A5ECC3EF99DAAA548F068AA8959CF393DFB506CA356A4DBAC3C40588AB64A97F6FBDCCFC
Discrepancy on sample 63
Output:   0x41C77616102C87DA67F52C7374280E2F97E710839F5C7CFB41F2EBD4F6A09BD6375DF471B2EC7D3B175707174A9E327EADC702E41A1FD9D7D2A7E73939B8C204
Expected: 0x56AA6D6A836E39F21BC8461A26E5D4BABB336FE17B51A60C73ECC5B4E10826D3FE11CA80D6330F06E55AFE26911200D35AB9CF586692129844DD70E162C9A2B6
Discrepancy on sample 64
Output:   0x514DC201F299B39E9F03F2529A9E806EA9E6DD51A143FAAD4AE7477B0E3B11F90C1387AFD66E97FCCAB62DE47BE0C0BEDDBF5B6E311470A4AAB2EE1DD6A7E3C9
Expected: 0x37334A89B820657DB0BDC9845D9CAAB0426082F8BA9EDE7EC791CEE92DD8DC5502349784352826B5A35E8149E5881ECE8E8535593380F571544FA70C42B77758
Discrepancy on sample 65
Output:   0x01E11C47D83438841ACC14CD52A1F57F760D5A05368AA97594D529807D143086867954B8CA96ACD3BB0B6FCE58A794EBAB276A29F6D3B3B3B318B1D343D318B0
Expected: 0x0F427D89B6958693C05563521CD5A678FEE31533EFDEE4AF3718ED95CC53FA44FB67D04E231A54C5C2D4C42C8A31F6D2E1866F390200D97C0D5898FD6200F6A7
Discrepancy on sample 66
Output:   0xEB37CBE1156788C2CE4FBE4AF0597980A31B1A63B40E23513A64243746D977737FF5334D9C7119698823EB5582CD504455CD7E8E5A95635A7355CEC6F86D3A9F
Expected: 0xF4FB72A45264C3950382DF459B958F6A6983EBF929923C9228208B0A4D9F0D705FCCF31E95DCCCAB91724796EAC086D8A8ACAEE06CDBD182FC90E52DF7CFDC1E
Discrepancy on sample 67
Output:   0x693A260A0737A2B15AAC81B1593CF8CAF37F850AC8D43A875C8886DE105BD1F11C2686B3710DA4628B72E6C241E29107ED8F49B3679740898E87B13655EC7C8A
Expected: 0x03369F8EAC5197CFD6B64DE3929C6765D91B7CDA4EFA0F225F3B15731F644E677BE5B5FBF406AD3C37FD4ADC85288C5A8B2A2CC7BAF51854E00B1649E2AEB74F
Discrepancy on sample 68
Output:   0x4A908CDCD76DE0885B490905FB204215DAFCC99DF0F18A63015C6794C697819C157FF6473D085226835813D3F2F3F56D8C2E17B8D1FA26640F1D6C361AE85A6F
Expected: 0x7111BAE1BDB52DA8BCC8509802FE32B11D72AA1D8ADF7F62D6AE0B215BF5DF4B68CBC3FEDCA593CC79BDC4D99CA793B1FA3D8C1565E1609E3A056D91377E7CFC
Discrepancy on sample 69
Output:   0xB48C170687E703701B04CC051C6159A1D246EF8570A99510074B22432543829906EB24A98E3D968E744C093567E06C7D384C450F33C996C9F9033ACC3B6F5C87
Expected: 0x13691CEEEB4C1672C5E7E42DDC5683143202B8457CEA04AA8366E27D7375D3F13E28A901C83626B380C75E9DCF30CD17B56E77EB5454E55BDE2327A1B0EAA754
1,106c1,106
< 0xCF83E1357EEFB8BDF1542850D66D8007D620E4050B5715DC83F4A921D36CE9CE47D0D13C5D85F2B0FF8318D2877EEC2F63B931BD47417A81A538327AF927DA3E
< 0x40422E2733A73DEC2F9AAC48E2AB48D3B2FDCDC1E3A88BC7EA855227E62C029246DA1DD49DD057BB8A8B796B3B2A6F60D9D8A85DE53DF597E422B2F68C54CFB6
< 0x94E9F04B8426B78AC4EECEC283CC71CD4DFBB72F4356B4FBD589F0CCF2BA07F977A89773EA2AC59282734A9E370B1C37797BEDC87B83554315A0B25D322FD533
< 0xB8EAAFF996FF710AA937206484D1EBC690DCD6CE3524DBE79491283375E8D2178B9F7CECC4BC13BFABD112B30C4D445E09EFEF48463309498C76A1CFE8614A68
< 0xB659DCCFC22953E776D2E92CF5BD0AF0F1BC961A8F20967D2661F3FE9053F275382E7AAE9A7ABAF560E08F427DE785EEFE7C1393F744505913A34CCE2CEB3679
< 0xEE71532619F14DFD0E6D3A1EBE7BE18705A1C562D762BCAEA4557167A57A5552324A14A32F04B708B47D00A6B4D14DD046F424F44B9B46CF0955EB2448C1812C
< 0x400F143AD38920D8341AEA0988852087337ADE73CC093680CF8BF05B4657DC96B90612A5752DDC419937E211F734EFD5A4DE4F267F27978CC95B46E4AE51B96A
< 0x7228FF16C2AA19984213A6D4CE1CA06964FA7E14BCAC2D9FFFF3BDD4BC0245FB47F56EB78AAAC88D645E11BD76536A4B35B135394EB6308F9A9F847B752C06F2
< 0xE2B401610CAD70F34CA9759E2DE4F5F3F5C714DD125A8D65314CF6287C2960A8515CA2BDA04F14D08BA2E1D1A49F514E9B5B1542AFBFFD5375BFD66BA61CA7D9
< 0x1D6892C688E512E3E7029869F70AA733908B4576FBF4D7B544EA3CAF5FA27EC47615625489F061521B8AA34EF65BE23C25A8FC4097038ECDC1C69CD7EBEB55CA
< 0x607644C74A05DB56D11674B4E1B510AAAF57B390A01BDCF6B23685AE541D0FE6FB202778DB1E9929ED9B7A9A884D8158F788CF883F75255DD37C09D0A1AD7928
< 0x9CC0A0AD18614F474BD44C45145B8C6BE97639548311AC58D698EC36EAE3CCDBFED872C78EA0D4075F373C0BA38F36EC95F82D3742F5DB6096434F28CBD8E353
< 0xE8CD8BEBD9E43835E7746F17067D89142F8934058248D4F57C448CB56FAD22EEF3A62E8722BEE6112E280E63C52B96BA936C4A898E87B95554C445356D32C5E6
< 0x6954ABCB4F270C5BFCDD81423DCBFF45B33FFB42C4253A5334878F4157007DA1AF91B4C41909B8D481B0022268DB15B8189729BC3798B5B4F71E0649C186FD75
< 0x481EDCBB4FBB0346B97FFF0CC9813E26585A42DD5A88B81216A5E345A7A7499A46D8E0AD3F569A38418405EFD7EC5E2C593110308194DB29710DB60B1D79BD70
< 0x3CD83283360E2F57414B8799ABDBAC65BE64E4B1D6B0DE73D7A1EE1370F5CC68F542CCFB9541D9228392BD7631FC292D5A47FDDDA3ECF2F1C1632250A92258CB
< 0x4642C76D0B194DFC8FAA618332BAF4DE4B145C489FCF5C26CD480DF1D31C17C43358CCD4F47FD57B74F125D94D4619ECD9AE529948ABAAEA3E2F7DF1E9CB0FD2
< 0x15C19F6F813BE8F3F9B5C92CF1D311FAD3250C58CFDB7D9DCEB4A7700CB29E21C26DF9C227EA02B0F87C4632431FC5B7A437885E5BEABFE845A087A2E2FA789E
< 0x0BA5A58E0525BED65C9B44F329BC1AD4506D16C13BABF4018D01D695ADA3597E1478758A53487080EA6E15C5948DDFA0B640D082C58229341EA1A4B48E98D3F1
< 0xD8EC2F3B12C02AB1C603DB36DE3C76588653262146FB02D9291AA7448DAD370BF7CD394CFB711BCA34260C4BDCFCE2E091D22899079ACC2224A056D505E9C86C
< 0x2BDCB8FC855847663DE6636349AC7A7C71094284E38B3283644D4FD100E06E0E6B168302FA70A14397729E5EB65AA56A2D2A367EB9227FF112274426B0A65174
< 0x6FF058D949D63DDDDC004741BE41BACB334D7889A096CFE9E64D37034FADCE84E1066E7F37A806404D1503E3042C0BC7A988E6C9A10C5417ED991B25E8CFA97A
< 0xFBED1B888EA295F204C069A12ECB33A8824A5A984B2B8FF284E6AD4FB2E15C94CF64EB65CE41A6A38005CC456D41C4922B9E9D81FA40D65705633C0EC7BDE554
< 0xD8C299F7EE8DC4CF05FEC6868B19199447823D0B303D9CD68FF36B4E655ECD4B07EABA56DBDCFF1BC78298BC11452B3943E8DE82F323065C60AF5DD43F2B0BB3
< 0x001694F6A698147DB1986D8DB69E7E88E8343266B0B13584B4127AE93F86C4531DC1617F58EC4DBF98608A523CCB044F4E8C4F81E8284FA8D2865C7CA8D9366D
< 0xAC7464BD2630B2B83DC9F4A8020F22D7366DE026F678D32927E4C9EB702D1613735A23104269FD419FCF04E3C143C28C0D462D69500362CA8E3168D131D1344E
< 0xA4C8D58CC1D60B105FA59BC72681568F4C25F76BF284C7AB741B9236820002FF9BD2B320B7782F97295D1DA08107A09B582E054025CD4B70CE69F3A2D5E87AA0
< 0x401563ABB93ACE5A399E02D1CB06017A697A49745E5FE86ADBE24A50C9BF9AB0E844A8041F9E2D712A762EB425913098300D10CD1AC9C85EFCDEC2C1CE77B4FC
< 0xB1E629B638BBDD39FF758A2AAA39C95179F1FFEDBEC2E36D9E49AABBAEE0DEC6D97312E996E991F782F452A1968D63F43C033F22EDF305961F73EA1084965852
< 0x8ED5BFF02564E1244724CCFD40ADACD287B1B662EA9D9C02BA051BD207144CBE42AC1961C259596A54D0719168AB14BF3DAD62DEF43BF5C7BF182D6458991D3A
< 0x07469F25B19A9379A4C3C9004523F1D0ED08D41026E6EE015597BA92C0801D7D4B0D1FB7D247E2951311FC793A0FB08441EA8D94FDBF27D6C597F58426759ADB
< 0x7E792E85541CA7E17BEB74C6D377441EEFA077243CC7DCD0CFEF9C1A864F109EF6B141E78EA97438FBE51052B617A5F86EEFAA2411797CB313EE825BF7606DE4
< 0xE3DA18B7552689958585C212B7B23E1737FD891FA01C97FF9E18F520AAFB805649DD8DB4AF6A0E22C7FB8691A51FDF92313D00B834FA92D45A955D269DCFA2B9
< 0x7EA01F4F6473F22C760FB6021D362362E0CD8049F7CE1DFC96C85E66547B097BC0FDB977758C9DBC6D2227BC54E59D8C1872F925F957823720BBF10A96138703
< 0xF984972377DF58ECCDF5F3E2442556905BA1A993983F4CCEAAA76710AEED93BD0EF4F24655455963ADFA55BE1B296D4E6FF62CB7E0ABCEA733D4F0DCD257C59B
< 0xF3C63E0AAD6AF8D107FCED7AA42B3182D8CADC33B014765E90348A6195726ED5F98632FD00B88F0757C4186736E165BF1CE84D9540E103C45BEDCCF3372534F1
< 0x81883FB297C2C243476A8DCC26396E0D2D2DBDAE700B8961B6CE32ACE0C1022A07F7575005A42FF06E5C4475F2A60091927592E9C4E409F49BCE5BCCCE45385F
< 0x6DC5C82AE68A220BADEC68762744427324225AD87102CE00DE76C27F7993952F037C06DAF28D0AA7D23942260ECE5C311ECE78C37591D0232E0AF9CF44121C2A
< 0x0EB6907806DF389AA841D31582FD29AE0F670A4A490C65EEC1F38F03FCA36B537ACC8E76A6C4B42DF8F4FAF54F810CB72D5DADC5CF887012773C5C9BA28AEA03
< 0x5DCF224186BBFA302AEE3E61BE3FED406B367BE522F9E7A34420597B97A5587BF46B891A67B7F063C3BBDE216B2F68F24CB2E2EE4EB7F22F62D293A00797E949
< 0xFF38785679EDA96D7C49FC2A414634C9EA5AF7E700C4212780DA1DCBF83EB143378410427ECE11A980C2A5BAB83E8DF9EBBC3735C312816A97AE89637FCC390C
< 0x76EF42AED613D4CB5F903B482645266CEE7183DAB6C3FBC1D0A7FD3E32028539297E07BD3B6B3B6BAB6F7FAB5949B589F3208829F9FCEAE2CAB437224DDE954F
< 0x44C117834CF8ABB9ABAD190009CFBE1C33F4A48CED85488165F28888413DBD43C77A5538D5AED1BF268BBD918955AEDCE3145EC8B0FBB8346CC66F5912AA823F
< 0x25DF58AD58C63A0E9D3DE30F37DACFC71E87C1EB6B1E3B0974AA26B51C62C22AB12BEEE5BB925D1EF538C3BA6F8C944D45D765692A8D6DF80401226EA574AAFF
< 0x966D70A91ED02227D93AEE93FE6C025C8FD289C4500022C94FE0E2BB3B775063ECC658AA006C9E0A9664CAE2290549F1F683C875A19DA8943C1145A50A39EA7E
< 0xE1246FCC8EDF3CC76524E9E5F3C95AA26259AF6FC5A093EFE47B14FCFCBE710D789ADABDDFFC5789DFFCC1585654232C51D0C781063123D09DEA343226BF7472
< 0x762340D7060678B439E234860D9EEE8F4073EEF80991DE9AD98CACB3C0E7676991EE6EF3213271944834FCB0E3F695FC11E9B599AEB9DD8A490F2655FD2D2E3D
< 0x33DEF46638FB41973BB4084291E505E6E4751C8AA258F04296C5FEFFD49491924C8C9516712357B50405C2596A319159911D8F29498596D6CA1F3CF51C210153
< 0x90EB7654ABD90EE4C2A874CB4DA9CD55FE201E32936694370D5F0E72DF7F61E7B8CA96705591F1F01F91AC7D38E44EFC30A969FF539C37767EAF2283A14EBE5F
< 0xC08B00FA6CD1CF5D172AF5BA15C97F1C429BC35911286540E6C8DA44C2870D2A549413884722A09F08E55029246FC4EA1491966B4B80FD3611240E2D4AC8DB76
< 0xAF5603F1CBA46E73975D921A604D955F80E9FFF5C016F7B1314462C28091516A4F394E9D2106B680C4928E6A72778DD1BABA3FD15FF860AEFD14AB7BE9C7FC3B
< 0x1BD85140B4177EB019F033A94D5B84554C632A16A20467B275E5A6CCD896179106D275851D25B9BCC7D3FE32CAB2BE20723D779AA47905547A1104A3254B71A9
< 0xCDE38DD74C86CC4D5E0D286EA5F3F56853973DE1CE5BDF4884444D0B1344DB966784A9858F3A9CB26506E38EFDCA5E24571E26067A5A5D373232451F49BD8741
< 0x61A830BD0D959266FAEC5B7241A4E07E9B52BA35E219CA2AFBA5B68FD59033DC9A787CB38B29DBC67D3B9CFBE4368FE9F10BBF0F80ABEA8B77B3CE63FF78AB47
< 0x067E68DF80AC69639FC005945D256510D2366C62A07056D6C28CDC57AF376489EC1B0FE388F38F5483CE78F9796D0AF587BAEA31C97D6C3E8EEB9C9EFFCBF1CC
< 0xE0A1CDC23BCAD4C6F7B8D250E463ECC741DBFEDF0C7B281CEF0999A48A930D8634CF6AA88B6FFF47623E83A2BDDB586015FA2006ECA6FB167388099EE3464908
< 0x64D23A69C08F955A916404750BBCADB812607351E8D64A8110612A8095C10306C275A9217F93E19D42542F9FB48F1071A4AFEA2EB8D646AD760C6C83E2B87F96
< 0xF2B1715C12C38F22DB3DEF5946718EF61C3C797B34321C4C1B819AFB4E109E5A3EC2ADD719DACF928E6D8366ABFE88B2BD036F4D3930AC85AC79D1D1C92D5E1B
< 0x83FD92D4F4407F7F3B9A990165EEDDFA824790993B67C3BD945E553DE111980E1D6D4C88A561434F4003BBE5A1D6A11D414D01AF2F920F7F1F119EC6A4E9C896
< 0x6562177462E8E28C6DF37052CF2B82222E5CA8D12507034EDE33925D3561EA7F8E5EA5F555C61E53A29C90AB88C646CF5A93F0363166BE4E02930C5C02A06777
< 0x02068859204C27B6A468E4FF512817D2B73E746AA9ABB3CD2E13B00FE12CD89D4CE3349516DBE3648DC9BF174A76B145FCA8FB7B357FB70AC5A7692C84FC9CE6
< 0xA57B44518EDDEEBD62ECE6CF471238CA48D6C2654B143FBAA16728D1465B3C6007D3D15730CAA270731C8331D1FEE88A04380EBE8849127E0DE33A16A7800A81
< 0x3B5A456FBF889D423BF81F25BF7AF380191F31347C6F8B7163E4D2F6E4B6AB22287A39C2CA4FFF0E91E9A0B6E727A794EAD2C88705A88CFCA75775E9BA8EA725
< 0x249DF6DB4B6FA9262613F2D74BE360F18C1804FDCBE687266CB457A9BA634832F752F2ED5F292B841F3055B8A387F567304E36BA83C6BA5E53B730B9020779EA
< 0x562B73472CAFBBA79DCC6C9F146ACCCD3C6E65B4530D3802D6C7D8111986EB2F84D2B98DF57B1444D2A77C528C8CD524E35727B276FCD19254E3607529388D87
< 0xFC87F48664616D990F46C3A010B844A7DBE9FF2427A883B5576C1386AF9FA023ED3A1C33A72E2CE0FB2EBCC4A0F297FB6E328EDF80EAD3F2ADB9A083411858ED
< 0xBF62AF9B4AE5D88CEBFA503781411AF8B457451CC47C321F52DB19A15520DEACDFC234D6800DF8AD708B8FE6E0DC593AAC3541250CDF2C435DFAF087A381BCE8
< 0xBC4B200D56F3769FF26E42DA40B87282FDA1D632BEBAC145E6805F4A7D1225695DFC33D779AA43549AA89E3458389DD35F0A40CA655952544F0A2FA3AFD02B9F
< 0xD12B23E158A35E807EFF54395342156E941796A0CD0A52496484F3A2FD68FE3E8D4DC3A9BEF66C83B55BB37FAD4E1BBF2FFCBA46F822E06C1A555C2005EA649D
< 0xA650D86F7FF6541EBD1066E54938B96DC19C60B30DACC6CACA421F4E59FDB1699C5648FE9C1C84B52D8A428FC90B3D249439F80A837ADC6F6B36039588A03183
< 0xC485BE5271249D86EB6C34E384D33B0D9FFC677E075D7CF9638A9DC333EBACF9E1FDE345265873E9A422ACD045E2829BD749625C78AD799260722A12EFE5F310
< 0xB01AAF9C2F80A04246720A86F95759AF4CC219DE1958F759D90F7DED5E424D5496F3C89A2FA6E80E885FF1ABEF001B6D536D397575709DA0DBB29ED71A33D43F
< 0xA07EE93596BA36066649F03FB8E3373D382DEBC750F0D6D02AC8FE97A4A28231277781859A161D558FE0062655AC782EF29D25D468950A98A0C9C3601EE664A9
< 0xF4AC4A3D3D3AB5A88F2EF11435B73B5B64C21CA1A091FC3EDE006039D6CAC36368402FC9A1394CF71B8E6364B34714FD82B3A3072503AFDAB1FFF8F16F972C5D
< 0x18B79B3573864E11E58ADCEF396E52818A025FFDABD88705B33F29BA51E6034DD3CD91F24DE40F53BC3E2FF73D43DC2A53C1E63B718D113FD32BE6ABCA9EA2CA
< 0x661E079D57B9EC29C817362411A04D1F98AF780669AA541E706CFBE2E8084B3105F920E1B6708883E02F76E1F2ED2340F4C099F42C5A42B81647E356E73DAECC
< 0x363D7FD6D7D31330CB1BC4C313F7270B26614AD7916201DBA1A54496CC941CC89F5FC9435DB2C13CE904D54CCDFD3AD9E73951FA691C8C06F00AF41D4F47CEC4
< 0xCE3C9F3BE16E5DA6E8FDDEF71515BBDE15EF68558DF9D1756070A046634E538FEEB34E513026E58D9CC410B1BF313F4C13F3B3206840454A122F2BE2910CA612
< 0x692F32141F53F2C2153EC68BA03E3C5B3FFB65E0E0DE8FD0735D46BEDAA89DB5FE819ECF975434262A6A1E5DDDFA4827E91D54C72AC3D281EDF6978BD2AA3D35
< 0xE708876B4DD6329A40C61616154846B5C1B14E4422FD74387170E1728B44E971E06A61D457E04A669088E637A37628BE5368B4B45BB528E48C0766059AC7D67F
< 0x14AC2279BE446D622C7C6902DA06D5DEE412A276907C541D5EC51A35E594FEC6C819E1E07016B31FC26AD0BDBF361AFF1BFDACA3813B819D00A4D8B9E3F0074A
< 0x848131648D02F94F50FE22B871D341D503478CD32374DD4CD198278055AFECCD70138D6A0833D81586CA7EE240C5F4605527F9F74AEC816DC39760096563A749
< 0xBF7B470A16951FF313AF6CB02DD046962E3517C33018D1589BB81DC072736DB0F12A9F425BE0FEA7F2B90E0A8591162FF7551F398DDE9CD6A7837E51CF6B3F70
< 0x0FB700F43AF3E847F6951231D2EBDD08C0861B4BFC6D2B732E5023DBE51AC562374AEA578BD53E1B9D6F1DCAB757E785CDA563F2F3A97A8836E72206E7D95A58
< 0xA325853B82F208DB3F5DCE502A00266E244CA8456B68EDF9A584278C55CB3F4A186C75834B3AA853586299FE6B389F8796BEE616F9167EFF6C3459DEF4BAFDE4
< 0x68B7B134674149A8D3BCC119ED9C8985A5BA06A13902D0077AFE281173D187693C54F47FA2E2CEBC6BD01C449E2C15C72CC9C28695DE4E6C8ED2776C5C42CAD8
< 0xF56A39207F9A7CEFD5AE14534F1EA47A99A05E71A33937D8258EF329DDC9E04CAFCD57DAC7871AEDA3DE88598A2EFCEEAA05F36EEEF15AA6A7BFCFBD84543D58
< 0x9789D3D2822AFE4871C0D11451FE0ECFA2FB58235BD5B9577CF579EDD93E6797A2E6316B67ED4CFD37E202B84383D11A241B4EA3E4029F66E8BA8507EB32FAB9
< 0x3AC41646001BB181DAE801442204470AAE252A9FAC792C933A925885FB7D924F293B6DF12C56284235CAC336E80C47FCF3801F04B840ED5C3635ADEB168F1907
< 0xC1E442104950F07E0A38833A15F5046C933642777CBB6209B96126FE1041A5708B24E188F771173914D5A8B34F64F4D56302A9A1CA243AB62C2B01666930EBE7
< 0x9030442392CB09C33B4565477E6277FCC4299134B7AFDF0DCDB0FDAD55C34E7E9754797CD42B313E2B9890A6E6CEFC5D87159D6A49406C58CB274EF06A39F1DB
< 0x9401DE3501582F2FB1B8F9BDB502ADFB68B5BD41920123C3EB617C7B936F06E57C464A442E1EA055E9B2F4B8BC65250E2F715CFEBA1364C270D49A402C264440
< 0xA6AC142665AA1091CA9C42E034B8B38E03C38B79B3A3D038DC09F8303F35A81C7ADEE42E88697D76C4A8F2FE2A211390A7C248C0A1B3E98A9DE7F5E13CA37967
< 0x130B806C8285257180EA538C9E42BCD9A0C0309FA998B09706F18EFBFD2A83B2333F81798671D09AC66FBD7D57500AFB237EA9C0F5C1FF1B02114DD5E14686C2
< 0x2511B6E56BC78AC23309F886F9EF780D14E65BB2EEB0900296E691520E6C0F4DEAE05844180301C822942B3632C41B71D822B2D9EF769B31F89E641AE31EC8E6
< 0x5BCD1CBDC600034FEE8373494A2B45F2D56A34788C2219ECE1485824ADD3CFE8A38F655107828D465929FB9AA10B7A086603B3C998913AF9BBE91E6A142603DA
< 0x15C0BAAB270A80ACF3EA3A893CBA236EDED9401D2B8F719493AC06B35CF8E44BC87A899EBD47AF428000A34C6C69465147C4F4C46EDCDF768029CAF111E08182
< 0x568714F0C1D944B53E6DEC8D566FF9B09B8DB0F946BA46E99D677E0AC9B3B280C280EC5B67B716D883B4583170C1A9A47EEFB9DAC0B74811F37F9F939A6209E8
< 0xCFF711E5F41ABEBD2D9D6CE987B44EBA250691534A19C5557260C656A5ECC3EF99DAAA548F068AA8959CF393DFB506CA356A4DBAC3C40588AB64A97F6FBDCCFC
< 0x56AA6D6A836E39F21BC8461A26E5D4BABB336FE17B51A60C73ECC5B4E10826D3FE11CA80D6330F06E55AFE26911200D35AB9CF586692129844DD70E162C9A2B6
< 0x37334A89B820657DB0BDC9845D9CAAB0426082F8BA9EDE7EC791CEE92DD8DC5502349784352826B5A35E8149E5881ECE8E8535593380F571544FA70C42B77758
< 0x0F427D89B6958693C05563521CD5A678FEE31533EFDEE4AF3718ED95CC53FA44FB67D04E231A54C5C2D4C42C8A31F6D2E1866F390200D97C0D5898FD6200F6A7
< 0xF4FB72A45264C3950382DF459B958F6A6983EBF929923C9228208B0A4D9F0D705FCCF31E95DCCCAB91724796EAC086D8A8ACAEE06CDBD182FC90E52DF7CFDC1E
< 0x03369F8EAC5197CFD6B64DE3929C6765D91B7CDA4EFA0F225F3B15731F644E677BE5B5FBF406AD3C37FD4ADC85288C5A8B2A2CC7BAF51854E00B1649E2AEB74F
< 0x7111BAE1BDB52DA8BCC8509802FE32B11D72AA1D8ADF7F62D6AE0B215BF5DF4B68CBC3FEDCA593CC79BDC4D99CA793B1FA3D8C1565E1609E3A056D91377E7CFC
< 0x13691CEEEB4C1672C5E7E42DDC5683143202B8457CEA04AA8366E27D7375D3F13E28A901C83626B380C75E9DCF30CD17B56E77EB5454E55BDE2327A1B0EAA754
---
> 0x3B61353CBB6581E41FEBFC579187FD11C12677044031EEA08A3A7E96439901C2D10EC3CC57840001CE058CD39D6E4B500E88DC2F8A769DC73B355F2FD4164BC2
> 0xBF248A64FF027857A9F0E7D4A3872D95985A668B1642DB9AB400F16609CCB57861AE3D1442EA2CC597B67DBE6DB6EF2B7715A0112581004CDE7013D280991252
> 0x5DA471C762F4DBB11DDCB9806A81392945C1717B5082AC557B7AD0EFCC03A4E25B01C20E47F4B19A673716230A972559A1E7241A7068F93004F027817730024A
> 0xF3D4D1E03C5F20BA0CE119DF43E043A0EBF6E871F82863429E4E84E09D980450A69540F2738FE557D928CCE9029298E03ECE40BCF9DFA27F3E5D8572ED4683AF
> 0x19194BAF9523CFEF0F67EB9049EE32B4C35541A48664C00470092D2D832642C87E957FB915A18A1D518A73298D4DAC6813FB1F20FFB33101E35DA5D2B8EF81ED
> 0x98D649F723DD71C3CF44F1B6AE9985AE8BD3366B364080F016DC6B342E8A0CFF446ACD79C2AD10928CA8CD0275689F604E9BE135DB9CF3AF4F5CA229FFF9DCAB
> 0xD400C1039D5BE3BAAF4F91852BF2C56893F899FEF4672CAC2AD2E3541B6B09C7AB2163C9977C06B4E1A7257FC6E848E38C4E912F9CFA3327BB959A166BD7B528
> 0xDC0A4D3C0AC7101286EEFD738CF7716B22F75A10C1FA44C4DF052D74AD41CC5F5D5A6691FB9E56784EAEDB715706867C910ECE7ADEB042AF0D76D9A9DCE2F1F2
> 0xE35EF13BF450DCBE104A335E593AB4289E0F8E677F8E39CA539D87AB93425897A4D84504612E3099A8BFD63162E9D7CD0D65F0E94E6570EB0FBDD378DA233B93
> 0x190EBFE9146BA28BEDDB608A85236CCE36FA8C05EAA8C2405886BAAE83975131C2EF09BEF2F63E53EB6A31881381AB11BC4CF53D6D4EECC58001458AE4B91A10
> 0xCCDFFCA3E7FB3D0194297E0986BC87EE52E3D0162F48D6A0C76FE9F78A17140974BE62186D2E2F7D7897785B1043D1E1CB9C7C834D68131335FCA2CE4065D176
> 0x3D76CFBE806B20BC0A496C8935BB3CA5B7EB77CBC4F22AA52FCA95F5B731E3BC69B55115CBA042152F5261F87A3FDB841B9B3CCFFE657B1FCAE36A2C89520FDF
> 0xEFA6E24DFB60A38CA852A25914E08A46B00A3E8F8902B8713A3493DE9DA6001802BE1BC061D0D2792E147F0B92F0F1C33275219FB66C3CDBF7C1A0A1F0253892
> 0xE56A829B8C574F7329F45329E64EE51AB010427C717928992B98CB50EC2FE1CDD31F0D6E8540B809CD65F195030AE74C1F6899773602F8CF2AB604A704878983
> 0x9977A7FC969D3C9A5737014B46F33D9D3A4C9745480F740E99A7A3009A79ADA310C4BA6C604065660FFA8FE067D9FE7A010E54A3E7B40FC294A003675461576F
> 0xF781CE1E64C97475ED4D97F2325EF22D65DD38F3812002662077BC6D55C126A3DCDCB27817D10BC46B172B3857DDB2D734CD5328BEAE715A6D0DA099D059D4CC
> 0x35F53D9BAC9EDADA7A63F8C53DDE1213D0541B7A320B05EA48A600289DAC143C5FFD4EAE7BB7E18C961D575E895994352AAE7A752507E76999B5A938273A86FF
> 0xCA73592CC2489C96D07BA5D8D94FAF484CA1F1BADD6DEA274687D780048D16FE1BAD10D0D943B10A1806983750053CC991ECF0E43B6B5CE3FAE5A4FAE3068EE9
> 0x24F5CF0A33F2D7AA19C024091905B4903BC8177037B8E1DA9D278FB4E50D42C3D79206367BEA68C22C6B24BC0042C59A5DE188A6FA76C5500784B9999EC118BA
> 0x3CC1DA95071268B2167B0C3189CF0FCE66CC99FF7809FB247469639C665DFF5F4A43240D8FD619A5AF37A674A4B3AA5C383F4F3B645B639ADF0DED04B469B886
> 0xB08B256A737AB8788A8B465A6A69C404DCB9B4E6973368B94436105E23160875794068218ACE29F41B7AAB4B123438562CBE7F084F5E8CA80D53C48735D17252
> 0xAEBA41AA72833B484DD584DD031AF6199915829CE6422435978492D536E2212EBB615FEE08927C7E66E7AD236B39A00AB37C64B342D3628D63EC88848EC677F8
> 0x12B1298C86F1A6B49F523EFE3B5724FD97866016BCB3D6E69872B56AFE3DCC606CBDB60966D6C36E80D8EED24E6D9451C31208EEF80AEEAD435C0819B2B5FE3F
> 0x8829B2BE7620A657A2B352A64DA947100DC0E98B7820B7DC72C408139DA7246B0CEFAD1071A1C9E4EC83A8970A310C3EE4C61E57DE1F6FCEBEEDDC74E1336829
> 0xD434076356F59E54B923386F891660A85E703C6370859F914AD97D2A6A4CA736B69CEABAEF9DE91CCB952AF9150E54C4B048866FAB1E2F99BCF2ED0D550E0B59
> 0xD49F3EE46B0F1BA2D3C69526297B0483351DBA2113B63CAED34EE9F5D170F7E26724FCB802B416428EF228BCE2B54A895CA0236D10E528C5A652D2C19F289316
> 0x3380A5DEE29F90A3B3A54BCB5AE7148880CD92E3C33C83F9A8110594D57AB83BAF46B1918F6405577CCF2BEA5C4A92D36A655D872630013B2D591A988949613A
> 0x49C8BF86B7CF2487AB7D3E3C670B629816223E2FFCE46E855E82082A4810A6A9027AC88707788852A41B3A5F3303975B395C8BCB74D58545C4E09B07C01E73EE
> 0x05D943FB75FC55118BE2463DA4A058C8CE6C758803D8E8128562A3014237C60A324C59A5B3FB886AB0571C464047F41FCFD9611491C7ED84CC61A3EE431582C3
> 0x376AF1E54B803A2BA8645779593B84DD014D017ED7C8869A747FCDE3164FC0E9B6F2D2FB26BD0E97C2080008EFABC3B224A64B9EA92B8F834A48B3CAB77CA2FA
> 0x9533F7C1A93D5F968E46B9977EE682DA7F1492F1771314D3B2594E5839DC72D6541E35FFE26CA4029991DE7D80D3FCBF5CD13432017527D6355AFAA263712236
> 0x7E6306838A9C15246ADF3AEB3D61190FC81218D6D0A81C30541B405F5B3238E38A602E2E18CFFC1D1852A053A1690AB5DB6469F5FF007F9631D8831379F71771
> 0xCB369224C2A69D168CB0473F41DFACC278FBA599058F00948F5CE9735FC81371A9E583D70A2E351084D18272F885B58E9BDA41BA3EB3A798F8E47BCE4F21FF8A
> 0xD0F4078ABE6A75D893D6F800DCA154297653B558101C72C57631B14FDFE44E09F0D1985F322F99E49EA973A90B7F375A356B4F3316D48223CEF2A8C0AE08D70F
> 0x7F3CDBFEFEE77990C57D23B515EA23AC2375C0CC80B97FDF8592B58F1DA3EE2AF77E4E2426BA2800F751E0651AB78CB6D0BED92B89EAF3F720C8ECA464732D76
> 0xA4428587555370F52D304A78B8AEAD83B8A276F18CDEE7F12DF5B1CA150808C6440729F82766807D5C58C6E472E8FA8D1AA971305CFE10D5BB7FB692CAAB0D85
> 0x069B3E1441BAF83A2A510477FA9E5CBD5CD651D46E464061A7515A7D72389F47AA2779DA5298EDCD14AE4DB2AD51498180A9E4EE92D7F6B2206CA27D6835DE6A
> 0x5F708EF6FFC906406FA651290DE71F4BE6B7A3E271F598FBEBE8E83373A8131F542F193676F2635FBE8853BB67D47027ED9E58FEB77AF28E6A6DCEF56357FC65
> 0xD2EACD748B0589D9E0C7D6289BDC27131B696107C312DEBF6B51DF6A2D34953F067F4BC05D64188C039E2919CAF4CC506457FF54A346F297F5E1253EEB2924A0
> 0x06BC7878DCB662A465901A29887CC1F66E1D3933C83ECDD51733E375471189BB67B9447E51C4D3EACA0D3A4A480FE73E28A108C944C394EA43BF9D82CE79B9CD
> 0xD256B044F593CA72168AFB5EB52B6EBFD5A638780EB88A93CCA54AB9EA3172BBF6CFF098AE6E16323ABB372AD68736E2AD0B63618E0B20E3AFBC31AEAC694309
> 0x94C34A1608C847916B11C8845ED0CF6ECA74CB627CBC6808F22D7B2FAA0DAC248F012C6EA45454D8F90320F33FC66069A925DE8490F97BB8FF1AEAF1B216B8BE
> 0x312BC5B98B3D393465B964F2304B76A3489F0C16B667926AA6602B132CAA766AA78DFCDAAA6899914B483B0DDF23476FDB980A664A45B65BACAEB5AA2E13F2AA
> 0x515EEFF76539ECECD468ACAD061BA8203924726DA5B9AE9ED6AE5C9F012B5DF14FC09C44468BCF82765F17149F5428B5E4BAC67CB5A143D3D187BED51EB7030B
> 0x15320A9E9B1AD38CBD4F8B6C86684BED7DBBDB31C6E8B8D1DF990D90B2606D68F2BBE3E4EC8495796BEA108B8BABF5EBCAFB62BB6759CB69F619134BE84B2D9F
> 0x794BD76A140ADD4A06C2B7B4C04D080A7C9E2937204ACC07892131B2E85D50D95F92CFA0735CF4AC8F0BAEFD1B1A230960E678DB6DC8B923F3B9B83957A47CDC
> 0x2CB13B90342B0F355D71BDFE098B4524A89C1CDDE4233CB0BCF88A874248AB6D508CEB3A90BF5E4C1AE36DD880A94FE2DC7ACD912062F7992F1003F1F041CD4E
> 0xA0C927A5D7D91DDFE8961082EC6AF1CCD5FC5A70B01D3F2ACED65488A8FE83E0720080FA04A11A6ACA440A3BA00A2D78C93CDE5D41950335015C8E30FBC225AF
> 0x0FD2CC11F6CFC067B0268E6FAA0E4D1D1BF5B6DDA6CE9967869CE4E3FFFDCABAEB6D42C9CD71EC23F2160B1B7ABC0AACE18AB792FFABB639557678971D0A0EF9
> 0xB95AE57EF6C29DDB398BCBC33EDBD01AF45F5044E96170A2ED800344F2EB8BD893F96063AE43381806F67605214F60EE965B9EB58E9EF7464D8CC4E119EC6C41
> 0xECB3050CF17F1567D22FBA79720C34B9E9643769562187960E0D7EFFDBA9A57301C44334D243C7979D26A791C72766B61A0C6319D7FB5E658651F039E3373B22
> 0xC03E518F1F9ADAAF8F30995BD000711A1C3B955C61639FF6FBE471DF904093DE505C7335E9B3A530BDB97172503794AC625D4E42D84B5F403B26578BF7CF6B05
> 0x4C4B8560A5AD7BD40B187AB876179EDDF14E4F641ABF845D39272FAC8959B0A2770F50F4F85B28F1F75D71AD486A37EA9B53EED3154FAD328FD54DF3C3DC8E84
> 0x34C9F05842AC222B37053DFC0730C4D17B75C35F03A50A74214C900CF8A0C492F95A041CEA5566AF4292A6B4D9E2381FE33F5F6120145D9D76B1342B34CDA91A
> 0x799091E9C3BB5FDF1CACD0795EFE091A23BA2B4AB0609DB98C689AB2086FAB3DED749544BDA4D3446995A6AA133D8D681D8B93E3E14CB71F346A76B68CE6AE8F
> 0xF467756C16E805B2F38130BCDB3558C85AE3B8ADDF9AFB86A6DFD2076501A9E9D1D722ECA1B5BE47EFB18368C12DE7264F1617BC1C1AFEF2A527E2DB3AD8C09C
> 0x5F14D0425B0F25AABAA09E403BAB68818756015DF976C308DAA2D0D59763298AD40CF87F58FC491AAE3B702F05C63E3B8AEFD56A6EF4BFD012FD73009C640F3E
> 0x24C47D4BEDBE24388918E3E7B98E7569D57E5711DF08C48669CB7F79FE25207CE96D34B0AE6C936643EDD7E005A354D415A99B97AB91772D869B7AD380B5B95B
> 0xFD5F58294F30FB18E19010C3A96C73AAF1A392EC07F1D977E6965854FAEDBBC61C714FB87E7AF4C60C37BFA3FBD070627AA328D49A576F1D33C5F6A39C285B41
> 0x3819AE24E7126F8E4F7924DDE2329AD037FD787CDB94F84BBA44B260FE69AB84E151503B4FE1147B5734FA31E257D4BCF149F6355A791FAD764FA01E1910EEB8
> 0x55DA7F76986CBA76E4A7A5D1F8CCDEA266973484FD2AC36406546098E7A82922003BB2F1C364D9A79F2D8286F1A6AFF7F7C4B5CB5C9F7EDF5613F594700DFCB7
> 0xE8D64A6ED50A67E1809EA364160CA80BB6652F115DD05A8940A6FE478CB13FF0E23EBD187F6B1725AE84239027C911F66C5C9167466E558670B4DF71DDB281AB
> 0x082E664062D9E2DD9723450A63E97597162E1251D80AE76EF0C047D8483A3B8CD2E72DAC297D792E3F37E4471684399F4FD57926335121CAAE86E3A1A6FBCD55
> 0x742DA0C11C2BAA78CF7F3E8E5CF2EB7E2EE34E569534DA7B20FB8D2A2D70215752BA08F6363D75DCEFC9745B0C3FD67A3638DD9793BA6ADAC7725D90370F7E1D
> 0x98215FCACB3E7EA99FB83EA935A8F57B0940F06B8E194EBF86DA3DB62864E15421A19DF1FD942FEABE32B7A18CF3B64601D5DF1FFFD34A2175C59FF591DFCC75
> 0x7D87C08413A9571F31F5BF76A2C16459F5770858D62E90AD84453BB838DED8E89E3BBEA3D62E99B8628135843EE1B9E07F13DA7DB2C61C7DF3F5DD7714DBDBD2
> 0xA9B60BD75533F9769BF7253CC9DF33B955DBF0D6F90DEE61C526EA176E361D75DABEAF517E4E6A4A9BBCAE7602F47CDB55EAE875907320F4F75AE2F283C7EE24
> 0x0742F8169A5DC3566CB3CCE2A77311D1274B447C854214E73D7B0CD34AABB1B5EA44B1C26C060CCD240B046A9035F6EF8632E389FA853BB008D0DE6AED52E179
> 0x6FD34AC55D513B0C3C444A02D9E808F0A6633E46C8EFC3B62DBE633475A3CC0517A5151E22A960FFEB4E0E2593DC6B3765693C7C41F4434C89ED544ECFB1812C
> 0xC69312333A01564024E09AA49B40C2794CA8F5EF9C2C04EA960293325265F10C4A4D399E3CCF4EB342DACE6B4A244AA90D5ABD34140E72B4CF632AA5513FBDE9
> 0x67936B620D86954B5A247DD6642834F7F09DE542842C524F435C90A5EAC9A472C94FFF970129D73D82A40D5DB6553CA4B1FE9291D1430309ACEB9C299677AD4C
> 0x0FD955C120EC053F5477FF0478083BE4E21BBBDF2306BB071430D2F72EE8853E6502635CA155AED109DA601997AB667C5EBEED562CF3AE50CD81F0BB4150EAFB
> 0x99AD57A0CF7AF471128583BF6BB566943455E865C8BD68D8F5F48C5542C7F85FE54C75A036BB7AB1243C1DC5044C845C6914B7BE10609781863CB9F365FEC3E7
> 0x664B650CA8BBB3B7447D6196EADA8617C0232D4F35D380289BCD7D3E4BFC34DFC270B35DA0081760C53C8417EBA0052BDBBEB7451953E02E4E12D16001DCADD6
> 0xDDF9D4D2B65121C7442188818C105BF2BCAF0CA5C0922B2C8CD89F5B8892CA067C408CB04B96641220FB673C3B39DF679CC614FA9AA7E4D0A9518992DBCB7EF6
> 0x245B770E57226CD3FEE2C87949308B4B1587F4DA677404FC1CEAACB61FA4D251FD4E03DE31FF514FB67F0FFB24F2F193065063B919A0DC4A25C513F053F30E91
> 0x5150D3CE42DAC791922A12DE8E77E2272A14B1FE44D982D95D0E14D900165571CF442CF6ED6FCCA913B5A9B82942DF042C6DAB1145675C53715EE2565A620ADF
> 0xA048AE3364E826ABAA77E973CE1830E282F9A10C08E3C276345E028AEB8B667ED8367532C79B6DCCFEF5AB855E91ADC27B7C4ECBFBD6F90B1F2B097B7E9AF1D4
> 0x9BF612B63721E13F63911E9A336B94F6ACC8733594C8E0DB397624C3B71E49AADB386C5804FAFE3C84EAAFE04991DF25D01ABD1F086FDE7C53901D2C98CC8418
> 0xCAC238221963642D0BFF0E8A771C825AF7A73994A8F5DE067BDF586B40A30232596F99B974D5170BBD8DF564C1A84726E4D3C05BB3564AFB4A5CD712DD52D5D5
> 0xB4B2AD2F86CDD945EB8077B3341A5D7B4092D668374808F291691795484E71B03D3C8840BC91745A0C2FFD845E004216250994996A68CF3BC879910190F1667A
> 0x7D979147CF6B0B1EE51123E457C5C9E846B42690284A551832A104714B002D1D2F1358011D5DFE906D2C8220CC207DD6DA0068DA3AF5BA71B5058FA58764A0BC
> 0xC909FEE7987BE9201451BC8A6E9E734EAEF930A48FB1B14118E35D3C6263C553C09521531D0165B7649F710E198CAA5FB888549E706CBB4D806AC8C701298360
> 0x54364814C7E014B454FA7EAC43D2CC908FF37C2CA0FBBCE41D1DBA6764BB7824E84060BA7CAAFED6E3DBAE257DB4EC580C7B345D4EFDC2789A4E444F7BECFF18
> 0x39129F464F9653599F2D4D5F372A6450CE4508CDF6FB9F2FA6E8DAA5D60D262752D25394E419474FBA9B97281E022F66C5EE544B1FDFBC1322AE721E522B970F
> 0x4A52341B1A14A573640FE5934D019BB74EB29EDAF7AA596B938CF237C89E9CD463FEC5B604C719D9EFFBEEBBE9F608A630FA8032751D87BE186D38D434654928
> 0x68B04637FADDDA8F8489B51736B61959B6A0C3FF0BD765460FBACB29183415675DCF6EC39355C5794787B898EE706D6ADED8660E9B7DE0CBBB397BD028F19A0B
> 0xC0A04CDFF1D44189020D0254E267576A031C5D8D19A560220867E8830375C3451554C5B897B4BB41D90C6E4D6FBCD2DA9CB67A7B87DFB35AE54ABCACDDD693E0
> 0x593C8A7291E939B319EA828FB1F54E592DEEA35F475C73A1DC1FD10246509400C8C25A6547E4F89213F1B43A2F49F00AC5F8D8C0C883215C57C8AB9ED2A102C2
> 0x622D6CDA25FFE85E8C5B890D3F0CA04ED5382C2795931FC9FDAE912DA9E8FA52B5A070E750E683507F4B95117487FA65DC9E1E964985FCC3650C36DAB1888E4C
> 0xCC3E12378041DCD79810406134EDD67A5C9E0DEA8ADF2D2956562279D7E51FD396C884258CA9693B002F7E912D441ADE20F1CA84A1D92849F40884FEC51CAD73
> 0xB2D64F1734AD1F36A92CB8CFA7CC4B3EFBD5B432F875979606F827BCAFBACADCEC7B7863DF1FD094A8D6AFA6F9BAC504C4D234B50E17C420B629A7FE22F6CA3A
> 0xC2CDF80ABBC021DB7052A2C406E0C966D10A4682E935EBC2118BCF404796651BFF85550A1517295FD068C7E312C241873DEA3A3043BEE4EADBA2137CCAA1CB4B
> 0xD7EB58F1B918D45E49FF1AB104FD211EDB961302D3BA9E1E55A9DF8E101169B3DF2B14466010C98BFDC4D135FB1691650A9E65CE1BFFCFD172F95AD29F776381
> 0x0EEC056021C03118E91FB6BEE348C66E4CC9D1699E9FF21FCF91A68B253DE34633A1920AD35ECF6B6BCBA9C0222AA24171A832CE8EFC7A45F18DD85D8C4C8C6B
> 0xF27CFA4CF30A207A6387BC51FB8F564029D7DB6929300DFAC11244141B7C9021AF9D480A63941929DE291DFEECB050E908DE24E8A34D274CC914F65AAC042BB3
> 0x2A0E88FAE9B1AD11ED6038D6A6DE463FCF1BFECFECA913CC489FF3FC0819AF8AD26273C31332EAA5C4ECA41F2E3C301B1E88818E4604BF635B9BBFB2EAEF1946
> 0x55D24CD271A131344FB51F1C39A98F5CE40767080D33970F5F14AF5F3F58C44894F6379104D18E5EFE7246C87AAC1C2DD59AB679A60C84697BD19AE4ABD24265
> 0xD8FC3395859D2293CA8EF1098F56D848878F2A994623BC2B2B0CB2773C4E18A8F835A26F215F372D3930E0D553A903D0CCF021428BC2BE0682070A9BA85DB89A
> 0x41C77616102C87DA67F52C7374280E2F97E710839F5C7CFB41F2EBD4F6A09BD6375DF471B2EC7D3B175707174A9E327EADC702E41A1FD9D7D2A7E73939B8C204
> 0x514DC201F299B39E9F03F2529A9E806EA9E6DD51A143FAAD4AE7477B0E3B11F90C1387AFD66E97FCCAB62DE47BE0C0BEDDBF5B6E311470A4AAB2EE1DD6A7E3C9
> 0x01E11C47D83438841ACC14CD52A1F57F760D5A05368AA97594D529807D143086867954B8CA96ACD3BB0B6FCE58A794EBAB276A29F6D3B3B3B318B1D343D318B0
> 0xEB37CBE1156788C2CE4FBE4AF0597980A31B1A63B40E23513A64243746D977737FF5334D9C7119698823EB5582CD504455CD7E8E5A95635A7355CEC6F86D3A9F
> 0x693A260A0737A2B15AAC81B1593CF8CAF37F850AC8D43A875C8886DE105BD1F11C2686B3710DA4628B72E6C241E29107ED8F49B3679740898E87B13655EC7C8A
> 0x4A908CDCD76DE0885B490905FB204215DAFCC99DF0F18A63015C6794C697819C157FF6473D085226835813D3F2F3F56D8C2E17B8D1FA26640F1D6C361AE85A6F
> 0xB48C170687E703701B04CC051C6159A1D246EF8570A99510074B22432543829906EB24A98E3D968E744C093567E06C7D384C450F33C996C9F9033ACC3B6F5C87
Discrepancies: 6a out of 6a samples
*******************************************
FAIL: Output DOES NOT match the ans output
*******************************************
INFO [HLS SIM]: The maximum depth reached by any hls::stream() instance in the design is 1fee0
@E Simulation failed: Function 'main' returns nonzero value '1'.
ERROR: [SIM 211-100] 'csim_design' failed: nonzero return value.
INFO: [SIM 211-3] *************** CSIM finish ***************
ERROR: 4
INFO: [HLS 200-112] Total CPU user time: 1 seconds. Total CPU system time: 1 seconds. Total elapsed time: 32.245 seconds; peak allocated memory: 144.922 MB.
