  **** HLS Build v2025.1 6135595
INFO: [HLS 200-2005] Using work_dir D:/Vitis/shaAccel/sha512Accel/sha512Accel 
INFO: [HLS 200-2176] Writing Vitis IDE component file D:/Vitis/shaAccel/sha512Accel/sha512Accel/vitis-comp.json
INFO: [HLS 200-10] Creating and opening component 'D:/Vitis/shaAccel/sha512Accel/sha512Accel'.
INFO: [HLS 200-1505] Using default flow_target 'vivado'
Resolution: For help on HLS 200-1505 see docs.xilinx.com/access/sources/dita/topic?Doc_Version=2025.1%20English&url=ug1448-hls-guidance&resourceid=200-1505.html
INFO: [HLS 200-2174] Applying component config ini file D:/Vitis/shaAccel/sha512Accel/hls_config.cfg
INFO: [HLS 200-1465] Applying config ini 'syn.file=../chunkIteration512/chunkIter512.cpp' from D:/Vitis/shaAccel/sha512Accel/hls_config.cfg(7)
INFO: [HLS 200-10] Adding design file 'D:/Vitis/shaAccel/chunkIteration512/chunkIter512.cpp' to the project
INFO: [HLS 200-1465] Applying config ini 'syn.file=../chunkIteration512/chunkIter512.h' from D:/Vitis/shaAccel/sha512Accel/hls_config.cfg(8)
INFO: [HLS 200-10] Adding design file 'D:/Vitis/shaAccel/chunkIteration512/chunkIter512.h' to the project
INFO: [HLS 200-1465] Applying config ini 'syn.file=../chunkProcessor512/chunkProcessor512.cpp' from D:/Vitis/shaAccel/sha512Accel/hls_config.cfg(9)
INFO: [HLS 200-10] Adding design file 'D:/Vitis/shaAccel/chunkProcessor512/chunkProcessor512.cpp' to the project
INFO: [HLS 200-1465] Applying config ini 'syn.file=../chunkProcessor512/chunkProcessor512.h' from D:/Vitis/shaAccel/sha512Accel/hls_config.cfg(10)
INFO: [HLS 200-10] Adding design file 'D:/Vitis/shaAccel/chunkProcessor512/chunkProcessor512.h' to the project
INFO: [HLS 200-1465] Applying config ini 'syn.file=../wGenerator512/wGenerator512.cpp' from D:/Vitis/shaAccel/sha512Accel/hls_config.cfg(11)
INFO: [HLS 200-10] Adding design file 'D:/Vitis/shaAccel/wGenerator512/wGenerator512.cpp' to the project
INFO: [HLS 200-1465] Applying config ini 'syn.file=../wGenerator512/wGenerator512.h' from D:/Vitis/shaAccel/sha512Accel/hls_config.cfg(12)
INFO: [HLS 200-10] Adding design file 'D:/Vitis/shaAccel/wGenerator512/wGenerator512.h' to the project
INFO: [HLS 200-1465] Applying config ini 'syn.file=../functions512.cpp' from D:/Vitis/shaAccel/sha512Accel/hls_config.cfg(13)
INFO: [HLS 200-10] Adding design file 'D:/Vitis/shaAccel/functions512.cpp' to the project
INFO: [HLS 200-1465] Applying config ini 'syn.file=../functions512.h' from D:/Vitis/shaAccel/sha512Accel/hls_config.cfg(14)
INFO: [HLS 200-10] Adding design file 'D:/Vitis/shaAccel/functions512.h' to the project
INFO: [HLS 200-1465] Applying config ini 'syn.file=./sha512Accel.cpp' from D:/Vitis/shaAccel/sha512Accel/hls_config.cfg(15)
INFO: [HLS 200-10] Adding design file 'D:/Vitis/shaAccel/sha512Accel/sha512Accel.cpp' to the project
INFO: [HLS 200-1465] Applying config ini 'syn.file=./sha512Accel.h' from D:/Vitis/shaAccel/sha512Accel/hls_config.cfg(16)
INFO: [HLS 200-10] Adding design file 'D:/Vitis/shaAccel/sha512Accel/sha512Accel.h' to the project
INFO: [HLS 200-1465] Applying config ini 'syn.file=../dataTypes.h' from D:/Vitis/shaAccel/sha512Accel/hls_config.cfg(17)
INFO: [HLS 200-10] Adding design file 'D:/Vitis/shaAccel/dataTypes.h' to the project
INFO: [HLS 200-1465] Applying config ini 'tb.file=./answers.dat' from D:/Vitis/shaAccel/sha512Accel/hls_config.cfg(18)
INFO: [HLS 200-10] Adding test bench file 'D:/Vitis/shaAccel/sha512Accel/answers.dat' to the project
INFO: [HLS 200-1465] Applying config ini 'tb.file=./datain.dat' from D:/Vitis/shaAccel/sha512Accel/hls_config.cfg(19)
INFO: [HLS 200-10] Adding test bench file 'D:/Vitis/shaAccel/sha512Accel/datain.dat' to the project
INFO: [HLS 200-1465] Applying config ini 'tb.file=./tb.cpp' from D:/Vitis/shaAccel/sha512Accel/hls_config.cfg(20)
INFO: [HLS 200-10] Adding test bench file 'D:/Vitis/shaAccel/sha512Accel/tb.cpp' to the project
INFO: [HLS 200-1465] Applying config ini 'flow_target=vivado' from D:/Vitis/shaAccel/sha512Accel/hls_config.cfg(4)
INFO: [HLS 200-1505] Using flow_target 'vivado'
Resolution: For help on HLS 200-1505 see docs.xilinx.com/access/sources/dita/topic?Doc_Version=2025.1%20English&url=ug1448-hls-guidance&resourceid=200-1505.html
INFO: [HLS 200-1465] Applying config ini 'part=xa7s6cpga196-2I' from D:/Vitis/shaAccel/sha512Accel/hls_config.cfg(1)
INFO: [HLS 200-1611] Setting target device to 'xa7s6-cpga196-2I'
INFO: [HLS 200-1465] Applying config ini 'package.output.format=ip_catalog' from D:/Vitis/shaAccel/sha512Accel/hls_config.cfg(5)
INFO: [HLS 200-2176] Writing Vitis IDE component file D:/Vitis/shaAccel/sha512Accel/sha512Accel/vitis-comp.json
INFO: [SIM 211-2] *************** CSIM start ***************
INFO: [SIM 211-4] CSIM will launch CLANG as the compiler.
INFO: [HLS 200-2036] Building debug C Simulation binaries
   Compiling ../../../../tb.cpp in debug mode
   Generating csim.exe
In file included from ../../../../tb.cpp:7:
In file included from ../../../../sha512Accel.h:6:
In file included from ../../../../../chunkProcessor512/chunkProcessor512.h:4:
In file included from ../../../../../chunkProcessor512/../wGenerator512/wGenerator512.h:4:
In file included from ../../../../../chunkProcessor512/../wGenerator512/../dataTypes.h:4:
In file included from C:/Xilinx/2025.1/Vitis/include/ap_int.h:10:
In file included from C:/Xilinx/2025.1/Vitis/include/etc/ap_common.h:677:
In file included from C:/Xilinx/2025.1/Vitis/include/etc/ap_private.h:68:
In file included from C:/Xilinx/2025.1/Vitis/include/hls_half.h:26:
In file included from C:/Xilinx/2025.1/Vitis/include/etc/hls_half_fpo.h:19:
In file included from C:/Xilinx/2025.1/Vitis/include/hls_fpo.h:140:
In file included from C:/Xilinx/2025.1/Vitis/include/floating_point_v7_1_bitacc_cmodel.h:150:
C:/Xilinx/2025.1/Vitis/include/gmp.h:58:9: warning: '__GMP_LIBGMP_DLL' macro redefined [-Wmacro-redefined]
#define __GMP_LIBGMP_DLL  0
        ^
C:/Xilinx/2025.1/Vitis/include/floating_point_v7_1_bitacc_cmodel.h:142:9: note: previous definition is here
#define __GMP_LIBGMP_DLL 1
        ^
1 warning generated.
Discrepancy on sample 0
Output:   0x5A59FD70307A02FFB7F4BE60659364918810C66D55FCC2B8FEB77E80A8F20A8537CA21286B1DBCAD6721DD5CD0FF4CF1EA415A1448FD960D1068705231B3B5A1
Expected: 0xCF83E1357EEFB8BDF1542850D66D8007D620E4050B5715DC83F4A921D36CE9CE47D0D13C5D85F2B0FF8318D2877EEC2F63B931BD47417A81A538327AF927DA3E
Discrepancy on sample 1
Output:   0x139B9EF6B254F6B21DF4295FB7FDE990259897BFDC45DFF3AB2961D136E2B36ACA69D47FEE3654CE7352A8BB8C842A7A28D94658FE7ED287498488A5CB87798F
Expected: 0x40422E2733A73DEC2F9AAC48E2AB48D3B2FDCDC1E3A88BC7EA855227E62C029246DA1DD49DD057BB8A8B796B3B2A6F60D9D8A85DE53DF597E422B2F68C54CFB6
Discrepancy on sample 2
Output:   0x4A0C066E6B39AA4C9A1A3819D0D4AD23DC003477EF927A1285338D90584665B1AF317A43AABF221BF4936D774D4C3114638E658BB0B2C9551C6089B5E59565BC
Expected: 0x94E9F04B8426B78AC4EECEC283CC71CD4DFBB72F4356B4FBD589F0CCF2BA07F977A89773EA2AC59282734A9E370B1C37797BEDC87B83554315A0B25D322FD533
Discrepancy on sample 3
Output:   0x6C1026A3834239C1C4B645E4ACBF67CD483FE1D193D250A03E090308C84EA1184DE9FD134D8596198E6B9E0C7A77C48B66D31DD516DC32BA4EA478678FEDB231
Expected: 0xB8EAAFF996FF710AA937206484D1EBC690DCD6CE3524DBE79491283375E8D2178B9F7CECC4BC13BFABD112B30C4D445E09EFEF48463309498C76A1CFE8614A68
Discrepancy on sample 4
Output:   0x332E624608589EF6A77A4A9250ECBB631F121709E97236C77752873E189D185533A3E74D492A2292704BE9FD3589A3957C90F178C505E7A0F5F0598AFE1130A1
Expected: 0xB659DCCFC22953E776D2E92CF5BD0AF0F1BC961A8F20967D2661F3FE9053F275382E7AAE9A7ABAF560E08F427DE785EEFE7C1393F744505913A34CCE2CEB3679
Discrepancy on sample 5
Output:   0x97B5707B1CFA2F2E78EB812CBB005BD972BD880D6F2F8438F9614DD2C4A8842F18F050AACBF42804DB67B62779CA3350F527234B718B292157B4886530693343
Expected: 0xEE71532619F14DFD0E6D3A1EBE7BE18705A1C562D762BCAEA4557167A57A5552324A14A32F04B708B47D00A6B4D14DD046F424F44B9B46CF0955EB2448C1812C
Discrepancy on sample 6
Output:   0xEEC058CA64713326EC831AECFE45D797F8995BB2F7594ADC43C90B232DD43105FCECDD7DAB5B0B720E90D15161DB552E897A33F0C27446A8D40AB5882C3DFC5A
Expected: 0x400F143AD38920D8341AEA0988852087337ADE73CC093680CF8BF05B4657DC96B90612A5752DDC419937E211F734EFD5A4DE4F267F27978CC95B46E4AE51B96A
Discrepancy on sample 7
Output:   0x5A30EC3C74A2B4456018924357477EE806FC70457A8EF82662816599BC558E29D7E1D68304203250890514E7891D876B2B1D30C652F54152A6E4B6643EC336A2
Expected: 0x7228FF16C2AA19984213A6D4CE1CA06964FA7E14BCAC2D9FFFF3BDD4BC0245FB47F56EB78AAAC88D645E11BD76536A4B35B135394EB6308F9A9F847B752C06F2
Discrepancy on sample 8
Output:   0xF4A3B496FE4C0D165926754EB172D9D7CDD818A3658C7A5121006F6C569B846378D427F1BC9734691CD6D320055A79A4BB147F96AA90DD660FEBEB334B72D9ED
Expected: 0xE2B401610CAD70F34CA9759E2DE4F5F3F5C714DD125A8D65314CF6287C2960A8515CA2BDA04F14D08BA2E1D1A49F514E9B5B1542AFBFFD5375BFD66BA61CA7D9
Discrepancy on sample 9
Output:   0x5E31F05CED4A448E848F2C6065DA1095A17C759E48303E6E38F14475FAA8093D1A8074135F71EC4CB23EB67AB01317BB027A78C49F606759CD8703E4E7D75C56
Expected: 0x1D6892C688E512E3E7029869F70AA733908B4576FBF4D7B544EA3CAF5FA27EC47615625489F061521B8AA34EF65BE23C25A8FC4097038ECDC1C69CD7EBEB55CA
Discrepancy on sample a
Output:   0xC37C6A716019A3FC051D7B0B2E797EC67867C15CD072BBFF8184F0C0C2F1DD51EB6248F6DAC052513BB4CBC5351514DBC4CB3195F8DC8DB4A449E826303857F4
Expected: 0x607644C74A05DB56D11674B4E1B510AAAF57B390A01BDCF6B23685AE541D0FE6FB202778DB1E9929ED9B7A9A884D8158F788CF883F75255DD37C09D0A1AD7928
Discrepancy on sample b
Output:   0xD466D65FEF4EF04C48E991D4A533FF5E42BC9822F1890978081E3D372BE7F6BD117043736CEE62E2F793628F9DC04007EB59F52BAD98510B1B0D5AE3270CA27F
Expected: 0x9CC0A0AD18614F474BD44C45145B8C6BE97639548311AC58D698EC36EAE3CCDBFED872C78EA0D4075F373C0BA38F36EC95F82D3742F5DB6096434F28CBD8E353
Discrepancy on sample c
Output:   0x76AA57781E87794E442A86B378C9A680C10AD3444A3F0207171C97D3E9AF7A993E2D7BF47F7CC121FCAEC68EF319B1B6E85E235A33969EA19DAB3F304FFD2708
Expected: 0xE8CD8BEBD9E43835E7746F17067D89142F8934058248D4F57C448CB56FAD22EEF3A62E8722BEE6112E280E63C52B96BA936C4A898E87B95554C445356D32C5E6
Discrepancy on sample d
Output:   0xE262EC33DECC9890D14F48CEA3C651B9A75F08BB3B1CCDEB919B28899759D601EE9A96F3C31731DC38745816DE6D4C723451B53ABB5770DC6B4F29C33A6E185F
Expected: 0x6954ABCB4F270C5BFCDD81423DCBFF45B33FFB42C4253A5334878F4157007DA1AF91B4C41909B8D481B0022268DB15B8189729BC3798B5B4F71E0649C186FD75
Discrepancy on sample e
Output:   0xC0231B16D71C943FCE0AFBB44F92BDC36842B9F96AF00771F1AD222B002CC78C256BD196F62085F5BC1832F8395878F0D6CCE9FAE9BB410E75BFC96B9DF55F58
Expected: 0x481EDCBB4FBB0346B97FFF0CC9813E26585A42DD5A88B81216A5E345A7A7499A46D8E0AD3F569A38418405EFD7EC5E2C593110308194DB29710DB60B1D79BD70
Discrepancy on sample f
Output:   0x31D616809D6E0DAFAF870DEB65CF7AA5DB52CA2E850D9D97A6ACDBEE212AA723BE4E7576EE7183BC098E5B40C41DA4CC130269907D1AEF7837436DBB47F84EFE
Expected: 0x3CD83283360E2F57414B8799ABDBAC65BE64E4B1D6B0DE73D7A1EE1370F5CC68F542CCFB9541D9228392BD7631FC292D5A47FDDDA3ECF2F1C1632250A92258CB
Discrepancy on sample 10
Output:   0xC4DD4BD6DC3E32F45AB0034038995A740B20D4B49C8C799FEA680E6A58FB94DE44095E7B6650DC4519B288758D2B4B379FE49050310D6F8BEA8F8704770A1092
Expected: 0x4642C76D0B194DFC8FAA618332BAF4DE4B145C489FCF5C26CD480DF1D31C17C43358CCD4F47FD57B74F125D94D4619ECD9AE529948ABAAEA3E2F7DF1E9CB0FD2
Discrepancy on sample 11
Output:   0x2A75DF3CD39A3100DA29700EB40FA818CE48860098EA88D84456C2B115FADB2F8D89AC26541EA81E04465E82870E3D3D8D4950AD042FBC9FE4B37C7B42E7D7D7
Expected: 0x15C19F6F813BE8F3F9B5C92CF1D311FAD3250C58CFDB7D9DCEB4A7700CB29E21C26DF9C227EA02B0F87C4632431FC5B7A437885E5BEABFE845A087A2E2FA789E
Discrepancy on sample 12
Output:   0x4805490980052BE4907ABDC466695BC3B478BB05C439CCD0AE429A2FE822AABFA31199A51D62D5634AF73BB72D881505380497CE449F0C7E2DDBD6EB1D6B0FFA
Expected: 0x0BA5A58E0525BED65C9B44F329BC1AD4506D16C13BABF4018D01D695ADA3597E1478758A53487080EA6E15C5948DDFA0B640D082C58229341EA1A4B48E98D3F1
Discrepancy on sample 13
Output:   0x1803045B0CC65B3D91F527DACF91EBDB91C828A575D03B78FBEDC5EECC7888FB8E87DA0C1EF335E5EE8C883B623FEFA77C99C04053FA5806EFA1051143441438
Expected: 0xD8EC2F3B12C02AB1C603DB36DE3C76588653262146FB02D9291AA7448DAD370BF7CD394CFB711BCA34260C4BDCFCE2E091D22899079ACC2224A056D505E9C86C
Discrepancy on sample 14
Output:   0x56890955609E86112B3841D3ACC3E8A0F863DDDD87AE13C5BB283CBE0953EFBD8DD992444EE0E63D1A4C7D09D42E1943FEB0D883F5DC50C99410A598092F2AA2
Expected: 0x2BDCB8FC855847663DE6636349AC7A7C71094284E38B3283644D4FD100E06E0E6B168302FA70A14397729E5EB65AA56A2D2A367EB9227FF112274426B0A65174
Discrepancy on sample 15
Output:   0x18BE478D9B854EE01073D5AE8AAF07673F6F66A7477BE195CC31F9A70CCD8F9B340523B35FF0647F7E7462E43A90E4EC0118AC6611980E3CFBE807A8CE0BAD92
Expected: 0x6FF058D949D63DDDDC004741BE41BACB334D7889A096CFE9E64D37034FADCE84E1066E7F37A806404D1503E3042C0BC7A988E6C9A10C5417ED991B25E8CFA97A
Discrepancy on sample 16
Output:   0x4718028CCED1DA0F82F8446848DF3D15C5329016C1246829D252AA888D41A38FA5AA8AF164942A5853121A4A95AABD429E8CC5C4F9C7B1A2B670F25780CF8C39
Expected: 0xFBED1B888EA295F204C069A12ECB33A8824A5A984B2B8FF284E6AD4FB2E15C94CF64EB65CE41A6A38005CC456D41C4922B9E9D81FA40D65705633C0EC7BDE554
Discrepancy on sample 17
Output:   0x78C32FA58887324CFD276E5AD852D4CA3A263BDFC217E867ABAA670B0CA566982EEAFF6163E98E64CDFA99D8B82690CD7A6060A7F2C42FC9CAA6EDCE20B6D505
Expected: 0xD8C299F7EE8DC4CF05FEC6868B19199447823D0B303D9CD68FF36B4E655ECD4B07EABA56DBDCFF1BC78298BC11452B3943E8DE82F323065C60AF5DD43F2B0BB3
Discrepancy on sample 18
Output:   0x3537EC78C0711148FC4E0352C1988414D774ACF065F056B35814952B5734AF136372CA4884D2B0F49F3D3E2136FBD509A485D60583CA19D1F8310520FB800912
Expected: 0x01694F6A698147DB1986D8DB69E7E88E8343266B0B13584B4127AE93F86C4531DC1617F58EC4DBF98608A523CCB044F4E8C4F81E8284FA8D2865C7CA8D9366D
Discrepancy on sample 19
Output:   0x254C873F1F4643E129026B1269394CC06A0F85B3D5317F2E5FDF9ECAE6C1DDA0BFDE89B019A6DD0CD32B6B430122DA9AC2D4BB66AA53739452FDF05F13638AA9
Expected: 0xAC7464BD2630B2B83DC9F4A8020F22D7366DE026F678D32927E4C9EB702D1613735A23104269FD419FCF04E3C143C28C0D462D69500362CA8E3168D131D1344E
Discrepancy on sample 1a
Output:   0x5038C9B4687767D2D3CC657DC85C0DD4147F8C55CA58E5E65542076AAD69BDD845742A8F70F2822B578E6B027463E39587A5191FC59ABB6E04E903555D6263E7
Expected: 0xA4C8D58CC1D60B105FA59BC72681568F4C25F76BF284C7AB741B9236820002FF9BD2B320B7782F97295D1DA08107A09B582E054025CD4B70CE69F3A2D5E87AA0
Discrepancy on sample 1b
Output:   0xDFF48EA28D59FAB3689AC158FE3E000EAF6C89AEA7E542BB6355AE292044FF57E91931C56D0B5D80EBAF7D0BBF20CCEC221F5D8B692D0391FA05D8C60C8DB4DB
Expected: 0x401563ABB93ACE5A399E02D1CB06017A697A49745E5FE86ADBE24A50C9BF9AB0E844A8041F9E2D712A762EB425913098300D10CD1AC9C85EFCDEC2C1CE77B4FC
Discrepancy on sample 1c
Output:   0x750AA907C65BFFF07035F837CF0A31FF780F60EC465B805A4456084CB4815E36B5398EC553F0B5DDD16B236E7C814C8E6FA570C206C3EC9D35946E5D3CE6D55C
Expected: 0xB1E629B638BBDD39FF758A2AAA39C95179F1FFEDBEC2E36D9E49AABBAEE0DEC6D97312E996E991F782F452A1968D63F43C033F22EDF305961F73EA1084965852
Discrepancy on sample 1d
Output:   0xEE961A6D41B68EE59E07AA0E5732CA7BE59AB1668E9A24B0552AA3AAA3E52FDC9A47E645EFC0B31997D3858E22C69C655CFD6E5CC0928D8A483C4837A34995AE
Expected: 0x8ED5BFF02564E1244724CCFD40ADACD287B1B662EA9D9C02BA051BD207144CBE42AC1961C259596A54D0719168AB14BF3DAD62DEF43BF5C7BF182D6458991D3A
Discrepancy on sample 1e
Output:   0xECB78EEE569E3B3A217762D91E3708AA68DE1A4B2313E868409FE6E9C7E62CDE2801B93063C47BDF0BC72B7E63A708B0BF344C5F04845AA03826F34C56C3941E
Expected: 0x07469F25B19A9379A4C3C9004523F1D0ED08D41026E6EE015597BA92C0801D7D4B0D1FB7D247E2951311FC793A0FB08441EA8D94FDBF27D6C597F58426759ADB
Discrepancy on sample 1f
Output:   0xEA4E286AE6EC7CDE60D9060044D7EA28F1CB7DF53597DD12C7464BBB0F8F6F1363A9FDF2233F9D99D27551FFA92E002DAA336298A5D24C155B3BF1F2A517E0C4
Expected: 0x7E792E85541CA7E17BEB74C6D377441EEFA077243CC7DCD0CFEF9C1A864F109EF6B141E78EA97438FBE51052B617A5F86EEFAA2411797CB313EE825BF7606DE4
Discrepancy on sample 20
Output:   0x910806AA4618DDC10401920C4CD575B9958D7EDC407118F2FBDA392321B7A52E18D3CB89529D38023EC22B6D64F3567701CF417C2928C2842B491D8D1FFEA232
Expected: 0xE3DA18B7552689958585C212B7B23E1737FD891FA01C97FF9E18F520AAFB805649DD8DB4AF6A0E22C7FB8691A51FDF92313D00B834FA92D45A955D269DCFA2B9
Discrepancy on sample 21
Output:   0x20EB73EEE31F3CEEF80492086E31C3150868D278A825C8C798647CA2815B699F1AF2CE5E1A6CA0191662205E71FB436BC5525F3C894B46D231E86368AC4236ED
Expected: 0x7EA01F4F6473F22C760FB6021D362362E0CD8049F7CE1DFC96C85E66547B097BC0FDB977758C9DBC6D2227BC54E59D8C1872F925F957823720BBF10A96138703
Discrepancy on sample 22
Output:   0xE2D70D1CE1693781F215562D6FB471697CEDC75F431920C46C2EDD54D088D2C0072FBA2EB9BD548B48CB50698610ECB86D5101027F8924D27519B52F1D830384
Expected: 0xF984972377DF58ECCDF5F3E2442556905BA1A993983F4CCEAAA76710AEED93BD0EF4F24655455963ADFA55BE1B296D4E6FF62CB7E0ABCEA733D4F0DCD257C59B
Discrepancy on sample 23
Output:   0xE072ABE7BF32F681BC3AA5543187DB8A9D46D69E06336E4CEABD6C2DA66E99EACBD4414CCA8FD29A01924DC62FF610DB65EFEDD9234D80FD59DECA8E23FA6C3C
Expected: 0xF3C63E0AAD6AF8D107FCED7AA42B3182D8CADC33B014765E90348A6195726ED5F98632FD00B88F0757C4186736E165BF1CE84D9540E103C45BEDCCF3372534F1
Discrepancy on sample 24
Output:   0x8550BE09703739893DFB9A292AACAFD033CAE618D38ABD46AD3732CF2850B022BDACD51907DF9A8FCD377C9201BFA62045383C04847C6B2A8FE693905BC945D3
Expected: 0x81883FB297C2C243476A8DCC26396E0D2D2DBDAE700B8961B6CE32ACE0C1022A07F7575005A42FF06E5C4475F2A60091927592E9C4E409F49BCE5BCCCE45385F
Discrepancy on sample 25
Output:   0x7C7D21536B6D404210FF1C868F1F5294F5C48DDB59439833DB92E35CFDABFF1798973ED9950B31F561055455A4AF2DEF696FE4740EA626C8D95507F0503762CF
Expected: 0x6DC5C82AE68A220BADEC68762744427324225AD87102CE00DE76C27F7993952F037C06DAF28D0AA7D23942260ECE5C311ECE78C37591D0232E0AF9CF44121C2A
Discrepancy on sample 26
Output:   0x3C21C9E712E039ABFE4FE924AFEB8819FAAEFF1A9B54CC5ADB74A12F36DB18D9DAF0FB156CB0A1387134661BB3A8C78E34513701B8217733AD9503BAABB471FB
Expected: 0x0EB6907806DF389AA841D31582FD29AE0F670A4A490C65EEC1F38F03FCA36B537ACC8E76A6C4B42DF8F4FAF54F810CB72D5DADC5CF887012773C5C9BA28AEA03
Discrepancy on sample 27
Output:   0x128EF4D4F4542E11EBE0E2EE9B74BC81E72A0F257CDFB891ABF444F6E7B71078BD8D79A3E9A163BA2D5FF065783C53146CB71CE01F4B393ED574171AB1A3745E
Expected: 0x5DCF224186BBFA302AEE3E61BE3FED406B367BE522F9E7A34420597B97A5587BF46B891A67B7F063C3BBDE216B2F68F24CB2E2EE4EB7F22F62D293A00797E949
Discrepancy on sample 28
Output:   0xD1C6452C68EA6863C15A57A2D22F538D8D575202DE9D2A9640502DBE3562CC8FF9AEDBC770F1D8C08B0CC3469B84D73793F55133A21B204A2721AFE3FA23AA59
Expected: 0xFF38785679EDA96D7C49FC2A414634C9EA5AF7E700C4212780DA1DCBF83EB143378410427ECE11A980C2A5BAB83E8DF9EBBC3735C312816A97AE89637FCC390C
Discrepancy on sample 29
Output:   0x9A0338A3ECF12ECD33C677629F09C7837AD1CD86BFBF8CEDDF35D6A0F135DB092EA446A2C474D5686EB8FA21BC39E9456AA7E7FEC857EC837FF5D228CEF92822
Expected: 0x76EF42AED613D4CB5F903B482645266CEE7183DAB6C3FBC1D0A7FD3E32028539297E07BD3B6B3B6BAB6F7FAB5949B589F3208829F9FCEAE2CAB437224DDE954F
Discrepancy on sample 2a
Output:   0xBC728A586F0EE8A2FD7F1A85A78FF0CBED3D5BCC820E200DC2EAEF9E9CED890051C1050C606AC29AC483C4CE84D8ADBD5D7437F7A0B8F3D50B918A2162B30355
Expected: 0x44C117834CF8ABB9ABAD190009CFBE1C33F4A48CED85488165F28888413DBD43C77A5538D5AED1BF268BBD918955AEDCE3145EC8B0FBB8346CC66F5912AA823F
Discrepancy on sample 2b
Output:   0xA1586C6C058FF53294F9FCF9E5224339D96300CDB3B4AE44A657A5D73EBB8A9B851C3D1CE53ECF9DF1275BAC50A39AACA3E919F4E246160DD932AB4F628BF49D
Expected: 0x25DF58AD58C63A0E9D3DE30F37DACFC71E87C1EB6B1E3B0974AA26B51C62C22AB12BEEE5BB925D1EF538C3BA6F8C944D45D765692A8D6DF80401226EA574AAFF
Discrepancy on sample 2c
Output:   0x2B2FFDBCEADF5FD69A95B860DFA2AC0D02FD692E67FCA4A6527FCAB169897F07146E0855D196A2EA237EBA85702FA58BED8647854D712A87FFE04FF6ECE0C7A1
Expected: 0x966D70A91ED02227D93AEE93FE6C025C8FD289C4500022C94FE0E2BB3B775063ECC658AA006C9E0A9664CAE2290549F1F683C875A19DA8943C1145A50A39EA7E
Discrepancy on sample 2d
Output:   0x0DE1E06D76131ECE37048142DFEDC567D2D8BF6C975755B0D206DEA1415DBE49ED6AAB9418BBEC2612E0BACBF66FA43C3097AF318856E074BC39B4AC90D234DE
Expected: 0xE1246FCC8EDF3CC76524E9E5F3C95AA26259AF6FC5A093EFE47B14FCFCBE710D789ADABDDFFC5789DFFCC1585654232C51D0C781063123D09DEA343226BF7472
Discrepancy on sample 2e
Output:   0xFA81CCD5639576B543405D93B33BB6F11BA2921AAE30489F79C0A95BE9AB8BCDA7FD62928C02989137D027B99D7B46EC387DE0D55ABE7692A422B7E9B2CF1766
Expected: 0x762340D7060678B439E234860D9EEE8F4073EEF80991DE9AD98CACB3C0E7676991EE6EF3213271944834FCB0E3F695FC11E9B599AEB9DD8A490F2655FD2D2E3D
Discrepancy on sample 2f
Output:   0xD5213CA66A40BCB84556B9DB792DBB5D04C3A858372B84FC7F469FE6606DA8C049FC049AE9B418913A72F6C4C38834D45BB113232051E7D7C95B6AE276D7766E
Expected: 0x33DEF46638FB41973BB4084291E505E6E4751C8AA258F04296C5FEFFD49491924C8C9516712357B50405C2596A319159911D8F29498596D6CA1F3CF51C210153
Discrepancy on sample 30
Output:   0x0714FBECCDCC10B88A27F04C5818D234FA1935818AB4EC6C25FF4E93AE8CA62771783EC913F143C2926158C0B5697CF289E2F04DDD74EB5A16D9D1F39343829F
Expected: 0x90EB7654ABD90EE4C2A874CB4DA9CD55FE201E32936694370D5F0E72DF7F61E7B8CA96705591F1F01F91AC7D38E44EFC30A969FF539C37767EAF2283A14EBE5F
Discrepancy on sample 31
Output:   0x189D9A8AB531EF6205A9AE5AFABC71C69D37BDA4E70555EE00A8DEC128FEEB4DBC145AEAC10ED8FC23F0ACF4BB4B0E35780EA5A4EAAD98BF695032D1B897A836
Expected: 0xC08B00FA6CD1CF5D172AF5BA15C97F1C429BC35911286540E6C8DA44C2870D2A549413884722A09F08E55029246FC4EA1491966B4B80FD3611240E2D4AC8DB76
Discrepancy on sample 32
Output:   0x413E6E66A6F22520117AA281945CF8037F45EB0C5352CCE50FA4CE5B7BD85548D3FF3E5546626E3DBBF8A618383AD9315B9B8481256C21CD6B57A17557AC26B5
Expected: 0xAF5603F1CBA46E73975D921A604D955F80E9FFF5C016F7B1314462C28091516A4F394E9D2106B680C4928E6A72778DD1BABA3FD15FF860AEFD14AB7BE9C7FC3B
Discrepancy on sample 33
Output:   0xB54E272D3E6F5AB041D66FFB59CA7AC71EFD978653A7EB6061E47B5516234FBB757457717C85CA76FFD9DD1BB278276955ECCEC4CF55E540D7625526354FBE50
Expected: 0x1BD85140B4177EB019F033A94D5B84554C632A16A20467B275E5A6CCD896179106D275851D25B9BCC7D3FE32CAB2BE20723D779AA47905547A1104A3254B71A9
Discrepancy on sample 34
Output:   0x5C1CE9384732683C90CB79D95628261505C1B09AFD5BCF7E2C441349643D1732BC8ED1C85EC2CF2507E90BC531B092F5C08E844EA40A0D19F3A8AE2FA3826A8D
Expected: 0xCDE38DD74C86CC4D5E0D286EA5F3F56853973DE1CE5BDF4884444D0B1344DB966784A9858F3A9CB26506E38EFDCA5E24571E26067A5A5D373232451F49BD8741
Discrepancy on sample 35
Output:   0x70BF8D4F7BD480997147E24DD2DF339A816D8458E66B489CE84A63250993373E13B2340237DB70666A0E93A3E3DE279463A84D8286D3CF9332338477459D77D7
Expected: 0x61A830BD0D959266FAEC5B7241A4E07E9B52BA35E219CA2AFBA5B68FD59033DC9A787CB38B29DBC67D3B9CFBE4368FE9F10BBF0F80ABEA8B77B3CE63FF78AB47
Discrepancy on sample 36
Output:   0x0C4F04B467330910B154A575E2073C31C510F2BDE5081B38192A7697ED8FA46CA990238AB1440A4516408020E239C065357C73C60AE47674F5E7BF13A0BC184C
Expected: 0x067E68DF80AC69639FC005945D256510D2366C62A07056D6C28CDC57AF376489EC1B0FE388F38F5483CE78F9796D0AF587BAEA31C97D6C3E8EEB9C9EFFCBF1CC
Discrepancy on sample 37
Output:   0x148E5DEBEA4C7573D6013A7D5919E62760B69B2AF97950B0AF345E36E43D7DEF477615DFE8D983BB673F56D90958657E6FAFA0D6D4BEDA3F5A8BC79F232467FA
Expected: 0xE0A1CDC23BCAD4C6F7B8D250E463ECC741DBFEDF0C7B281CEF0999A48A930D8634CF6AA88B6FFF47623E83A2BDDB586015FA2006ECA6FB167388099EE3464908
Discrepancy on sample 38
Output:   0x3C24B64A6855CAB13E0DA80CF2998EFC34ED471370A84CA62233905596B292D229761E43C4A05A2E16D34BE9AC0464602943CD83CBA6CEC70A8EDD4D7F20B1A6
Expected: 0x64D23A69C08F955A916404750BBCADB812607351E8D64A8110612A8095C10306C275A9217F93E19D42542F9FB48F1071A4AFEA2EB8D646AD760C6C83E2B87F96
Discrepancy on sample 39
Output:   0x22786B984E1D24F1A94E6DBDAC5AACFC42363A5C96FB0302EB0E442B51A4964774B57F80F5D638B8469D4B81772B0402862AB17C6DF004DCC9A2E1C15D629AE6
Expected: 0xF2B1715C12C38F22DB3DEF5946718EF61C3C797B34321C4C1B819AFB4E109E5A3EC2ADD719DACF928E6D8366ABFE88B2BD036F4D3930AC85AC79D1D1C92D5E1B
Discrepancy on sample 3a
Output:   0x422B52FDF3DE84C17AF9E0F4EE154C2C894E8D214789B01EE4485A8D8B5337155092B6FB3BBFBA273A18304EF15F2F0A50043CD2AEAE65D1510DAB580F8EC35A
Expected: 0x83FD92D4F4407F7F3B9A990165EEDDFA824790993B67C3BD945E553DE111980E1D6D4C88A561434F4003BBE5A1D6A11D414D01AF2F920F7F1F119EC6A4E9C896
Discrepancy on sample 3b
Output:   0xCD207D6F8C3BBA6847A35EF9AF813F80A9E82AE34E0E14975C8F52BFD589BBC7B35281C9C596CB319B65BFC9735955D89F0CA2E5F79EF649828E00B42EDE4AC2
Expected: 0x6562177462E8E28C6DF37052CF2B82222E5CA8D12507034EDE33925D3561EA7F8E5EA5F555C61E53A29C90AB88C646CF5A93F0363166BE4E02930C5C02A06777
Discrepancy on sample 3c
Output:   0xB424C05A0C68DF72FECA3E546FA7BEE0DEB1D62C2162C1F837714BB28BEBEFAE5CEE114FBDCDF11AEDBB819E7AD62C21F13980F64939ECAD01DA6C9B50F8BC6D
Expected: 0x02068859204C27B6A468E4FF512817D2B73E746AA9ABB3CD2E13B00FE12CD89D4CE3349516DBE3648DC9BF174A76B145FCA8FB7B357FB70AC5A7692C84FC9CE6
Discrepancy on sample 3d
Output:   0xD5D7093490957B7C6DC21359E50D441BE571E28183B42364906FB95392A1B0431D10763FCCC48D47EF29CC3F189208919B8F37778B9D270B4B3EF296B9307218
Expected: 0xA57B44518EDDEEBD62ECE6CF471238CA48D6C2654B143FBAA16728D1465B3C6007D3D15730CAA270731C8331D1FEE88A04380EBE8849127E0DE33A16A7800A81
Discrepancy on sample 3e
Output:   0x2EF8589E051ADD93AE7DCE16D33753D66A07A9493468FE8081F3EEDCCD88ED9330E6460E80773459CAEA28B09ED8DF0389D89D483999AF8163FCDEA0EDE72667
Expected: 0x3B5A456FBF889D423BF81F25BF7AF380191F31347C6F8B7163E4D2F6E4B6AB22287A39C2CA4FFF0E91E9A0B6E727A794EAD2C88705A88CFCA75775E9BA8EA725
Discrepancy on sample 3f
Output:   0xCBACDB211AC6699AA77914AC86DE8FEF71A3A6F7D06719BE5948B20B8E27066E17E006D886B232249A705B1D77C16C3E0C8FBD14A824D3CFF93027579C7BD10F
Expected: 0x249DF6DB4B6FA9262613F2D74BE360F18C1804FDCBE687266CB457A9BA634832F752F2ED5F292B841F3055B8A387F567304E36BA83C6BA5E53B730B9020779EA
Discrepancy on sample 40
Output:   0x497EE9AC7CE23BFAAE43FAC32704E1D21E8C8911440CD3098E711FEC947C8BD4F18A2473DD1BD7A422C2CFCEAE433477A746774402D2F2F07A609B5CE3632D8D
Expected: 0x562B73472CAFBBA79DCC6C9F146ACCCD3C6E65B4530D3802D6C7D8111986EB2F84D2B98DF57B1444D2A77C528C8CD524E35727B276FCD19254E3607529388D87
Discrepancy on sample 41
Output:   0x4448203F38CCB7393095EF7D554465D0779C403BF758CBF0355690AA53E4B6DFFB3EB264DAE0B7C5279AC3FE555654D6425E09DC48F9EF4C26A2129551525EBE
Expected: 0xFC87F48664616D990F46C3A010B844A7DBE9FF2427A883B5576C1386AF9FA023ED3A1C33A72E2CE0FB2EBCC4A0F297FB6E328EDF80EAD3F2ADB9A083411858ED
Discrepancy on sample 42
Output:   0x739691FE40E56B0A14A011692D950ABC4000C34487493D7D8ED27D7FC4728A028E2F34CC12E6EAC784AE8DDE9E183EDAEA3A54BA0F416F44604184CE2A981858
Expected: 0xBF62AF9B4AE5D88CEBFA503781411AF8B457451CC47C321F52DB19A15520DEACDFC234D6800DF8AD708B8FE6E0DC593AAC3541250CDF2C435DFAF087A381BCE8
Discrepancy on sample 43
Output:   0x8B54E6E5271E7738D0DCF686DF37821CA100A322D4FF9841C0D1C78DE5682926A15314109C2E36D5EF7D826FA36B67721D9BB1306C2CEC712D4903EB1F9D6B9B
Expected: 0xBC4B200D56F3769FF26E42DA40B87282FDA1D632BEBAC145E6805F4A7D1225695DFC33D779AA43549AA89E3458389DD35F0A40CA655952544F0A2FA3AFD02B9F
Discrepancy on sample 44
Output:   0x7FB0F3C59BF2BEE0A7CF5C6CEDFF2F3ABF776F426C7DB007FE2878C867E0D274B2C1A53252BF69962A14F1E6BA4734092616FDD085A2F28B449118E18F9EA3E8
Expected: 0xD12B23E158A35E807EFF54395342156E941796A0CD0A52496484F3A2FD68FE3E8D4DC3A9BEF66C83B55BB37FAD4E1BBF2FFCBA46F822E06C1A555C2005EA649D
Discrepancy on sample 45
Output:   0x346F6CDC0FD46CB440C9097D4234E8920FC0BE9ABFDC90F8248271BF2C91D71B0F2F86EAE62D1D04D9002FC45E98FE6F43FDF744A9445FE020BBD48FAB5E8377
Expected: 0xA650D86F7FF6541EBD1066E54938B96DC19C60B30DACC6CACA421F4E59FDB1699C5648FE9C1C84B52D8A428FC90B3D249439F80A837ADC6F6B36039588A03183
Discrepancy on sample 46
Output:   0xE3131BC5F4AA7F392D3E1F027DD2B271AEC71816C8CA001EFC4D9E89380A0D9F1FFE10541D176B3FD2264A4EE4694DB182F95565EF8BB968878F569C80FAFFA0
Expected: 0xC485BE5271249D86EB6C34E384D33B0D9FFC677E075D7CF9638A9DC333EBACF9E1FDE345265873E9A422ACD045E2829BD749625C78AD799260722A12EFE5F310
Discrepancy on sample 47
Output:   0x3865D94F596995B86D3D241083D82CAEE334F2107842FDBDEAC6D275A8BDA2D2A0D333F8E1931E9DB2AD9E65290C36171705012DF197E59E7D95D96AFBEA9554
Expected: 0xB01AAF9C2F80A04246720A86F95759AF4CC219DE1958F759D90F7DED5E424D5496F3C89A2FA6E80E885FF1ABEF001B6D536D397575709DA0DBB29ED71A33D43F
Discrepancy on sample 48
Output:   0x8E7C9E053256DDA4DD57404D786C76657A90874B7986C5BA601ABDB76C6B18F19C7579B10B8D8F2284AFBED1FF3E08C3919BA257151B8EBFE2DE5132D53B3D06
Expected: 0xA07EE93596BA36066649F03FB8E3373D382DEBC750F0D6D02AC8FE97A4A28231277781859A161D558FE0062655AC782EF29D25D468950A98A0C9C3601EE664A9
Discrepancy on sample 49
Output:   0x35B839E4DB05DF8B1E792E5F30059F48B7B153BF5735382CB7B905CE73DC717AF5D3B7785B6A3FE7EF78E0E18C228E4D7C4135283B514F18024EF5EEEDFA50F8
Expected: 0xF4AC4A3D3D3AB5A88F2EF11435B73B5B64C21CA1A091FC3EDE006039D6CAC36368402FC9A1394CF71B8E6364B34714FD82B3A3072503AFDAB1FFF8F16F972C5D
Discrepancy on sample 4a
Output:   0xE44A4EAE38FC0A37EFC56A697ED997CCF3F3E918FB12C49C9499C8B71C9C683C1EF6670C1BEA89E60FB4D64DBA56C0F148115C64A56922CC07D93CB014DCADF4
Expected: 0x18B79B3573864E11E58ADCEF396E52818A025FFDABD88705B33F29BA51E6034DD3CD91F24DE40F53BC3E2FF73D43DC2A53C1E63B718D113FD32BE6ABCA9EA2CA
Discrepancy on sample 4b
Output:   0x3380B4A58077747C0F7A98705248134D5DB83A43295782BC7B527DE20F5C02428BA9673B2DC3E3D6AC6413D1BA91E8F16729EA6D049E5480D7FE88C823EBA0FC
Expected: 0x661E079D57B9EC29C817362411A04D1F98AF780669AA541E706CFBE2E8084B3105F920E1B6708883E02F76E1F2ED2340F4C099F42C5A42B81647E356E73DAECC
Discrepancy on sample 4c
Output:   0x9274460002D925A23753A73671EC13CA440D7DBA0768EDA41D06222A472A357B514E3612CF2E1D5D521019CDAA16658EC3F213C5D3FFAC61DC5831E2F4B787D5
Expected: 0x363D7FD6D7D31330CB1BC4C313F7270B26614AD7916201DBA1A54496CC941CC89F5FC9435DB2C13CE904D54CCDFD3AD9E73951FA691C8C06F00AF41D4F47CEC4
Discrepancy on sample 4d
Output:   0x6FB9DF2052B783EA7F01526E272CF911A7742FEB31104973D2714A360E4C9E7F8A25D44F9E94C85D9F03C03391542827896BCE0657C2C7F22F6517B79422CC86
Expected: 0xCE3C9F3BE16E5DA6E8FDDEF71515BBDE15EF68558DF9D1756070A046634E538FEEB34E513026E58D9CC410B1BF313F4C13F3B3206840454A122F2BE2910CA612
Discrepancy on sample 4e
Output:   0xA0893AD26B8046559B678422452F0BD62BA4D4A27FC33A14DFECF6B57334009F875EE2F89FFDAA7D8FDE9B7D62737B917FB1FBCB1232EC2FD57A6E318715EC92
Expected: 0x692F32141F53F2C2153EC68BA03E3C5B3FFB65E0E0DE8FD0735D46BEDAA89DB5FE819ECF975434262A6A1E5DDDFA4827E91D54C72AC3D281EDF6978BD2AA3D35
Discrepancy on sample 4f
Output:   0x64B78211D6D346465B3C93DEC84B29221805ED28BB5B76ADA0CEDF01D23AADE0EA6A0C98AC2C93713E0EB0F34481ECB7E4D82B25AB037A063334B3DB5677063E
Expected: 0xE708876B4DD6329A40C61616154846B5C1B14E4422FD74387170E1728B44E971E06A61D457E04A669088E637A37628BE5368B4B45BB528E48C0766059AC7D67F
Discrepancy on sample 50
Output:   0xF0DA3DEC7281861999877202CB5D9FEE7439BFCD1E3A8F8350FF6CB5F8B7F5D6B96EEAD63F794222C685A6DB00400A0A3D8C64C330E7AAAD6C0AC986690D6788
Expected: 0x14AC2279BE446D622C7C6902DA06D5DEE412A276907C541D5EC51A35E594FEC6C819E1E07016B31FC26AD0BDBF361AFF1BFDACA3813B819D00A4D8B9E3F0074A
Discrepancy on sample 51
Output:   0xE115B8CDAA667069ABB07B99ED8EA97EAFB983D545746E9ECEB4298B302016E5AAAE133A18A10E91F5975E863CAD0DFEE600E80D53BBAF8EF6D2B18998078379
Expected: 0x848131648D02F94F50FE22B871D341D503478CD32374DD4CD198278055AFECCD70138D6A0833D81586CA7EE240C5F4605527F9F74AEC816DC39760096563A749
Discrepancy on sample 52
Output:   0xE0B91FDF69FA69F5545214B460D444402B07812325D9BA2E73E68CFE9134AFA63833607D81DD73CDD22F1A69987CECB68EC1A70B4C77260DC1C3ECAF1AF6FA97
Expected: 0xBF7B470A16951FF313AF6CB02DD046962E3517C33018D1589BB81DC072736DB0F12A9F425BE0FEA7F2B90E0A8591162FF7551F398DDE9CD6A7837E51CF6B3F70
Discrepancy on sample 53
Output:   0x752EBC1D0ECD0FE2E173C5BB68A4D85B617DDF6A7DA2B6898992E152E5201354F957ADAC2A7A59F04A403ED4915C3A0C5BAC0C33F8BA8DF18CFB9AFFB01A173B
Expected: 0x0FB700F43AF3E847F6951231D2EBDD08C0861B4BFC6D2B732E5023DBE51AC562374AEA578BD53E1B9D6F1DCAB757E785CDA563F2F3A97A8836E72206E7D95A58
Discrepancy on sample 54
Output:   0xB4B04CB446FFF90DBDC6A6768244BE542D5E41296579DB5AFF812AD0D432524CDCBE72CD451BB703ABDE10CE222190FD9F5810F250EC050761E757AA3A130F0C
Expected: 0xA325853B82F208DB3F5DCE502A00266E244CA8456B68EDF9A584278C55CB3F4A186C75834B3AA853586299FE6B389F8796BEE616F9167EFF6C3459DEF4BAFDE4
Discrepancy on sample 55
Output:   0x55124430D93722686672C0E0C13E9C372CB00175ACEAFA918CCA71D3508C92B17AF82AFC4AAB7A6567549FA3F4C9F41F6A7DE4C833F4039EBA71087EE6C134EB
Expected: 0x68B7B134674149A8D3BCC119ED9C8985A5BA06A13902D0077AFE281173D187693C54F47FA2E2CEBC6BD01C449E2C15C72CC9C28695DE4E6C8ED2776C5C42CAD8
Discrepancy on sample 56
Output:   0x8A229911C14900A18C8C2ECD7595F1C65231F400EDDE56A53CD10940DBFAB4A7D7C4F2968BF93C6409E9BC14CC742783F16BA1DEA713DB30AA868AA637921D9A
Expected: 0xF56A39207F9A7CEFD5AE14534F1EA47A99A05E71A33937D8258EF329DDC9E04CAFCD57DAC7871AEDA3DE88598A2EFCEEAA05F36EEEF15AA6A7BFCFBD84543D58
Discrepancy on sample 57
Output:   0x845CA23B1ADA4321FAFC08117CE2E1B1041436FF8B83C2F501337E603EF5594AA5259EC63CFEF418513A25F105125DE135AF82D425837C6050406E1C54F2802C
Expected: 0x9789D3D2822AFE4871C0D11451FE0ECFA2FB58235BD5B9577CF579EDD93E6797A2E6316B67ED4CFD37E202B84383D11A241B4EA3E4029F66E8BA8507EB32FAB9
Discrepancy on sample 58
Output:   0x78685662FCDD7EF32E5E9F7C20303B4D430C38FBE097D2A535E29754D5EB8747FE22FFC18701E37CD2E8B461CBD1246080DF5B2EFAB7EA0B2FB6B01976A93ECE
Expected: 0x3AC41646001BB181DAE801442204470AAE252A9FAC792C933A925885FB7D924F293B6DF12C56284235CAC336E80C47FCF3801F04B840ED5C3635ADEB168F1907
Discrepancy on sample 59
Output:   0x34C8CB2DA4628B285AFA3E85DF214E29E287CE7714724DECFC890CD8D2604057B20684879BD4BB6C5C940FA3C133A65C707ED0AAA2458D032B68547627B990D9
Expected: 0xC1E442104950F07E0A38833A15F5046C933642777CBB6209B96126FE1041A5708B24E188F771173914D5A8B34F64F4D56302A9A1CA243AB62C2B01666930EBE7
Discrepancy on sample 5a
Output:   0x9D63F9A4EAD4AB284D1CD6E6B5249320CFBF18D62F543ECD4BF5A9411E8DD5C49AEB4DB774477D2CBA517946595ED1EB66A4561E6A2C35AB1E9BF5BD5549F44C
Expected: 0x9030442392CB09C33B4565477E6277FCC4299134B7AFDF0DCDB0FDAD55C34E7E9754797CD42B313E2B9890A6E6CEFC5D87159D6A49406C58CB274EF06A39F1DB
Discrepancy on sample 5b
Output:   0x8C77915270CA86975F47E924660261531DEE30DB43B18A5DE5EC405F7AF4CAE24D683669EC95FA71C339D20845EE6F165C91F071E4EC28AAD280FBFAF8798CB6
Expected: 0x9401DE3501582F2FB1B8F9BDB502ADFB68B5BD41920123C3EB617C7B936F06E57C464A442E1EA055E9B2F4B8BC65250E2F715CFEBA1364C270D49A402C264440
Discrepancy on sample 5c
Output:   0xE44F158AFF5F5F88B5DA495A8682600A3DE2E6D2360A84C1F340FBCD965CED9A905103AF025EAE52ED4C538535A217736350E9155080058ABFFC4C1931AB89FE
Expected: 0xA6AC142665AA1091CA9C42E034B8B38E03C38B79B3A3D038DC09F8303F35A81C7ADEE42E88697D76C4A8F2FE2A211390A7C248C0A1B3E98A9DE7F5E13CA37967
Discrepancy on sample 5d
Output:   0xAD7CFD7622C5BD0FC7AD95E214C2D1EB57708194FF80BBFBE5B401FD228B7D5B2907076B8E80660B1563C6EA2D5743BBE3BD57EF4777AD40CD8806659EF9F64D
Expected: 0x130B806C8285257180EA538C9E42BCD9A0C0309FA998B09706F18EFBFD2A83B2333F81798671D09AC66FBD7D57500AFB237EA9C0F5C1FF1B02114DD5E14686C2
Discrepancy on sample 5e
Output:   0x58D702FA085F011ACD19584DF0BE87AF238460E7B64A7DC2BD7CE871D3333EA488E04D6E97B6DF0FAA72AFB2C9AA5F1110C829ABB2A30FB8F98ADCE8185A64AC
Expected: 0x2511B6E56BC78AC23309F886F9EF780D14E65BB2EEB0900296E691520E6C0F4DEAE05844180301C822942B3632C41B71D822B2D9EF769B31F89E641AE31EC8E6
Discrepancy on sample 5f
Output:   0xFC166390BCFF9073B5D351B71AD1CB90CD1CCC1398EC323EAFC7E569D14188405D1B39FA2CC5E9148B3707AA235477A652241ADA9C53D5CB8E4010306AA0E95E
Expected: 0x5BCD1CBDC600034FEE8373494A2B45F2D56A34788C2219ECE1485824ADD3CFE8A38F655107828D465929FB9AA10B7A086603B3C998913AF9BBE91E6A142603DA
Discrepancy on sample 60
Output:   0x1539ECAFAF680B8C0215DB7006648B892BCAF6F9748BB87EE3F3ADADDE582E978AE2164E80B6A499A28EBB4217468175B97304AD464850AB05B2474CFE383DA2
Expected: 0x15C0BAAB270A80ACF3EA3A893CBA236EDED9401D2B8F719493AC06B35CF8E44BC87A899EBD47AF428000A34C6C69465147C4F4C46EDCDF768029CAF111E08182
Discrepancy on sample 61
Output:   0xAF6C6533C1DA0245CB942D30B297F419BD80F76D3313F8FCF18FC330C2A0AA30BEC8424A5ED5A0B54A332DBA1CD14C83D6D816911041185D55975C62DE6CFCBA
Expected: 0x568714F0C1D944B53E6DEC8D566FF9B09B8DB0F946BA46E99D677E0AC9B3B280C280EC5B67B716D883B4583170C1A9A47EEFB9DAC0B74811F37F9F939A6209E8
Discrepancy on sample 62
Output:   0xC57C36D5B47FD75017744957E240D523ECC2D809D8BF031C9CB722BCB96051AD04F9D0A349F0B813BA0B44AA060A05111D46640DB58E00453AE18FD7198F47E3
Expected: 0xCFF711E5F41ABEBD2D9D6CE987B44EBA250691534A19C5557260C656A5ECC3EF99DAAA548F068AA8959CF393DFB506CA356A4DBAC3C40588AB64A97F6FBDCCFC
Discrepancy on sample 63
Output:   0x37852D3381869DA257CB4F4CE77D529D3DF36E0CB1DB266B7A79C64CA095290C2737D1A83600142DC44A7029B90CDBE895197BBA10166FAA591660C28E401D81
Expected: 0x56AA6D6A836E39F21BC8461A26E5D4BABB336FE17B51A60C73ECC5B4E10826D3FE11CA80D6330F06E55AFE26911200D35AB9CF586692129844DD70E162C9A2B6
Discrepancy on sample 64
Output:   0xFF5D5CB9B919013381584757C0E7E0FE5946585F16C0F6090E18FDD60EB1C4C93788CF8C4DAEE032BD9449C3E73DE413C76562D9F2522981E4F01119B4E6F1FE
Expected: 0x37334A89B820657DB0BDC9845D9CAAB0426082F8BA9EDE7EC791CEE92DD8DC5502349784352826B5A35E8149E5881ECE8E8535593380F571544FA70C42B77758
Discrepancy on sample 65
Output:   0x5BF026DB5BEFC9D1BE77FE54AB87AFBD60D340A2FC1B120D7B49A0D8B3D1A364BB588E9BAE73A5E27A37112EBAF46659E22C106785FDC802DF4FEF6A55150BFF
Expected: 0x0F427D89B6958693C05563521CD5A678FEE31533EFDEE4AF3718ED95CC53FA44FB67D04E231A54C5C2D4C42C8A31F6D2E1866F390200D97C0D5898FD6200F6A7
Discrepancy on sample 66
Output:   0x946952D9160680357AE659275270FDED96E28A5028A708D140128E5DBCBC35BAF9974738ABC39911C4BA109F5C6A582BCC9F97859A3707EA8B9E33DEB449B24E
Expected: 0xF4FB72A45264C3950382DF459B958F6A6983EBF929923C9228208B0A4D9F0D705FCCF31E95DCCCAB91724796EAC086D8A8ACAEE06CDBD182FC90E52DF7CFDC1E
Discrepancy on sample 67
Output:   0xC7833686C9F0E5E7C65FCBC455B9771D2CD5AA643C36CEF4FFD3459A9B641FDBB60F403C992B82E6D9D449516345C97C145D5B1A8AB587BD5FE6DE93535E876F
Expected: 0x03369F8EAC5197CFD6B64DE3929C6765D91B7CDA4EFA0F225F3B15731F644E677BE5B5FBF406AD3C37FD4ADC85288C5A8B2A2CC7BAF51854E00B1649E2AEB74F
Discrepancy on sample 68
Output:   0x849F91D9BF89C2CC72EBCBAC896AA63DA4589CD7D01A384CCBE117BB5CCC4C388B39BE2BF877C9D671ECC5DA00CC630E9955336B5F26AE24FAC4296BD3687146
Expected: 0x7111BAE1BDB52DA8BCC8509802FE32B11D72AA1D8ADF7F62D6AE0B215BF5DF4B68CBC3FEDCA593CC79BDC4D99CA793B1FA3D8C1565E1609E3A056D91377E7CFC
Discrepancy on sample 69
Output:   0x11DCEAB9E6E339C9839D254D490BA961EC7096DEDD0C4D6B1E8207E244C0790EA55F0B766B227D643DACEDDEC06FE51D52A46F8CB91EB74F71A75369D8BCA21C
Expected: 0x13691CEEEB4C1672C5E7E42DDC5683143202B8457CEA04AA8366E27D7375D3F13E28A901C83626B380C75E9DCF30CD17B56E77EB5454E55BDE2327A1B0EAA754
1,106c1,106
< 0xCF83E1357EEFB8BDF1542850D66D8007D620E4050B5715DC83F4A921D36CE9CE47D0D13C5D85F2B0FF8318D2877EEC2F63B931BD47417A81A538327AF927DA3E
< 0x40422E2733A73DEC2F9AAC48E2AB48D3B2FDCDC1E3A88BC7EA855227E62C029246DA1DD49DD057BB8A8B796B3B2A6F60D9D8A85DE53DF597E422B2F68C54CFB6
< 0x94E9F04B8426B78AC4EECEC283CC71CD4DFBB72F4356B4FBD589F0CCF2BA07F977A89773EA2AC59282734A9E370B1C37797BEDC87B83554315A0B25D322FD533
< 0xB8EAAFF996FF710AA937206484D1EBC690DCD6CE3524DBE79491283375E8D2178B9F7CECC4BC13BFABD112B30C4D445E09EFEF48463309498C76A1CFE8614A68
< 0xB659DCCFC22953E776D2E92CF5BD0AF0F1BC961A8F20967D2661F3FE9053F275382E7AAE9A7ABAF560E08F427DE785EEFE7C1393F744505913A34CCE2CEB3679
< 0xEE71532619F14DFD0E6D3A1EBE7BE18705A1C562D762BCAEA4557167A57A5552324A14A32F04B708B47D00A6B4D14DD046F424F44B9B46CF0955EB2448C1812C
< 0x400F143AD38920D8341AEA0988852087337ADE73CC093680CF8BF05B4657DC96B90612A5752DDC419937E211F734EFD5A4DE4F267F27978CC95B46E4AE51B96A
< 0x7228FF16C2AA19984213A6D4CE1CA06964FA7E14BCAC2D9FFFF3BDD4BC0245FB47F56EB78AAAC88D645E11BD76536A4B35B135394EB6308F9A9F847B752C06F2
< 0xE2B401610CAD70F34CA9759E2DE4F5F3F5C714DD125A8D65314CF6287C2960A8515CA2BDA04F14D08BA2E1D1A49F514E9B5B1542AFBFFD5375BFD66BA61CA7D9
< 0x1D6892C688E512E3E7029869F70AA733908B4576FBF4D7B544EA3CAF5FA27EC47615625489F061521B8AA34EF65BE23C25A8FC4097038ECDC1C69CD7EBEB55CA
< 0x607644C74A05DB56D11674B4E1B510AAAF57B390A01BDCF6B23685AE541D0FE6FB202778DB1E9929ED9B7A9A884D8158F788CF883F75255DD37C09D0A1AD7928
< 0x9CC0A0AD18614F474BD44C45145B8C6BE97639548311AC58D698EC36EAE3CCDBFED872C78EA0D4075F373C0BA38F36EC95F82D3742F5DB6096434F28CBD8E353
< 0xE8CD8BEBD9E43835E7746F17067D89142F8934058248D4F57C448CB56FAD22EEF3A62E8722BEE6112E280E63C52B96BA936C4A898E87B95554C445356D32C5E6
< 0x6954ABCB4F270C5BFCDD81423DCBFF45B33FFB42C4253A5334878F4157007DA1AF91B4C41909B8D481B0022268DB15B8189729BC3798B5B4F71E0649C186FD75
< 0x481EDCBB4FBB0346B97FFF0CC9813E26585A42DD5A88B81216A5E345A7A7499A46D8E0AD3F569A38418405EFD7EC5E2C593110308194DB29710DB60B1D79BD70
< 0x3CD83283360E2F57414B8799ABDBAC65BE64E4B1D6B0DE73D7A1EE1370F5CC68F542CCFB9541D9228392BD7631FC292D5A47FDDDA3ECF2F1C1632250A92258CB
< 0x4642C76D0B194DFC8FAA618332BAF4DE4B145C489FCF5C26CD480DF1D31C17C43358CCD4F47FD57B74F125D94D4619ECD9AE529948ABAAEA3E2F7DF1E9CB0FD2
< 0x15C19F6F813BE8F3F9B5C92CF1D311FAD3250C58CFDB7D9DCEB4A7700CB29E21C26DF9C227EA02B0F87C4632431FC5B7A437885E5BEABFE845A087A2E2FA789E
< 0x0BA5A58E0525BED65C9B44F329BC1AD4506D16C13BABF4018D01D695ADA3597E1478758A53487080EA6E15C5948DDFA0B640D082C58229341EA1A4B48E98D3F1
< 0xD8EC2F3B12C02AB1C603DB36DE3C76588653262146FB02D9291AA7448DAD370BF7CD394CFB711BCA34260C4BDCFCE2E091D22899079ACC2224A056D505E9C86C
< 0x2BDCB8FC855847663DE6636349AC7A7C71094284E38B3283644D4FD100E06E0E6B168302FA70A14397729E5EB65AA56A2D2A367EB9227FF112274426B0A65174
< 0x6FF058D949D63DDDDC004741BE41BACB334D7889A096CFE9E64D37034FADCE84E1066E7F37A806404D1503E3042C0BC7A988E6C9A10C5417ED991B25E8CFA97A
< 0xFBED1B888EA295F204C069A12ECB33A8824A5A984B2B8FF284E6AD4FB2E15C94CF64EB65CE41A6A38005CC456D41C4922B9E9D81FA40D65705633C0EC7BDE554
< 0xD8C299F7EE8DC4CF05FEC6868B19199447823D0B303D9CD68FF36B4E655ECD4B07EABA56DBDCFF1BC78298BC11452B3943E8DE82F323065C60AF5DD43F2B0BB3
< 0x001694F6A698147DB1986D8DB69E7E88E8343266B0B13584B4127AE93F86C4531DC1617F58EC4DBF98608A523CCB044F4E8C4F81E8284FA8D2865C7CA8D9366D
< 0xAC7464BD2630B2B83DC9F4A8020F22D7366DE026F678D32927E4C9EB702D1613735A23104269FD419FCF04E3C143C28C0D462D69500362CA8E3168D131D1344E
< 0xA4C8D58CC1D60B105FA59BC72681568F4C25F76BF284C7AB741B9236820002FF9BD2B320B7782F97295D1DA08107A09B582E054025CD4B70CE69F3A2D5E87AA0
< 0x401563ABB93ACE5A399E02D1CB06017A697A49745E5FE86ADBE24A50C9BF9AB0E844A8041F9E2D712A762EB425913098300D10CD1AC9C85EFCDEC2C1CE77B4FC
< 0xB1E629B638BBDD39FF758A2AAA39C95179F1FFEDBEC2E36D9E49AABBAEE0DEC6D97312E996E991F782F452A1968D63F43C033F22EDF305961F73EA1084965852
< 0x8ED5BFF02564E1244724CCFD40ADACD287B1B662EA9D9C02BA051BD207144CBE42AC1961C259596A54D0719168AB14BF3DAD62DEF43BF5C7BF182D6458991D3A
< 0x07469F25B19A9379A4C3C9004523F1D0ED08D41026E6EE015597BA92C0801D7D4B0D1FB7D247E2951311FC793A0FB08441EA8D94FDBF27D6C597F58426759ADB
< 0x7E792E85541CA7E17BEB74C6D377441EEFA077243CC7DCD0CFEF9C1A864F109EF6B141E78EA97438FBE51052B617A5F86EEFAA2411797CB313EE825BF7606DE4
< 0xE3DA18B7552689958585C212B7B23E1737FD891FA01C97FF9E18F520AAFB805649DD8DB4AF6A0E22C7FB8691A51FDF92313D00B834FA92D45A955D269DCFA2B9
< 0x7EA01F4F6473F22C760FB6021D362362E0CD8049F7CE1DFC96C85E66547B097BC0FDB977758C9DBC6D2227BC54E59D8C1872F925F957823720BBF10A96138703
< 0xF984972377DF58ECCDF5F3E2442556905BA1A993983F4CCEAAA76710AEED93BD0EF4F24655455963ADFA55BE1B296D4E6FF62CB7E0ABCEA733D4F0DCD257C59B
< 0xF3C63E0AAD6AF8D107FCED7AA42B3182D8CADC33B014765E90348A6195726ED5F98632FD00B88F0757C4186736E165BF1CE84D9540E103C45BEDCCF3372534F1
< 0x81883FB297C2C243476A8DCC26396E0D2D2DBDAE700B8961B6CE32ACE0C1022A07F7575005A42FF06E5C4475F2A60091927592E9C4E409F49BCE5BCCCE45385F
< 0x6DC5C82AE68A220BADEC68762744427324225AD87102CE00DE76C27F7993952F037C06DAF28D0AA7D23942260ECE5C311ECE78C37591D0232E0AF9CF44121C2A
< 0x0EB6907806DF389AA841D31582FD29AE0F670A4A490C65EEC1F38F03FCA36B537ACC8E76A6C4B42DF8F4FAF54F810CB72D5DADC5CF887012773C5C9BA28AEA03
< 0x5DCF224186BBFA302AEE3E61BE3FED406B367BE522F9E7A34420597B97A5587BF46B891A67B7F063C3BBDE216B2F68F24CB2E2EE4EB7F22F62D293A00797E949
< 0xFF38785679EDA96D7C49FC2A414634C9EA5AF7E700C4212780DA1DCBF83EB143378410427ECE11A980C2A5BAB83E8DF9EBBC3735C312816A97AE89637FCC390C
< 0x76EF42AED613D4CB5F903B482645266CEE7183DAB6C3FBC1D0A7FD3E32028539297E07BD3B6B3B6BAB6F7FAB5949B589F3208829F9FCEAE2CAB437224DDE954F
< 0x44C117834CF8ABB9ABAD190009CFBE1C33F4A48CED85488165F28888413DBD43C77A5538D5AED1BF268BBD918955AEDCE3145EC8B0FBB8346CC66F5912AA823F
< 0x25DF58AD58C63A0E9D3DE30F37DACFC71E87C1EB6B1E3B0974AA26B51C62C22AB12BEEE5BB925D1EF538C3BA6F8C944D45D765692A8D6DF80401226EA574AAFF
< 0x966D70A91ED02227D93AEE93FE6C025C8FD289C4500022C94FE0E2BB3B775063ECC658AA006C9E0A9664CAE2290549F1F683C875A19DA8943C1145A50A39EA7E
< 0xE1246FCC8EDF3CC76524E9E5F3C95AA26259AF6FC5A093EFE47B14FCFCBE710D789ADABDDFFC5789DFFCC1585654232C51D0C781063123D09DEA343226BF7472
< 0x762340D7060678B439E234860D9EEE8F4073EEF80991DE9AD98CACB3C0E7676991EE6EF3213271944834FCB0E3F695FC11E9B599AEB9DD8A490F2655FD2D2E3D
< 0x33DEF46638FB41973BB4084291E505E6E4751C8AA258F04296C5FEFFD49491924C8C9516712357B50405C2596A319159911D8F29498596D6CA1F3CF51C210153
< 0x90EB7654ABD90EE4C2A874CB4DA9CD55FE201E32936694370D5F0E72DF7F61E7B8CA96705591F1F01F91AC7D38E44EFC30A969FF539C37767EAF2283A14EBE5F
< 0xC08B00FA6CD1CF5D172AF5BA15C97F1C429BC35911286540E6C8DA44C2870D2A549413884722A09F08E55029246FC4EA1491966B4B80FD3611240E2D4AC8DB76
< 0xAF5603F1CBA46E73975D921A604D955F80E9FFF5C016F7B1314462C28091516A4F394E9D2106B680C4928E6A72778DD1BABA3FD15FF860AEFD14AB7BE9C7FC3B
< 0x1BD85140B4177EB019F033A94D5B84554C632A16A20467B275E5A6CCD896179106D275851D25B9BCC7D3FE32CAB2BE20723D779AA47905547A1104A3254B71A9
< 0xCDE38DD74C86CC4D5E0D286EA5F3F56853973DE1CE5BDF4884444D0B1344DB966784A9858F3A9CB26506E38EFDCA5E24571E26067A5A5D373232451F49BD8741
< 0x61A830BD0D959266FAEC5B7241A4E07E9B52BA35E219CA2AFBA5B68FD59033DC9A787CB38B29DBC67D3B9CFBE4368FE9F10BBF0F80ABEA8B77B3CE63FF78AB47
< 0x067E68DF80AC69639FC005945D256510D2366C62A07056D6C28CDC57AF376489EC1B0FE388F38F5483CE78F9796D0AF587BAEA31C97D6C3E8EEB9C9EFFCBF1CC
< 0xE0A1CDC23BCAD4C6F7B8D250E463ECC741DBFEDF0C7B281CEF0999A48A930D8634CF6AA88B6FFF47623E83A2BDDB586015FA2006ECA6FB167388099EE3464908
< 0x64D23A69C08F955A916404750BBCADB812607351E8D64A8110612A8095C10306C275A9217F93E19D42542F9FB48F1071A4AFEA2EB8D646AD760C6C83E2B87F96
< 0xF2B1715C12C38F22DB3DEF5946718EF61C3C797B34321C4C1B819AFB4E109E5A3EC2ADD719DACF928E6D8366ABFE88B2BD036F4D3930AC85AC79D1D1C92D5E1B
< 0x83FD92D4F4407F7F3B9A990165EEDDFA824790993B67C3BD945E553DE111980E1D6D4C88A561434F4003BBE5A1D6A11D414D01AF2F920F7F1F119EC6A4E9C896
< 0x6562177462E8E28C6DF37052CF2B82222E5CA8D12507034EDE33925D3561EA7F8E5EA5F555C61E53A29C90AB88C646CF5A93F0363166BE4E02930C5C02A06777
< 0x02068859204C27B6A468E4FF512817D2B73E746AA9ABB3CD2E13B00FE12CD89D4CE3349516DBE3648DC9BF174A76B145FCA8FB7B357FB70AC5A7692C84FC9CE6
< 0xA57B44518EDDEEBD62ECE6CF471238CA48D6C2654B143FBAA16728D1465B3C6007D3D15730CAA270731C8331D1FEE88A04380EBE8849127E0DE33A16A7800A81
< 0x3B5A456FBF889D423BF81F25BF7AF380191F31347C6F8B7163E4D2F6E4B6AB22287A39C2CA4FFF0E91E9A0B6E727A794EAD2C88705A88CFCA75775E9BA8EA725
< 0x249DF6DB4B6FA9262613F2D74BE360F18C1804FDCBE687266CB457A9BA634832F752F2ED5F292B841F3055B8A387F567304E36BA83C6BA5E53B730B9020779EA
< 0x562B73472CAFBBA79DCC6C9F146ACCCD3C6E65B4530D3802D6C7D8111986EB2F84D2B98DF57B1444D2A77C528C8CD524E35727B276FCD19254E3607529388D87
< 0xFC87F48664616D990F46C3A010B844A7DBE9FF2427A883B5576C1386AF9FA023ED3A1C33A72E2CE0FB2EBCC4A0F297FB6E328EDF80EAD3F2ADB9A083411858ED
< 0xBF62AF9B4AE5D88CEBFA503781411AF8B457451CC47C321F52DB19A15520DEACDFC234D6800DF8AD708B8FE6E0DC593AAC3541250CDF2C435DFAF087A381BCE8
< 0xBC4B200D56F3769FF26E42DA40B87282FDA1D632BEBAC145E6805F4A7D1225695DFC33D779AA43549AA89E3458389DD35F0A40CA655952544F0A2FA3AFD02B9F
< 0xD12B23E158A35E807EFF54395342156E941796A0CD0A52496484F3A2FD68FE3E8D4DC3A9BEF66C83B55BB37FAD4E1BBF2FFCBA46F822E06C1A555C2005EA649D
< 0xA650D86F7FF6541EBD1066E54938B96DC19C60B30DACC6CACA421F4E59FDB1699C5648FE9C1C84B52D8A428FC90B3D249439F80A837ADC6F6B36039588A03183
< 0xC485BE5271249D86EB6C34E384D33B0D9FFC677E075D7CF9638A9DC333EBACF9E1FDE345265873E9A422ACD045E2829BD749625C78AD799260722A12EFE5F310
< 0xB01AAF9C2F80A04246720A86F95759AF4CC219DE1958F759D90F7DED5E424D5496F3C89A2FA6E80E885FF1ABEF001B6D536D397575709DA0DBB29ED71A33D43F
< 0xA07EE93596BA36066649F03FB8E3373D382DEBC750F0D6D02AC8FE97A4A28231277781859A161D558FE0062655AC782EF29D25D468950A98A0C9C3601EE664A9
< 0xF4AC4A3D3D3AB5A88F2EF11435B73B5B64C21CA1A091FC3EDE006039D6CAC36368402FC9A1394CF71B8E6364B34714FD82B3A3072503AFDAB1FFF8F16F972C5D
< 0x18B79B3573864E11E58ADCEF396E52818A025FFDABD88705B33F29BA51E6034DD3CD91F24DE40F53BC3E2FF73D43DC2A53C1E63B718D113FD32BE6ABCA9EA2CA
< 0x661E079D57B9EC29C817362411A04D1F98AF780669AA541E706CFBE2E8084B3105F920E1B6708883E02F76E1F2ED2340F4C099F42C5A42B81647E356E73DAECC
< 0x363D7FD6D7D31330CB1BC4C313F7270B26614AD7916201DBA1A54496CC941CC89F5FC9435DB2C13CE904D54CCDFD3AD9E73951FA691C8C06F00AF41D4F47CEC4
< 0xCE3C9F3BE16E5DA6E8FDDEF71515BBDE15EF68558DF9D1756070A046634E538FEEB34E513026E58D9CC410B1BF313F4C13F3B3206840454A122F2BE2910CA612
< 0x692F32141F53F2C2153EC68BA03E3C5B3FFB65E0E0DE8FD0735D46BEDAA89DB5FE819ECF975434262A6A1E5DDDFA4827E91D54C72AC3D281EDF6978BD2AA3D35
< 0xE708876B4DD6329A40C61616154846B5C1B14E4422FD74387170E1728B44E971E06A61D457E04A669088E637A37628BE5368B4B45BB528E48C0766059AC7D67F
< 0x14AC2279BE446D622C7C6902DA06D5DEE412A276907C541D5EC51A35E594FEC6C819E1E07016B31FC26AD0BDBF361AFF1BFDACA3813B819D00A4D8B9E3F0074A
< 0x848131648D02F94F50FE22B871D341D503478CD32374DD4CD198278055AFECCD70138D6A0833D81586CA7EE240C5F4605527F9F74AEC816DC39760096563A749
< 0xBF7B470A16951FF313AF6CB02DD046962E3517C33018D1589BB81DC072736DB0F12A9F425BE0FEA7F2B90E0A8591162FF7551F398DDE9CD6A7837E51CF6B3F70
< 0x0FB700F43AF3E847F6951231D2EBDD08C0861B4BFC6D2B732E5023DBE51AC562374AEA578BD53E1B9D6F1DCAB757E785CDA563F2F3A97A8836E72206E7D95A58
< 0xA325853B82F208DB3F5DCE502A00266E244CA8456B68EDF9A584278C55CB3F4A186C75834B3AA853586299FE6B389F8796BEE616F9167EFF6C3459DEF4BAFDE4
< 0x68B7B134674149A8D3BCC119ED9C8985A5BA06A13902D0077AFE281173D187693C54F47FA2E2CEBC6BD01C449E2C15C72CC9C28695DE4E6C8ED2776C5C42CAD8
< 0xF56A39207F9A7CEFD5AE14534F1EA47A99A05E71A33937D8258EF329DDC9E04CAFCD57DAC7871AEDA3DE88598A2EFCEEAA05F36EEEF15AA6A7BFCFBD84543D58
< 0x9789D3D2822AFE4871C0D11451FE0ECFA2FB58235BD5B9577CF579EDD93E6797A2E6316B67ED4CFD37E202B84383D11A241B4EA3E4029F66E8BA8507EB32FAB9
< 0x3AC41646001BB181DAE801442204470AAE252A9FAC792C933A925885FB7D924F293B6DF12C56284235CAC336E80C47FCF3801F04B840ED5C3635ADEB168F1907
< 0xC1E442104950F07E0A38833A15F5046C933642777CBB6209B96126FE1041A5708B24E188F771173914D5A8B34F64F4D56302A9A1CA243AB62C2B01666930EBE7
< 0x9030442392CB09C33B4565477E6277FCC4299134B7AFDF0DCDB0FDAD55C34E7E9754797CD42B313E2B9890A6E6CEFC5D87159D6A49406C58CB274EF06A39F1DB
< 0x9401DE3501582F2FB1B8F9BDB502ADFB68B5BD41920123C3EB617C7B936F06E57C464A442E1EA055E9B2F4B8BC65250E2F715CFEBA1364C270D49A402C264440
< 0xA6AC142665AA1091CA9C42E034B8B38E03C38B79B3A3D038DC09F8303F35A81C7ADEE42E88697D76C4A8F2FE2A211390A7C248C0A1B3E98A9DE7F5E13CA37967
< 0x130B806C8285257180EA538C9E42BCD9A0C0309FA998B09706F18EFBFD2A83B2333F81798671D09AC66FBD7D57500AFB237EA9C0F5C1FF1B02114DD5E14686C2
< 0x2511B6E56BC78AC23309F886F9EF780D14E65BB2EEB0900296E691520E6C0F4DEAE05844180301C822942B3632C41B71D822B2D9EF769B31F89E641AE31EC8E6
< 0x5BCD1CBDC600034FEE8373494A2B45F2D56A34788C2219ECE1485824ADD3CFE8A38F655107828D465929FB9AA10B7A086603B3C998913AF9BBE91E6A142603DA
< 0x15C0BAAB270A80ACF3EA3A893CBA236EDED9401D2B8F719493AC06B35CF8E44BC87A899EBD47AF428000A34C6C69465147C4F4C46EDCDF768029CAF111E08182
< 0x568714F0C1D944B53E6DEC8D566FF9B09B8DB0F946BA46E99D677E0AC9B3B280C280EC5B67B716D883B4583170C1A9A47EEFB9DAC0B74811F37F9F939A6209E8
< 0xCFF711E5F41ABEBD2D9D6CE987B44EBA250691534A19C5557260C656A5ECC3EF99DAAA548F068AA8959CF393DFB506CA356A4DBAC3C40588AB64A97F6FBDCCFC
< 0x56AA6D6A836E39F21BC8461A26E5D4BABB336FE17B51A60C73ECC5B4E10826D3FE11CA80D6330F06E55AFE26911200D35AB9CF586692129844DD70E162C9A2B6
< 0x37334A89B820657DB0BDC9845D9CAAB0426082F8BA9EDE7EC791CEE92DD8DC5502349784352826B5A35E8149E5881ECE8E8535593380F571544FA70C42B77758
< 0x0F427D89B6958693C05563521CD5A678FEE31533EFDEE4AF3718ED95CC53FA44FB67D04E231A54C5C2D4C42C8A31F6D2E1866F390200D97C0D5898FD6200F6A7
< 0xF4FB72A45264C3950382DF459B958F6A6983EBF929923C9228208B0A4D9F0D705FCCF31E95DCCCAB91724796EAC086D8A8ACAEE06CDBD182FC90E52DF7CFDC1E
< 0x03369F8EAC5197CFD6B64DE3929C6765D91B7CDA4EFA0F225F3B15731F644E677BE5B5FBF406AD3C37FD4ADC85288C5A8B2A2CC7BAF51854E00B1649E2AEB74F
< 0x7111BAE1BDB52DA8BCC8509802FE32B11D72AA1D8ADF7F62D6AE0B215BF5DF4B68CBC3FEDCA593CC79BDC4D99CA793B1FA3D8C1565E1609E3A056D91377E7CFC
< 0x13691CEEEB4C1672C5E7E42DDC5683143202B8457CEA04AA8366E27D7375D3F13E28A901C83626B380C75E9DCF30CD17B56E77EB5454E55BDE2327A1B0EAA754
---
> 0x5A59FD70307A02FFB7F4BE60659364918810C66D55FCC2B8FEB77E80A8F20A8537CA21286B1DBCAD6721DD5CD0FF4CF1EA415A1448FD960D1068705231B3B5A1
> 0x139B9EF6B254F6B21DF4295FB7FDE990259897BFDC45DFF3AB2961D136E2B36ACA69D47FEE3654CE7352A8BB8C842A7A28D94658FE7ED287498488A5CB87798F
> 0x4A0C066E6B39AA4C9A1A3819D0D4AD23DC003477EF927A1285338D90584665B1AF317A43AABF221BF4936D774D4C3114638E658BB0B2C9551C6089B5E59565BC
> 0x6C1026A3834239C1C4B645E4ACBF67CD483FE1D193D250A03E090308C84EA1184DE9FD134D8596198E6B9E0C7A77C48B66D31DD516DC32BA4EA478678FEDB231
> 0x332E624608589EF6A77A4A9250ECBB631F121709E97236C77752873E189D185533A3E74D492A2292704BE9FD3589A3957C90F178C505E7A0F5F0598AFE1130A1
> 0x97B5707B1CFA2F2E78EB812CBB005BD972BD880D6F2F8438F9614DD2C4A8842F18F050AACBF42804DB67B62779CA3350F527234B718B292157B4886530693343
> 0xEEC058CA64713326EC831AECFE45D797F8995BB2F7594ADC43C90B232DD43105FCECDD7DAB5B0B720E90D15161DB552E897A33F0C27446A8D40AB5882C3DFC5A
> 0x5A30EC3C74A2B4456018924357477EE806FC70457A8EF82662816599BC558E29D7E1D68304203250890514E7891D876B2B1D30C652F54152A6E4B6643EC336A2
> 0xF4A3B496FE4C0D165926754EB172D9D7CDD818A3658C7A5121006F6C569B846378D427F1BC9734691CD6D320055A79A4BB147F96AA90DD660FEBEB334B72D9ED
> 0x5E31F05CED4A448E848F2C6065DA1095A17C759E48303E6E38F14475FAA8093D1A8074135F71EC4CB23EB67AB01317BB027A78C49F606759CD8703E4E7D75C56
> 0xC37C6A716019A3FC051D7B0B2E797EC67867C15CD072BBFF8184F0C0C2F1DD51EB6248F6DAC052513BB4CBC5351514DBC4CB3195F8DC8DB4A449E826303857F4
> 0xD466D65FEF4EF04C48E991D4A533FF5E42BC9822F1890978081E3D372BE7F6BD117043736CEE62E2F793628F9DC04007EB59F52BAD98510B1B0D5AE3270CA27F
> 0x76AA57781E87794E442A86B378C9A680C10AD3444A3F0207171C97D3E9AF7A993E2D7BF47F7CC121FCAEC68EF319B1B6E85E235A33969EA19DAB3F304FFD2708
> 0xE262EC33DECC9890D14F48CEA3C651B9A75F08BB3B1CCDEB919B28899759D601EE9A96F3C31731DC38745816DE6D4C723451B53ABB5770DC6B4F29C33A6E185F
> 0xC0231B16D71C943FCE0AFBB44F92BDC36842B9F96AF00771F1AD222B002CC78C256BD196F62085F5BC1832F8395878F0D6CCE9FAE9BB410E75BFC96B9DF55F58
> 0x31D616809D6E0DAFAF870DEB65CF7AA5DB52CA2E850D9D97A6ACDBEE212AA723BE4E7576EE7183BC098E5B40C41DA4CC130269907D1AEF7837436DBB47F84EFE
> 0xC4DD4BD6DC3E32F45AB0034038995A740B20D4B49C8C799FEA680E6A58FB94DE44095E7B6650DC4519B288758D2B4B379FE49050310D6F8BEA8F8704770A1092
> 0x2A75DF3CD39A3100DA29700EB40FA818CE48860098EA88D84456C2B115FADB2F8D89AC26541EA81E04465E82870E3D3D8D4950AD042FBC9FE4B37C7B42E7D7D7
> 0x4805490980052BE4907ABDC466695BC3B478BB05C439CCD0AE429A2FE822AABFA31199A51D62D5634AF73BB72D881505380497CE449F0C7E2DDBD6EB1D6B0FFA
> 0x1803045B0CC65B3D91F527DACF91EBDB91C828A575D03B78FBEDC5EECC7888FB8E87DA0C1EF335E5EE8C883B623FEFA77C99C04053FA5806EFA1051143441438
> 0x56890955609E86112B3841D3ACC3E8A0F863DDDD87AE13C5BB283CBE0953EFBD8DD992444EE0E63D1A4C7D09D42E1943FEB0D883F5DC50C99410A598092F2AA2
> 0x18BE478D9B854EE01073D5AE8AAF07673F6F66A7477BE195CC31F9A70CCD8F9B340523B35FF0647F7E7462E43A90E4EC0118AC6611980E3CFBE807A8CE0BAD92
> 0x4718028CCED1DA0F82F8446848DF3D15C5329016C1246829D252AA888D41A38FA5AA8AF164942A5853121A4A95AABD429E8CC5C4F9C7B1A2B670F25780CF8C39
> 0x78C32FA58887324CFD276E5AD852D4CA3A263BDFC217E867ABAA670B0CA566982EEAFF6163E98E64CDFA99D8B82690CD7A6060A7F2C42FC9CAA6EDCE20B6D505
> 0x3537EC78C0711148FC4E0352C1988414D774ACF065F056B35814952B5734AF136372CA4884D2B0F49F3D3E2136FBD509A485D60583CA19D1F8310520FB800912
> 0x254C873F1F4643E129026B1269394CC06A0F85B3D5317F2E5FDF9ECAE6C1DDA0BFDE89B019A6DD0CD32B6B430122DA9AC2D4BB66AA53739452FDF05F13638AA9
> 0x5038C9B4687767D2D3CC657DC85C0DD4147F8C55CA58E5E65542076AAD69BDD845742A8F70F2822B578E6B027463E39587A5191FC59ABB6E04E903555D6263E7
> 0xDFF48EA28D59FAB3689AC158FE3E000EAF6C89AEA7E542BB6355AE292044FF57E91931C56D0B5D80EBAF7D0BBF20CCEC221F5D8B692D0391FA05D8C60C8DB4DB
> 0x750AA907C65BFFF07035F837CF0A31FF780F60EC465B805A4456084CB4815E36B5398EC553F0B5DDD16B236E7C814C8E6FA570C206C3EC9D35946E5D3CE6D55C
> 0xEE961A6D41B68EE59E07AA0E5732CA7BE59AB1668E9A24B0552AA3AAA3E52FDC9A47E645EFC0B31997D3858E22C69C655CFD6E5CC0928D8A483C4837A34995AE
> 0xECB78EEE569E3B3A217762D91E3708AA68DE1A4B2313E868409FE6E9C7E62CDE2801B93063C47BDF0BC72B7E63A708B0BF344C5F04845AA03826F34C56C3941E
> 0xEA4E286AE6EC7CDE60D9060044D7EA28F1CB7DF53597DD12C7464BBB0F8F6F1363A9FDF2233F9D99D27551FFA92E002DAA336298A5D24C155B3BF1F2A517E0C4
> 0x910806AA4618DDC10401920C4CD575B9958D7EDC407118F2FBDA392321B7A52E18D3CB89529D38023EC22B6D64F3567701CF417C2928C2842B491D8D1FFEA232
> 0x20EB73EEE31F3CEEF80492086E31C3150868D278A825C8C798647CA2815B699F1AF2CE5E1A6CA0191662205E71FB436BC5525F3C894B46D231E86368AC4236ED
> 0xE2D70D1CE1693781F215562D6FB471697CEDC75F431920C46C2EDD54D088D2C0072FBA2EB9BD548B48CB50698610ECB86D5101027F8924D27519B52F1D830384
> 0xE072ABE7BF32F681BC3AA5543187DB8A9D46D69E06336E4CEABD6C2DA66E99EACBD4414CCA8FD29A01924DC62FF610DB65EFEDD9234D80FD59DECA8E23FA6C3C
> 0x8550BE09703739893DFB9A292AACAFD033CAE618D38ABD46AD3732CF2850B022BDACD51907DF9A8FCD377C9201BFA62045383C04847C6B2A8FE693905BC945D3
> 0x7C7D21536B6D404210FF1C868F1F5294F5C48DDB59439833DB92E35CFDABFF1798973ED9950B31F561055455A4AF2DEF696FE4740EA626C8D95507F0503762CF
> 0x3C21C9E712E039ABFE4FE924AFEB8819FAAEFF1A9B54CC5ADB74A12F36DB18D9DAF0FB156CB0A1387134661BB3A8C78E34513701B8217733AD9503BAABB471FB
> 0x128EF4D4F4542E11EBE0E2EE9B74BC81E72A0F257CDFB891ABF444F6E7B71078BD8D79A3E9A163BA2D5FF065783C53146CB71CE01F4B393ED574171AB1A3745E
> 0xD1C6452C68EA6863C15A57A2D22F538D8D575202DE9D2A9640502DBE3562CC8FF9AEDBC770F1D8C08B0CC3469B84D73793F55133A21B204A2721AFE3FA23AA59
> 0x9A0338A3ECF12ECD33C677629F09C7837AD1CD86BFBF8CEDDF35D6A0F135DB092EA446A2C474D5686EB8FA21BC39E9456AA7E7FEC857EC837FF5D228CEF92822
> 0xBC728A586F0EE8A2FD7F1A85A78FF0CBED3D5BCC820E200DC2EAEF9E9CED890051C1050C606AC29AC483C4CE84D8ADBD5D7437F7A0B8F3D50B918A2162B30355
> 0xA1586C6C058FF53294F9FCF9E5224339D96300CDB3B4AE44A657A5D73EBB8A9B851C3D1CE53ECF9DF1275BAC50A39AACA3E919F4E246160DD932AB4F628BF49D
> 0x2B2FFDBCEADF5FD69A95B860DFA2AC0D02FD692E67FCA4A6527FCAB169897F07146E0855D196A2EA237EBA85702FA58BED8647854D712A87FFE04FF6ECE0C7A1
> 0x0DE1E06D76131ECE37048142DFEDC567D2D8BF6C975755B0D206DEA1415DBE49ED6AAB9418BBEC2612E0BACBF66FA43C3097AF318856E074BC39B4AC90D234DE
> 0xFA81CCD5639576B543405D93B33BB6F11BA2921AAE30489F79C0A95BE9AB8BCDA7FD62928C02989137D027B99D7B46EC387DE0D55ABE7692A422B7E9B2CF1766
> 0xD5213CA66A40BCB84556B9DB792DBB5D04C3A858372B84FC7F469FE6606DA8C049FC049AE9B418913A72F6C4C38834D45BB113232051E7D7C95B6AE276D7766E
> 0x0714FBECCDCC10B88A27F04C5818D234FA1935818AB4EC6C25FF4E93AE8CA62771783EC913F143C2926158C0B5697CF289E2F04DDD74EB5A16D9D1F39343829F
> 0x189D9A8AB531EF6205A9AE5AFABC71C69D37BDA4E70555EE00A8DEC128FEEB4DBC145AEAC10ED8FC23F0ACF4BB4B0E35780EA5A4EAAD98BF695032D1B897A836
> 0x413E6E66A6F22520117AA281945CF8037F45EB0C5352CCE50FA4CE5B7BD85548D3FF3E5546626E3DBBF8A618383AD9315B9B8481256C21CD6B57A17557AC26B5
> 0xB54E272D3E6F5AB041D66FFB59CA7AC71EFD978653A7EB6061E47B5516234FBB757457717C85CA76FFD9DD1BB278276955ECCEC4CF55E540D7625526354FBE50
> 0x5C1CE9384732683C90CB79D95628261505C1B09AFD5BCF7E2C441349643D1732BC8ED1C85EC2CF2507E90BC531B092F5C08E844EA40A0D19F3A8AE2FA3826A8D
> 0x70BF8D4F7BD480997147E24DD2DF339A816D8458E66B489CE84A63250993373E13B2340237DB70666A0E93A3E3DE279463A84D8286D3CF9332338477459D77D7
> 0x0C4F04B467330910B154A575E2073C31C510F2BDE5081B38192A7697ED8FA46CA990238AB1440A4516408020E239C065357C73C60AE47674F5E7BF13A0BC184C
> 0x148E5DEBEA4C7573D6013A7D5919E62760B69B2AF97950B0AF345E36E43D7DEF477615DFE8D983BB673F56D90958657E6FAFA0D6D4BEDA3F5A8BC79F232467FA
> 0x3C24B64A6855CAB13E0DA80CF2998EFC34ED471370A84CA62233905596B292D229761E43C4A05A2E16D34BE9AC0464602943CD83CBA6CEC70A8EDD4D7F20B1A6
> 0x22786B984E1D24F1A94E6DBDAC5AACFC42363A5C96FB0302EB0E442B51A4964774B57F80F5D638B8469D4B81772B0402862AB17C6DF004DCC9A2E1C15D629AE6
> 0x422B52FDF3DE84C17AF9E0F4EE154C2C894E8D214789B01EE4485A8D8B5337155092B6FB3BBFBA273A18304EF15F2F0A50043CD2AEAE65D1510DAB580F8EC35A
> 0xCD207D6F8C3BBA6847A35EF9AF813F80A9E82AE34E0E14975C8F52BFD589BBC7B35281C9C596CB319B65BFC9735955D89F0CA2E5F79EF649828E00B42EDE4AC2
> 0xB424C05A0C68DF72FECA3E546FA7BEE0DEB1D62C2162C1F837714BB28BEBEFAE5CEE114FBDCDF11AEDBB819E7AD62C21F13980F64939ECAD01DA6C9B50F8BC6D
> 0xD5D7093490957B7C6DC21359E50D441BE571E28183B42364906FB95392A1B0431D10763FCCC48D47EF29CC3F189208919B8F37778B9D270B4B3EF296B9307218
> 0x2EF8589E051ADD93AE7DCE16D33753D66A07A9493468FE8081F3EEDCCD88ED9330E6460E80773459CAEA28B09ED8DF0389D89D483999AF8163FCDEA0EDE72667
> 0xCBACDB211AC6699AA77914AC86DE8FEF71A3A6F7D06719BE5948B20B8E27066E17E006D886B232249A705B1D77C16C3E0C8FBD14A824D3CFF93027579C7BD10F
> 0x497EE9AC7CE23BFAAE43FAC32704E1D21E8C8911440CD3098E711FEC947C8BD4F18A2473DD1BD7A422C2CFCEAE433477A746774402D2F2F07A609B5CE3632D8D
> 0x4448203F38CCB7393095EF7D554465D0779C403BF758CBF0355690AA53E4B6DFFB3EB264DAE0B7C5279AC3FE555654D6425E09DC48F9EF4C26A2129551525EBE
> 0x739691FE40E56B0A14A011692D950ABC4000C34487493D7D8ED27D7FC4728A028E2F34CC12E6EAC784AE8DDE9E183EDAEA3A54BA0F416F44604184CE2A981858
> 0x8B54E6E5271E7738D0DCF686DF37821CA100A322D4FF9841C0D1C78DE5682926A15314109C2E36D5EF7D826FA36B67721D9BB1306C2CEC712D4903EB1F9D6B9B
> 0x7FB0F3C59BF2BEE0A7CF5C6CEDFF2F3ABF776F426C7DB007FE2878C867E0D274B2C1A53252BF69962A14F1E6BA4734092616FDD085A2F28B449118E18F9EA3E8
> 0x346F6CDC0FD46CB440C9097D4234E8920FC0BE9ABFDC90F8248271BF2C91D71B0F2F86EAE62D1D04D9002FC45E98FE6F43FDF744A9445FE020BBD48FAB5E8377
> 0xE3131BC5F4AA7F392D3E1F027DD2B271AEC71816C8CA001EFC4D9E89380A0D9F1FFE10541D176B3FD2264A4EE4694DB182F95565EF8BB968878F569C80FAFFA0
> 0x3865D94F596995B86D3D241083D82CAEE334F2107842FDBDEAC6D275A8BDA2D2A0D333F8E1931E9DB2AD9E65290C36171705012DF197E59E7D95D96AFBEA9554
> 0x8E7C9E053256DDA4DD57404D786C76657A90874B7986C5BA601ABDB76C6B18F19C7579B10B8D8F2284AFBED1FF3E08C3919BA257151B8EBFE2DE5132D53B3D06
> 0x35B839E4DB05DF8B1E792E5F30059F48B7B153BF5735382CB7B905CE73DC717AF5D3B7785B6A3FE7EF78E0E18C228E4D7C4135283B514F18024EF5EEEDFA50F8
> 0xE44A4EAE38FC0A37EFC56A697ED997CCF3F3E918FB12C49C9499C8B71C9C683C1EF6670C1BEA89E60FB4D64DBA56C0F148115C64A56922CC07D93CB014DCADF4
> 0x3380B4A58077747C0F7A98705248134D5DB83A43295782BC7B527DE20F5C02428BA9673B2DC3E3D6AC6413D1BA91E8F16729EA6D049E5480D7FE88C823EBA0FC
> 0x9274460002D925A23753A73671EC13CA440D7DBA0768EDA41D06222A472A357B514E3612CF2E1D5D521019CDAA16658EC3F213C5D3FFAC61DC5831E2F4B787D5
> 0x6FB9DF2052B783EA7F01526E272CF911A7742FEB31104973D2714A360E4C9E7F8A25D44F9E94C85D9F03C03391542827896BCE0657C2C7F22F6517B79422CC86
> 0xA0893AD26B8046559B678422452F0BD62BA4D4A27FC33A14DFECF6B57334009F875EE2F89FFDAA7D8FDE9B7D62737B917FB1FBCB1232EC2FD57A6E318715EC92
> 0x64B78211D6D346465B3C93DEC84B29221805ED28BB5B76ADA0CEDF01D23AADE0EA6A0C98AC2C93713E0EB0F34481ECB7E4D82B25AB037A063334B3DB5677063E
> 0xF0DA3DEC7281861999877202CB5D9FEE7439BFCD1E3A8F8350FF6CB5F8B7F5D6B96EEAD63F794222C685A6DB00400A0A3D8C64C330E7AAAD6C0AC986690D6788
> 0xE115B8CDAA667069ABB07B99ED8EA97EAFB983D545746E9ECEB4298B302016E5AAAE133A18A10E91F5975E863CAD0DFEE600E80D53BBAF8EF6D2B18998078379
> 0xE0B91FDF69FA69F5545214B460D444402B07812325D9BA2E73E68CFE9134AFA63833607D81DD73CDD22F1A69987CECB68EC1A70B4C77260DC1C3ECAF1AF6FA97
> 0x752EBC1D0ECD0FE2E173C5BB68A4D85B617DDF6A7DA2B6898992E152E5201354F957ADAC2A7A59F04A403ED4915C3A0C5BAC0C33F8BA8DF18CFB9AFFB01A173B
> 0xB4B04CB446FFF90DBDC6A6768244BE542D5E41296579DB5AFF812AD0D432524CDCBE72CD451BB703ABDE10CE222190FD9F5810F250EC050761E757AA3A130F0C
> 0x55124430D93722686672C0E0C13E9C372CB00175ACEAFA918CCA71D3508C92B17AF82AFC4AAB7A6567549FA3F4C9F41F6A7DE4C833F4039EBA71087EE6C134EB
> 0x8A229911C14900A18C8C2ECD7595F1C65231F400EDDE56A53CD10940DBFAB4A7D7C4F2968BF93C6409E9BC14CC742783F16BA1DEA713DB30AA868AA637921D9A
> 0x845CA23B1ADA4321FAFC08117CE2E1B1041436FF8B83C2F501337E603EF5594AA5259EC63CFEF418513A25F105125DE135AF82D425837C6050406E1C54F2802C
> 0x78685662FCDD7EF32E5E9F7C20303B4D430C38FBE097D2A535E29754D5EB8747FE22FFC18701E37CD2E8B461CBD1246080DF5B2EFAB7EA0B2FB6B01976A93ECE
> 0x34C8CB2DA4628B285AFA3E85DF214E29E287CE7714724DECFC890CD8D2604057B20684879BD4BB6C5C940FA3C133A65C707ED0AAA2458D032B68547627B990D9
> 0x9D63F9A4EAD4AB284D1CD6E6B5249320CFBF18D62F543ECD4BF5A9411E8DD5C49AEB4DB774477D2CBA517946595ED1EB66A4561E6A2C35AB1E9BF5BD5549F44C
> 0x8C77915270CA86975F47E924660261531DEE30DB43B18A5DE5EC405F7AF4CAE24D683669EC95FA71C339D20845EE6F165C91F071E4EC28AAD280FBFAF8798CB6
> 0xE44F158AFF5F5F88B5DA495A8682600A3DE2E6D2360A84C1F340FBCD965CED9A905103AF025EAE52ED4C538535A217736350E9155080058ABFFC4C1931AB89FE
> 0xAD7CFD7622C5BD0FC7AD95E214C2D1EB57708194FF80BBFBE5B401FD228B7D5B2907076B8E80660B1563C6EA2D5743BBE3BD57EF4777AD40CD8806659EF9F64D
> 0x58D702FA085F011ACD19584DF0BE87AF238460E7B64A7DC2BD7CE871D3333EA488E04D6E97B6DF0FAA72AFB2C9AA5F1110C829ABB2A30FB8F98ADCE8185A64AC
> 0xFC166390BCFF9073B5D351B71AD1CB90CD1CCC1398EC323EAFC7E569D14188405D1B39FA2CC5E9148B3707AA235477A652241ADA9C53D5CB8E4010306AA0E95E
> 0x1539ECAFAF680B8C0215DB7006648B892BCAF6F9748BB87EE3F3ADADDE582E978AE2164E80B6A499A28EBB4217468175B97304AD464850AB05B2474CFE383DA2
> 0xAF6C6533C1DA0245CB942D30B297F419BD80F76D3313F8FCF18FC330C2A0AA30BEC8424A5ED5A0B54A332DBA1CD14C83D6D816911041185D55975C62DE6CFCBA
> 0xC57C36D5B47FD75017744957E240D523ECC2D809D8BF031C9CB722BCB96051AD04F9D0A349F0B813BA0B44AA060A05111D46640DB58E00453AE18FD7198F47E3
> 0x37852D3381869DA257CB4F4CE77D529D3DF36E0CB1DB266B7A79C64CA095290C2737D1A83600142DC44A7029B90CDBE895197BBA10166FAA591660C28E401D81
> 0xFF5D5CB9B919013381584757C0E7E0FE5946585F16C0F6090E18FDD60EB1C4C93788CF8C4DAEE032BD9449C3E73DE413C76562D9F2522981E4F01119B4E6F1FE
> 0x5BF026DB5BEFC9D1BE77FE54AB87AFBD60D340A2FC1B120D7B49A0D8B3D1A364BB588E9BAE73A5E27A37112EBAF46659E22C106785FDC802DF4FEF6A55150BFF
> 0x946952D9160680357AE659275270FDED96E28A5028A708D140128E5DBCBC35BAF9974738ABC39911C4BA109F5C6A582BCC9F97859A3707EA8B9E33DEB449B24E
> 0xC7833686C9F0E5E7C65FCBC455B9771D2CD5AA643C36CEF4FFD3459A9B641FDBB60F403C992B82E6D9D449516345C97C145D5B1A8AB587BD5FE6DE93535E876F
> 0x849F91D9BF89C2CC72EBCBAC896AA63DA4589CD7D01A384CCBE117BB5CCC4C388B39BE2BF877C9D671ECC5DA00CC630E9955336B5F26AE24FAC4296BD3687146
> 0x11DCEAB9E6E339C9839D254D490BA961EC7096DEDD0C4D6B1E8207E244C0790EA55F0B766B227D643DACEDDEC06FE51D52A46F8CB91EB74F71A75369D8BCA21C
Discrepancies: 106 out of 106 samples
*******************************************
FAIL: Output DOES NOT match the ans output
*******************************************
INFO [HLS SIM]: The maximum depth reached by any hls::stream() instance in the design is 130784
@E Simulation failed: Function 'main' returns nonzero value '1'.
ERROR: [SIM 211-100] 'csim_design' failed: nonzero return value.
INFO: [SIM 211-3] *************** CSIM finish ***************
ERROR: 4
INFO: [HLS 200-112] Total CPU user time: 1 seconds. Total CPU system time: 2 seconds. Total elapsed time: 13.752 seconds; peak allocated memory: 143.637 MB.
