

================================================================
== Vitis HLS Report for 'wGenerator_Pipeline_VITIS_LOOP_7_1'
================================================================
* Date:           Wed Jul 16 21:48:27 2025

* Version:        2025.1 (Build 6135595 on May 21 2025)
* Project:        wGenerator
* Solution:       hls (Vivado IP Flow Target)
* Product family: aspartan7
* Target device:  xa7s6-cpga196-2I


================================================================
== Performance Estimates
================================================================
+ Timing: 
    * Summary: 
    +--------+----------+----------+------------+
    |  Clock |  Target  | Estimated| Uncertainty|
    +--------+----------+----------+------------+
    |ap_clk  |  10.00 ns|  4.540 ns|     2.70 ns|
    +--------+----------+----------+------------+

+ Latency: 
    * Summary: 
    +---------+---------+----------+----------+-----+-----+------------------------------------------------+
    |  Latency (cycles) |  Latency (absolute) |  Interval |                    Pipeline                    |
    |   min   |   max   |    min   |    max   | min | max |                      Type                      |
    +---------+---------+----------+----------+-----+-----+------------------------------------------------+
    |       18|       18|  0.180 us|  0.180 us|   17|   17|  loop auto-rewind stp (delay=0 clock cycles(s))|
    +---------+---------+----------+----------+-----+-----+------------------------------------------------+

    + Detail: 
        * Instance: 
        N/A

        * Loop: 
        +------------------+---------+---------+----------+-----------+-----------+------+----------+
        |                  |  Latency (cycles) | Iteration|  Initiation Interval  | Trip |          |
        |     Loop Name    |   min   |   max   |  Latency |  achieved |   target  | Count| Pipelined|
        +------------------+---------+---------+----------+-----------+-----------+------+----------+
        |- VITIS_LOOP_7_1  |       16|       16|         2|          1|          1|    16|       yes|
        +------------------+---------+---------+----------+-----------+-----------+------+----------+



================================================================
== Utilization Estimates
================================================================
* Summary: 
+-----------------+---------+----+------+------+-----+
|       Name      | BRAM_18K| DSP|  FF  |  LUT | URAM|
+-----------------+---------+----+------+------+-----+
|DSP              |        -|   -|     -|     -|    -|
|Expression       |        -|   -|     0|    29|    -|
|FIFO             |        -|   -|     -|     -|    -|
|Instance         |        -|   -|     -|     -|    -|
|Memory           |        -|   -|     -|     -|    -|
|Multiplexer      |        -|   -|     0|    36|    -|
|Register         |        -|   -|    13|     -|    -|
+-----------------+---------+----+------+------+-----+
|Total            |        0|   0|    13|    65|    0|
+-----------------+---------+----+------+------+-----+
|Available        |       10|  10|  7500|  3750|    0|
+-----------------+---------+----+------+------+-----+
|Utilization (%)  |        0|   0|    ~0|     1|    0|
+-----------------+---------+----+------+------+-----+

+ Detail: 
    * Instance: 
    N/A

    * DSP: 
    N/A

    * Memory: 
    N/A

    * FIFO: 
    N/A

    * Expression: 
    +-------------------+----------+----+---+----+------------+------------+
    |   Variable Name   | Operation| DSP| FF| LUT| Bitwidth P0| Bitwidth P1|
    +-------------------+----------+----+---+----+------------+------------+
    |add_ln7_fu_79_p2   |         +|   0|  0|  13|           5|           1|
    |icmp_ln7_fu_73_p2  |      icmp|   0|  0|  14|           5|           6|
    |ap_enable_pp0      |       xor|   0|  0|   2|           1|           2|
    +-------------------+----------+----+---+----+------------+------------+
    |Total              |          |   0|  0|  29|          11|           9|
    +-------------------+----------+----+---+----+------------+------------+

    * Multiplexer: 
    +-------------------------+----+-----------+-----+-----------+
    |           Name          | LUT| Input Size| Bits| Total Bits|
    +-------------------------+----+-----------+-----+-----------+
    |ap_done_int              |   9|          2|    1|          2|
    |ap_enable_reg_pp0_iter1  |   9|          2|    1|          2|
    |ap_sig_allocacmp_i_1     |   9|          2|    5|         10|
    |i_fu_34                  |   9|          2|    5|         10|
    +-------------------------+----+-----------+-----+-----------+
    |Total                    |  36|          8|   12|         24|
    +-------------------------+----+-----------+-----+-----------+

    * Register: 
    +-------------------------+---+----+-----+-----------+
    |           Name          | FF| LUT| Bits| Const Bits|
    +-------------------------+---+----+-----+-----------+
    |ap_CS_fsm                |  1|   0|    1|          0|
    |ap_done_reg              |  1|   0|    1|          0|
    |ap_enable_reg_pp0_iter1  |  1|   0|    1|          0|
    |i_fu_34                  |  5|   0|    5|          0|
    |zext_ln7_reg_105         |  5|   0|   64|         59|
    +-------------------------+---+----+-----+-----------+
    |Total                    | 13|   0|   72|         59|
    +-------------------------+---+----+-----+-----------+



================================================================
== Interface
================================================================
* Summary: 
+---------------+-----+-----+------------+------------------------------------+--------------+
|   RTL Ports   | Dir | Bits|  Protocol  |            Source Object           |    C Type    |
+---------------+-----+-----+------------+------------------------------------+--------------+
|ap_clk         |   in|    1|  ap_ctrl_hs|  wGenerator_Pipeline_VITIS_LOOP_7_1|  return value|
|ap_rst         |   in|    1|  ap_ctrl_hs|  wGenerator_Pipeline_VITIS_LOOP_7_1|  return value|
|ap_start       |   in|    1|  ap_ctrl_hs|  wGenerator_Pipeline_VITIS_LOOP_7_1|  return value|
|ap_done        |  out|    1|  ap_ctrl_hs|  wGenerator_Pipeline_VITIS_LOOP_7_1|  return value|
|ap_idle        |  out|    1|  ap_ctrl_hs|  wGenerator_Pipeline_VITIS_LOOP_7_1|  return value|
|ap_ready       |  out|    1|  ap_ctrl_hs|  wGenerator_Pipeline_VITIS_LOOP_7_1|  return value|
|win_address0   |  out|    4|   ap_memory|                                 win|         array|
|win_ce0        |  out|    1|   ap_memory|                                 win|         array|
|win_q0         |   in|   32|   ap_memory|                                 win|         array|
|wout_address0  |  out|    6|   ap_memory|                                wout|         array|
|wout_ce0       |  out|    1|   ap_memory|                                wout|         array|
|wout_we0       |  out|    1|   ap_memory|                                wout|         array|
|wout_d0        |  out|   32|   ap_memory|                                wout|         array|
+---------------+-----+-----+------------+------------------------------------+--------------+

