

================================================================
== Vitis HLS Report for 'wGenerator_Pipeline_VITIS_LOOP_12_2'
================================================================
* Date:           Wed Jul 16 02:45:14 2025

* Version:        2025.1 (Build 6135595 on May 21 2025)
* Project:        wGenerator
* Solution:       hls (Vivado IP Flow Target)
* Product family: aspartan7
* Target device:  xa7s6-cpga196-2I


================================================================
== Performance Estimates
================================================================
+ Timing: 
    * Summary: 
    +--------+----------+----------+------------+
    |  Clock |  Target  | Estimated| Uncertainty|
    +--------+----------+----------+------------+
    |ap_clk  |  10.00 ns|  6.329 ns|     2.70 ns|
    +--------+----------+----------+------------+

+ Latency: 
    * Summary: 
    +---------+---------+----------+----------+-----+-----+------------------------------------------------+
    |  Latency (cycles) |  Latency (absolute) |  Interval |                    Pipeline                    |
    |   min   |   max   |    min   |    max   | min | max |                      Type                      |
    +---------+---------+----------+----------+-----+-----+------------------------------------------------+
    |      148|      148|  1.480 us|  1.480 us|  147|  147|  loop auto-rewind stp (delay=0 clock cycles(s))|
    +---------+---------+----------+----------+-----+-----+------------------------------------------------+

    + Detail: 
        * Instance: 
        N/A

        * Loop: 
        +-------------------+---------+---------+----------+-----------+-----------+------+----------+
        |                   |  Latency (cycles) | Iteration|  Initiation Interval  | Trip |          |
        |     Loop Name     |   min   |   max   |  Latency |  achieved |   target  | Count| Pipelined|
        +-------------------+---------+---------+----------+-----------+-----------+------+----------+
        |- VITIS_LOOP_12_2  |      146|      146|         6|          3|          1|    48|       yes|
        +-------------------+---------+---------+----------+-----------+-----------+------+----------+



================================================================
== Utilization Estimates
================================================================
* Summary: 
+-----------------+---------+----+------+------+-----+
|       Name      | BRAM_18K| DSP|  FF  |  LUT | URAM|
+-----------------+---------+----+------+------+-----+
|DSP              |        -|   -|     -|     -|    -|
|Expression       |        -|   -|     0|   318|    -|
|FIFO             |        -|   -|     -|     -|    -|
|Instance         |        -|   -|     -|     -|    -|
|Memory           |        -|   -|     -|     -|    -|
|Multiplexer      |        -|   -|     0|    93|    -|
|Register         |        -|   -|   130|     -|    -|
+-----------------+---------+----+------+------+-----+
|Total            |        0|   0|   130|   411|    0|
+-----------------+---------+----+------+------+-----+
|Available        |       10|  10|  7500|  3750|    0|
+-----------------+---------+----+------+------+-----+
|Utilization (%)  |        0|   0|     1|    10|    0|
+-----------------+---------+----+------+------+-----+

+ Detail: 
    * Instance: 
    N/A

    * DSP: 
    N/A

    * Memory: 
    N/A

    * FIFO: 
    N/A

    * Expression: 
    +----------------------+----------+----+---+----+------------+------------+
    |     Variable Name    | Operation| DSP| FF| LUT| Bitwidth P0| Bitwidth P1|
    +----------------------+----------+----+---+----+------------+------------+
    |add_ln12_fu_167_p2    |         +|   0|  0|  14|           7|           1|
    |add_ln13_1_fu_145_p2  |         +|   0|  0|  14|           6|           6|
    |add_ln13_fu_178_p2    |         +|   0|  0|  14|           6|           5|
    |add_ln14_fu_188_p2    |         +|   0|  0|  14|           6|           3|
    |add_ln16_1_fu_348_p2  |         +|   0|  0|  32|          32|          32|
    |add_ln16_2_fu_338_p2  |         +|   0|  0|  39|          32|          32|
    |add_ln16_3_fu_352_p2  |         +|   0|  0|  32|          32|          32|
    |add_ln16_fu_156_p2    |         +|   0|  0|  14|           6|           4|
    |icmp_ln12_fu_135_p2   |      icmp|   0|  0|  15|           7|           8|
    |ap_enable_pp0         |       xor|   0|  0|   2|           1|           2|
    |xor_ln16_1_fu_312_p2  |       xor|   0|  0|  32|          32|          32|
    |xor_ln16_2_fu_326_p2  |       xor|   0|  0|  32|          32|          32|
    |xor_ln16_3_fu_332_p2  |       xor|   0|  0|  32|          32|          32|
    |xor_ln16_fu_306_p2    |       xor|   0|  0|  32|          32|          32|
    +----------------------+----------+----+---+----+------------+------------+
    |Total                 |          |   0|  0| 318|         263|         253|
    +----------------------+----------+----+---+----+------------+------------+

    * Multiplexer: 
    +-------------------------+----+-----------+-----+-----------+
    |           Name          | LUT| Input Size| Bits| Total Bits|
    +-------------------------+----+-----------+-----+-----------+
    |ap_NS_fsm                |  21|          4|    1|          4|
    |ap_done_int              |   9|          2|    1|          2|
    |ap_enable_reg_pp0_iter0  |   9|          2|    1|          2|
    |ap_enable_reg_pp0_iter1  |   9|          2|    1|          2|
    |i_1_fu_74                |   9|          2|    7|         14|
    |wout_address0_local      |  21|          4|    6|         24|
    |wout_address1_local      |  15|          3|    6|         18|
    +-------------------------+----+-----------+-----+-----------+
    |Total                    |  93|         19|   23|         66|
    +-------------------------+----+-----------+-----+-----------+

    * Register: 
    +-----------------------------+----+----+-----+-----------+
    |             Name            | FF | LUT| Bits| Const Bits|
    +-----------------------------+----+----+-----+-----------+
    |add_ln16_2_reg_410           |  32|   0|   32|          0|
    |ap_CS_fsm                    |   3|   0|    3|          0|
    |ap_done_reg                  |   1|   0|    1|          0|
    |ap_enable_reg_pp0_iter0_reg  |   1|   0|    1|          0|
    |ap_enable_reg_pp0_iter1      |   1|   0|    1|          0|
    |i_1_fu_74                    |   7|   0|    7|          0|
    |i_reg_365                    |   7|   0|    7|          0|
    |i_reg_365_pp0_iter1_reg      |   7|   0|    7|          0|
    |icmp_ln12_reg_370            |   1|   0|    1|          0|
    |trunc_ln12_reg_374           |   6|   0|    6|          0|
    |wout_load_2_reg_390          |  32|   0|   32|          0|
    |wout_load_3_reg_395          |  32|   0|   32|          0|
    +-----------------------------+----+----+-----+-----------+
    |Total                        | 130|   0|  130|          0|
    +-----------------------------+----+----+-----+-----------+



================================================================
== Interface
================================================================
* Summary: 
+---------------+-----+-----+------------+-------------------------------------+--------------+
|   RTL Ports   | Dir | Bits|  Protocol  |            Source Object            |    C Type    |
+---------------+-----+-----+------------+-------------------------------------+--------------+
|ap_clk         |   in|    1|  ap_ctrl_hs|  wGenerator_Pipeline_VITIS_LOOP_12_2|  return value|
|ap_rst         |   in|    1|  ap_ctrl_hs|  wGenerator_Pipeline_VITIS_LOOP_12_2|  return value|
|ap_start       |   in|    1|  ap_ctrl_hs|  wGenerator_Pipeline_VITIS_LOOP_12_2|  return value|
|ap_done        |  out|    1|  ap_ctrl_hs|  wGenerator_Pipeline_VITIS_LOOP_12_2|  return value|
|ap_idle        |  out|    1|  ap_ctrl_hs|  wGenerator_Pipeline_VITIS_LOOP_12_2|  return value|
|ap_ready       |  out|    1|  ap_ctrl_hs|  wGenerator_Pipeline_VITIS_LOOP_12_2|  return value|
|wout_address0  |  out|    6|   ap_memory|                                 wout|         array|
|wout_ce0       |  out|    1|   ap_memory|                                 wout|         array|
|wout_we0       |  out|    1|   ap_memory|                                 wout|         array|
|wout_d0        |  out|   32|   ap_memory|                                 wout|         array|
|wout_q0        |   in|   32|   ap_memory|                                 wout|         array|
|wout_address1  |  out|    6|   ap_memory|                                 wout|         array|
|wout_ce1       |  out|    1|   ap_memory|                                 wout|         array|
|wout_q1        |   in|   32|   ap_memory|                                 wout|         array|
+---------------+-----+-----+------------+-------------------------------------+--------------+

