                             latency        interval
transaction       0:            1395            1396
transaction       1:            1395            1396
transaction       2:            1395            1396
transaction       3:            1395            1396
transaction       4:            2783            2784
transaction       5:          177671          177672
transaction       6:            5559            5560
transaction       7:            5559            5560
transaction       8:            6947            6948
transaction       9:            6947            6948
transaction      10:            4171            4172
transaction      11:            5559            5560
transaction      12:            4171            4172
transaction      13:            6947            6948
transaction      14:            2783            2784
transaction      15:            8335            8336
transaction      16:            2783            2784
transaction      17:           11111           11112
transaction      18:            9723            9724
transaction      19:           12499           12500
transaction      20:            8335            8336
transaction      21:            9723            9724
transaction      22:            5559            5560
transaction      23:            5559            5560
transaction      24:           11111           11112
transaction      25:            2783            2784
transaction      26:            2783            2784
transaction      27:           11111           11112
transaction      28:            2783            2784
transaction      29:            2783            2784
transaction      30:           11111           11112
transaction      31:            6947            6948
transaction      32:            2783            2784
transaction      33:           11111           11112
transaction      34:            2783            2784
transaction      35:           11111           11112
transaction      36:            9723            9724
transaction      37:            8335            8336
transaction      38:            1395            1396
transaction      39:            2783            2784
transaction      40:            2783            2784
transaction      41:            2783            2784
transaction      42:            6947            6948
transaction      43:            1395            1396
transaction      44:           11111           11112
transaction      45:            8335            8336
transaction      46:            6947            6948
transaction      47:            2783            2784
transaction      48:            6947            6948
transaction      49:           11111           11112
transaction      50:            4171            4172
transaction      51:            4171            4172
transaction      52:            2783            2784
transaction      53:            9723            9724
transaction      54:            4171            4172
transaction      55:            9723            9724
transaction      56:            9723            9724
transaction      57:            9723            9724
transaction      58:            9723            9724
transaction      59:            4171            4172
transaction      60:           11111           11112
transaction      61:            2783            2784
transaction      62:            4171            4172
transaction      63:            5559            5560
transaction      64:            5559            5560
transaction      65:            5559            5560
transaction      66:            2783            2784
transaction      67:            4171            4172
transaction      68:           12499           12500
transaction      69:            2783            2784
transaction      70:            9723            9724
transaction      71:            2783            2784
transaction      72:            5559            5560
transaction      73:            5559            5560
transaction      74:            9723            9724
transaction      75:            1395            1396
transaction      76:            6947            6948
transaction      77:            4171            4172
transaction      78:            4171            4172
transaction      79:            6947            6948
transaction      80:            1395            1396
transaction      81:           11111           11112
transaction      82:            2783            2784
transaction      83:            9723            9724
transaction      84:            1395            1396
transaction      85:            4171            4172
transaction      86:            1395            1396
transaction      87:            6947            6948
transaction      88:            2783            2784
transaction      89:            2783            2784
transaction      90:            5559            5560
transaction      91:            9723            9724
transaction      92:           11111           11112
transaction      93:            2783            2784
transaction      94:           11111           11112
transaction      95:            4171            4172
transaction      96:            2783            2784
transaction      97:            4171            4172
transaction      98:           11111           11112
transaction      99:            1395            1396
transaction     100:           11111           11112
transaction     101:            9723            9724
transaction     102:            1395            1396
transaction     103:            1395            1396
transaction     104:            6947            6948
transaction     105:            1395               x
