Copyright 1986-2022 Xilinx, Inc. All Rights Reserved. Copyright 2022-2025 Advanced Micro Devices, Inc. All Rights Reserved.
---------------------------------------------------------------------------------------------------------------------------------------------
| Tool Version : Vivado v.2025.1 (win64) Build 6140274 Thu May 22 00:12:29 MDT 2025
| Date         : Mon Jul 14 16:51:09 2025
| Host         : DESKTOP-E57T4BO running 64-bit major release  (build 9200)
| Command      : report_design_analysis -file ./report/chunkIter_design_analysis_routed.rpt
| Design       : bd_0_wrapper
| Device       : xa7s6
| Design State : Routed
---------------------------------------------------------------------------------------------------------------------------------------------

Report Design Analysis

Table of Contents
-----------------
1. Setup Path Characteristics 1-1
2. Logic Level Distribution
3. Placer Final Level Congestion Reporting
4. Initial Estimated Router Congestion Reporting
5. SLR Net Crossing Reporting

1. Setup Path Characteristics 1-1
---------------------------------

+---------------------------+-------------------------------+
|      Characteristics      |            Path #1            |
+---------------------------+-------------------------------+
| Requirement               | 10.000                        |
| Path Delay                | 4.939                         |
| Logic Delay               | 0.484(10%)                    |
| Net Delay                 | 4.455(90%)                    |
| Clock Skew                | -0.039                        |
| Slack                     | 4.818                         |
| Clock Uncertainty         | 0.035                         |
| Clock Pair Classification | Timed                         |
| Clock Delay Group         | Same Clock                    |
| Logic Levels              | 1                             |
| Routes                    | 2                             |
| Logical Path              | FDRE/C-(79)-LUT2-(32)-FDRE/CE |
| Start Point Clock         | ap_clk                        |
| End Point Clock           | ap_clk                        |
| DSP Block                 | None                          |
| RAM Registers             | None-None                     |
| IO Crossings              | 0                             |
| Config Crossings          | 0                             |
| SLR Crossings             | 0                             |
| PBlocks                   | 0                             |
| High Fanout               | 79                            |
| ASYNC REG                 | 0                             |
| Dont Touch                | 0                             |
| Mark Debug                | 0                             |
| Start Point Pin Primitive | FDRE/C                        |
| End Point Pin Primitive   | FDRE/CE                       |
| Start Point Pin           | ap_CS_fsm_reg[3]/C            |
| End Point Pin             | reg_259_reg[2]/CE             |
+---------------------------+-------------------------------+
* Bounding box calculated as % of dimensions for the target device (148, 99)


2. Logic Level Distribution
---------------------------

+-----------------+-------------+-----+-----+---+---+---+---+---+
| End Point Clock | Requirement |  0  |  1  | 4 | 5 | 6 | 7 | 8 |
+-----------------+-------------+-----+-----+---+---+---+---+---+
| ap_clk          | 10.000ns    | 228 | 130 | 7 | 9 | 8 | 4 | 4 |
+-----------------+-------------+-----+-----+---+---+---+---+---+
* Columns represent the logic levels per end point clock
** Distribution is for top worst 390 paths


3. Placer Final Level Congestion Reporting
------------------------------------------

+-----------+------+-------+------------+--------+---------------+----------------+-----+--------+------+------+------+-----+-------+-----+------------+
| Direction | Type | Level | Congestion | Window | Combined LUTs | Avg LUT Inputs | LUT | LUTRAM | Flop | MUXF | RAMB | DSP | CARRY | SRL | Cell Names |
+-----------+------+-------+------------+--------+---------------+----------------+-----+--------+------+------+------+-----+-------+-----+------------+
* No congestion windows are found above level 5


4. Initial Estimated Router Congestion Reporting
------------------------------------------------

+-----------+------+-------+------------------+--------+---------------+----------------+-----+--------+------+------+------+-----+-------+-----+------------+
| Direction | Type | Level | Percentage Tiles | Window | Combined LUTs | Avg LUT Inputs | LUT | LUTRAM | Flop | MUXF | RAMB | DSP | CARRY | SRL | Cell Names |
+-----------+------+-------+------------------+--------+---------------+----------------+-----+--------+------+------+------+-----+-------+-----+------------+
* No router congested regions found.
** No initial estimated congestion windows are found above level 5


5. SLR Net Crossing Reporting
-----------------------------

+------------+-----------------------------+
| Cell Names | Number of Nets crossing SLR |
+------------+-----------------------------+
* The current part is not an SSI device


