  **** HLS Build v2025.1 6135595
INFO: [HLS 200-2005] Using work_dir D:/Vitis/shaAccel/chunkIteration/chunkIteration 
INFO: [HLS 200-2176] Writing Vitis IDE component file D:/Vitis/shaAccel/chunkIteration/chunkIteration/vitis-comp.json
INFO: [HLS 200-10] Creating and opening component 'D:/Vitis/shaAccel/chunkIteration/chunkIteration'.
INFO: [HLS 200-1505] Using default flow_target 'vivado'
Resolution: For help on HLS 200-1505 see docs.xilinx.com/access/sources/dita/topic?Doc_Version=2025.1%20English&url=ug1448-hls-guidance&resourceid=200-1505.html
INFO: [HLS 200-2174] Applying component config ini file D:/Vitis/shaAccel/chunkIteration/hls_config.cfg
WARNING: [HLS 200-2001] file not found '../New Text Document.txt' see [hls] from D:/Vitis/shaAccel/chunkIteration/hls_config.cfg(12)
INFO: [HLS 200-1465] Applying config ini 'syn.file=chunkIter.cpp' from D:/Vitis/shaAccel/chunkIteration/hls_config.cfg(10)
INFO: [HLS 200-10] Adding design file 'D:/Vitis/shaAccel/chunkIteration/chunkIter.cpp' to the project
INFO: [HLS 200-1465] Applying config ini 'syn.file=chunkIter.h' from D:/Vitis/shaAccel/chunkIteration/hls_config.cfg(11)
INFO: [HLS 200-10] Adding design file 'D:/Vitis/shaAccel/chunkIteration/chunkIter.h' to the project
INFO: [HLS 200-1465] Applying config ini 'syn.file=../New Text Document.txt' from D:/Vitis/shaAccel/chunkIteration/hls_config.cfg(12)
WARNING: [HLS 200-40] Cannot find design file '../New'
WARNING: [HLS 200-40] Cannot find design file 'Text'
WARNING: [HLS 200-40] Cannot find design file 'Document.txt'
INFO: [HLS 200-1465] Applying config ini 'syn.file=../dataTypes.h' from D:/Vitis/shaAccel/chunkIteration/hls_config.cfg(13)
INFO: [HLS 200-10] Adding design file 'D:/Vitis/shaAccel/dataTypes.h' to the project
INFO: [HLS 200-1465] Applying config ini 'syn.file=../functions256.h' from D:/Vitis/shaAccel/chunkIteration/hls_config.cfg(14)
INFO: [HLS 200-10] Adding design file 'D:/Vitis/shaAccel/functions256.h' to the project
INFO: [HLS 200-1465] Applying config ini 'syn.file=../functions256.cpp' from D:/Vitis/shaAccel/chunkIteration/hls_config.cfg(15)
INFO: [HLS 200-10] Adding design file 'D:/Vitis/shaAccel/functions256.cpp' to the project
INFO: [HLS 200-1465] Applying config ini 'tb.file=tb.cpp' from D:/Vitis/shaAccel/chunkIteration/hls_config.cfg(7)
INFO: [HLS 200-10] Adding test bench file 'D:/Vitis/shaAccel/chunkIteration/tb.cpp' to the project
INFO: [HLS 200-1465] Applying config ini 'tb.file=./ans.dat' from D:/Vitis/shaAccel/chunkIteration/hls_config.cfg(8)
INFO: [HLS 200-10] Adding test bench file 'D:/Vitis/shaAccel/chunkIteration/ans.dat' to the project
INFO: [HLS 200-1465] Applying config ini 'tb.file=./in.dat' from D:/Vitis/shaAccel/chunkIteration/hls_config.cfg(9)
INFO: [HLS 200-10] Adding test bench file 'D:/Vitis/shaAccel/chunkIteration/in.dat' to the project
INFO: [HLS 200-1465] Applying config ini 'syn.top=chunkIter' from D:/Vitis/shaAccel/chunkIteration/hls_config.cfg(17)
INFO: [HLS 200-1465] Applying config ini 'flow_target=vivado' from D:/Vitis/shaAccel/chunkIteration/hls_config.cfg(4)
INFO: [HLS 200-1505] Using flow_target 'vivado'
Resolution: For help on HLS 200-1505 see docs.xilinx.com/access/sources/dita/topic?Doc_Version=2025.1%20English&url=ug1448-hls-guidance&resourceid=200-1505.html
INFO: [HLS 200-1465] Applying config ini 'part=xa7s6cpga196-2I' from D:/Vitis/shaAccel/chunkIteration/hls_config.cfg(1)
INFO: [HLS 200-1611] Setting target device to 'xa7s6-cpga196-2I'
INFO: [HLS 200-1465] Applying config ini 'csim.clean=1' from D:/Vitis/shaAccel/chunkIteration/hls_config.cfg(16)
INFO: [HLS 200-1465] Applying config ini 'package.output.format=ip_catalog' from D:/Vitis/shaAccel/chunkIteration/hls_config.cfg(5)
INFO: [HLS 200-2176] Writing Vitis IDE component file D:/Vitis/shaAccel/chunkIteration/chunkIteration/vitis-comp.json
WARNING: [HLS 200-40] Cannot find source file ../New; skipping it.
WARNING: [HLS 200-40] Cannot find source file Text; skipping it.
WARNING: [HLS 200-40] Cannot find source file Document.txt; skipping it.
INFO: [HLS 200-111] Finished File checks and directory preparation: CPU user time: 1 seconds. CPU system time: 1 seconds. Elapsed time: 2.576 seconds; current allocated memory: 144.762 MB.
INFO: [HLS 200-10] Analyzing design file '../functions256.cpp' ... 
INFO: [HLS 200-10] Analyzing design file 'chunkIter.cpp' ... 
INFO: [HLS 200-111] Finished Source Code Analysis and Preprocessing: CPU user time: 0 seconds. CPU system time: 0 seconds. Elapsed time: 7.682 seconds; current allocated memory: 147.215 MB.
INFO: [HLS 200-777] Using interface defaults for 'Vivado' flow target.
INFO: [HLS 200-1995] There were 2,381 instructions in the design after the 'Compile/Link' phase of compilation. See the Design Size Report for more details (D:/Vitis/shaAccel/chunkIteration/chunkIteration/hls/syn/report/csynth_design_size.rpt:2)
INFO: [HLS 200-1995] There were 119 instructions in the design after the 'Unroll/Inline (step 1)' phase of compilation. See the Design Size Report for more details (D:/Vitis/shaAccel/chunkIteration/chunkIteration/hls/syn/report/csynth_design_size.rpt:2)
INFO: [HLS 200-1995] There were 99 instructions in the design after the 'Unroll/Inline (step 2)' phase of compilation. See the Design Size Report for more details (D:/Vitis/shaAccel/chunkIteration/chunkIteration/hls/syn/report/csynth_design_size.rpt:2)
INFO: [HLS 200-1995] There were 90 instructions in the design after the 'Unroll/Inline (step 3)' phase of compilation. See the Design Size Report for more details (D:/Vitis/shaAccel/chunkIteration/chunkIteration/hls/syn/report/csynth_design_size.rpt:2)
INFO: [HLS 200-1995] There were 70 instructions in the design after the 'Unroll/Inline (step 4)' phase of compilation. See the Design Size Report for more details (D:/Vitis/shaAccel/chunkIteration/chunkIteration/hls/syn/report/csynth_design_size.rpt:2)
INFO: [HLS 200-1995] There were 71 instructions in the design after the 'Array/Struct (step 1)' phase of compilation. See the Design Size Report for more details (D:/Vitis/shaAccel/chunkIteration/chunkIteration/hls/syn/report/csynth_design_size.rpt:2)
INFO: [HLS 200-1995] There were 71 instructions in the design after the 'Array/Struct (step 2)' phase of compilation. See the Design Size Report for more details (D:/Vitis/shaAccel/chunkIteration/chunkIteration/hls/syn/report/csynth_design_size.rpt:2)
INFO: [HLS 200-1995] There were 71 instructions in the design after the 'Array/Struct (step 3)' phase of compilation. See the Design Size Report for more details (D:/Vitis/shaAccel/chunkIteration/chunkIteration/hls/syn/report/csynth_design_size.rpt:2)
INFO: [HLS 200-1995] There were 71 instructions in the design after the 'Array/Struct (step 4)' phase of compilation. See the Design Size Report for more details (D:/Vitis/shaAccel/chunkIteration/chunkIteration/hls/syn/report/csynth_design_size.rpt:2)
INFO: [HLS 200-1995] There were 71 instructions in the design after the 'Array/Struct (step 5)' phase of compilation. See the Design Size Report for more details (D:/Vitis/shaAccel/chunkIteration/chunkIteration/hls/syn/report/csynth_design_size.rpt:2)
INFO: [HLS 200-1995] There were 71 instructions in the design after the 'Performance (step 1)' phase of compilation. See the Design Size Report for more details (D:/Vitis/shaAccel/chunkIteration/chunkIteration/hls/syn/report/csynth_design_size.rpt:2)
INFO: [HLS 200-1995] There were 71 instructions in the design after the 'Performance (step 2)' phase of compilation. See the Design Size Report for more details (D:/Vitis/shaAccel/chunkIteration/chunkIteration/hls/syn/report/csynth_design_size.rpt:2)
INFO: [HLS 200-1995] There were 71 instructions in the design after the 'Performance (step 3)' phase of compilation. See the Design Size Report for more details (D:/Vitis/shaAccel/chunkIteration/chunkIteration/hls/syn/report/csynth_design_size.rpt:2)
INFO: [HLS 200-1995] There were 71 instructions in the design after the 'Performance (step 4)' phase of compilation. See the Design Size Report for more details (D:/Vitis/shaAccel/chunkIteration/chunkIteration/hls/syn/report/csynth_design_size.rpt:2)
INFO: [HLS 214-178] Inlining function 'sum1_256(ap_uint<32>*, ap_uint<32>*)' into 'chunkIter(ap_uint<32>, ap_uint<32>, ap_uint<32>*, ap_uint<32>*)' (chunkIter.cpp:7:0)
INFO: [HLS 214-178] Inlining function 'sum0_256(ap_uint<32>*, ap_uint<32>*)' into 'chunkIter(ap_uint<32>, ap_uint<32>, ap_uint<32>*, ap_uint<32>*)' (chunkIter.cpp:7:0)
INFO: [HLS 214-178] Inlining function 'ch_256(ap_uint<32>*, ap_uint<32>*, ap_uint<32>*, ap_uint<32>*)' into 'chunkIter(ap_uint<32>, ap_uint<32>, ap_uint<32>*, ap_uint<32>*)' (chunkIter.cpp:7:0)
INFO: [HLS 214-178] Inlining function 'maj_256(ap_uint<32>*, ap_uint<32>*, ap_uint<32>*, ap_uint<32>*)' into 'chunkIter(ap_uint<32>, ap_uint<32>, ap_uint<32>*, ap_uint<32>*)' (chunkIter.cpp:7:0)
WARNING: [HLS 214-450] Ignore address on register port 'wvarsout' (chunkIter.cpp:16:17)
WARNING: [HLS 214-450] Ignore address on register port 'wvarsout' (chunkIter.cpp:17:17)
WARNING: [HLS 214-450] Ignore address on register port 'wvarsout' (chunkIter.cpp:18:17)
WARNING: [HLS 214-450] Ignore address on register port 'wvarsout' (chunkIter.cpp:19:17)
WARNING: [HLS 214-450] Ignore address on register port 'wvarsout' (chunkIter.cpp:20:17)
WARNING: [HLS 214-450] Ignore address on register port 'wvarsout' (chunkIter.cpp:21:17)
WARNING: [HLS 214-450] Ignore address on register port 'wvarsout' (chunkIter.cpp:22:17)
ERROR: [HLS 214-323] Address computation on scalar port 'wvarsout' is not supported (chunkIter.cpp:7:0)
ERROR: [HLS 200-1715] Encountered problem during source synthesis
ERROR: Pre-synthesis failed.
INFO: [HLS 200-112] Total CPU user time: 2 seconds. Total CPU system time: 1 seconds. Total elapsed time: 19.807 seconds; peak allocated memory: 148.836 MB.
