  **** HLS Build v2025.1 6135595
INFO: [HLS 200-2005] Using work_dir D:/Vitis/shaAccel/sha384Accel/sha384Accel 
INFO: [HLS 200-2176] Writing Vitis IDE component file D:/Vitis/shaAccel/sha384Accel/sha384Accel/vitis-comp.json
INFO: [HLS 200-10] Creating and opening component 'D:/Vitis/shaAccel/sha384Accel/sha384Accel'.
INFO: [HLS 200-1505] Using default flow_target 'vivado'
Resolution: For help on HLS 200-1505 see docs.xilinx.com/access/sources/dita/topic?Doc_Version=2025.1%20English&url=ug1448-hls-guidance&resourceid=200-1505.html
INFO: [HLS 200-2174] Applying component config ini file D:/Vitis/shaAccel/sha384Accel/hls_config.cfg
INFO: [HLS 200-1465] Applying config ini 'syn.file=../chunkIteration512/chunkIter512.cpp' from D:/Vitis/shaAccel/sha384Accel/hls_config.cfg(12)
INFO: [HLS 200-10] Adding design file 'D:/Vitis/shaAccel/chunkIteration512/chunkIter512.cpp' to the project
INFO: [HLS 200-1465] Applying config ini 'syn.file=../chunkIteration512/chunkIter512.h' from D:/Vitis/shaAccel/sha384Accel/hls_config.cfg(13)
INFO: [HLS 200-10] Adding design file 'D:/Vitis/shaAccel/chunkIteration512/chunkIter512.h' to the project
INFO: [HLS 200-1465] Applying config ini 'syn.file=../chunkProcessor512/chunkProcessor512.cpp' from D:/Vitis/shaAccel/sha384Accel/hls_config.cfg(14)
INFO: [HLS 200-10] Adding design file 'D:/Vitis/shaAccel/chunkProcessor512/chunkProcessor512.cpp' to the project
INFO: [HLS 200-1465] Applying config ini 'syn.file=../chunkProcessor512/chunkProcessor512.h' from D:/Vitis/shaAccel/sha384Accel/hls_config.cfg(15)
INFO: [HLS 200-10] Adding design file 'D:/Vitis/shaAccel/chunkProcessor512/chunkProcessor512.h' to the project
INFO: [HLS 200-1465] Applying config ini 'syn.file=../wGenerator512/wGenerator512.cpp' from D:/Vitis/shaAccel/sha384Accel/hls_config.cfg(16)
INFO: [HLS 200-10] Adding design file 'D:/Vitis/shaAccel/wGenerator512/wGenerator512.cpp' to the project
INFO: [HLS 200-1465] Applying config ini 'syn.file=../wGenerator512/wGenerator512.h' from D:/Vitis/shaAccel/sha384Accel/hls_config.cfg(17)
INFO: [HLS 200-10] Adding design file 'D:/Vitis/shaAccel/wGenerator512/wGenerator512.h' to the project
INFO: [HLS 200-1465] Applying config ini 'syn.file=../functions512.cpp' from D:/Vitis/shaAccel/sha384Accel/hls_config.cfg(18)
INFO: [HLS 200-10] Adding design file 'D:/Vitis/shaAccel/functions512.cpp' to the project
INFO: [HLS 200-1465] Applying config ini 'syn.file=../functions512.h' from D:/Vitis/shaAccel/sha384Accel/hls_config.cfg(19)
INFO: [HLS 200-10] Adding design file 'D:/Vitis/shaAccel/functions512.h' to the project
INFO: [HLS 200-1465] Applying config ini 'syn.file=../dataTypes.h' from D:/Vitis/shaAccel/sha384Accel/hls_config.cfg(20)
INFO: [HLS 200-10] Adding design file 'D:/Vitis/shaAccel/dataTypes.h' to the project
INFO: [HLS 200-1465] Applying config ini 'syn.file=./sha384Accel.cpp' from D:/Vitis/shaAccel/sha384Accel/hls_config.cfg(21)
INFO: [HLS 200-10] Adding design file 'D:/Vitis/shaAccel/sha384Accel/sha384Accel.cpp' to the project
INFO: [HLS 200-1465] Applying config ini 'syn.file=./sha384Accel.h' from D:/Vitis/shaAccel/sha384Accel/hls_config.cfg(22)
INFO: [HLS 200-10] Adding design file 'D:/Vitis/shaAccel/sha384Accel/sha384Accel.h' to the project
INFO: [HLS 200-1465] Applying config ini 'tb.file=./answers.dat' from D:/Vitis/shaAccel/sha384Accel/hls_config.cfg(7)
INFO: [HLS 200-10] Adding test bench file 'D:/Vitis/shaAccel/sha384Accel/answers.dat' to the project
INFO: [HLS 200-1465] Applying config ini 'tb.file=./datain.dat' from D:/Vitis/shaAccel/sha384Accel/hls_config.cfg(8)
INFO: [HLS 200-10] Adding test bench file 'D:/Vitis/shaAccel/sha384Accel/datain.dat' to the project
INFO: [HLS 200-1465] Applying config ini 'tb.file=./tb.cpp' from D:/Vitis/shaAccel/sha384Accel/hls_config.cfg(9)
INFO: [HLS 200-10] Adding test bench file 'D:/Vitis/shaAccel/sha384Accel/tb.cpp' to the project
INFO: [HLS 200-1465] Applying config ini 'syn.top=sha384Accel' from D:/Vitis/shaAccel/sha384Accel/hls_config.cfg(10)
INFO: [HLS 200-1465] Applying config ini 'flow_target=vivado' from D:/Vitis/shaAccel/sha384Accel/hls_config.cfg(4)
INFO: [HLS 200-1505] Using flow_target 'vivado'
Resolution: For help on HLS 200-1505 see docs.xilinx.com/access/sources/dita/topic?Doc_Version=2025.1%20English&url=ug1448-hls-guidance&resourceid=200-1505.html
INFO: [HLS 200-1465] Applying config ini 'part=xa7s6cpga196-2I' from D:/Vitis/shaAccel/sha384Accel/hls_config.cfg(1)
INFO: [HLS 200-1611] Setting target device to 'xa7s6-cpga196-2I'
INFO: [HLS 200-1465] Applying config ini 'cosim.tool=xsim' from D:/Vitis/shaAccel/sha384Accel/hls_config.cfg(11)
INFO: [HLS 200-1465] Applying config ini 'package.output.format=ip_catalog' from D:/Vitis/shaAccel/sha384Accel/hls_config.cfg(5)
INFO: [HLS 200-2176] Writing Vitis IDE component file D:/Vitis/shaAccel/sha384Accel/sha384Accel/vitis-comp.json
INFO: [SIM 211-2] *************** CSIM start ***************
INFO: [SIM 211-4] CSIM will launch CLANG as the compiler.
INFO: [HLS 200-2036] Building debug C Simulation binaries
   Compiling ../../../../tb.cpp in debug mode
   Compiling ../../../../sha384Accel.cpp in debug mode
   Compiling ../../../../../functions512.cpp in debug mode
   Compiling ../../../../../wGenerator512/wGenerator512.cpp in debug mode
   Compiling ../../../../../chunkProcessor512/chunkProcessor512.cpp in debug mode
   Compiling ../../../../../chunkIteration512/chunkIter512.cpp in debug mode
   Generating csim.exe
In file included from ../../../../tb.cpp:7:
In file included from ../../../../sha384Accel.h:6:
In file included from ../../../../../chunkProcessor512/chunkProcessor512.h:4:
In file included from ../../../../../chunkProcessor512/../wGenerator512/wGenerator512.h:4:
In file included from ../../../../../chunkProcessor512/../wGenerator512/../dataTypes.h:4:
In file included from C:/Xilinx/2025.1/Vitis/include/ap_int.h:10:
In file included from C:/Xilinx/2025.1/Vitis/include/etc/ap_common.h:677:
In file included from C:/Xilinx/2025.1/Vitis/include/etc/ap_private.h:68:
In file included from C:/Xilinx/2025.1/Vitis/include/hls_half.h:26:
In file included from C:/Xilinx/2025.1/Vitis/include/etc/hls_half_fpo.h:19:
In file included from C:/Xilinx/2025.1/Vitis/include/hls_fpo.h:140:
In file included from C:/Xilinx/2025.1/Vitis/include/floating_point_v7_1_bitacc_cmodel.h:150:
C:/Xilinx/2025.1/Vitis/include/gmp.h:58:9: warning: '__GMP_LIBGMP_DLL' macro redefined [-Wmacro-redefined]
#define __GMP_LIBGMP_DLL  0
        ^
C:/Xilinx/2025.1/Vitis/include/floating_point_v7_1_bitacc_cmodel.h:142:9: note: previous definition is here
#define __GMP_LIBGMP_DLL 1
        ^
1 warning generated.
In file included from ../../../../sha384Accel.cpp:1:
In file included from ../../../../sha384Accel.h:6:
In file included from ../../../../../chunkProcessor512/chunkProcessor512.h:4:
In file included from ../../../../../chunkProcessor512/../wGenerator512/wGenerator512.h:4:
In file included from ../../../../../chunkProcessor512/../wGenerator512/../dataTypes.h:4:
In file included from C:/Xilinx/2025.1/Vitis/include/ap_int.h:10:
In file included from C:/Xilinx/2025.1/Vitis/include/etc/ap_common.h:677:
In file included from C:/Xilinx/2025.1/Vitis/include/etc/ap_private.h:68:
In file included from C:/Xilinx/2025.1/Vitis/include/hls_half.h:26:
In file included from C:/Xilinx/2025.1/Vitis/include/etc/hls_half_fpo.h:19:
In file included from C:/Xilinx/2025.1/Vitis/include/hls_fpo.h:140:
In file included from C:/Xilinx/2025.1/Vitis/include/floating_point_v7_1_bitacc_cmodel.h:150:
C:/Xilinx/2025.1/Vitis/include/gmp.h:58:9: warning: '__GMP_LIBGMP_DLL' macro redefined [-Wmacro-redefined]
#define __GMP_LIBGMP_DLL  0
        ^
C:/Xilinx/2025.1/Vitis/include/floating_point_v7_1_bitacc_cmodel.h:142:9: note: previous definition is here
#define __GMP_LIBGMP_DLL 1
        ^
1 warning generated.
In file included from ../../../../../functions512.cpp:1:
In file included from ../../../../../functions512.h:4:
In file included from ../../../../../dataTypes.h:4:
In file included from C:/Xilinx/2025.1/Vitis/include/ap_int.h:10:
In file included from C:/Xilinx/2025.1/Vitis/include/etc/ap_common.h:677:
In file included from C:/Xilinx/2025.1/Vitis/include/etc/ap_private.h:68:
In file included from C:/Xilinx/2025.1/Vitis/include/hls_half.h:26:
In file included from C:/Xilinx/2025.1/Vitis/include/etc/hls_half_fpo.h:19:
In file included from C:/Xilinx/2025.1/Vitis/include/hls_fpo.h:140:
In file included from C:/Xilinx/2025.1/Vitis/include/floating_point_v7_1_bitacc_cmodel.h:150:
C:/Xilinx/2025.1/Vitis/include/gmp.h:58:9: warning: '__GMP_LIBGMP_DLL' macro redefined [-Wmacro-redefined]
#define __GMP_LIBGMP_DLL  0
        ^
C:/Xilinx/2025.1/Vitis/include/floating_point_v7_1_bitacc_cmodel.h:142:9: note: previous definition is here
#define __GMP_LIBGMP_DLL 1
        ^
1 warning generated.
In file included from ../../../../../wGenerator512/wGenerator512.cpp:1:
In file included from ../../../../../wGenerator512/wGenerator512.h:4:
In file included from ../../../../../wGenerator512/../dataTypes.h:4:
In file included from C:/Xilinx/2025.1/Vitis/include/ap_int.h:10:
In file included from C:/Xilinx/2025.1/Vitis/include/etc/ap_common.h:677:
In file included from C:/Xilinx/2025.1/Vitis/include/etc/ap_private.h:68:
In file included from C:/Xilinx/2025.1/Vitis/include/hls_half.h:26:
In file included from C:/Xilinx/2025.1/Vitis/include/etc/hls_half_fpo.h:19:
In file included from C:/Xilinx/2025.1/Vitis/include/hls_fpo.h:140:
In file included from C:/Xilinx/2025.1/Vitis/include/floating_point_v7_1_bitacc_cmodel.h:150:
C:/Xilinx/2025.1/Vitis/include/gmp.h:58:9: warning: '__GMP_LIBGMP_DLL' macro redefined [-Wmacro-redefined]
#define __GMP_LIBGMP_DLL  0
        ^
C:/Xilinx/2025.1/Vitis/include/floating_point_v7_1_bitacc_cmodel.h:142:9: note: previous definition is here
#define __GMP_LIBGMP_DLL 1
        ^
1 warning generated.
In file included from ../../../../../chunkProcessor512/chunkProcessor512.cpp:1:
In file included from ../../../../../chunkProcessor512/chunkProcessor512.h:4:
In file included from ../../../../../chunkProcessor512/../wGenerator512/wGenerator512.h:4:
In file included from ../../../../../chunkProcessor512/../wGenerator512/../dataTypes.h:4:
In file included from C:/Xilinx/2025.1/Vitis/include/ap_int.h:10:
In file included from C:/Xilinx/2025.1/Vitis/include/etc/ap_common.h:677:
In file included from C:/Xilinx/2025.1/Vitis/include/etc/ap_private.h:68:
In file included from C:/Xilinx/2025.1/Vitis/include/hls_half.h:26:
In file included from C:/Xilinx/2025.1/Vitis/include/etc/hls_half_fpo.h:19:
In file included from C:/Xilinx/2025.1/Vitis/include/hls_fpo.h:140:
In file included from C:/Xilinx/2025.1/Vitis/include/floating_point_v7_1_bitacc_cmodel.h:150:
C:/Xilinx/2025.1/Vitis/include/gmp.h:58:9: warning: '__GMP_LIBGMP_DLL' macro redefined [-Wmacro-redefined]
#define __GMP_LIBGMP_DLL  0
        ^
C:/Xilinx/2025.1/Vitis/include/floating_point_v7_1_bitacc_cmodel.h:142:9: note: previous definition is here
#define __GMP_LIBGMP_DLL 1
        ^
1 warning generated.
In file included from ../../../../../chunkIteration512/chunkIter512.cpp:1:
In file included from ../../../../../chunkIteration512/chunkIter512.h:4:
In file included from ../../../../../chunkIteration512/../dataTypes.h:4:
In file included from C:/Xilinx/2025.1/Vitis/include/ap_int.h:10:
In file included from C:/Xilinx/2025.1/Vitis/include/etc/ap_common.h:677:
In file included from C:/Xilinx/2025.1/Vitis/include/etc/ap_private.h:68:
In file included from C:/Xilinx/2025.1/Vitis/include/hls_half.h:26:
In file included from C:/Xilinx/2025.1/Vitis/include/etc/hls_half_fpo.h:19:
In file included from C:/Xilinx/2025.1/Vitis/include/hls_fpo.h:140:
In file included from C:/Xilinx/2025.1/Vitis/include/floating_point_v7_1_bitacc_cmodel.h:150:
C:/Xilinx/2025.1/Vitis/include/gmp.h:58:9: warning: '__GMP_LIBGMP_DLL' macro redefined [-Wmacro-redefined]
#define __GMP_LIBGMP_DLL  0
        ^
C:/Xilinx/2025.1/Vitis/include/floating_point_v7_1_bitacc_cmodel.h:142:9: note: previous definition is here
#define __GMP_LIBGMP_DLL 1
        ^
1 warning generated.
1,106c1,106
< 0x38B060A751AC96384CD9327EB1B1E36A21FDB71114BE07434C0CC7BF63F6E1DA274EDEBFE76F65FBD51AD2F14898B95B
< 0xA6C4973524BABAAC9B2208D689487767AC8E9DC8450679551A7D075CCD3C56D0B3327274F2632D2995CFC3E35D14122C
< 0x069118E365EFDF6FA7D276B8A4C30E52DD7D51DC0F6CAFA26F2F1CCCD18AB344474DECAE87E64845C9966E04829E5E29
< 0x6FFD680517FD54F81A72D04FB8250F9A0F5B16C9BD9794FB09E39552AF6AE738C98411156E1B45FA3DA75D2A745794BA
< 0xFA1EDE4077568DABB9E6946A81FC00BC9EB37466D94EF18715EE43B35831E553AD96C78053E221BF081C8D09D4284CB1
< 0xC1E878A735586CCF7F86995A444E749F3B523F293B6503484386E460FF7D80ED74D570AF59ADA022515558CC126C6280
< 0xB92A299614DA606283667BF097E92FFE3B28E7AAA54F9C1FBC88DB5618A0A21B47366D47899541F80041CD50128B9E08
< 0x9978CEF0934DF049456DE37B4CB7A9E985341B85B9D604BDF4BE912D3D2174C85AD67DF1EA0126EAEFF504D22398CECA
< 0x1D97B001862F7CF741C2C60CC5B43E70191F8E7B3C5D71FB622991AF5E57BFD62BC2D5F0D08F519D89D93F9C6D939ED7
< 0xFA1B4D7E97A03261575E2A6A90DA29B749D11882A25B94F7F97A35947EA4CC7D80B4442459B5E6CAFCC837FBA0506D36
< 0x1C237143F42F17497EEFC367A8FBFBC7E83353B9F1BA080984F51440C2880748B0EC27BB3EF4B60329F75A296ED2B06C
< 0xE5543BAD692E7A6684639A3F0893A46CCD58D549137DD930AC530FCC63759BD2074E5F68BF9199014CB1F73D863F89CE
< 0xFBDB7BDDF8895CA80C5A5EC1ACB9F30FF470EEC6250C8F2268DB98A537E53B2393114EC11A3EB71FDE8099A0AD86FE38
< 0x793F6C4BCD30BF0B5B50345F8BA97DBB8D9A203DBFA9C5140B8211AD04A7BFC3F12BF1B19E4943A9F802AFECBBF6349C
< 0x1477D83A7EB43468D8252FBE97B85FA982D70E4B9FF6098CBF0F740122B82E8EC9AD1D5C84DCC12BCCE052CAEDDD68EA
< 0xAB060045623E358DAB11EB2B236D1C7A73570DF1D154E32F5C70E41297A4C4E4036A244C1A80FBC76BED779480B96FBD
< 0x10A5CC51A58A4E217003617B33DBB5E4F9E98BAF3AFF5D19011CF8B5F2550D6059A0EB5116C182CF82CBDAE73F44E965
< 0x5CDF015D81E346A10D55E51913C3AFA555F02A3A26656E7822177EE0075A983EFA465BC4C96E53F8CBDFBB187C1B2239
< 0xA7750ABF4A222C476F87DE7A7BFF901819D64E8D99FEE78B127B45E935E8E43F1942BB889F0B3AB3CBC81B290F0F2FAF
< 0x4300AC4037B849D2571694CD4669D88EFD901AD9285E7E5BAC18251152B18CA2D4E5A4EDA36E28350E278D38DC5BF002
< 0x31B0F476063B73E60A65FF52BFC84FEBE259E9C356B10915C96B3BF713EDAD5D1BE654A8DB11FE1644C79887B1C87934
< 0x4289BA8A9740A4B8843040DE9A96B7A2E9A3EA6F8D59DFA0C8E932A8C52F16366D557360CFA90171C3271C57175948CB
< 0x2F34C59A3CC24835D96965E7B12E04CF6BBD239D6B39A73C2B744E4359F951AA6BD5E3C5B6FC44BE8742B697EA636E00
< 0x128A7F36989DBC74EB8BEBE90A739B95C42D2E5305F750FEAA3ACC7571B3C3A0CEBD59F08CF59617FAC42808CECE79DD
< 0x0E45BC4B97D2194C4233946679C22BE1A59E526FA2C0EC71E4C076149ADD52FAABB459C138E9727106037A3E344DEFBA
< 0x3C974D271BA732DA1535E8DEB472F09586CEB4200DB5462949B6E69D0A880AFD6B5456BE8792EE287F15C477159644CD
< 0x491C01584F9D64EE8E0F4FBE36273A175A6C073FB84A55421D81CB1E49FABE56E83169961AAB0A408E937C404C85B87C
< 0xE9F64A7B64E75CD71DCCB7D80305C4C2899F872A1B7FE880FBCA7046D14DD015F73C42A2579A988A3F7A61749B2BE577
< 0x09828A2C71D1FE1BF5BB7F1F8779D8A1A80F53FA42494E7A86508611294A5C7D9810517D2CF76CA6F143C687D44543D1
< 0x46CE0E57985D5750B9633587C2361C5EEA562FEFE913D55A016CB90089A97C6E1BA10329B0D0D58E96318C0B1B3EA3F5
< 0xF82117C5A1BB38D4C62F9DF73FA7ED3688173D90120C3F2123EC5C16B2050D69E448EBE6DDFBD0E7C736964DAFDE4107
< 0x14779AE6962029ED04FEBDBB8EB3BBE953AAF9FCDD61CD4C8A2E1D9672CED66AD2582F614205ABBCEC22D43C31FFD464
< 0xDCD2276C8488EC20E27B0571E4D22FDADCAFD9B27EDE8ACB9AD0CC89472509301758DB24D211833DDF30F56046AC1974
< 0x50ABAC538B062348958F7C3E38F0C8F16DFEB7E25CD06F5A9E1173AF2FA37B047C5BB2BC3881884D35FC67245B1A7AB9
< 0xBAC58C6260325FBC18F84D3C73C5B355B59E68785C2BD1B3EB074E0E0104445D9D4D8CC34174CEE097C06B139527E084
< 0xDABA6C10D0D7208E5868C19FBDDCD62978AFCC158EA08FC6535303414CAA6CCBC514F8921FCBA63910BEDD544B6B37B3
< 0x526B4951976D8A49959C2019EDABF600B1F7375A94FE877A3835A9AD365EF7F1292A2C8017A85E7C381FE3595D7A7F44
< 0x051DB8473C15E21933101A5F11186A6108C519359379C2E2D0791E8CC01215D47665EDDC3484D338D2CE297BEE612077
< 0xAED327F5D22AF1BBFCFFE379106EAB7116E8125BBF751A2ABE954AA76AE362B543BF293F3AA83570C6E73A9339A69A25
< 0x79698E392B349F235C484CEB3C0687DECCD8C90EF8F8A6C6B29B923FD17A872AA5E0A944C2BBFB929D3AC0E22EB14BC2
< 0x196DB5537CB2FF1A8AD5EEF8BE9523E5D3C7872BA7B2D76A3FAC9D5507E53E4C63FA5E56BF969BB3D77067DAB4510565
< 0x7FF9599533F6169F7283CEF386F7DAFE5AA1E5F6BDAA65D1FC9689EDDFA730A4C5D4DE4C7BAC8B7D8F9DB97C8C98621F
< 0xEF73854A15C7D3F75D63229CE87127B02C1E78836AA24EADA3E61F1318734D03888A3D36C334BB47C03E0E193A03ABB6
< 0x8DB88DA216B67B2B7354BB8B964E5F9AEE4BF34892D1784F65DFED1546E13F7C3DF328B09472A7F33C90996D6ECDC5A1
< 0x6FB20A05E3D897FE2FAC9332F476B0E76235CF84518CEC123BF42B677EE5E0C3D31909A1FE4CF8A2CAEEFD5D1A201E6B
< 0xB4457610B0E0469819475E03AF670BE02B067884959399DACEB1B20D4A31BEF278362E7FEB1FBE1557C0A9DD41410793
< 0x2B555029E8CCC6F637696CFFB73E436D6D5965A1680AA66B576BDC187348C79B0A1E0F59CE46BF5F0FC27EEC605D454A
< 0xB95845FDFCA54CB5506AC070FCDDBCAC3393C32CD8B5E38CAC05471A9229D3F9B1116A711FFA9EB4A4CBB10F8155AC47
< 0xE4C0EA9733C3BD56E824C9BD8CF877EFD166B31DBCBEA054D0EF1145C9E9FADA800E297775F0C31C3EABC9F6326433AB
< 0xAC3585B8653E1B5E1FC5A83BD20D51E1BB847CD951C7BC94295CA5E124CD239EBBC62388CBF1B373208676A4B28EC242
< 0x78907D8EEA1260AE32CD57749A065C66DF3313B2E4792948E75E243492A0E90CE919905D25A7A56F8FED7CFA686598F5
< 0xB8FBC9DD2AEDADB6667A3D31049FFD6755F2FF001F90F335FD8F8AC15DE81C7A4E942E5AB9CDC860626732E60EADF29C
< 0xAE561528DAFD7C76304ACC685F259DE7F7E9F8771CA5AC8696D6D50FDDC003F1A20C3A36595280594479F23A8698F66F
< 0x512F713724A82CCAD463635BA4D2F794A37D6CE6B804787DBC1975A36D128B2B58AC361939CABBC8D1D9A443F540A5BB
< 0xE88A921A7CB01E5938476C42A4045F2CC0F0F34BD1B2F347B158FF926B184DC4AC3A7ACF8C1790D827157B26A54029F2
< 0x593B43192C5EC01C4603ECFFA335ADAFC9D29C458BCB04FD15E903D73AC8E30492D7CB873657560EDB574984733C4961
< 0x7FBA5C844AE3B7B0092E0721664A84B90A944C4A624B75C32DDD76B74B74213532A761B7F611C185E495A257F8B53686
< 0x795BECA091FC453639BFD3FFF0AA67105119577BDF155A0E7FE8DF162C5E0B6D25EA40FABBAF2E9F10824A802CFBD800
< 0x25E83C1811E198E76E16112758116233F2B11DA93A4C9650AE50DC162E8F68C0C682C443BC3B803442FB7A7E75F83DA5
< 0x20C80C2E89A7C104EE0449F35CEF5A161B9F088D65DFFD956EC2F7289628051DF557A54608F436C8299F2148C3E1F724
< 0x31D7F97EBBA5E33A5F8A511D5BF499BDDAD71E19539BF3FB7760C0154AFF16953C9824DFE27D3AA519BA5A48CF4B8A18
< 0x80F5B2609A48DA4A0FF41F457315BB1E85020915CB53D1BE877B4CB3B037D3D05CC8F476545D9A56A4BB8DDA8823B104
< 0x56A60C81BDB5C5CBF08C6AA6278D65482475D4B8809F957919838104E24DDEC05DBDF62CFC24C82DFAB4BBD8753361E5
< 0xD62D0B696E24C5BC9FCC6EFD09CB924D2FF3E5F5A3EC7293FD61BD5B8FED1B5391B94CF850C15E064A04797F31E1F1F1
< 0xF58A53B647E40B0EECDA47DC0A8B88A64668E29B56B3509F0B700F79E97543706AF9A2967F05568B2C8CFABEF5E13944
< 0x550952298A977CC5236F7AFF98571A609D0A8F497298FDFA242DF85D5ABEB544D1F0B559417C5DFED401E6904303F661
< 0xD44EB51F3E9354EA32644056C53254DF5A81D47F1CFB769B92107FFB4AFAF7B25A38E825CE3E025BFB32DDF120950BAA
< 0x836AAE0CBF6FD7020C6D5D3114B59FED2C955CACB2650635DDAE71ECCF950B143424AA6A42C2DCE0C50A8371BC91B1ED
< 0xF6AF45F916F68B43C82A0166838A779C4F747C446D291A81C3A5CB9706EF83E2D346FFC32BB69A522DDBBEC7333DF805
< 0xBFC97B57DC278FC14C62219FE6DDA64C0215084BABDA61747C32823A068442D0E038EA84A23A1B9174F7515580C9A737
< 0x79651FC833D743E08C5214F36F142F5D0A1DB3D476317E06E41AA0B992F7C1AB2FE5D3050ABE072161B65DBD232EAA18
< 0x456A9C7D0779E17A3188AE2D515E1BAE10FF8411C7EBFE7D4DD2E118E116AB8A33DBA255383868203AF43AB12514A3E2
< 0xB51B3C22DB01F2F8AAC363BAFC5524B8C5FD6BC92A34726AFA7CD983D2672F5402FBB966860FD2074A28A3FD96148D97
< 0x162AFC5384F08A073F776306B612E05873538FACB1CC3065F35307660519DA258AE914FC4762AFDC1FFA695B4FFBD66E
< 0x68395987D84DF5082CC723C931C29CB970A22DC6DC349BAEEA8C328CA174D5BFF579535474441D621941803DB0DFBF40
< 0x6E3C2E2BB5F276726213E5E00DC10A74437D18B379EC5C6055B6190BBC588B500097C37A9C80A4E8379BDFE7DE57A5C3
< 0x9AE979442CB2555BB9B998CA6C35D45FBC7B875321C3321B87D8BAE9646771C296F34B92EBE74951F6022C9E97225043
< 0x62454012FDFF035119840E5F0D3D77E2D5897D21DA2809BBFC68DCE419ED21E690DCFD14A8D395A97CF93FDC4AF68A5E
< 0xE6AB4CC7B6F54B88364936F8FD7EA0443239F0AF12470ADDB4CF53919E67E64CCDF8A720D80FF7E00D307DE0230FF216
< 0xDAF5327D0481ACF8E3C390DB46E957F8AE418956062038A8C26A6AC92975E93041A03BDEA9FA08B47DA173D75CF3645A
< 0x5E2449FE255BB0CDAB37BC0FFF0272E28DC66A4D5ED68EDEF7241E30ED975716ABF0FA4108ADAB92F729109C12EFBE8B
< 0x0599424E25FA6D7E0FD55BBDFAA04E8DB64054F7CA0D5BEDDAEB3C019A1509BCE27B0C1CA66C784F88A7667500482909
< 0x439A528E8E9FB147293C37A7BEBE13BB4AA77D14871BC3F5F508257B69D7981A8697AB91C11B7C3422EFAD201E84A826
< 0x535205439DBED41C33AAD4957C157B5697728EA656AF03BDAF601D88BD048923330E33635D6D5D3AB93EFF73D13F639C
< 0x7AF41EBAE04389DF71A626F9EA55E3D4D26D97CD6CA838BBB144B160578BA4122159B0A4455E285B2CCF9B331DD2F326
< 0xE6E5D8F01C16A41E49D733DBF98281164E57991B5039B2314DA0A76CE93C6B9D6AAD709825AB52B9EABDCD14E8465BB9
< 0xAC919773B34E716730CD92512EA9FF0054ABE57A4BFEDD14B878F0D19E986B9DB08F6F4374B1AF6A3EB4ECF26ABC67C5
< 0x3E14714E1E9C278B5902928BB8346AB2743CB867525694E4D889756F3552874AB54C56F4FB26021AAAB0204B627B6164
< 0xE6B507CA99F1E49C5A8D2711F075D874B0D98AE46120BAB2EE4F1A77EEFF3F98CF50A74C129367CAE911478509EA7110
< 0x18261439A9FBA56CC69BB32660C25C757E59F58BFD415F13AE2C5593BBE7E775A8DDC3C4DA2FCF7B885084FAF4D35439
< 0xB2D4D0E56401B74C72A2648BCBE9BDABF701F4943D26DBB19273BB3B01B1FEF69302A89327FA1FD4F67C012231ABB743
< 0xA6004BE2B8CAB8C7A9CF5FF0361617BD7AA3F9B39CE1F7AE851C8CBCE71A90CEBCC18FC019C31E28096980EEC8F25081
< 0xDC047EA120FC84E62F78F2CE3EBAA7106767F5AE16EC31466CDEE39B62EB16A9FC80E84E82907FD7E3EEE83F19233C4D
< 0xCE8DA55D6CB2DE37CBAD4E82FFEED01AD957B6F53367B4A08BA1F277D4BA0766DAE8587FCDC9EE0E855ECAAAD9B77403
< 0x8A050C126E4341DBD5CCDB8D37CF1B16AE5C3C917F9E3CA3E09D45A056AC9656DB50D431AD49ED021F3E4D620F5F188B
< 0x7170039F83B733E473BDECB9BB8CDCE5E0F78D6FD6C290D286EE0EF94F300802A9579FF86D802FCD5AB60F367C98F792
< 0x5FB8F6A65BA1391121E095CC926061DBADDA86C371ED087218B250225E6B757408643EDECFA72F23332ECE6191BF08C4
< 0x5EAC0867453BE1F623B4358E3D33F2903918E283789FA710657BFD39203D80FDE4F3C907441732A3E69CE4B8E700A4D0
< 0xBDA75373490BFC954E0E9E911AFC73B59E1A9CDFFF81B4979879F13F0863A8228DC7AD1B24874B5277394B73EE8DF7CA
< 0x5A91BAAF75758D0EADE43774CD460FE5D2A55A2E64E213517503A36C48B43B42CDD8A41B05B1DE1C326C13DAF1ADA7E8
< 0xF71ABF4B5441E08098AB40F94DE40AB73CEB35E3058E9438E7BC698985C0C64CF81628B7DCF787A86AB2F7A384B2E847
< 0xCD528AB9E76DBFAC0F17C740281A579AC71F16CF1AD8AC300765A80EBC41B109CDD837B9802F1D6CF5686B4CC843CDAD
< 0x9EB2508F637B3267F308671C551E7F07B0D97CCAA3188E6B8F653DD63603762F2ACCA0251CC32CD9387A282C5EAF0E74
< 0x6F600984701AC709DDEC8027EBEC0F38FC89F31080CFFBA142C1455F87487C425B5E0B9ACBDE10ACE383DFD1A9AD8C22
< 0xF80037551856FA8FE2D06D8CE90BEBB92307354F5EF202D7154D46C989831708102B18C2A05C12F9E1CA28CCCC1414FC
< 0x196F8792779C636AD118FBC1EBEBF45E029C0B490FDECA8493FC5444930515002C0E5CCDD87598A9F4F2B39BDC642A85
---
> 0x0000000000000000000000000000000038B060A751AC96384CD9327EB1B1E36A21FDB71114BE07434C0CC7BF63F6E1DA274EDEBFE76F65FBD51AD2F14898B95B
> 0x00000000000000000000000000000000A6C4973524BABAAC9B2208D689487767AC8E9DC8450679551A7D075CCD3C56D0B3327274F2632D2995CFC3E35D14122C
> 0x00000000000000000000000000000000069118E365EFDF6FA7D276B8A4C30E52DD7D51DC0F6CAFA26F2F1CCCD18AB344474DECAE87E64845C9966E04829E5E29
> 0x000000000000000000000000000000006FFD680517FD54F81A72D04FB8250F9A0F5B16C9BD9794FB09E39552AF6AE738C98411156E1B45FA3DA75D2A745794BA
> 0x00000000000000000000000000000000FA1EDE4077568DABB9E6946A81FC00BC9EB37466D94EF18715EE43B35831E553AD96C78053E221BF081C8D09D4284CB1
> 0x00000000000000000000000000000000C1E878A735586CCF7F86995A444E749F3B523F293B6503484386E460FF7D80ED74D570AF59ADA022515558CC126C6280
> 0x00000000000000000000000000000000B92A299614DA606283667BF097E92FFE3B28E7AAA54F9C1FBC88DB5618A0A21B47366D47899541F80041CD50128B9E08
> 0x000000000000000000000000000000009978CEF0934DF049456DE37B4CB7A9E985341B85B9D604BDF4BE912D3D2174C85AD67DF1EA0126EAEFF504D22398CECA
> 0x000000000000000000000000000000001D97B001862F7CF741C2C60CC5B43E70191F8E7B3C5D71FB622991AF5E57BFD62BC2D5F0D08F519D89D93F9C6D939ED7
> 0x00000000000000000000000000000000FA1B4D7E97A03261575E2A6A90DA29B749D11882A25B94F7F97A35947EA4CC7D80B4442459B5E6CAFCC837FBA0506D36
> 0x000000000000000000000000000000001C237143F42F17497EEFC367A8FBFBC7E83353B9F1BA080984F51440C2880748B0EC27BB3EF4B60329F75A296ED2B06C
> 0x00000000000000000000000000000000E5543BAD692E7A6684639A3F0893A46CCD58D549137DD930AC530FCC63759BD2074E5F68BF9199014CB1F73D863F89CE
> 0x00000000000000000000000000000000FBDB7BDDF8895CA80C5A5EC1ACB9F30FF470EEC6250C8F2268DB98A537E53B2393114EC11A3EB71FDE8099A0AD86FE38
> 0x00000000000000000000000000000000793F6C4BCD30BF0B5B50345F8BA97DBB8D9A203DBFA9C5140B8211AD04A7BFC3F12BF1B19E4943A9F802AFECBBF6349C
> 0x000000000000000000000000000000001477D83A7EB43468D8252FBE97B85FA982D70E4B9FF6098CBF0F740122B82E8EC9AD1D5C84DCC12BCCE052CAEDDD68EA
> 0x00000000000000000000000000000000AB060045623E358DAB11EB2B236D1C7A73570DF1D154E32F5C70E41297A4C4E4036A244C1A80FBC76BED779480B96FBD
> 0x0000000000000000000000000000000010A5CC51A58A4E217003617B33DBB5E4F9E98BAF3AFF5D19011CF8B5F2550D6059A0EB5116C182CF82CBDAE73F44E965
> 0x000000000000000000000000000000005CDF015D81E346A10D55E51913C3AFA555F02A3A26656E7822177EE0075A983EFA465BC4C96E53F8CBDFBB187C1B2239
> 0x00000000000000000000000000000000A7750ABF4A222C476F87DE7A7BFF901819D64E8D99FEE78B127B45E935E8E43F1942BB889F0B3AB3CBC81B290F0F2FAF
> 0x000000000000000000000000000000004300AC4037B849D2571694CD4669D88EFD901AD9285E7E5BAC18251152B18CA2D4E5A4EDA36E28350E278D38DC5BF002
> 0x0000000000000000000000000000000031B0F476063B73E60A65FF52BFC84FEBE259E9C356B10915C96B3BF713EDAD5D1BE654A8DB11FE1644C79887B1C87934
> 0x000000000000000000000000000000004289BA8A9740A4B8843040DE9A96B7A2E9A3EA6F8D59DFA0C8E932A8C52F16366D557360CFA90171C3271C57175948CB
> 0x000000000000000000000000000000002F34C59A3CC24835D96965E7B12E04CF6BBD239D6B39A73C2B744E4359F951AA6BD5E3C5B6FC44BE8742B697EA636E00
> 0x00000000000000000000000000000000128A7F36989DBC74EB8BEBE90A739B95C42D2E5305F750FEAA3ACC7571B3C3A0CEBD59F08CF59617FAC42808CECE79DD
> 0x000000000000000000000000000000000E45BC4B97D2194C4233946679C22BE1A59E526FA2C0EC71E4C076149ADD52FAABB459C138E9727106037A3E344DEFBA
> 0x000000000000000000000000000000003C974D271BA732DA1535E8DEB472F09586CEB4200DB5462949B6E69D0A880AFD6B5456BE8792EE287F15C477159644CD
> 0x00000000000000000000000000000000491C01584F9D64EE8E0F4FBE36273A175A6C073FB84A55421D81CB1E49FABE56E83169961AAB0A408E937C404C85B87C
> 0x00000000000000000000000000000000E9F64A7B64E75CD71DCCB7D80305C4C2899F872A1B7FE880FBCA7046D14DD015F73C42A2579A988A3F7A61749B2BE577
> 0x0000000000000000000000000000000009828A2C71D1FE1BF5BB7F1F8779D8A1A80F53FA42494E7A86508611294A5C7D9810517D2CF76CA6F143C687D44543D1
> 0x0000000000000000000000000000000046CE0E57985D5750B9633587C2361C5EEA562FEFE913D55A016CB90089A97C6E1BA10329B0D0D58E96318C0B1B3EA3F5
> 0x00000000000000000000000000000000F82117C5A1BB38D4C62F9DF73FA7ED3688173D90120C3F2123EC5C16B2050D69E448EBE6DDFBD0E7C736964DAFDE4107
> 0x0000000000000000000000000000000014779AE6962029ED04FEBDBB8EB3BBE953AAF9FCDD61CD4C8A2E1D9672CED66AD2582F614205ABBCEC22D43C31FFD464
> 0x00000000000000000000000000000000DCD2276C8488EC20E27B0571E4D22FDADCAFD9B27EDE8ACB9AD0CC89472509301758DB24D211833DDF30F56046AC1974
> 0x0000000000000000000000000000000050ABAC538B062348958F7C3E38F0C8F16DFEB7E25CD06F5A9E1173AF2FA37B047C5BB2BC3881884D35FC67245B1A7AB9
> 0x00000000000000000000000000000000BAC58C6260325FBC18F84D3C73C5B355B59E68785C2BD1B3EB074E0E0104445D9D4D8CC34174CEE097C06B139527E084
> 0x00000000000000000000000000000000DABA6C10D0D7208E5868C19FBDDCD62978AFCC158EA08FC6535303414CAA6CCBC514F8921FCBA63910BEDD544B6B37B3
> 0x00000000000000000000000000000000526B4951976D8A49959C2019EDABF600B1F7375A94FE877A3835A9AD365EF7F1292A2C8017A85E7C381FE3595D7A7F44
> 0x00000000000000000000000000000000051DB8473C15E21933101A5F11186A6108C519359379C2E2D0791E8CC01215D47665EDDC3484D338D2CE297BEE612077
> 0x00000000000000000000000000000000AED327F5D22AF1BBFCFFE379106EAB7116E8125BBF751A2ABE954AA76AE362B543BF293F3AA83570C6E73A9339A69A25
> 0x0000000000000000000000000000000079698E392B349F235C484CEB3C0687DECCD8C90EF8F8A6C6B29B923FD17A872AA5E0A944C2BBFB929D3AC0E22EB14BC2
> 0x00000000000000000000000000000000196DB5537CB2FF1A8AD5EEF8BE9523E5D3C7872BA7B2D76A3FAC9D5507E53E4C63FA5E56BF969BB3D77067DAB4510565
> 0x000000000000000000000000000000007FF9599533F6169F7283CEF386F7DAFE5AA1E5F6BDAA65D1FC9689EDDFA730A4C5D4DE4C7BAC8B7D8F9DB97C8C98621F
> 0x00000000000000000000000000000000EF73854A15C7D3F75D63229CE87127B02C1E78836AA24EADA3E61F1318734D03888A3D36C334BB47C03E0E193A03ABB6
> 0x000000000000000000000000000000008DB88DA216B67B2B7354BB8B964E5F9AEE4BF34892D1784F65DFED1546E13F7C3DF328B09472A7F33C90996D6ECDC5A1
> 0x000000000000000000000000000000006FB20A05E3D897FE2FAC9332F476B0E76235CF84518CEC123BF42B677EE5E0C3D31909A1FE4CF8A2CAEEFD5D1A201E6B
> 0x00000000000000000000000000000000B4457610B0E0469819475E03AF670BE02B067884959399DACEB1B20D4A31BEF278362E7FEB1FBE1557C0A9DD41410793
> 0x000000000000000000000000000000002B555029E8CCC6F637696CFFB73E436D6D5965A1680AA66B576BDC187348C79B0A1E0F59CE46BF5F0FC27EEC605D454A
> 0x00000000000000000000000000000000B95845FDFCA54CB5506AC070FCDDBCAC3393C32CD8B5E38CAC05471A9229D3F9B1116A711FFA9EB4A4CBB10F8155AC47
> 0x00000000000000000000000000000000E4C0EA9733C3BD56E824C9BD8CF877EFD166B31DBCBEA054D0EF1145C9E9FADA800E297775F0C31C3EABC9F6326433AB
> 0x00000000000000000000000000000000AC3585B8653E1B5E1FC5A83BD20D51E1BB847CD951C7BC94295CA5E124CD239EBBC62388CBF1B373208676A4B28EC242
> 0x0000000000000000000000000000000078907D8EEA1260AE32CD57749A065C66DF3313B2E4792948E75E243492A0E90CE919905D25A7A56F8FED7CFA686598F5
> 0x00000000000000000000000000000000B8FBC9DD2AEDADB6667A3D31049FFD6755F2FF001F90F335FD8F8AC15DE81C7A4E942E5AB9CDC860626732E60EADF29C
> 0x00000000000000000000000000000000AE561528DAFD7C76304ACC685F259DE7F7E9F8771CA5AC8696D6D50FDDC003F1A20C3A36595280594479F23A8698F66F
> 0x00000000000000000000000000000000512F713724A82CCAD463635BA4D2F794A37D6CE6B804787DBC1975A36D128B2B58AC361939CABBC8D1D9A443F540A5BB
> 0x00000000000000000000000000000000E88A921A7CB01E5938476C42A4045F2CC0F0F34BD1B2F347B158FF926B184DC4AC3A7ACF8C1790D827157B26A54029F2
> 0x00000000000000000000000000000000593B43192C5EC01C4603ECFFA335ADAFC9D29C458BCB04FD15E903D73AC8E30492D7CB873657560EDB574984733C4961
> 0x000000000000000000000000000000007FBA5C844AE3B7B0092E0721664A84B90A944C4A624B75C32DDD76B74B74213532A761B7F611C185E495A257F8B53686
> 0x00000000000000000000000000000000795BECA091FC453639BFD3FFF0AA67105119577BDF155A0E7FE8DF162C5E0B6D25EA40FABBAF2E9F10824A802CFBD800
> 0x0000000000000000000000000000000025E83C1811E198E76E16112758116233F2B11DA93A4C9650AE50DC162E8F68C0C682C443BC3B803442FB7A7E75F83DA5
> 0x0000000000000000000000000000000020C80C2E89A7C104EE0449F35CEF5A161B9F088D65DFFD956EC2F7289628051DF557A54608F436C8299F2148C3E1F724
> 0x0000000000000000000000000000000031D7F97EBBA5E33A5F8A511D5BF499BDDAD71E19539BF3FB7760C0154AFF16953C9824DFE27D3AA519BA5A48CF4B8A18
> 0x0000000000000000000000000000000080F5B2609A48DA4A0FF41F457315BB1E85020915CB53D1BE877B4CB3B037D3D05CC8F476545D9A56A4BB8DDA8823B104
> 0x0000000000000000000000000000000056A60C81BDB5C5CBF08C6AA6278D65482475D4B8809F957919838104E24DDEC05DBDF62CFC24C82DFAB4BBD8753361E5
> 0x00000000000000000000000000000000D62D0B696E24C5BC9FCC6EFD09CB924D2FF3E5F5A3EC7293FD61BD5B8FED1B5391B94CF850C15E064A04797F31E1F1F1
> 0x00000000000000000000000000000000F58A53B647E40B0EECDA47DC0A8B88A64668E29B56B3509F0B700F79E97543706AF9A2967F05568B2C8CFABEF5E13944
> 0x00000000000000000000000000000000550952298A977CC5236F7AFF98571A609D0A8F497298FDFA242DF85D5ABEB544D1F0B559417C5DFED401E6904303F661
> 0x00000000000000000000000000000000D44EB51F3E9354EA32644056C53254DF5A81D47F1CFB769B92107FFB4AFAF7B25A38E825CE3E025BFB32DDF120950BAA
> 0x00000000000000000000000000000000836AAE0CBF6FD7020C6D5D3114B59FED2C955CACB2650635DDAE71ECCF950B143424AA6A42C2DCE0C50A8371BC91B1ED
> 0x00000000000000000000000000000000F6AF45F916F68B43C82A0166838A779C4F747C446D291A81C3A5CB9706EF83E2D346FFC32BB69A522DDBBEC7333DF805
> 0x00000000000000000000000000000000BFC97B57DC278FC14C62219FE6DDA64C0215084BABDA61747C32823A068442D0E038EA84A23A1B9174F7515580C9A737
> 0x0000000000000000000000000000000079651FC833D743E08C5214F36F142F5D0A1DB3D476317E06E41AA0B992F7C1AB2FE5D3050ABE072161B65DBD232EAA18
> 0x00000000000000000000000000000000456A9C7D0779E17A3188AE2D515E1BAE10FF8411C7EBFE7D4DD2E118E116AB8A33DBA255383868203AF43AB12514A3E2
> 0x00000000000000000000000000000000B51B3C22DB01F2F8AAC363BAFC5524B8C5FD6BC92A34726AFA7CD983D2672F5402FBB966860FD2074A28A3FD96148D97
> 0x00000000000000000000000000000000162AFC5384F08A073F776306B612E05873538FACB1CC3065F35307660519DA258AE914FC4762AFDC1FFA695B4FFBD66E
> 0x0000000000000000000000000000000068395987D84DF5082CC723C931C29CB970A22DC6DC349BAEEA8C328CA174D5BFF579535474441D621941803DB0DFBF40
> 0x000000000000000000000000000000006E3C2E2BB5F276726213E5E00DC10A74437D18B379EC5C6055B6190BBC588B500097C37A9C80A4E8379BDFE7DE57A5C3
> 0x000000000000000000000000000000009AE979442CB2555BB9B998CA6C35D45FBC7B875321C3321B87D8BAE9646771C296F34B92EBE74951F6022C9E97225043
> 0x0000000000000000000000000000000062454012FDFF035119840E5F0D3D77E2D5897D21DA2809BBFC68DCE419ED21E690DCFD14A8D395A97CF93FDC4AF68A5E
> 0x00000000000000000000000000000000E6AB4CC7B6F54B88364936F8FD7EA0443239F0AF12470ADDB4CF53919E67E64CCDF8A720D80FF7E00D307DE0230FF216
> 0x00000000000000000000000000000000DAF5327D0481ACF8E3C390DB46E957F8AE418956062038A8C26A6AC92975E93041A03BDEA9FA08B47DA173D75CF3645A
> 0x000000000000000000000000000000005E2449FE255BB0CDAB37BC0FFF0272E28DC66A4D5ED68EDEF7241E30ED975716ABF0FA4108ADAB92F729109C12EFBE8B
> 0x000000000000000000000000000000000599424E25FA6D7E0FD55BBDFAA04E8DB64054F7CA0D5BEDDAEB3C019A1509BCE27B0C1CA66C784F88A7667500482909
> 0x00000000000000000000000000000000439A528E8E9FB147293C37A7BEBE13BB4AA77D14871BC3F5F508257B69D7981A8697AB91C11B7C3422EFAD201E84A826
> 0x00000000000000000000000000000000535205439DBED41C33AAD4957C157B5697728EA656AF03BDAF601D88BD048923330E33635D6D5D3AB93EFF73D13F639C
> 0x000000000000000000000000000000007AF41EBAE04389DF71A626F9EA55E3D4D26D97CD6CA838BBB144B160578BA4122159B0A4455E285B2CCF9B331DD2F326
> 0x00000000000000000000000000000000E6E5D8F01C16A41E49D733DBF98281164E57991B5039B2314DA0A76CE93C6B9D6AAD709825AB52B9EABDCD14E8465BB9
> 0x00000000000000000000000000000000AC919773B34E716730CD92512EA9FF0054ABE57A4BFEDD14B878F0D19E986B9DB08F6F4374B1AF6A3EB4ECF26ABC67C5
> 0x000000000000000000000000000000003E14714E1E9C278B5902928BB8346AB2743CB867525694E4D889756F3552874AB54C56F4FB26021AAAB0204B627B6164
> 0x00000000000000000000000000000000E6B507CA99F1E49C5A8D2711F075D874B0D98AE46120BAB2EE4F1A77EEFF3F98CF50A74C129367CAE911478509EA7110
> 0x0000000000000000000000000000000018261439A9FBA56CC69BB32660C25C757E59F58BFD415F13AE2C5593BBE7E775A8DDC3C4DA2FCF7B885084FAF4D35439
> 0x00000000000000000000000000000000B2D4D0E56401B74C72A2648BCBE9BDABF701F4943D26DBB19273BB3B01B1FEF69302A89327FA1FD4F67C012231ABB743
> 0x00000000000000000000000000000000A6004BE2B8CAB8C7A9CF5FF0361617BD7AA3F9B39CE1F7AE851C8CBCE71A90CEBCC18FC019C31E28096980EEC8F25081
> 0x00000000000000000000000000000000DC047EA120FC84E62F78F2CE3EBAA7106767F5AE16EC31466CDEE39B62EB16A9FC80E84E82907FD7E3EEE83F19233C4D
> 0x00000000000000000000000000000000CE8DA55D6CB2DE37CBAD4E82FFEED01AD957B6F53367B4A08BA1F277D4BA0766DAE8587FCDC9EE0E855ECAAAD9B77403
> 0x000000000000000000000000000000008A050C126E4341DBD5CCDB8D37CF1B16AE5C3C917F9E3CA3E09D45A056AC9656DB50D431AD49ED021F3E4D620F5F188B
> 0x000000000000000000000000000000007170039F83B733E473BDECB9BB8CDCE5E0F78D6FD6C290D286EE0EF94F300802A9579FF86D802FCD5AB60F367C98F792
> 0x000000000000000000000000000000005FB8F6A65BA1391121E095CC926061DBADDA86C371ED087218B250225E6B757408643EDECFA72F23332ECE6191BF08C4
> 0x000000000000000000000000000000005EAC0867453BE1F623B4358E3D33F2903918E283789FA710657BFD39203D80FDE4F3C907441732A3E69CE4B8E700A4D0
> 0x00000000000000000000000000000000BDA75373490BFC954E0E9E911AFC73B59E1A9CDFFF81B4979879F13F0863A8228DC7AD1B24874B5277394B73EE8DF7CA
> 0x000000000000000000000000000000005A91BAAF75758D0EADE43774CD460FE5D2A55A2E64E213517503A36C48B43B42CDD8A41B05B1DE1C326C13DAF1ADA7E8
> 0x00000000000000000000000000000000F71ABF4B5441E08098AB40F94DE40AB73CEB35E3058E9438E7BC698985C0C64CF81628B7DCF787A86AB2F7A384B2E847
> 0x00000000000000000000000000000000CD528AB9E76DBFAC0F17C740281A579AC71F16CF1AD8AC300765A80EBC41B109CDD837B9802F1D6CF5686B4CC843CDAD
> 0x000000000000000000000000000000009EB2508F637B3267F308671C551E7F07B0D97CCAA3188E6B8F653DD63603762F2ACCA0251CC32CD9387A282C5EAF0E74
> 0x000000000000000000000000000000006F600984701AC709DDEC8027EBEC0F38FC89F31080CFFBA142C1455F87487C425B5E0B9ACBDE10ACE383DFD1A9AD8C22
> 0x00000000000000000000000000000000F80037551856FA8FE2D06D8CE90BEBB92307354F5EF202D7154D46C989831708102B18C2A05C12F9E1CA28CCCC1414FC
> 0x00000000000000000000000000000000196F8792779C636AD118FBC1EBEBF45E029C0B490FDECA8493FC5444930515002C0E5CCDD87598A9F4F2B39BDC642A85
Discrepancies: 0 out of 106 samples
*******************************************
FAIL: Output DOES NOT match the ans output
*******************************************
INFO [HLS SIM]: The maximum depth reached by any hls::stream() instance in the design is 130784
@E Simulation failed: Function 'main' returns nonzero value '1'.
ERROR: [SIM 211-100] 'csim_design' failed: nonzero return value.
INFO: [SIM 211-3] *************** CSIM finish ***************
ERROR: 4
INFO: [HLS 200-112] Total CPU user time: 1 seconds. Total CPU system time: 2 seconds. Total elapsed time: 19.551 seconds; peak allocated memory: 145.461 MB.
