================================================================
== Design Size Report
================================================================

* Total Instructions per Compilation Phase
+---------------+-----------------------------+--------------+----------------------------------------------------------------------------------------+
| Phase         | Step                        | Instructions | Description                                                                            |
+---------------+-----------------------------+--------------+----------------------------------------------------------------------------------------+
| Compile/Link  |                             | 4,849        | After all functions are compiled and linked into a single design                       |
|               |                             |              |                                                                                        |
| Unroll/Inline |                             |              | After user unroll and inline pragmas are applied                                       |
|               | (1) unroll                  |   281        | user unroll pragmas are applied                                                        |
|               | (2) simplification          |   231        | simplification of applied user unroll pragmas                                          |
|               | (3) inline                  |   220        | user inline pragmas are applied                                                        |
|               | (4) simplification          |   171        | simplification of applied user inline pragmas                                          |
|               |                             |              |                                                                                        |
| Array/Struct  |                             |              | After user array partition and struct aggregate/disaggregate pragmas are applied       |
|               | (1) array partition         |   172        | user array partition pragmas are applied                                               |
|               | (2) simplification          |   172        | simplification of applied user array partition & struct aggregate/disaggregate pragmas |
|               | (3) aggregate/disaggregate  |   172        | user struct aggregate/disaggregate pragmas are applied                                 |
|               | (4) array reshape           |   172        | apply array reshape pragmas                                                            |
|               | (5) access patterns         |   172        | array access pattern optmizations                                                      |
|               |                             |              |                                                                                        |
| Performance   |                             |              | After transformations are applied to meet performance pragma targets                   |
|               | (1) loop simplification     |   172        | loop and instruction simplification                                                    |
|               | (2) parallelization         |   155        | loops are unrolled or pipelined to meet performance targets                            |
|               | (3) array partition         |   182        | arrays are partitioned to meet performance targets                                     |
|               | (4) simplification          |   150        | simplification of design after performance transformations                             |
|               |                             |              |                                                                                        |
| HW Transforms |                             |              | After hardware transfomations                                                          |
|               | (1) lowering                |   156        | initial conversion to HW specific instructions                                         |
|               | (2) optimizations           |   179        | high level synthesis optimizations                                                     |
+---------------+-----------------------------+--------------+----------------------------------------------------------------------------------------+

* Instructions per Function for each Compilation Phase
+------------------+----------------------+--------------+---------------+--------------+-------------+---------------+
| Function         | Location             | Compile/Link | Unroll/Inline | Array/Struct | Performance | HW Transforms |
+------------------+----------------------+--------------+---------------+--------------+-------------+---------------+
| + chunkProcessor | chunkProcessor.cpp:3 | 4,849        | 171           | 172          | 150         | 179           |
|  + wGenerator    | wGenerator.cpp:3     | 1,231        |               |              |             |               |
|     sigma0_256   | functions256.cpp:23  |  440         |               |              |             |               |
|     sigma1_256   | functions256.cpp:33  |  440         |               |              |             |               |
|  + chunkIter     | chunkIter.cpp:3      | 2,377        |               |              |             |               |
|     sum1_256     | functions256.cpp:13  |  538         |               |              |             |               |
|     sum0_256     | functions256.cpp:3   |  538         |               |              |             |               |
|     ch_256       | functions256.cpp:43  |  197         |               |              |             |               |
|     maj_256      | functions256.cpp:52  |  268         |               |              |             |               |
+------------------+----------------------+--------------+---------------+--------------+-------------+---------------+

* Design Size Message Settings
+---------------------------------------------+--------+------------------------------------------------------------------+
| Message Setting                             | Value  | Description                                                      |
+---------------------------------------------+--------+------------------------------------------------------------------+
| config_compile -design_size_maximum_warning | 100000 | Show a warning when total design instructions exceeds this value |
+---------------------------------------------+--------+------------------------------------------------------------------+


